           1           1           1
           1           1           2
           1           2           3
           1           2           4
           1           3           5
           1           3           6
           1           4           7
           1           4           8
           1           5           9
           1           5          10
           1           6          11
           1           6          12
           2           1          13
           2           1          14
           2           2          15
           2           2          16
           2           3          17
           2           3          18
           2           4          19
           2           4          20
           2           5          21
           2           5          22
           2           6          23
           2           6          24
           3           1          25
           3           1          26
           3           2          27
           3           2          28
           3           3          29
           3           3          30
           3           4          31
           3           4          32
           3           5          33
           3           5          34
           3           6          35
           3           6          36
           4           1          37
           4           1          38
           4           2          39
           4           2          40
           4           3          41
           4           3          42
           4           4          43
           4           4          44
           4           5          45
           4           5          46
           4           6          47
           4           6          48
           5           1          49
           5           1          50
           5           2          51
           5           2          52
           5           3          53
           5           3          54
           5           4          55
           5           4          56
           5           5          57
           5           5          58
           5           6          59
           5           6          60
           6           1          61
           6           1          62
           6           2          63
           6           2          64
           6           3          65
           6           3          66
           6           4          67
           6           4          68
           6           5          69
           6           5          70
           6           6          71
           6           6          72
           7           1          73
           7           1          74
           7           2          75
           7           2          76
           7           3          77
           7           3          78
           7           4          79
           7           4          80
           7           5          81
           7           5          82
           7           6          83
           7           6          84
           8           1          85
           8           1          86
           8           2          87
           8           2          88
           8           3          89
           8           3          90
           8           4          91
           8           4          92
           8           5          93
           8           5          94
           8           6          95
           8           6          96
           8           1          97
           8           1          98
           1           1          99
           1           2         100
           1           3         101
           1           4         102
           1           5         103
           1           6         104
           2           1         105
           2           2         106
           2           3         107
           2           4         108
           2           5         109
           2           6         110
           3           1         111
           3           2         112
           3           3         113
           3           4         114
           3           5         115
           3           6         116
           4           1         117
           4           2         118
           4           3         119
           4           4         120
           4           5         121
           4           6         122
           5           1         123
           5           2         124
           5           3         125
           5           4         126
           5           5         127
           5           6         128
           6           1         129
           6           2         130
           6           3         131
           6           4         132
           6           5         133
           6           6         134
           7           1         135
           7           2         136
           7           3         137
           7           4         138
           7           5         139
           7           6         140
           8           1         141
           8           2         142
           8           3         143
           8           4         144
           8           5         145
           8           6         146
           8           1         147
