           1  8.827159992177087E-002
           2  5.016397087263895E-002
           3  7.988598519458379E-002
           4  9.509467893008139E-002
           5  4.901151091357409E-002
           6  5.728887655181999E-002
           7  0.159579274842988     
           8  0.181022149430337     
           9  0.359064752864058     
          10  0.388045352680510     
          11  0.236354241265022     
          12  0.243186703373689     
          13  0.202791144993692     
          14  0.211013402562625     
          15  0.328612674593378     
          16  0.333943682935500     
          17  0.393153360537651     
          18  0.387985202915994     
          19  0.502592526323727     
          20  0.501727042244759     
          21  0.552547464174578     
          22  0.544422793899635     
          23  0.520860045027232     
          24  0.521008957161870     
          25 -0.175875191981074     
          26 -0.183712798047306     
          27 -0.203308811906327     
          28 -0.214983439346176     
          29 -0.256227008767682     
          30 -0.262729502909066     
          31  0.924057814549665     
          32  0.935102660650003     
          33  0.724304742527408     
          34  0.688684081881554     
          35  0.872106530704864     
          36  0.827583911700448     
          37 -0.698845085714978     
          38 -0.771699574024788     
          39  -1.04497166943848     
          40  -1.07533492788412     
          41 -0.929464129905105     
          42 -0.927641776060909     
          43   1.31303788679660     
          44   1.31717766142566     
          45  0.915507604207300     
          46  0.934079414038951     
          47  0.906388191451914     
          48  0.920032912086789     
          49  -1.26868781918959     
          50  -1.34211574305824     
          51  -1.75258712832810     
          52  -1.81327729572425     
          53  -1.49885150471307     
          54  -1.53523456368037     
          55   1.53514275097392     
          56   1.53295542299223     
          57   1.09809326635118     
          58   1.11064581810014     
          59   1.05496714552431     
          60   1.08049968871683     
          61  -1.63374326472098     
          62  -1.57631452977911     
          63  -1.78836319614735     
          64  -1.79535923440031     
          65  -1.48967909197515     
          66  -1.52372067935454     
          67   1.60741117641219     
          68   1.64383186697831     
          69   1.05971251344174     
          70   1.04581895666823     
          71   1.09370169694872     
          72   1.11658910304127     
          73  -1.98294219950996     
          74  -1.95194272333751     
          75  -2.26356638138356     
          76  -2.19137924064887     
          77  -2.21204656739685     
          78  -2.20272790219113     
          79   1.37084156529027     
          80   1.39034707971741     
          81  0.899598838445474     
          82  0.878123760265033     
          83  0.973184846676679     
          84  0.967646437932687     
          85  -2.04452148263400     
          86  -2.07012289658861     
          87  -2.78966094126406     
          88  -2.81673464927525     
          89  -2.48550759017015     
          90  -2.50503445050558     
          91  0.877852447762480     
          92  0.857561253122803     
          93  0.603329720732081     
          94  0.603845080809932     
          95  0.454847319630180     
          96  0.430848279216784     
          97  -3.15118175290531     
          98  -3.16734363239721     
          99  5.708396309984692E-002
         100 -0.119036213562672     
         101 -4.605073625868453E-002
         102  4.866651314497418E-002
         103 -0.169090805053312     
         104 -0.110899787438551     
         105  0.263275966710294     
         106  0.105207313211499     
         107  0.169092868125505     
         108 -0.144951449930018     
         109 -0.552593114052999     
         110 -0.747795040819155     
         111 -0.371987970862652     
         112  -1.16874191151248     
         113  -1.87331989548468     
         114  -1.24589153423327     
         115 -3.670088410596017E-002
         116 -0.667131927040816     
         117  -1.56861180967170     
         118  -2.80260799103065     
         119  -1.86264004027542     
         120 -0.176592983426313     
         121 -0.505435122771580     
         122 -0.144259836044914     
         123  -2.20103908644522     
         124  -3.63114884306471     
         125  -2.96339398036711     
         126 -0.788239990378067     
         127 -0.249917696504633     
         128  0.155072861767322     
         129  -2.48255673795938     
         130  -2.76322175017817     
         131  -2.64915871887065     
         132 -0.687033777909008     
         133  0.669842866396055     
         134  0.867010417213045     
         135  -3.36786742031398     
         136  -3.46917659044266     
         137  -3.38212826446220     
         138  0.441264647477977     
         139  0.856337044523480     
         140  0.779982656240463     
         141  -2.98404505534887     
         142  -3.34113841806719     
         143  -4.01341821998358     
         144   1.80947481740636     
         145   1.30385160446167     
         146  0.976882690014422     
         147  -4.64218693914069     
         148  5.981592290265977E-002
         149 -1.210956061092675E-002
         150  3.343006977600982E-003
         151 -1.280748717289544E-002
         152 -1.655277505364633E-002
         153  7.602930582462787E-002
         154  0.564299748399960     
         155  0.693175753275494     
         156  -1.93508246935634     
         157  -1.84600551444401     
         158  0.497514089577737     
         159   1.18889112941102     
         160  -4.08025138939208     
         161  -3.91658933823887     
         162   1.38630330729398     
         163   1.13143960645012     
         164  -5.71890287596955     
         165  -4.76973056832306     
         166   1.48959778419129     
         167   1.16957002295971     
         168  -5.27529644047494     
         169  -4.49057497446659     
         170  0.745214150143147     
         171  0.586236264392897     
         172  -6.37945867411925     
         173  -6.07574692660346     
         174  0.328239478772703     
         175  0.326995779712105     
         176  -8.23870993694087     
         177  -5.88642468943494     
         178 -0.234350784194597     
         179 -0.235723683305490     
         180   11.9829846092910     
         181  -57.4370201403407     
         182  -25.3551037369666     
         183  -21.7260094359517     
         184  -110.617011896529     
         185   121.133186527215     
         186  -214.041210711002     
         187   901.829480426386     
         188  -27.7281805107537     
