           1           1      1.01975117      0.98476044      1.00000000      0.00000000      1.00276865
           1           1      0.07098378      0.06847438      0.00000000      0.00000000      0.03827387
 
           1           2      1.05287305      0.91515627      1.02669433      0.00000000      0.99263330
           1           2      0.07109783      0.07055274      0.07334124      0.00000000      0.04294839
 
           1           3      1.12482421      0.91167308      1.00573263      0.00000000      0.96995430
           1           3      0.06695892      0.06879004      0.07076262      0.00000000      0.04276216
 
           1           4      1.04027658      0.93294742      0.00000000      1.00000000      0.96008200
           1           4      0.07180187      0.07064046      0.00000000      0.00000000      0.03829708
 
           1           5      1.06304376      0.94570339      0.00000000      1.04302237      0.97484892
           1           5      0.07123708      0.07356465      0.00000000      0.07326904      0.04345193
 
           1           6      1.06012341      0.89833600      0.00000000      0.96841146      0.98682024
           1           6      0.07137965      0.07203246      0.00000000      0.06874586      0.04168275
 
 
           2           1      1.00560001      1.00918309      1.00000000      0.00000000      1.02075178
           2           1      0.07249050      0.07128921      0.00000000      0.00000000      0.03909945
 
           2           2      0.99591905      1.01637018      0.98991065      0.00000000      0.94585801
           2           2      0.07079350      0.07246770      0.06439189      0.00000000      0.03715733
 
           2           3      1.12777216      0.90447364      1.00780039      0.00000000      0.99513805
           2           3      0.06968836      0.07149873      0.06666313      0.00000000      0.04122893
 
           2           4      1.02069831      0.96938160      0.00000000      1.00000000      0.98920839
           2           4      0.06763425      0.06731755      0.00000000      0.00000000      0.03531501
 
           2           5      0.96555531      1.00581736      0.00000000      0.98640718      0.96810619
           2           5      0.06751357      0.06859387      0.00000000      0.07508159      0.03988805
 
           2           6      1.04621890      1.00043794      0.00000000      0.80421921      0.96751037
           2           6      0.06520400      0.06742497      0.00000000      0.07411211      0.03610462
 
 
           3           1      1.02635356      0.99839394      1.00000000      0.00000000      0.98300291
           3           1      0.06936867      0.06995512      0.00000000      0.00000000      0.03600495
 
           3           2      1.06909216      0.91587549      0.97300433      0.00000000      1.04733084
           3           2      0.07314483      0.07379424      0.06923537      0.00000000      0.04143863
 
           3           3      1.06184179      1.02415846      1.04311411      0.00000000      1.00710259
           3           3      0.07367320      0.07371805      0.06824106      0.00000000      0.04155503
 
           3           4      0.99683453      1.03480663      0.00000000      1.00000000      1.01960256
           3           4      0.07049761      0.06894892      0.00000000      0.00000000      0.03658261
 
           3           5      0.89324236      1.06207691      0.00000000      0.86581665      1.06846745
           3           5      0.06985137      0.06955401      0.00000000      0.09038193      0.04372343
 
           3           6      1.11257544      0.88066391      0.00000000      1.00390026      1.02184748
           3           6      0.06997752      0.07158803      0.00000000      0.08905261      0.04224520
 
 
           4           1      1.07811452      0.95401934      1.00000000      0.00000000      0.99741376
           4           1      0.07219708      0.07147306      0.00000000      0.00000000      0.03817385
 
           4           2      1.10626235      0.94781750      1.02079694      0.00000000      0.96423297
           4           2      0.07258736      0.07451503      0.06418191      0.00000000      0.03890033
 
           4           3      1.01551228      0.99240133      0.99127048      0.00000000      1.03746329
           4           3      0.07442654      0.07325141      0.06876400      0.00000000      0.04099429
 
           4           4      0.96160519      1.04524167      0.00000000      1.00000000      0.95499412
           4           4      0.06587290      0.06882022      0.00000000      0.00000000      0.03662903
 
           4           5      1.13003774      0.91143867      0.00000000      0.88244378      0.93473296
           4           5      0.06561839      0.06464733      0.00000000      0.08896579      0.03742201
 
           4           6      1.06455973      0.95088177      0.00000000      1.00622752      1.04276292
           4           6      0.06980124      0.06830761      0.00000000      0.09934173      0.04399675
 
 
           5           1      0.98652351      1.06506402      1.00000000      0.00000000      1.02694562
           5           1      0.07419095      0.07511497      0.00000000      0.00000000      0.03821722
 
           5           2      1.13815518      0.89134449      1.06912847      0.00000000      0.96256602
           5           2      0.07391854      0.07442313      0.06473800      0.00000000      0.03883319
 
           5           3      1.04874291      1.03900211      1.07771833      0.00000000      1.09869460
           5           3      0.07676145      0.07863144      0.06794110      0.00000000      0.04273794
 
           5           4      1.01282590      0.97629311      0.00000000      1.00000000      0.97201311
           5           4      0.06680373      0.06939390      0.00000000      0.00000000      0.03579057
 
           5           5      0.93222357      1.14433452      0.00000000      0.99002756      1.01587857
           5           5      0.06992524      0.07015407      0.00000000      0.09494235      0.04231772
 
           5           6      1.05564974      0.94707399      0.00000000      0.94097187      1.03495219
           5           6      0.06853556      0.07113486      0.00000000      0.09672668      0.04166004
 
 
           6           1      0.97936492      1.00294636      1.00000000      0.00000000      0.97502560
           6           1      0.07388164      0.07402583      0.00000000      0.00000000      0.03501570
 
           6           2      0.92992407      1.06179943      0.93307390      0.00000000      1.00515305
           6           2      0.07683551      0.07523432      0.06502709      0.00000000      0.03639041
 
           6           3      1.02753637      0.96207621      0.90017792      0.00000000      1.08835408
           6           3      0.07404360      0.07756940      0.06716597      0.00000000      0.04224829
 
           6           4      0.93501677      1.01351044      0.00000000      1.00000000      0.95922886
           6           4      0.07084912      0.06701830      0.00000000      0.00000000      0.03736969
 
           6           5      1.01505672      0.95088171      0.00000000      0.88037394      0.99526505
           6           5      0.06782018      0.06958696      0.00000000      0.09534018      0.04057331
 
           6           6      1.11154665      0.94026248      0.00000000      0.94717024      0.97990054
           6           6      0.06808387      0.06743573      0.00000000      0.09311050      0.03999576
 
 
           7           1      0.97240230      1.09089751      1.00000000      0.00000000      0.96795830
           7           1      0.07352154      0.07495854      0.00000000      0.00000000      0.03601356
 
           7           2      0.92732437      1.04689728      0.98285292      0.00000000      1.00600573
           7           2      0.07422313      0.07449991      0.06650355      0.00000000      0.03856838
 
           7           3      1.11044805      0.89227768      1.01087343      0.00000000      1.02945450
           7           3      0.07664865      0.07634980      0.06786595      0.00000000      0.03950826
 
           7           4      0.88565487      1.14960709      0.00000000      1.00000000      0.98335588
           7           4      0.06614341      0.06617202      0.00000000      0.00000000      0.03743796
 
           7           5      1.08843046      0.91651696      0.00000000      0.86316908      0.97761628
           7           5      0.06677493      0.06778136      0.00000000      0.09447073      0.03949682
 
           7           6      1.01835083      0.97928331      0.00000000      0.91260290      0.95975965
           7           6      0.06721263      0.06765046      0.00000000      0.09510543      0.04001405
 
 
           8           1      0.97449396      1.06805664      1.00000000      0.00000000      1.06150981
           8           1      0.07748198      0.08063885      0.00000000      0.00000000      0.03892921
 
           8           2      0.98534640      0.97196838      1.02713306      0.00000000      0.92871714
           8           2      0.07282647      0.07349063      0.06642718      0.00000000      0.03826907
 
           8           3      0.98249487      1.03308979      0.98348206      0.00000000      0.98832677
           8           3      0.07193679      0.07390289      0.06722119      0.00000000      0.03724022
 
           8           4      0.90366704      1.09145802      0.00000000      1.00000000      0.96517797
           8           4      0.06535819      0.06644820      0.00000000      0.00000000      0.03702301
 
           8           5      0.98560753      0.97520452      0.00000000      1.01136071      0.96469990
           8           5      0.06764090      0.06701977      0.00000000      0.11681599      0.04775739
 
           8           6      1.04408366      1.02807185      0.00000000      0.82167623      1.04036892
           8           6      0.06752084      0.06717970      0.00000000      0.10674767      0.04275625
 
 
 Parameters in Anchoring Equations
           8           1      0.99182246      1.02835326      1.00715513      0.00000000      0.98446456
           8           1      0.07183819      0.07327036      0.04937770      0.00000000      0.03786820
 
