      1.01975117
      0.98476044
      1.05287305
      0.91515627
      1.12482420
      0.91167308
      1.04027658
      0.93294742
      1.06304376
      0.94570339
      1.06012340
      0.89833601
      1.00560000
      1.00918309
      0.99591904
      1.01637019
      1.12777217
      0.90447364
      1.02069831
      0.96938159
      0.96555531
      1.00581736
      1.04621890
      1.00043795
      1.02635356
      0.99839393
      1.06909216
      0.91587549
      1.06184179
      1.02415846
      0.99683453
      1.03480662
      0.89324236
      1.06207691
      1.11257543
      0.88066391
      1.07811453
      0.95401933
      1.10626235
      0.94781749
      1.01551228
      0.99240133
      0.96160519
      1.04524167
      1.13003774
      0.91143866
      1.06455973
      0.95088177
      0.98652351
      1.06506402
      1.13815518
      0.89134449
      1.04874291
      1.03900211
      1.01282590
      0.97629312
      0.93222357
      1.14433453
      1.05564974
      0.94707399
      0.97936492
      1.00294636
      0.92992407
      1.06179943
      1.02753637
      0.96207621
      0.93501677
      1.01351045
      1.01505672
      0.95088170
      1.11154665
      0.94026247
      0.97240230
      1.09089751
      0.92732437
      1.04689728
      1.11044805
      0.89227768
      0.88565487
      1.14960709
      1.08843046
      0.91651696
      1.01835083
      0.97928331
      0.97449396
      1.06805664
      0.98534640
      0.97196838
      0.98249487
      1.03308979
      0.90366705
      1.09145802
      0.98560753
      0.97520451
      1.04408366
      1.02807185
      0.99182246
      1.02835326
      0.00276482
     -0.00739397
     -0.03050632
     -0.04073658
     -0.02547277
     -0.01326738
      0.02053939
     -0.05566282
     -0.00487381
     -0.01085026
     -0.03241350
     -0.03302914
     -0.01714320
      0.04624488
      0.00707748
      0.01941291
      0.06622533
      0.02161224
     -0.00258959
     -0.03642235
      0.03677859
     -0.04605009
     -0.06749440
      0.04187384
      0.02658898
     -0.03815263
      0.09412275
     -0.02838599
      0.01575383
      0.03435524
     -0.02529156
      0.00513981
      0.08466653
     -0.04162559
     -0.00474620
     -0.02030421
     -0.03256627
      0.00598777
      0.02902905
     -0.01678419
     -0.02263804
     -0.04107239
      0.05969224
     -0.07395107
     -0.01174190
     -0.03544277
     -0.03593821
      0.03957538
     -0.01565738
      1.02669433
      1.00573263
      1.04302237
      0.96841147
      0.98991065
      1.00780039
      0.98640719
      0.80421922
      0.97300433
      1.04311411
      0.86581665
      1.00390025
      1.02079695
      0.99127049
      0.88244377
      1.00622751
      1.06912847
      1.07771833
      0.99002756
      0.94097186
      0.93307391
      0.90017793
      0.88037394
      0.94717024
      0.98285291
      1.01087343
      0.86316908
      0.91260290
      1.02713306
      0.98348206
      1.01136071
      0.82167622
      1.00715513
     -1.32813015
     -1.33659406
     -0.03969676
     -2.24323699
     -2.14192177
      0.80817983
      0.59038346
      0.27397474
