      0.00447162
     -0.05463143
     -0.00063087
      3.89469364
     -0.14949182
      0.00122546
     -0.03754906
      3.42583565
      0.11709294
      0.45314823
     -0.34372502
      0.23225659
      1.25984757
     -1.29272355
     -0.07343014
      0.01009650
      0.20440253
     -0.18546984
      1.66290507
      2.14384933
     -0.00825510
      1.57924854
      1.13869580
      0.07936553
      1.68733103
      1.49625334
      0.04080355
      0.62332228
      0.56063444
      0.03322308
      0.19181093
     -0.04547259
     -0.01309795
      0.17541249
      3.39748225
     -0.08835844
      0.29978921
      4.19356249
     -0.08111935
      0.26643098
     -0.44677002
      0.23337049
     -0.06383712
      0.14045863
     -0.51071266
      0.41506202
     -0.08657534
      0.18626836
     -0.43029252
      0.46455927
     -0.05132907
      0.20604302
     -0.43943680
      0.40870778
     -0.03233702
      0.05575486
     -0.43794093
      0.57626109
     -0.07351634
      0.43655583
     -0.50956930
      0.19831882
     -0.06021731
      0.05221196
     -0.17162044
      3.58901644
     -0.09169446
     -0.01481587
     -0.24478267
      3.49499542
     -0.03650868
      0.07377056
     -0.19492882
      3.51903411
     -0.05101814
      0.03140159
     -0.16849874
      3.53753864
     -0.06434926
     -0.02313405
     -0.18729237
      3.28760167
     -0.02973490
     -0.09488898
     -0.21592885
      2.97900510
      0.00228795
     -0.01644034
     -0.26364696
      2.72209069
     -0.01888751
     -0.03163066
     -0.24611543
      3.08870119
     -0.03077974
     -0.04364297
     -0.21583301
      2.98274465
     -0.07096991
     -0.01696495
     -0.35773173
      2.67555246
      0.00127744
      0.02907028
     -0.09473019
      3.16738821
     -0.12410257
     -0.00115487
     -0.12822123
      2.52093225
      0.04250566
      0.61545718
     -0.11224527
      0.91590018
     -0.00684525
      0.55554619
     -0.45399495
      1.09054643
      0.37274741
     -0.00794516
      0.07080847
     -0.40815158
      0.06491957
      0.22980964
      0.41771422
      0.32876620
      1.58698028
     -1.24897807
      0.20119232
      0.09850836
     -0.17112226
      0.74175660
     -0.46050636
     -0.09366355
      0.11991485
     -0.42032611
      0.15704035
     -0.04420048
     -0.09199593
      0.22691567
      0.09069504
      0.17507151
      0.07407774
      0.24140769
      0.19133464
      0.08185379
     -0.06024547
      1.28032001
      0.19890193
      0.54901892
     -0.84910855
     -0.00178083
      0.18440979
      0.39189430
     -0.03575692
      0.16103620
     -0.03207143
      0.48194127
      0.75929396
      0.23499776
      3.98244028
      0.08814194
      0.67055771
      0.05106013
      0.58112138
      2.79269807
      0.10001341
      0.97742905
      0.75871251
      0.77711161
      3.86434339
      0.41071787
      0.22555905
      0.53633701
      0.23419273
      1.35553178
     -0.14300971
      0.14990363
      0.36322930
      0.30937765
      0.47397353
      0.00794225
      0.03670733
      1.11114762
      0.12255428
      4.78596610
     -0.05916681
      0.01263123
     -0.26305457
      0.03216471
      4.48068069
     -0.05744075
      0.58033482
     -0.47136502
     -0.00553735
      1.08971419
     -0.00443382
      0.50517617
     -0.54884119
     -0.00653574
      1.09911538
      0.34950478
      0.15128301
     -0.27813485
      0.68499245
     -0.32728971
      0.01502490
      0.30113634
     -0.68524419
      0.98693543
     -0.38806672
      0.05054154
     -0.02615857
     -0.00351398
      0.06549501
      0.08951947
     -0.07019478
      0.08407747
     -0.00920273
      0.16017948
     -0.08972996
      0.16250797
     -0.05331778
     -0.24330360
      0.13072761
     -0.02025241
      0.25408263
      0.22037995
     -0.57467444
     -0.12577944
     -0.14965732
      0.27222962
     -0.13279424
     -0.15712341
      0.01749044
      0.22519588
     -0.37365738
     -0.25106270
      0.21407686
      0.38365216
     -0.44679407
     -0.34719977
     -0.02391669
      0.02771045
     -0.38161043
      0.02390077
      0.01038620
      0.17494892
     -0.12016329
     -0.04916822
      3.63664454
      0.03519733
      0.09663411
     -0.25273769
      0.01608503
      3.85305460
      0.06760071
      0.56474547
     -0.59312939
      0.11574340
      4.76821143
     -0.04517936
     -0.12314082
      0.35156211
      0.07280517
      4.80090084
      0.05964752
      0.36812376
     -0.64143863
      0.20677170
      2.86787647
      0.04119260
      0.14646461
     -0.21658916
      0.08789829
      0.61103972
     -0.01111241
      0.50464693
     -0.44866991
     -0.02447210
      1.15274618
      0.02213635
      0.46771333
     -0.49144652
     -0.05085482
      1.19423466
      0.04964579
      0.14490153
     -0.43963669
      0.77085297
      0.13330059
     -0.03228506
      0.17241686
     -0.40145369
      0.82293505
     -0.39602404
      0.14116168
      0.21516321
     -0.37359678
      0.92185161
     -0.70323320
      0.18037500
      0.20002758
     -0.31849645
      0.86081938
     -0.65336497
      0.20295349
      0.14118096
     -0.13163061
     -0.00999553
      0.02481407
     -0.15187812
      0.29067096
     -0.10705712
     -0.01242215
     -0.02057984
      0.08322842
      0.18067796
     -0.10878668
      0.05813204
     -0.14561533
      0.17409978
      0.25493189
     -0.34809888
      0.01842367
     -0.07421149
      0.12042870
      0.09742292
     -0.15441382
      0.04478307
      0.01516220
     -0.13951461
     -0.05074678
     -0.22713812
      3.72513818
      0.00881353
      0.03886648
     -0.17592528
      0.00956439
      3.93411265
     -0.02837326
      0.39866031
     -0.53588308
      0.03109670
      4.90918576
     -0.13816393
      0.01067841
      0.07255039
     -0.31510649
      4.83670196
     -0.01265519
      0.34703374
     -0.69387978
      3.06354113
      0.03167915
      0.12497184
     -0.14079265
      0.74342727
      0.02990864
      0.22876409
     -0.25991606
      0.10289202
      2.09276399
      0.03449935
      0.16452351
      0.03401268
      0.33618575
     -0.06413399
     -0.02504946
     -0.03933637
      0.53995034
      0.03817030
      0.28533183
     -0.12864777
      0.44598442
      0.06554249
      0.21614430
     -0.10358817
      1.79255101
     -0.16558425
     -0.14061381
      0.15888852
      4.00912331
     -0.19756207
      2.91902725
     -0.65676755
      1.87839097
     -0.12403332
      0.27032627
     -0.18976389
      3.87692163
     -0.00216448
      0.47119684
     -0.55610618
      1.20866550
      0.06402391
      0.39645576
     -0.51727611
      1.20103646
     -0.02384273
      0.22741414
     -0.27338173
      0.86000137
     -0.21204631
      0.09273220
      0.14296872
     -0.30781761
      0.90397532
     -0.33499457
      0.13572107
      0.14433518
     -0.24699437
      0.88023530
     -0.35008296
      0.22647857
      0.20592246
     -0.16984854
     -0.02657272
      0.01466058
     -0.04249304
      0.23012178
     -0.15554306
     -0.04795848
     -0.06349027
      0.09960319
      0.24530401
     -0.10746349
     -0.04318480
     -0.13526256
      0.25359456
      0.18237301
     -0.40417273
     -0.02297303
     -0.01631188
      0.02372494
      0.14405470
      0.00093041
     -0.10972974
      0.06524577
      0.01812990
      0.04145854
     -0.09054962
      0.01587076
      3.93010325
      0.07602549
      0.44049852
     -0.48755047
     -0.31818462
      4.62068375
     -0.13766913
      0.10639599
     -0.01842661
     -0.17602946
      4.66625159
     -0.06886453
      0.23412559
     -0.16210497
      0.09390778
      2.27953317
      0.02461724
      0.09955933
     -0.11664109
     -0.00470227
      0.41055734
      0.02701507
     -0.00635614
     -0.13429578
     -0.00703199
      0.54142783
     -0.03421007
      0.17508639
     -0.22498857
      0.08009002
      0.57459177
      0.13984819
      0.20265413
     -0.20762141
     -0.01797279
      1.80509730
     -0.00020223
     -0.04879452
     -0.00129903
      0.04796298
      3.78173249
     -0.09258363
      1.94116425
     -1.47351589
      0.09977332
      2.46948916
     -0.15240999
      0.11540389
     -0.02683037
     -0.12191846
      3.97390212
      0.03077425
      0.48174939
     -0.48993468
      0.09830930
      1.20485840
      0.00813076
      0.40828041
     -0.45412552
      0.00753354
      1.27766031
     -0.18207285
      0.31991183
     -0.32315364
      0.56098125
      0.09724085
      0.05905403
      0.15062762
     -0.35248841
      0.45258760
      0.07296745
      0.00395901
      0.06159284
     -0.31883679
      0.40320819
      0.18356903
      0.28228167
      0.22834714
     -0.18421808
      0.03583379
     -0.00255080
      0.00967378
      0.31040496
     -0.17716624
     -0.02430157
     -0.07442823
      0.16919025
      0.23658950
     -0.15904493
      0.01027674
     -0.15563149
      0.27577171
      0.16193064
     -0.25470833
      0.04378334
     -0.03839042
      0.11840023
      0.17292116
     -0.04627735
     -0.05128450
      0.01965644
      0.06777609
      0.05081600
     -0.09772233
     -0.16871574
      3.92590735
     -0.04875832
      0.23690510
     -0.25787110
      3.90157568
     -0.05085725
      0.14334076
      0.15215228
     -0.16247691
      4.48446499
      0.01373415
      0.02479355
     -0.35454951
      0.05586274
      2.39908338
      0.06219031
      0.14248164
     -0.11737867
      0.01605809
      0.46328458
      0.03413208
      0.00954765
     -0.11560145
      0.04523253
      0.49554286
     -0.04036423
      0.08304905
     -0.19662356
      0.02647996
      0.74057868
      0.15620678
      0.18218874
     -0.25185889
      0.05886931
      1.82186413
      0.02081781
     -0.16274836
     -0.22465756
     -0.05819515
      3.84830558
      0.04908798
      1.65110008
     -1.56980282
      0.15962105
      2.62280643
     -0.00160795
      0.42523079
      0.05620761
      0.36806618
      3.40449947
      0.02007358
      0.41625983
     -0.46055456
      0.03040459
      1.26320226
     -0.00492130
      0.47575579
     -0.40983065
      0.00812516
      1.30081532
     -0.20651819
      0.36377397
     -0.37411335
      0.31904051
      0.32281068
     -0.07596292
      0.14983636
     -0.35504905
      0.29765309
      0.30467693
     -0.07170014
      0.20873552
     -0.23825792
      0.35028528
      0.28107058
      0.23821457
      0.26075940
     -0.28671516
     -0.01383851
      0.09165255
     -0.14119238
      0.27391701
     -0.08154214
     -0.01971469
      0.02013213
      0.08314034
      0.26178556
     -0.15101687
     -0.09160614
     -0.01925472
      0.17690168
      0.10014350
     -0.33173724
     -0.00207990
      0.11466635
      0.03512231
      0.10675493
     -0.06233376
     -0.07178251
      0.05374094
      0.03533859
      0.08772862
     -0.21761168
      0.00699242
      3.81843325
     -0.00961504
     -0.06337038
     -0.07603905
     -0.01956906
      4.39766462
      0.07080619
      0.03711584
     -0.24863179
      0.01387358
      2.29581156
      0.06634436
      0.12413331
     -0.15027087
      0.00198672
      0.58179157
      0.01313519
     -0.00009954
     -0.15170142
      0.00677584
      0.54895283
     -0.02366273
      0.06395577
     -0.18137962
      0.01312790
      0.77947695
      0.16860370
      0.14717559
     -0.30052718
      0.02775944
      1.84670932
     -0.03084630
     -0.24456916
     -0.00577401
     -0.01187485
      3.75434847
     -0.06955926
      0.73993140
     -1.63754629
      0.34854147
      3.21991762
     -0.13323733
      0.14425719
     -0.02032997
      0.18078562
      3.50934988
     -0.02129633
      0.56952264
     -0.38856025
      0.06028949
      1.23058985
     -0.01817831
      0.53128530
     -0.42179308
      0.02792549
      1.31544858
     -0.18393280
      0.26912674
     -0.34270582
      0.15051137
      0.51663691
     -0.02603292
      0.15035679
     -0.34350332
      0.21286957
      0.36026877
     -0.02923963
      0.15101619
     -0.32778278
      0.18743992
      0.45838015
      0.29050234
      0.26226935
     -0.30587271
     -0.06153212
      0.08469257
     -0.20146301
      0.14485581
     -0.22066646
      0.01377571
      0.10471182
      0.05758928
      0.20618599
     -0.28088408
     -0.07405099
      0.03620998
      0.22113038
      0.10881517
     -0.30272596
      0.01773531
      0.05081916
      0.04362558
      0.11119372
     -0.10622274
     -0.08135132
      0.06373003
      0.08645506
      0.10192270
     -0.24805936
     -0.00338930
      3.69174736
     -0.04893433
      0.08663969
     -0.08544707
     -0.12349596
      4.30525321
      0.06768096
     -0.21302696
     -0.25144130
     -0.11820288
      2.32140300
      0.07534629
      0.12076768
     -0.14086146
     -0.00700438
      0.60066616
      0.01870625
      0.02370157
     -0.08577469
      0.01335489
      0.50343029
      0.02587774
      0.01871294
     -0.11737728
     -0.04484054
      0.76632516
      0.18162042
      0.07895675
     -0.33442658
      0.00561234
      1.87957941
      0.09445403
     -0.21781118
      0.03566183
      0.01962018
      3.49968832
     -0.11307046
      0.21484402
     -1.27722542
      0.06026932
      3.55808868
     -0.02888721
      0.25195106
     -0.18805412
      0.05218963
      3.45831444
     -0.05696799
      0.56452659
     -0.27926765
     -0.00593975
      1.28322272
      0.03668654
      0.52767450
     -0.35293455
      0.02608501
      1.32028418
     12.68788462
     -3.61564454
     -1.98592545
     -0.07567638
     -0.28847864
     -0.39053168
      0.58793486
     -0.03274185
      1.23829102
     -0.63239198
     -2.63134418
      1.34445954
     -0.69770249
     -1.53905819
     -1.47502354
     -1.32613873
     -0.96794378
     -0.74876968
     -1.28997647
     -1.72071758
     -1.74413136
     -1.71023839
     -1.42666230
     -1.64499993
     -0.90697127
     -0.87960758
     -0.91280285
      0.23493825
      0.20979312
     -0.09794984
      0.24299824
     -0.77156489
     -1.39432504
     -0.43054072
     -0.70730216
     -0.42883304
     -0.42294409
     -0.33024537
     -0.28011052
     -0.82696644
     -0.54816798
     -0.12697219
     -1.22570980
      0.14823657
      0.47321840
     -1.41162031
      0.19831084
     -0.95945393
     -1.51662202
     -1.19430925
     -0.77763628
     -0.95400562
     -0.26332323
     -0.42024385
     -0.01832997
     -0.69511158
     -0.43250972
     -0.80180152
     -0.56920974
     -0.49267385
     -0.07524779
     -2.53476523
     -0.44292537
      0.30578664
      0.46064365
     -1.92986611
     -1.44371647
     -1.41600521
     -0.61817299
     -0.37894946
     -3.10886983
     -2.79075146
     -0.72230033
     -0.48400990
     -0.94992830
     -0.75305375
     -0.54708756
     -0.08213285
     -2.54703296
     -0.25404447
      0.54293990
      0.48305626
     -2.05792606
     -0.32475867
     -1.53269306
     -1.53918277
     -1.79900657
     -0.71652404
      0.30011154
      1.28348117
      1.24200225
     -1.50852922
     -1.15413105
     -0.88171830
     -1.96582503
     -1.52493521
     -0.70838122
     -0.53764600
     -0.95847395
     -0.80055620
     -0.42461090
     -2.68858782
      0.22557859
      0.66946663
     -0.60503510
     -1.52052274
     -1.48048658
     -1.70323986
     -0.75736930
      0.33468219
      1.26585824
      1.12810327
     -1.37419224
     -1.67939471
     -0.88542352
     -1.78771136
     -1.20038291
     -0.89874848
     -0.61357778
     -0.90433646
     -0.79875900
     -0.55403344
     -1.92946363
      0.57936783
      0.77248643
     -0.72906798
     -1.54799587
     -1.50974924
     -1.78622999
     -0.85856028
      0.37668518
      1.27199265
      1.14700335
     -1.60180355
     -1.34092044
     -0.90287338
     -1.69822109
     -1.10303644
     -0.91860352
     -0.62501702
     -0.93106799
     -0.81814610
     -0.40948941
     -1.58690032
      0.80406975
     -0.73408241
     -1.60625130
     -1.48532291
     -1.84673141
     -1.11013714
      0.34847937
      1.28287663
      1.23336612
     -1.11610680
     -1.59045994
     -0.92746022
     -1.62117056
     -0.94850834
     -0.82119508
     -0.70188793
     -0.92692954
     -0.81953189
     -0.47155845
     -1.15009142
      0.87155592
     -0.80184014
     -1.61793656
     -1.47633592
     -1.81526132
     -0.86247898
      0.38208085
      1.34922967
      1.21273454
     -1.84138593
     -2.10033205
      1.10791833
      0.39544733
      0.50468938
      1.13254912
      0.99184693
      0.64195751
      0.20017624
      1.45156893
      0.26166226
      0.81413827
      0.79204698
      0.75165764
      0.67052242
      0.96906795
      1.16791471
      1.45056754
      1.44688922
      1.38667356
      1.74312299
      1.58184056
      1.87263995
      0.95733923
      1.11170049
      0.75086442
      0.61922921
      1.15792195
      0.94331273
      0.70964817
      0.85411376
      0.48062916
      0.47507206
      0.70475596
      0.42484285
      0.70796425
      0.28103210
      0.18997149
      0.24033775
      0.20361087
      1.03738355
      1.04544846
      0.59004581
      0.51842868
      0.15510310
      1.19267231
      1.18978387
      0.96426040
      0.95378444
      0.46596098
      0.25857530
      0.28798763
      0.92321657
      0.27634720
      1.02790557
      0.70634267
      1.80869418
      1.72100838
      1.06951019
      1.27560458
      1.08149548
      0.79573772
      0.47253905
      0.17438364
      0.85065342
      0.30479470
      1.00888676
      0.26154900
      0.29443372
      0.35106542
      0.44684970
      0.85074947
      0.31851223
      0.27355311
      0.99688837
      1.03332342
      1.60560320
      1.53989638
      1.15496601
      1.21711959
      1.05897071
      0.89589333
      0.16447696
      0.81995982
      0.23239957
      0.28734798
      0.26671878
      0.33552061
      0.85856301
      0.24940572
      0.64169469
      1.32917072
      1.01948087
      1.36531918
      1.22421990
      1.08438368
      1.15759747
      0.97122905
      0.90335098
      0.21147204
      0.78166918
      0.32789188
      0.32113875
      0.31849028
      0.32938964
      1.01532619
      0.39578391
      0.89590887
      1.22293753
      0.94323585
      1.22932362
      1.10532327
      1.12520147
      1.19094961
      1.03324022
      0.96015324
      0.28571619
      0.42191350
      0.30643799
      0.27546044
      0.28414949
      1.06759618
      0.31440506
      0.76459806
      0.88708130
      1.00613715
      1.09316898
      1.01340794
      1.17790262
      1.16415245
      1.06643751
      1.01370294
      0.44597377
      0.58245372
      0.31197372
      0.28687081
      0.34555477
      1.08023453
      0.42630549
      1.26672074
      1.30304801
      0.96191135
     -1.75807840
     -2.01238462
     -0.79467573
     -0.55455092
     -2.67771999
     -1.06107682
     -0.07815398
      0.06896733
      0.07238154
      0.08148463
      0.19965951
      0.22428100
      0.14069074
      0.46758918
      0.55526530
      0.33513790
     -1.80347416
     -1.66457792
     -2.33346060
     -2.27458956
     -2.81305085
     -2.15926153
      0.84751521
      0.90772266
      1.18754184
     -0.58146371
      0.44320870
     -1.08231280
     -6.58973590
      1.26644910
     -0.22554749
     -2.11479484
      3.79527751
     -0.65171832
     -0.01292528
      0.83646752
     -2.11807048
      2.53676159
     -0.22985103
    -11.45171328
     -0.94338716
      0.51550234
      0.86394553
      0.52785746
