      0.24904046
     -0.13788416
      0.19533748
     -0.00099923
      0.06091771
     -0.12274418
      0.18282991
     -0.12171427
      0.25539693
     -0.12917772
      0.25647208
     -0.01618096
      0.17943388
     -0.08138301
      0.14188697
     -0.05816162
      0.25860128
     -0.02324092
      0.22321661
     -0.00720381
      0.16855984
     -0.06676714
      0.26505661
     -0.08472417
      0.18877481
      0.00272820
      0.19738806
     -0.05535778
      0.07936105
     -0.07055285
      0.30500112
     -0.02537415
      0.14989640
     -0.00065263
      0.24310583
     -0.04746728
      0.12253773
     -0.06559648
      0.06669637
     -0.08065984
      0.10771755
     -0.08454652
      0.08872503
     -0.04043320
      0.10778946
     -0.07281304
      0.19303473
     -0.06375418
      0.20765230
     -0.07429731
      0.37328581
     -0.13115993
      0.03478030
     -0.07482702
      0.30293609
     -0.03584941
      0.10357438
     -0.09298416
      0.20133808
     -0.02928776
      0.24340496
     -0.01069675
      0.19857826
     -0.05576550
      0.22613728
     -0.05790367
      0.22705147
     -0.04109008
      0.27042641
     -0.12761878
      0.21633144
     -0.02261167
      0.27463449
     -0.00896903
      0.27354766
     -0.03771511
      0.22512984
     -0.07253923
      0.26424542
     -0.04106776
      0.21856086
      0.02733645
      0.13735308
     -0.08890128
      0.12218204
     -0.08904579
      0.22389849
     -0.03881446
      0.23346384
     -0.03103653
      0.17481637
     -0.06083651
      0.16136992
     -0.13152399
      0.17074239
     -0.11452950
      0.23400255
     -0.03817741
      0.05193695
     -0.04558140
      0.20427435
     -0.07906497
      0.08526637
      0.00213480
      0.23442567
     -0.07889685
      0.23205390
     -0.11189878
      0.24701662
     -0.06032830
      0.21325965
     -0.08089023
      0.20009109
     -0.07763057
      0.27399723
     -0.07734195
      0.09218251
     -0.06136969
      0.21220120
     -0.11432770
      0.28730073
     -0.06892484
      0.17844541
     -0.00663118
      0.22738870
     -0.02707496
      0.13606083
     -0.03553082
      0.13702588
     -0.07888417
      0.10874007
     -0.03895657
      0.23121032
     -0.10378040
      0.25818845
     -0.04481958
      0.10296441
     -0.11599156
      0.23627743
     -0.05123455
      0.22556500
     -0.05873164
      0.23138621
     -0.00050106
      0.19684889
     -0.06294505
      0.13224128
     -0.05264113
      0.28711178
     -0.04508051
      0.16890685
     -0.03255408
      0.24381587
     -0.01926130
      0.15819960
     -0.05174708
      0.18497760
     -0.06038685
      0.18213877
     -0.06213927
      0.23139722
      0.04359287
      0.23213518
     -0.07816655
      0.20539546
     -0.04484296
      0.27238391
     -0.08044166
      0.19222819
     -0.08088842
      0.18299048
     -0.04095194
      0.14941774
     -0.05301456
      0.12014562
     -0.08193048
      0.12821648
     -0.02452523
      0.20072393
     -0.13636823
      0.10407262
     -0.19190488
      0.19475854
     -0.06190219
      0.21722315
     -0.01168878
      0.22276666
     -0.02238800
      0.16478509
     -0.07502930
      0.23348774
     -0.00582546
      0.17690061
     -0.06839873
      0.28558647
     -0.07172333
      0.35168874
     -0.09579831
      0.13072985
     -0.01050073
      0.26639326
     -0.09394300
      0.25739771
     -0.06002672
      0.33437993
     -0.05944939
      0.15856029
     -0.10098109
      0.22187434
     -0.14714275
      0.17408942
     -0.08971684
      0.24583669
     -0.03268855
      0.34558918
      0.01472384
      0.06255945
     -0.03106446
      0.24097508
     -0.06147601
      0.21923097
     -0.06593786
      0.16339050
     -0.03242142
      0.15869140
     -0.10823480
      0.21726445
     -0.03493303
      0.17099778
      0.01908049
      0.15107146
     -0.12716449
      0.18623044
     -0.07301902
      0.15045942
     -0.05011363
      0.16279142
     -0.02402890
      0.27644115
     -0.13224351
      0.13566064
     -0.11050537
      0.15553663
     -0.08512865
      0.18703516
     -0.01313450
      0.21462536
     -0.09790213
      0.20742978
     -0.05789622
      0.18533107
     -0.07596220
      0.06016724
     -0.08469245
      0.17722229
     -0.03304444
      0.23362250
     -0.03839437
      0.20405749
     -0.01768525
      0.05622069
     -0.07004913
      0.05247777
     -0.13521071
      0.11288360
      0.00160817
      0.17282390
     -0.03109080
      0.17967197
     -0.07077000
      0.11708519
     -0.05281098
      0.03847289
     -0.08831384
      0.25632707
     -0.06042843
      0.31485650
     -0.04010758
      0.19658528
     -0.00791777
      0.24339973
     -0.00759067
      0.26447762
     -0.08416696
      0.16688279
     -0.01027063
      0.09099514
     -0.07755417
      0.11787839
     -0.05653499
      0.22973519
     -0.16468213
      0.13900519
     -0.07717548
      0.24936131
      0.01281359
      0.20476780
     -0.05299478
      0.25758978
     -0.04339890
      0.32623873
     -0.06204509
      0.16892121
     -0.03403711
      0.19338343
      0.04519552
      0.21445412
     -0.05202774
      0.16582846
     -0.04427300
      0.15639129
     -0.07276021
      0.28398539
     -0.04761720
      0.09408837
     -0.13424105
      0.22497038
     -0.05778444
      0.22540889
     -0.03497881
      0.27389158
     -0.11856036
      0.17730685
     -0.08388755
      0.10141533
     -0.09772391
      0.26301475
     -0.07994840
      0.26744831
     -0.02111054
      0.22442387
     -0.10669712
      0.27013801
      0.02665992
      0.28476753
     -0.03304176
      0.18276040
     -0.03773794
      0.13900395
     -0.06391713
      0.33529208
     -0.04657119
      0.08416164
     -0.06399525
      0.21957387
     -0.16235977
      0.19992502
     -0.03853432
      0.06325536
     -0.09528359
      0.11094414
     -0.03633500
      0.24462770
     -0.07186927
      0.26328390
     -0.06844923
      0.11792116
     -0.00449406
      0.10663247
     -0.09796148
      0.28645260
     -0.02496553
      0.31177375
     -0.09189398
      0.11131097
     -0.08461402
      0.14140772
      0.01733606
      0.24525254
     -0.11133725
      0.13314045
     -0.06032048
      0.11840214
     -0.11538093
      0.03390862
     -0.04659416
      0.15924575
      0.00790470
      0.32497776
     -0.03058093
      0.19991412
     -0.10513432
      0.18834565
     -0.05824628
      0.27345364
     -0.07104991
      0.28712965
     -0.00886260
      0.20496212
     -0.03990507
      0.26585760
     -0.05268721
      0.23195544
     -0.12971850
      0.29208952
     -0.04327608
      0.17673063
     -0.04150520
      0.21443515
     -0.08959373
      0.21085166
     -0.03846548
      0.14371368
     -0.00306605
      0.14525159
     -0.07211223
      0.17265899
     -0.00069080
      0.24357676
     -0.02318215
      0.12051549
     -0.10495140
      0.21181921
     -0.05384732
      0.32619520
      0.00056417
      0.21567235
     -0.04367916
      0.09995467
     -0.11741175
      0.12272967
     -0.06107564
      0.19816057
     -0.05727244
      0.00118954
     -0.07472016
      0.15241740
     -0.09247058
      0.19664484
     -0.03711202
      0.17517895
     -0.09376523
      0.32905932
     -0.08462288
      0.29023476
     -0.12975107
      0.17097946
     -0.12746062
      0.19449834
     -0.03688345
      0.23461154
     -0.13194115
      0.34899986
     -0.08756373
      0.17572763
     -0.07030363
      0.12524308
     -0.09681549
      0.21204440
     -0.10391027
      0.27721307
     -0.05962465
      0.21150965
      0.00753099
      0.17870582
     -0.04833001
      0.27383735
     -0.04503603
      0.16057655
     -0.04906289
      0.14221386
     -0.09964369
      0.19826570
     -0.02929000
      0.09618394
      0.00744470
      0.22246048
     -0.05860423
      0.24898915
     -0.08158362
      0.23468905
     -0.01968702
      0.15326739
     -0.02252490
      0.14125453
     -0.15644428
      0.15793118
     -0.06118519
      0.20123822
     -0.01111948
      0.17280659
     -0.07163936
      0.16754383
     -0.05949000
      0.05438543
     -0.11615569
      0.25624816
     -0.06933214
      0.23240816
     -0.06431709
      0.11593192
     -0.10586539
      0.12640110
     -0.02276703
      0.24677222
     -0.04071605
      0.11607195
     -0.07498361
      0.10954616
     -0.04122768
      0.15079324
     -0.09221200
      0.22699488
     -0.01995960
      0.24562296
     -0.06226630
      0.14850067
     -0.10781896
      0.18677016
     -0.08801124
      0.25004818
     -0.12158626
      0.25913134
     -0.06209712
      0.18819881
     -0.09218439
      0.14297676
     -0.04808073
      0.17229005
     -0.08124217
      0.26447704
     -0.06974562
      0.11450920
     -0.06420476
      0.24196345
     -0.08615851
      0.30660689
     -0.02474350
      0.19983148
     -0.08335995
      0.25896389
     -0.07998975
      0.14400179
     -0.09005961
      0.25504788
     -0.09748424
      0.07884455
      0.00726176
      0.25227020
     -0.03031202
      0.18639691
     -0.06282575
      0.13529247
      0.03062262
      0.26556851
     -0.00103211
      0.12667534
     -0.12269239
      0.15714140
     -0.00055291
      0.21080000
     -0.06945692
      0.19913454
     -0.04447188
      0.10938819
     -0.04597457
      0.33499508
     -0.03982032
      0.25025092
     -0.03197685
      0.09547174
     -0.15376144
      0.13750321
     -0.01163590
      0.11968549
      0.00179172
      0.23656317
     -0.04808626
      0.23384767
     -0.04522548
      0.16885316
     -0.08979613
      0.12624656
     -0.05554361
      0.17905138
     -0.11524877
      0.19355044
     -0.07136790
      0.22744467
     -0.06938412
      0.28719911
     -0.03274398
      0.17700732
     -0.15301350
      0.30805528
     -0.02194164
      0.39020802
     -0.07615836
      0.10642665
      0.00235597
      0.27479982
     -0.02918461
      0.30443323
     -0.05218329
      0.32203812
     -0.09802038
      0.15984806
     -0.02794494
      0.21333764
     -0.07125039
      0.17808925
     -0.01241036
      0.02863978
     -0.02635289
      0.14562292
     -0.10396243
      0.18805257
     -0.09032179
      0.21169071
     -0.08369506
      0.23548557
     -0.01366111
      0.22107506
     -0.00450622
      0.28962297
     -0.07792162
      0.08881738
      0.03338047
      0.18732834
     -0.10932314
      0.27073198
     -0.02723099
      0.13986397
      0.01556325
      0.23062878
     -0.12508503
      0.14696660
      0.03374285
      0.28745165
     -0.10090051
      0.21897403
     -0.13589332
      0.25934950
     -0.01134555
      0.07767612
     -0.09468789
      0.23555417
     -0.14156977
      0.27055092
      0.01334940
      0.25990020
     -0.08363651
      0.11562096
     -0.09106434
      0.15525524
     -0.08254921
      0.25364600
     -0.08221457
      0.22790490
     -0.06457355
      0.09383777
     -0.07178676
      0.09211773
     -0.01842525
      0.22180836
      0.02935831
      0.08752627
     -0.01616278
      0.29787222
     -0.11078811
      0.09839780
     -0.06687068
      0.27997912
     -0.03132327
      0.12471027
     -0.06845001
      0.16888047
     -0.04235798
      0.21745333
     -0.08002441
      0.28545446
     -0.09010518
      0.15929422
     -0.06224294
      0.11151466
     -0.07167565
      0.25679347
     -0.06316439
      0.24695287
     -0.00371211
      0.17515601
     -0.05237057
      0.23702328
     -0.09938631
      0.17717233
     -0.09422449
      0.18229470
     -0.04091339
      0.19181439
     -0.05270235
      0.17205472
     -0.04400799
      0.16591788
     -0.07311679
      0.25683996
     -0.06090934
      0.32202331
     -0.04813612
      0.12894967
      0.06933389
      0.21655403
     -0.03842025
      0.25750099
     -0.01204926
      0.23723116
     -0.08170547
      0.24358075
     -0.02672544
      0.29246266
     -0.04056467
      0.19862524
     -0.03999412
      0.10900567
     -0.09275509
      0.30254572
     -0.11467528
      0.16839255
     -0.06323159
      0.21023198
     -0.05700791
      0.19142427
      0.01944630
      0.17639495
      0.00464666
      0.20053512
     -0.02804011
      0.35586149
     -0.03963808
      0.13125195
     -0.04122794
      0.28488687
     -0.07490715
      0.15728254
     -0.02334704
      0.14825323
     -0.04818406
      0.26356871
     -0.05659901
      0.12693445
     -0.08454563
      0.34237756
     -0.10452496
      0.24901665
     -0.08374362
      0.09767205
     -0.08488326
      0.20379345
     -0.04699993
      0.11879641
      0.00393898
      0.08499340
      0.00167217
      0.15593723
     -0.02547878
      0.18804766
     -0.03701431
      0.24093485
     -0.03783682
      0.11749520
     -0.07804466
      0.22289291
     -0.13789960
      0.18011731
     -0.01882670
      0.24299805
      0.02878855
      0.15294691
     -0.14456735
      0.21244223
     -0.05086561
      0.36419065
     -0.06742235
      0.09632703
     -0.02858424
      0.10735987
     -0.01542383
      0.12799877
     -0.07339575
      0.32318114
     -0.04418855
      0.21288107
      0.02095513
      0.08515363
     -0.01776462
      0.13480804
     -0.07567619
      0.15852134
     -0.06849849
      0.17219063
     -0.03367315
      0.10687584
     -0.05763131
      0.14521337
     -0.01108313
      0.11038030
     -0.08894945
      0.36950888
     -0.08548344
      0.11620886
     -0.05900841
      0.23582704
     -0.07264596
      0.16269848
     -0.02862425
      0.23841527
     -0.05959973
      0.18799891
     -0.03150612
      0.14089127
     -0.05697360
      0.20203861
     -0.14274225
      0.19572007
     -0.13650985
      0.10904037
     -0.11351184
      0.18801185
     -0.05970996
      0.24448116
     -0.01420543
      0.20731959
     -0.04655242
      0.09320186
     -0.08405368
      0.20188968
     -0.05922972
      0.13650353
     -0.06046610
      0.19321288
     -0.11329749
      0.23174430
     -0.04549369
      0.23412414
     -0.09263506
      0.11490909
     -0.07028953
      0.15243464
     -0.03096740
      0.05429594
     -0.04387963
      0.19544973
     -0.10361170
      0.29320477
     -0.09595381
      0.11877739
      0.01135891
      0.11072231
     -0.03479039
      0.11671206
     -0.11964488
      0.15348935
     -0.08356008
      0.10522308
     -0.09740238
      0.11861360
     -0.07165546
      0.17573372
     -0.05690199
      0.13926180
      0.02781210
      0.16080069
     -0.02314929
      0.25460874
     -0.06992019
      0.25079159
     -0.05509899
      0.23420961
     -0.00797665
      0.15258415
     -0.03453826
      0.23893258
     -0.09308135
      0.23682300
     -0.04489694
      0.25319722
     -0.04897476
      0.19963881
     -0.09163463
      0.15531017
     -0.06801210
      0.19759460
     -0.00245805
      0.18330616
      0.00681168
      0.15058144
     -0.11198437
      0.32104226
     -0.08489333
      0.20041390
     -0.13579131
      0.25410902
     -0.02048409
      0.16327403
     -0.01244203
      0.23600743
     -0.02813844
      0.22541881
     -0.07074797
      0.19950844
     -0.09221697
      0.15190203
      0.02711026
      0.17801757
     -0.05285090
      0.24689880
     -0.02769638
      0.26496776
     -0.09335062
      0.21681007
     -0.09425743
      0.13719038
      0.02346631
      0.18683353
      0.00435957
      0.21079574
     -0.08458402
      0.33654394
     -0.09227371
      0.16267447
     -0.00789164
      0.27052156
     -0.03784637
      0.21581523
     -0.00515786
      0.20505056
     -0.07740343
      0.23185389
     -0.08348382
      0.26090208
     -0.06413336
      0.19525309
     -0.09287833
      0.10777405
     -0.10672361
      0.29564241
     -0.09508227
      0.18377525
     -0.05568178
      0.15661651
     -0.05987613
     -0.02216981
     -0.00400622
      0.29747620
     -0.03111890
      0.26216359
     -0.06490481
      0.32318950
     -0.05444812
      0.18111057
     -0.01358979
      0.12378926
     -0.14015225
      0.26286069
     -0.01462070
      0.17513427
      0.05941975
      0.24367594
     -0.03975866
      0.27298459
     -0.04896029
      0.12908942
     -0.05798439
      0.19844127
     -0.02129821
      0.19245057
      0.00023009
      0.18395682
     -0.12136108
      0.23782707
     -0.01908188
      0.13144074
     -0.00219042
      0.23582309
     -0.05392946
      0.17524551
     -0.08627298
      0.17381979
     -0.01618592
      0.21763216
     -0.06174161
      0.23803146
     -0.02853432
      0.35053727
     -0.06542865
      0.10167196
     -0.07463197
      0.24586308
     -0.05833256
      0.21534088
     -0.08439432
      0.18506111
     -0.02996058
      0.30739919
     -0.04088542
      0.16610307
     -0.00697470
      0.20276602
     -0.04300996
      0.06513270
     -0.11127841
      0.22990883
     -0.07834744
      0.20762845
     -0.08178510
      0.12834184
     -0.08431410
      0.26020881
     -0.03610370
      0.24076045
     -0.03861553
      0.31114400
     -0.04145600
      0.32411537
     -0.01332861
      0.17279947
     -0.07177699
      0.14685883
     -0.10121058
      0.21318050
     -0.09584159
      0.27009329
     -0.06516463
      0.14666401
     -0.07704419
      0.14924901
     -0.08625245
      0.24008051
     -0.05069824
      0.18000863
     -0.01780996
      0.34244395
     -0.06854750
      0.28714710
     -0.12548603
      0.25224635
     -0.04754113
      0.13510976
     -0.05428484
      0.14331521
     -0.02974084
      0.13447738
     -0.04233394
      0.14858903
     -0.12520937
      0.20016648
     -0.00210034
      0.16241211
     -0.01152648
      0.18163066
     -0.04598027
      0.30412944
     -0.05537970
      0.25247099
     -0.04009195
      0.28326023
     -0.07188020
      0.16855298
     -0.03062155
      0.14041749
     -0.05152277
      0.15300009
     -0.01020808
      0.12189818
     -0.01499596
      0.25121950
     -0.04447188
      0.20826710
      0.00731628
      0.17884986
     -0.14554264
      0.09306469
     -0.08043395
      0.22783171
     -0.00771476
      0.14590607
     -0.13931053
      0.23680010
      0.00295486
      0.16410192
     -0.05447769
      0.09496680
     -0.14420071
      0.16723799
     -0.00868087
      0.24170291
     -0.07334294
      0.23314455
     -0.07941499
      0.23342033
     -0.02343739
      0.24395170
     -0.04734063
      0.25718675
     -0.09809998
      0.25330781
     -0.04752062
      0.18935398
     -0.03072026
      0.12886403
      0.00213240
      0.26913657
     -0.07334530
      0.01886682
     -0.09340664
      0.21875343
     -0.10907619
      0.17406374
     -0.09479766
      0.10540500
     -0.08163615
      0.26103668
     -0.05196820
      0.19595210
     -0.10919844
      0.09947214
     -0.09120887
      0.22688142
      0.01179662
      0.12950984
     -0.07763711
      0.13365244
     -0.08429188
      0.20172146
     -0.08547369
      0.17091605
     -0.01853840
      0.29920854
     -0.03640353
      0.06510426
     -0.10069620
      0.18420045
     -0.07156233
      0.22499019
     -0.03929622
      0.13254823
      0.00151474
      0.23269174
     -0.11847763
      0.18744091
     -0.03557536
      0.15956982
     -0.09468940
      0.25976962
     -0.04179515
      0.19525574
     -0.08256505
      0.11763889
     -0.06251848
      0.09905688
     -0.06398608
      0.17800464
     -0.09636991
      0.18425454
     -0.07525867
      0.18912402
     -0.02471959
      0.09904152
     -0.06609731
      0.28581863
     -0.02361201
      0.23420362
     -0.01600268
      0.10122930
     -0.01931755
      0.21394553
     -0.05956050
      0.22005891
      0.02051971
      0.18513398
     -0.03343133
      0.21639643
     -0.11313807
      0.19349533
     -0.05610140
      0.12004954
     -0.00824047
      0.22248211
     -0.09473539
      0.29539936
     -0.04524493
      0.10583110
     -0.15763168
      0.22455368
     -0.07019461
      0.10278767
     -0.09458168
      0.24667380
     -0.12160951
      0.16929373
     -0.04115917
      0.07138856
     -0.00476737
      0.09236560
     -0.07769027
      0.17451563
     -0.12197369
      0.29041932
     -0.05188839
      0.22596641
     -0.05036130
      0.19059530
     -0.11096150
      0.15986577
     -0.03374197
      0.16356421
     -0.07920050
      0.12816431
     -0.06645027
      0.36217889
     -0.06239411
      0.19432675
     -0.14801597
      0.05509078
     -0.06161795
      0.08001293
     -0.05469448
      0.15952947
     -0.06820115
      0.13548272
     -0.08459622
      0.14975959
     -0.07267753
      0.21076815
      0.03052525
      0.20228629
     -0.05642449
      0.03029091
     -0.03969029
      0.20694777
     -0.08910526
      0.14599932
     -0.09981809
      0.25882122
     -0.13194459
      0.20408310
     -0.15530253
      0.13294474
     -0.11011998
      0.28996296
     -0.07428510
      0.24382107
     -0.10935748
      0.10124582
     -0.07367709
      0.34331143
     -0.08988618
      0.14248880
     -0.06270438
      0.17814936
     -0.06449913
      0.21912688
     -0.08520184
      0.21422014
     -0.15146067
      0.22523777
     -0.01882661
      0.17509393
     -0.07006209
      0.10291276
      0.07631338
      0.12978304
     -0.02482675
      0.25849194
     -0.11764961
      0.12964226
     -0.05119018
      0.11839784
     -0.09568170
      0.22841533
     -0.06967002
      0.22417880
     -0.03462627
      0.09754260
     -0.01278552
      0.28346314
     -0.11662313
      0.26733923
     -0.06361063
      0.18262458
     -0.12728152
      0.12394506
     -0.03572874
      0.20989947
     -0.06481923
      0.28068089
     -0.05911158
      0.21322515
     -0.10798539
      0.27072957
     -0.12486970
      0.10588600
     -0.07019048
      0.17065885
     -0.04795199
      0.15793680
     -0.07659755
      0.20798386
     -0.06039531
      0.15785347
     -0.10959303
      0.21442710
     -0.09014819
      0.29345611
     -0.07462499
      0.21551312
     -0.09806003
      0.30142056
     -0.11720290
      0.31791094
     -0.03373751
      0.21687723
     -0.05922944
      0.22953036
     -0.12460339
      0.14330518
     -0.11829763
      0.19840740
     -0.03142745
      0.16479551
     -0.03588862
      0.13817471
     -0.02453038
      0.10205486
     -0.05835487
      0.23603390
     -0.05378516
      0.20147030
     -0.06337524
      0.22616504
     -0.01526638
      0.25805409
     -0.02921612
      0.25621255
     -0.01780694
      0.20237436
     -0.06680684
      0.16139775
     -0.09211401
      0.17383246
     -0.08189747
      0.24549368
     -0.09983240
      0.24786547
     -0.05127361
      0.14480017
     -0.03786671
      0.22604572
     -0.06964882
      0.13680810
     -0.05095579
      0.20274696
     -0.08191943
      0.20520641
      0.02489061
      0.18584571
     -0.16172659
      0.24549026
     -0.03329179
      0.20162391
      0.02950260
      0.36908471
     -0.04685934
      0.17903760
     -0.11595205
      0.09191491
     -0.08475426
      0.14810496
     -0.09957427
      0.09058086
     -0.07093432
      0.12703145
      0.05431055
      0.23869881
     -0.05181296
      0.21115224
     -0.05141032
      0.29356440
     -0.06199933
      0.19902814
     -0.08671871
      0.19120139
     -0.05167563
      0.23802683
     -0.11920422
      0.13561188
     -0.02437281
      0.19612789
     -0.12863586
      0.28067371
     -0.05190941
      0.05625129
      0.02207804
      0.26343604
     -0.09107226
      0.17287951
     -0.09826121
      0.17844030
     -0.03475075
      0.04869849
     -0.05147069
      0.15093255
     -0.02194542
      0.18868425
     -0.07283283
      0.09347215
      0.03948982
      0.19450482
     -0.04680185
      0.20073245
     -0.02657651
      0.14322139
     -0.07708102
      0.21848647
     -0.02333011
      0.16225126
      0.00487847
      0.35364958
     -0.09583353
      0.15587473
     -0.04101935
      0.13915824
      0.01857223
      0.11365013
     -0.03037018
      0.33273124
     -0.07912211
      0.18565194
     -0.08493871
      0.24462146
     -0.04272170
      0.22389334
     -0.05809602
      0.13191184
     -0.06257177
      0.23230809
     -0.04468256
      0.16687201
      0.06386326
      0.12907499
      0.01189841
      0.14994186
     -0.07253906
      0.24833881
     -0.04335827
      0.14489642
     -0.00458881
      0.16402194
     -0.08877122
      0.22179970
     -0.05439983
      0.12439875
     -0.06800984
      0.16615426
     -0.01527325
      0.07522819
     -0.06709767
      0.15767954
     -0.01771204
      0.08364227
      0.01184264
      0.23702172
     -0.05186513
      0.11177599
     -0.03037536
      0.12306370
     -0.09835337
      0.12986630
     -0.01567086
      0.21360764
     -0.02358693
      0.10997910
     -0.09004678
      0.33203978
     -0.04557589
      0.17448680
     -0.05162119
      0.20594138
     -0.03011745
      0.24625383
     -0.06101083
      0.18442776
     -0.03349492
      0.14923429
     -0.05229731
      0.33109015
     -0.03700459
      0.16871043
     -0.15480460
      0.11434577
     -0.02989215
      0.21647917
     -0.06871066
      0.25066937
     -0.05165882
      0.26041492
     -0.07793169
      0.19096077
     -0.11744312
      0.08178788
     -0.10111827
      0.27486574
     -0.02947509
      0.21437989
     -0.07109727
      0.28601027
     -0.06570339
      0.09609510
     -0.07369282
      0.24878082
     -0.04733800
      0.11830007
      0.03548741
      0.05622115
     -0.01190365
      0.24071828
     -0.00724389
      0.22985274
     -0.01601802
      0.26081428
     -0.06769662
      0.18493687
     -0.02978659
      0.22729922
     -0.02002036
      0.08935759
     -0.15600441
      0.11476693
     -0.01920576
      0.06093701
     -0.14635360
      0.16263192
     -0.04917466
      0.15466655
     -0.02853953
      0.21362675
      0.02879093
      0.20610166
     -0.05243337
      0.09158512
     -0.12350629
      0.33064635
     -0.01707434
      0.11983367
     -0.06326651
      0.23202978
     -0.07229301
      0.30436866
     -0.02975907
      0.27736096
     -0.02142184
      0.23918830
     -0.04029788
      0.12346647
     -0.03710941
      0.19697307
     -0.05763124
      0.22886960
     -0.06338181
      0.13962186
     -0.06711818
      0.06274471
     -0.04808801
      0.23651834
     -0.03008916
      0.12682424
      0.06751948
      0.20539802
     -0.08099112
      0.18670789
     -0.10848555
      0.13696935
     -0.06630807
      0.21529329
     -0.07845522
      0.23451829
     -0.03398943
      0.22761095
     -0.07548978
      0.28373176
     -0.05394283
      0.16238801
     -0.07959949
      0.25608257
     -0.14693907
      0.14239801
     -0.09653178
      0.34399375
     -0.07365346
      0.32082297
     -0.02988887
      0.24013106
     -0.04706364
      0.18071927
     -0.06734131
      0.15812012
     -0.05932318
      0.07147079
     -0.02881050
      0.18988181
     -0.01118907
      0.21785482
     -0.05687608
      0.25081234
     -0.08233424
      0.21094981
     -0.07427241
      0.30508152
     -0.08533215
      0.21177599
     -0.04677292
      0.18080452
     -0.09685304
      0.21917147
      0.01958461
      0.10438205
     -0.05149375
      0.35969875
     -0.03508961
      0.14191078
     -0.03865556
      0.11440049
     -0.04355801
      0.16325647
     -0.05025297
      0.25566664
     -0.09553353
      0.27056075
     -0.07182414
      0.21241930
     -0.08275214
      0.16931596
     -0.06016759
      0.25444334
     -0.02129375
      0.08092148
     -0.06105411
      0.22790799
     -0.11564292
      0.19600204
     -0.03683053
      0.18972620
     -0.06167120
      0.22686440
     -0.09648132
      0.17192030
     -0.05051179
      0.10414459
     -0.00265887
      0.27098930
     -0.03974115
      0.24953815
     -0.11096124
      0.32295934
     -0.08505467
      0.11350915
     -0.08774409
      0.27631383
     -0.09243146
      0.08168500
      0.02380064
      0.11714093
     -0.09073266
      0.09044901
     -0.04710351
      0.10723074
     -0.03308874
      0.19069279
     -0.01331327
      0.21455286
     -0.11076156
      0.27008776
     -0.07093543
      0.23111846
     -0.03634157
      0.05534510
     -0.08606952
      0.19009345
     -0.07946206
      0.16895255
     -0.04382391
      0.19237006
     -0.02228268
      0.16188179
     -0.10641206
      0.07648931
     -0.15802307
      0.13727168
     -0.03481976
      0.24310077
     -0.03741691
      0.17879194
     -0.07524072
      0.31137474
     -0.07153589
      0.41082343
     -0.00438018
      0.19011730
     -0.03195002
      0.22571072
     -0.01768911
      0.14730834
     -0.06501689
      0.13972516
     -0.10588459
      0.04441583
     -0.02237495
      0.15345992
     -0.04151602
      0.20447962
     -0.05121560
      0.17701583
     -0.05326985
      0.16369262
      0.01225362
      0.19511671
     -0.13766107
      0.28445362
      0.03122137
      0.25358485
     -0.12069565
      0.25048787
     -0.01979594
      0.30159961
     -0.02751879
      0.15522157
     -0.07016476
      0.22300879
     -0.06980578
      0.17656255
     -0.11933073
      0.18920635
     -0.10433453
      0.22918881
     -0.07985869
      0.04938772
     -0.11617475
      0.27306759
     -0.08207051
      0.12634830
     -0.09061842
      0.24090084
     -0.08016115
      0.10921973
     -0.04661002
      0.22823423
     -0.04045125
      0.17460451
     -0.04409866
      0.23323414
     -0.05326985
      0.11607444
     -0.07379985
      0.12497145
     -0.16738540
      0.08958235
     -0.04504288
      0.13077844
     -0.13140947
      0.15649544
     -0.13062092
      0.12142076
     -0.04585369
      0.22044159
     -0.10684190
      0.28251919
     -0.02869106
      0.15331664
     -0.08428343
      0.20590062
     -0.07129770
      0.25991765
     -0.05022914
      0.12230736
     -0.14881863
      0.20450216
     -0.10295372
      0.35495624
     -0.03645341
      0.17928349
      0.00058930
      0.11981181
     -0.07275781
      0.20860401
     -0.11175824
      0.19423178
     -0.06224551
      0.25283421
     -0.10551663
      0.19427299
     -0.06318639
      0.16567353
     -0.07796405
      0.22858398
     -0.05274598
      0.09178825
     -0.01286529
      0.31274435
     -0.02247232
      0.29103432
     -0.02023763
      0.16938488
     -0.10067291
      0.16704452
     -0.02930967
      0.07816229
     -0.12624894
      0.17097350
     -0.07328058
      0.30382509
     -0.02554666
      0.19531319
     -0.08276364
      0.16078838
     -0.11261284
      0.13270584
      0.03520032
      0.24777120
     -0.05444606
      0.16066832
     -0.02295981
      0.18814335
     -0.08186873
      0.15962894
     -0.06954604
      0.30125858
     -0.02906830
      0.12190937
     -0.17684276
      0.26877187
      0.01666424
      0.17239236
     -0.04555552
      0.23101538
     -0.04395679
      0.24282551
     -0.06691879
      0.19659719
     -0.07379652
      0.26414436
     -0.10394894
      0.20246370
     -0.06715010
      0.19836604
     -0.12812444
      0.17677454
     -0.02958921
      0.15188653
     -0.03867051
      0.17386684
     -0.11796165
      0.15013839
     -0.00786351
      0.09255314
     -0.06785455
      0.06657056
     -0.05355496
      0.16950781
     -0.14212320
      0.20980384
     -0.02510017
      0.29010448
     -0.02780782
      0.26932778
     -0.02797741
      0.12075356
     -0.02833086
      0.12540658
      0.00123895
      0.18830129
     -0.03386657
      0.16456174
     -0.07436016
      0.20184234
     -0.08417559
      0.10344324
      0.00296245
      0.20940393
     -0.06955218
      0.13636170
     -0.01450590
      0.18724893
     -0.08648957
      0.26559253
     -0.13557879
      0.14563219
     -0.15686227
      0.15597308
     -0.10939153
      0.30167746
     -0.00216862
      0.04370413
      0.05960519
      0.15437874
     -0.12116793
      0.11335376
     -0.06046352
      0.16674297
     -0.17123855
      0.28061876
     -0.07856346
      0.32338104
     -0.06785792
      0.14697972
     -0.07224031
      0.19647467
     -0.05070728
      0.15242546
     -0.07894416
      0.13226366
      0.01497121
      0.17626739
     -0.02153829
      0.27303904
     -0.07153491
      0.12659248
     -0.10874823
      0.19680970
     -0.09506664
      0.16001395
     -0.01463032
      0.17677469
     -0.07541738
      0.10697389
     -0.10935758
      0.26914765
     -0.08753910
      0.21785373
     -0.00796209
      0.17572964
     -0.08588075
      0.20517175
     -0.09104845
      0.20758533
     -0.01358246
      0.19627471
     -0.12633425
      0.32022364
     -0.03139026
      0.04737291
      0.01194845
      0.15749762
      0.01105377
      0.16312120
     -0.03544209
      0.11205481
     -0.08180187
      0.25649851
      0.01550989
      0.17835334
     -0.10068774
      0.29747994
     -0.04911862
      0.20787612
     -0.08962573
      0.22634163
     -0.07558411
      0.18558216
     -0.08789577
      0.20238196
     -0.10405417
      0.19725490
     -0.06845596
      0.17851579
     -0.11869607
      0.10924175
     -0.02136577
      0.10550164
     -0.09639712
      0.18989283
     -0.13971097
      0.24472103
     -0.04988910
      0.16724666
     -0.01608291
      0.19381875
     -0.10973789
      0.19438244
     -0.12586501
      0.23829538
     -0.06350778
      0.23653156
     -0.12439749
      0.19546123
     -0.03445608
      0.35457414
     -0.04344629
      0.23219695
     -0.02792654
      0.22602613
     -0.05586678
      0.15115494
     -0.04062938
      0.30191424
     -0.03652694
      0.21441492
      0.01115978
      0.21281452
     -0.15527082
      0.34406198
     -0.02533864
      0.22809245
     -0.07119123
      0.22504762
     -0.05205493
      0.13050282
     -0.05412703
      0.27144708
     -0.09162648
      0.18776125
     -0.05836634
      0.25237796
     -0.02351374
      0.15191642
     -0.09866943
      0.11432380
     -0.01470671
      0.16318575
      0.06696219
      0.23184155
     -0.05678755
      0.20926995
     -0.05931974
      0.25945255
     -0.07611628
      0.32899880
     -0.04368326
      0.22255445
     -0.03436669
      0.28498248
     -0.05511930
      0.12031642
     -0.00220498
      0.24922599
     -0.01251458
      0.21443682
     -0.04811564
      0.18315580
     -0.07786675
      0.16096798
     -0.04467152
      0.19431045
     -0.05556623
      0.25461607
     -0.04464838
      0.05372331
      0.00121481
      0.09298129
      0.05954100
      0.09342884
     -0.08737424
      0.16713426
     -0.09068440
      0.26451005
      0.01510339
      0.17722670
     -0.03875421
      0.16889894
     -0.03688837
      0.17674491
     -0.05399429
      0.10452053
     -0.08655055
      0.21532631
     -0.14300711
      0.08287652
     -0.04906748
      0.09478562
     -0.09586933
      0.20670014
     -0.06152064
      0.14490992
     -0.01535734
      0.21743006
      0.03397399
      0.17118000
     -0.12140697
      0.18538363
     -0.03774628
      0.29880430
     -0.03983604
      0.18050811
     -0.00642341
     -0.04454588
      0.04908616
      0.24508110
     -0.08540553
      0.18457130
     -0.00849957
      0.06925280
     -0.08405965
      0.14006143
      0.02586008
      0.18965078
     -0.10320801
      0.14162887
     -0.06381610
      0.21889688
     -0.01044272
      0.29268763
      0.00918978
      0.15810782
     -0.07719837
      0.23150130
     -0.12231658
      0.05020234
      0.07776586
      0.15890840
     -0.08867327
      0.29200932
     -0.02389656
      0.09325862
     -0.08763365
      0.15153071
     -0.04703847
      0.18562343
     -0.03596700
      0.03539379
     -0.08747561
      0.10752953
     -0.04735451
      0.19980909
     -0.07221243
      0.15043975
     -0.11120195
      0.10004990
      0.00488840
      0.20551017
     -0.07537598
      0.22478260
     -0.05900233
      0.09669016
     -0.06049948
      0.19768135
     -0.05750734
      0.13373810
     -0.05249764
      0.23603161
     -0.08619400
      0.22726367
     -0.06721898
      0.20859874
     -0.06239959
      0.32704634
     -0.00867024
      0.23741972
     -0.09653430
      0.15089675
     -0.10673796
      0.15995329
     -0.01796375
      0.11077979
     -0.10629369
      0.19977310
     -0.07888560
      0.29371738
     -0.04159034
      0.09840548
     -0.09581413
      0.34264802
     -0.07096404
      0.15827076
     -0.09643659
      0.09118231
     -0.02092798
      0.14286946
     -0.09001866
      0.08767719
      0.00917463
      0.23459146
      0.00312764
      0.22681518
     -0.09622116
      0.09044857
     -0.04803632
      0.13324480
     -0.04493978
      0.27799270
     -0.02695329
      0.29762214
     -0.07925169
      0.15067449
     -0.09911961
      0.07889686
     -0.09570788
      0.09728084
     -0.05359954
      0.22351669
     -0.09275626
      0.26099677
     -0.00939703
      0.26606577
     -0.05802010
      0.26963844
     -0.11321627
      0.12654316
     -0.11312131
      0.24107465
     -0.04596491
      0.10165276
     -0.09046911
      0.16565170
     -0.03132327
      0.12260561
     -0.15047536
      0.16628199
     -0.01528619
      0.24333503
     -0.01701714
      0.08552976
     -0.06554747
      0.20036105
     -0.04932428
      0.12175134
     -0.04254146
      0.14925087
     -0.01721737
      0.31923117
      0.00118771
      0.20843985
     -0.08789955
      0.10118451
      0.04308899
      0.09421020
     -0.01398871
      0.22808104
     -0.06126302
      0.22259661
     -0.08822372
      0.24969633
     -0.05588127
      0.17956208
     -0.02577194
      0.18690192
     -0.05157137
      0.20227494
     -0.01042027
      0.12353065
     -0.04699032
      0.32019281
     -0.05472824
      0.24900125
     -0.04471196
      0.21343665
     -0.08352316
      0.09424840
     -0.02198592
      0.16556311
     -0.10803544
      0.17325650
      0.01477576
      0.18807742
     -0.01618967
      0.10512254
     -0.05370968
      0.27085854
     -0.00747526
      0.14425309
     -0.06508726
      0.22877597
     -0.07152552
      0.13309792
     -0.05990802
      0.27109033
     -0.04718558
      0.16520841
     -0.04713863
      0.16903206
     -0.06399038
      0.21816637
     -0.03341820
      0.06620780
     -0.05616832
      0.19309671
     -0.03547367
      0.24007633
     -0.11511078
      0.22771505
     -0.08038618
      0.13772284
      0.00161692
      0.27086847
     -0.03711666
      0.28562622
     -0.11789074
      0.13856059
      0.00392641
      0.14742086
     -0.13340916
      0.27312563
      0.01216585
      0.19848816
     -0.03731037
      0.12984666
     -0.07795606
      0.11805605
     -0.06737702
      0.26698632
     -0.06471924
      0.25999374
     -0.04449392
      0.17111353
     -0.17311409
      0.10281864
     -0.03324331
      0.23968709
     -0.04965143
      0.14423478
     -0.05943791
      0.12470021
     -0.13085693
      0.16574879
     -0.02193597
      0.25228896
     -0.06992699
      0.14385936
     -0.10026623
      0.22325469
     -0.04325000
      0.23509189
     -0.02193895
      0.14630557
     -0.05420142
      0.09866155
     -0.08342039
      0.17073493
     -0.00176833
      0.20220323
     -0.07785608
      0.17970626
     -0.02323439
      0.14225010
     -0.08273761
      0.15362931
     -0.03590957
      0.14334280
     -0.03022526
      0.21996259
     -0.01974158
      0.14036690
     -0.01291008
      0.22610240
     -0.10125998
      0.22774239
     -0.02052725
      0.16991450
     -0.10756772
      0.08205250
     -0.10188919
      0.09975199
     -0.04356786
      0.34041337
     -0.02946862
      0.22611963
     -0.04298381
      0.18714015
     -0.08591218
      0.18665441
     -0.09857018
      0.13969329
     -0.00511942
      0.18535955
     -0.11962497
      0.19870100
     -0.09985523
      0.09631579
     -0.06516397
      0.18042883
     -0.05290864
      0.21148627
      0.01204311
      0.18332511
      0.01362473
      0.31234596
     -0.04210021
      0.15139078
     -0.08634248
      0.23015856
     -0.05873824
      0.17054343
     -0.05582762
      0.25241794
     -0.12240462
      0.16188570
     -0.01166086
      0.20641883
     -0.01481507
      0.17101867
     -0.13075407
      0.16401117
     -0.08862350
      0.24440958
     -0.05739179
      0.25724781
     -0.04070566
      0.23453540
     -0.02913609
      0.27098116
     -0.03680261
      0.12884424
     -0.00978156
      0.15315581
     -0.01102697
      0.14536050
     -0.02953886
      0.21620349
     -0.09602856
      0.23749888
     -0.05666241
      0.23644966
     -0.08321939
      0.22790105
     -0.07236411
      0.27146062
     -0.07994374
      0.15067622
     -0.08538333
      0.26893759
     -0.11240445
      0.21384676
     -0.08764923
      0.19586862
     -0.00302789
      0.23087157
     -0.03517566
      0.27475471
     -0.07124161
      0.24400458
     -0.00500364
      0.12429739
     -0.04142164
      0.17169448
     -0.04582729
      0.13267916
     -0.08600336
      0.22208050
     -0.03009883
      0.13888906
     -0.02832868
      0.21577843
     -0.05021684
      0.14948593
     -0.12944193
      0.30931247
      0.00659093
      0.18819881
     -0.09181642
      0.21073415
     -0.08375523
      0.23110281
     -0.11412823
      0.19956708
     -0.05408571
      0.16662762
     -0.14563247
      0.22444155
     -0.02897438
      0.18361551
     -0.03918503
      0.27086119
     -0.01786069
      0.14484500
     -0.13565346
      0.27038793
     -0.08249099
      0.25226788
     -0.01263528
      0.16765467
     -0.02922677
      0.18861669
     -0.04700343
      0.24566563
     -0.09622997
      0.26010369
     -0.24197336
      0.16635349
     -0.07657076
      0.23001072
     -0.06367032
      0.18003023
     -0.05581717
      0.20346661
     -0.04031765
      0.15125688
     -0.05905971
      0.22809192
     -0.09734758
      0.16133645
     -0.01595994
      0.19638113
      0.00931289
      0.29741168
     -0.07053301
      0.27517343
     -0.06003143
      0.06745840
     -0.11196828
      0.39902074
     -0.01222287
      0.16297489
     -0.06557993
      0.21156363
     -0.08830108
      0.31011227
     -0.12203163
      0.15712637
     -0.08059167
      0.18038357
     -0.07508195
      0.12020189
     -0.09877896
      0.34934636
     -0.09043514
      0.11761964
      0.01147357
      0.21728973
     -0.05247086
      0.12279977
     -0.14601186
      0.16192148
     -0.01227023
      0.21035091
     -0.11274619
      0.28802219
     -0.06757523
      0.13998458
     -0.07763162
      0.22658060
     -0.02711632
      0.20605019
     -0.00157364
      0.34448610
     -0.06407781
      0.21255114
     -0.08384548
      0.16759872
     -0.07083897
      0.18893299
     -0.05592674
      0.24919527
     -0.04366993
      0.23732516
     -0.02853043
      0.21677021
      0.01624842
      0.27435273
     -0.09015088
      0.20535781
     -0.08450662
      0.15204069
     -0.02127523
      0.14488928
     -0.07179934
      0.19381670
     -0.07972810
      0.18052710
      0.02848244
      0.16599480
     -0.02878389
      0.24176312
     -0.08430820
      0.19548474
      0.01595894
      0.20008246
      0.01505165
      0.12248742
     -0.06041973
      0.01711887
     -0.02185018
      0.18885206
     -0.14752863
      0.20130563
     -0.03238880
      0.29184445
     -0.08002909
      0.15118667
     -0.16576535
      0.17742929
     -0.10327787
      0.06722078
     -0.05145854
      0.30869608
     -0.02003694
      0.14564849
     -0.04497981
      0.15001746
     -0.07834796
      0.05789718
     -0.13932521
      0.30983244
     -0.10344775
      0.17673322
     -0.08256945
      0.14303976
     -0.02701331
      0.23123568
     -0.05571099
      0.17237404
     -0.11305464
      0.24103600
     -0.00150613
      0.20395124
     -0.14100388
      0.19679638
     -0.08802513
      0.14092657
     -0.06927118
      0.15529380
     -0.09720833
      0.24815961
      0.04166818
      0.23408628
     -0.03909580
      0.18007283
     -0.00480787
      0.19934025
     -0.13048492
      0.28622224
     -0.11386885
      0.11759030
     -0.04506999
      0.13007388
     -0.01105228
      0.21212097
     -0.02939755
      0.26547138
     -0.06635533
      0.19334944
     -0.06566403
      0.12165596
     -0.05823411
      0.18518683
     -0.02627480
      0.09069585
     -0.07877137
      0.26651910
     -0.09952542
      0.07991865
     -0.09534719
      0.02553224
     -0.02000724
      0.17613421
      0.01855904
      0.13603647
     -0.18429854
      0.22735634
     -0.03350471
      0.24158300
     -0.08875234
      0.22551009
     -0.02523489
      0.27188955
     -0.05959942
      0.17981231
     -0.04349245
      0.26738689
     -0.02302651
      0.11837947
      0.02493822
      0.17282943
     -0.11263292
      0.27644345
     -0.01141851
      0.22122715
     -0.01532872
      0.10541811
     -0.02760990
      0.25111932
     -0.09117299
      0.25251126
     -0.06046225
      0.22257447
     -0.07481546
      0.21073992
     -0.04362890
      0.08571634
     -0.17446886
      0.24106698
     -0.09556149
      0.12611752
     -0.12524560
      0.10229527
     -0.06506181
      0.20339286
     -0.01295723
      0.26883465
     -0.05830130
      0.08560607
     -0.03252830
      0.16649097
     -0.03351430
      0.16458628
     -0.04443182
      0.28057948
     -0.08049937
      0.22932763
     -0.05933331
      0.13196762
     -0.11135867
      0.20017875
     -0.06782326
      0.20005737
     -0.09788718
      0.28721083
     -0.07096304
      0.26814641
     -0.10261513
      0.21865876
     -0.04690212
      0.25815576
     -0.06186637
      0.20528542
     -0.02380693
      0.18806466
     -0.08112393
      0.18693709
     -0.05184010
      0.23997507
     -0.03913009
      0.11956719
     -0.11417192
      0.19686304
     -0.15791189
      0.05692971
     -0.07146139
      0.07717788
      0.01065293
      0.03800572
     -0.09750487
      0.35213852
     -0.04147693
      0.17898864
     -0.07088248
      0.26095113
     -0.08300453
      0.17561661
     -0.05481549
      0.10121116
     -0.03885316
      0.15812690
     -0.02391819
      0.18827292
     -0.08017115
      0.09831422
      0.02816039
      0.16760326
     -0.04555617
      0.10842093
      0.01107588
      0.22814602
     -0.04095400
      0.24222929
     -0.05155019
      0.25288996
     -0.03040258
      0.07291813
      0.06653237
      0.12811751
     -0.07361037
      0.34714332
     -0.05597144
      0.14977812
     -0.08459205
      0.27738808
     -0.01956242
      0.23572343
      0.02572227
      0.22487136
     -0.10880064
      0.19573212
     -0.12432394
      0.23626608
     -0.05135247
      0.15999227
     -0.01234021
      0.23598542
     -0.12286683
      0.22927697
     -0.04472440
      0.09058349
     -0.09594105
      0.26840975
     -0.06691716
      0.16571290
     -0.05725237
      0.24969968
     -0.02925146
      0.18628015
     -0.07242368
      0.25899407
     -0.05409297
      0.20262824
     -0.04076666
      0.15187381
     -0.01750637
      0.22372714
     -0.10534104
      0.23540132
     -0.07184741
      0.16603521
     -0.08784355
      0.31346780
     -0.07162654
      0.24489693
     -0.11590652
      0.19351259
     -0.02866835
      0.07534929
     -0.05892117
      0.18685655
      0.01152272
      0.08919195
     -0.03049649
      0.11504673
     -0.12798959
      0.35777544
     -0.04517851
      0.20074194
     -0.06073321
      0.23706823
     -0.09830555
      0.07895528
     -0.02462633
      0.24890407
     -0.11164677
      0.20301168
      0.02208103
      0.16615623
      0.03371507
      0.14505032
     -0.11311344
      0.22563524
     -0.00537797
      0.19265710
     -0.06932774
      0.10286316
     -0.03143407
      0.23393504
     -0.05254669
      0.23965213
     -0.06488442
      0.20946768
     -0.05963392
      0.21880354
     -0.08783105
      0.21816517
     -0.09593993
      0.10871947
     -0.03308189
      0.13344689
     -0.01585837
      0.15799040
     -0.13089692
      0.20478519
     -0.06661897
      0.17596958
     -0.04368847
      0.26762744
     -0.02448593
      0.14745910
     -0.03084708
      0.13700583
     -0.02289002
      0.12288547
     -0.00231381
      0.11309304
     -0.06421845
      0.22376209
     -0.05282063
      0.16123526
      0.00621250
      0.23964688
     -0.05776368
      0.17498825
     -0.05845619
      0.30749829
     -0.07141816
      0.22152343
     -0.03777382
      0.32183038
     -0.02074577
      0.21551793
      0.06629462
      0.09905469
     -0.06749937
      0.19126217
     -0.08115622
      0.21908875
     -0.04513477
      0.07775355
     -0.10184958
      0.23560119
     -0.13433520
      0.23621714
     -0.02771134
      0.17236801
     -0.12982257
      0.15628747
     -0.04890459
      0.17964254
     -0.03591277
      0.17629882
     -0.05385447
      0.14196490
     -0.01221266
      0.28762989
     -0.05567939
      0.18197636
     -0.06657919
      0.15761788
     -0.04607031
      0.27871181
      0.00111881
      0.09774760
     -0.08486138
      0.20376549
     -0.08051701
      0.17971034
     -0.01698886
      0.09530166
      0.02859371
      0.11870964
      0.04383355
      0.23151252
     -0.02624329
      0.17350260
     -0.06060829
      0.11391166
     -0.07500467
      0.25082311
     -0.06309190
      0.14014730
     -0.05786175
      0.08354116
     -0.10595916
      0.19529645
     -0.06980205
      0.14217665
     -0.06713432
      0.09318971
     -0.10489146
      0.16143413
      0.01225409
      0.22191161
     -0.09042730
      0.22388359
     -0.05178480
      0.17892521
     -0.01751716
      0.21568654
     -0.11205457
      0.23655064
     -0.02416242
      0.26060578
     -0.03673840
      0.19233546
     -0.03884975
      0.22943813
     -0.10088250
      0.21856365
     -0.07164396
      0.20476605
     -0.12611664
      0.24260451
     -0.09591867
      0.22016140
     -0.03584224
      0.19870835
     -0.03605277
      0.13049703
     -0.07855000
      0.24101334
     -0.13001650
      0.23167543
     -0.02297708
      0.23870426
     -0.02466936
      0.21712077
     -0.00241996
      0.15021819
     -0.04823157
      0.25841710
     -0.11784309
      0.25770440
     -0.06300871
      0.34302886
     -0.09690486
      0.12327346
     -0.03689203
      0.16788585
     -0.07863880
      0.19665215
     -0.01404219
      0.26553696
     -0.04530229
      0.14440202
     -0.09065555
      0.06210395
     -0.11063276
      0.14618274
     -0.11199076
      0.28808416
     -0.06272696
      0.21096505
     -0.03424106
      0.13757720
     -0.05219387
      0.13376332
     -0.11456123
      0.16603488
     -0.08237092
      0.15849658
     -0.09174409
      0.15981351
     -0.02300650
      0.05532777
      0.03837393
      0.12682692
     -0.02961433
      0.16739115
     -0.07732552
      0.21332588
     -0.10881948
      0.16356300
     -0.08642252
      0.07328907
     -0.00345344
      0.26096060
     -0.11097749
      0.14809551
     -0.09809042
      0.17190317
     -0.15446379
      0.18764556
     -0.05019067
      0.09121296
     -0.05730244
      0.21845542
     -0.09496759
      0.16919163
      0.05145839
      0.27684072
     -0.10482372
      0.22228121
      0.02132505
      0.14481290
     -0.03920419
      0.23219739
     -0.06019865
      0.31831809
     -0.05801821
      0.18225669
     -0.08249982
      0.16129980
     -0.06485616
      0.27616735
     -0.10733460
      0.26690777
     -0.05973541
      0.24964207
     -0.05446165
      0.12383529
     -0.07625498
      0.09697511
     -0.18432295
      0.11961011
     -0.06597163
      0.11282495
     -0.07216737
      0.11639864
      0.05623848
      0.25027246
     -0.04539254
      0.21397922
     -0.09284847
      0.14058822
     -0.05340548
      0.25466154
     -0.09465184
      0.18049871
     -0.07999286
      0.20393781
     -0.01435981
      0.21099926
     -0.09875877
      0.16561608
      0.00262065
      0.28202311
     -0.04125395
      0.20618771
     -0.08022084
      0.24513059
     -0.09687439
      0.18648621
     -0.09295553
      0.33338725
     -0.13580022
      0.20563149
     -0.03272404
      0.10700367
     -0.04168629
      0.11528731
     -0.13714234
      0.18075634
     -0.06877792
      0.16408752
     -0.07333814
      0.11786887
     -0.06982850
      0.16946504
     -0.04529130
      0.12567637
     -0.03207610
      0.10874346
     -0.12155879
      0.32193336
     -0.03455014
      0.25828882
     -0.21036925
      0.19613092
     -0.14198022
      0.26838787
     -0.06473354
      0.17943451
     -0.09043194
      0.28006627
     -0.05851823
      0.23622540
     -0.02168589
      0.16816390
     -0.04213186
      0.26099753
     -0.03287608
      0.15776997
      0.00049454
      0.11657611
     -0.17578124
      0.09850575
     -0.06006634
      0.12629017
     -0.12823963
      0.19142002
     -0.03538777
      0.22425347
     -0.07608596
      0.18845262
      0.00358971
      0.03249380
     -0.07544487
      0.16579125
     -0.13985342
      0.19193983
     -0.14785688
      0.18257042
     -0.12299568
      0.32261626
     -0.05325251
      0.15473349
     -0.04213996
      0.18684645
     -0.08084804
      0.19658624
     -0.05738039
      0.22949949
     -0.07814068
      0.28627570
     -0.11303532
      0.25626184
     -0.00493929
      0.19857075
     -0.05747090
      0.21273818
     -0.07958847
      0.18500261
     -0.14369190
      0.15868206
      0.05295474
      0.16599313
     -0.05493620
      0.19623641
     -0.02772337
      0.22975622
     -0.07165918
      0.27947251
     -0.05851286
      0.24595165
     -0.07827986
      0.14773525
     -0.06827531
      0.24220107
     -0.00864034
      0.20962822
     -0.11309961
      0.17137653
     -0.10299802
      0.30140073
     -0.05391928
      0.16300028
     -0.09809754
      0.19179482
     -0.06870175
      0.20674155
     -0.08907106
      0.16063510
      0.01549208
      0.20695722
     -0.08736551
      0.17282385
     -0.18924347
      0.18619934
     -0.08423886
      0.21922832
     -0.06284283
      0.13249589
     -0.09544783
      0.12851990
     -0.13322494
      0.10610717
     -0.07158351
      0.19253143
     -0.07971522
      0.36290833
     -0.08896747
      0.23235879
      0.01066927
      0.22081945
     -0.00373696
      0.13817843
     -0.11757611
      0.19889805
     -0.04524431
      0.22120886
     -0.12097529
      0.29563370
     -0.09044376
      0.12969290
      0.00111908
      0.10300942
     -0.12866542
      0.15895082
     -0.06264290
      0.27313455
     -0.02662095
      0.13904258
     -0.10767568
      0.20973426
     -0.02939020
      0.15736403
     -0.01349655
      0.20350238
     -0.11445656
      0.18265202
     -0.02622253
      0.19592783
     -0.01441302
      0.10691271
      0.00671557
      0.26921808
     -0.06455623
      0.25182626
     -0.02170403
      0.10249806
     -0.17680571
      0.18855951
     -0.09561937
      0.11940235
     -0.04961423
      0.20994511
     -0.03495381
      0.18395552
     -0.04552537
      0.24869459
     -0.07512751
      0.24294048
     -0.03922298
      0.22236517
     -0.07115223
      0.22595000
     -0.02915455
      0.13643728
      0.04869084
      0.20100365
     -0.11975774
      0.20858539
     -0.08326049
      0.23975226
     -0.00746813
      0.18787250
     -0.02614760
      0.20894313
     -0.07671442
      0.15442930
      0.00964580
      0.12875469
     -0.12377024
      0.17962460
     -0.02280005
      0.16336179
     -0.12188052
      0.10656538
     -0.11804488
      0.17161432
     -0.06356560
      0.23504926
     -0.06286070
      0.14048904
     -0.02351404
      0.18333728
     -0.02767795
      0.16441001
     -0.04096924
      0.35438762
     -0.06680973
      0.25168966
      0.01290385
      0.17325036
     -0.00418439
      0.08729422
     -0.09014432
      0.08308256
      0.00847702
      0.21973490
     -0.07054707
      0.07894428
     -0.03775664
      0.24095951
     -0.04595440
      0.26487064
     -0.06992572
      0.22694036
     -0.06086706
      0.36802555
     -0.06158689
      0.20045282
     -0.02834531
      0.24583791
     -0.07209829
      0.19512681
     -0.04908169
      0.30217777
     -0.04790306
      0.14758903
     -0.07486626
      0.13306088
     -0.04666085
      0.12874615
     -0.10039866
      0.27835940
     -0.05514501
      0.22657319
     -0.08059214
      0.25633397
     -0.04079468
      0.17460700
     -0.05600404
      0.18206590
     -0.02501774
      0.21182266
     -0.06859858
      0.17902734
     -0.10313499
      0.16540542
      0.02612716
      0.24712917
      0.00659035
      0.26245655
     -0.06729441
      0.16309013
     -0.00453787
      0.26088094
     -0.06891343
      0.20952820
     -0.09327327
      0.28688065
     -0.09453041
      0.17522319
     -0.08520281
      0.31576492
     -0.02440999
      0.09748064
     -0.11721466
      0.19405310
     -0.12506611
      0.19124254
     -0.24225911
      0.15972617
     -0.02978256
      0.20137289
     -0.09508816
      0.16779564
     -0.11265321
      0.23493923
     -0.04285031
      0.12452174
     -0.06702232
      0.25197355
     -0.02164168
      0.15894527
     -0.02106359
      0.19846456
     -0.07150810
      0.15657382
     -0.10718568
      0.15688054
     -0.10195468
      0.15397515
     -0.05529884
      0.13941997
     -0.08338763
      0.34228991
     -0.08255242
      0.21323491
     -0.12307487
      0.16864273
     -0.02354001
      0.17838164
     -0.08904223
      0.08054538
     -0.02468778
      0.16631814
     -0.00468052
      0.22664818
     -0.08285038
      0.15214120
     -0.07060757
      0.20107467
     -0.05732127
      0.24857379
     -0.08342816
      0.09993596
     -0.06871709
      0.09113148
      0.00372855
      0.25522175
     -0.01269992
      0.23590847
     -0.09059324
      0.11898962
      0.04079647
      0.24970278
      0.04035703
      0.21370434
     -0.11765634
      0.32036713
     -0.05051647
      0.41924382
     -0.06259233
      0.30858565
     -0.05452938
      0.18138053
     -0.05939024
      0.23501240
     -0.02892573
      0.10697543
     -0.13283384
      0.32025797
     -0.00666695
      0.12398536
      0.01334680
      0.26166607
      0.00130722
      0.27386481
     -0.07132473
      0.29924363
     -0.06135094
      0.16133608
      0.02102481
      0.23531315
     -0.04683045
      0.10930936
      0.00748531
      0.18882725
      0.03215517
      0.16780870
     -0.15817163
      0.15095585
     -0.07784795
      0.35907515
     -0.08015672
      0.22331749
     -0.09026703
      0.11031269
     -0.02106384
      0.19479926
      0.03177048
      0.26939072
     -0.04415010
      0.31479859
     -0.08014168
      0.14796832
     -0.06255925
      0.18797879
     -0.07520753
      0.21471596
     -0.09842875
      0.26748386
     -0.10007644
      0.28263321
     -0.01479070
      0.18605743
     -0.05236165
      0.30522546
     -0.07028544
      0.29280621
     -0.06603225
      0.27117732
     -0.09064326
      0.25283850
     -0.07141359
      0.18228106
     -0.14933174
      0.19027235
     -0.09525336
      0.24575598
     -0.00997266
      0.03500383
      0.02076014
      0.26450579
     -0.09505353
      0.25662830
     -0.06954658
      0.20308531
     -0.05372249
      0.15553277
     -0.10663166
      0.15569838
     -0.02638628
      0.23410383
     -0.05058344
      0.16571665
     -0.12761906
      0.36345437
     -0.08079803
      0.21967629
     -0.03691602
      0.15528485
     -0.11609705
      0.06501363
      0.02821698
      0.18258049
     -0.08055762
      0.25204736
     -0.06380570
      0.16613530
     -0.12435322
      0.15759156
     -0.08088984
      0.21459072
     -0.10152056
      0.18269915
     -0.05566223
      0.07112412
     -0.12025986
      0.19460489
     -0.06166771
      0.21013966
     -0.05684800
      0.21390981
     -0.02539345
      0.25485663
     -0.06679726
      0.13941458
     -0.05759390
      0.15610993
     -0.10718639
      0.08645051
     -0.06876523
      0.14012944
     -0.05224666
      0.24113973
     -0.00675907
      0.25012008
     -0.03771781
      0.16407484
     -0.12455314
      0.17899576
     -0.04068204
      0.15311664
     -0.13340700
      0.14127969
     -0.09282423
      0.29919007
     -0.07260894
      0.19745741
     -0.02064622
      0.16043514
     -0.03684387
      0.18677129
     -0.02423485
      0.16338325
     -0.06139762
      0.22578812
     -0.06984686
      0.27087245
     -0.02176082
      0.22071743
     -0.12225509
      0.10411492
     -0.03207339
      0.12535185
     -0.00458660
      0.22917281
     -0.04296681
      0.22633529
     -0.10938228
      0.18431130
      0.00272508
      0.24702239
     -0.07912279
      0.20311252
     -0.08167308
      0.14681861
     -0.02589733
      0.16348621
     -0.12080335
      0.20351342
     -0.07212526
      0.19876277
     -0.08683567
      0.29037822
     -0.10411781
      0.06184742
      0.00156287
      0.15899998
     -0.09285669
      0.10519445
     -0.09021774
      0.10723737
     -0.01420277
      0.23178403
     -0.03029244
      0.09983666
      0.01249199
      0.16743913
     -0.08941202
      0.18979890
     -0.08466081
      0.21210176
     -0.01194974
      0.18333832
     -0.04119387
      0.18664689
     -0.02999580
      0.21689358
     -0.10613007
      0.22934349
     -0.03244015
      0.09108146
     -0.10704523
      0.26533197
     -0.07126850
      0.15671683
     -0.11222402
      0.20507698
     -0.00107096
      0.24882925
     -0.11303402
      0.15177964
     -0.09355971
      0.13646449
     -0.04803496
      0.03018826
      0.00478921
      0.15709048
      0.00289853
      0.16439672
     -0.09277984
      0.26287864
     -0.03786524
      0.18407599
     -0.08416096
      0.29294388
     -0.11063385
      0.17306032
     -0.05414932
      0.23343657
     -0.03471394
      0.27428992
     -0.02828566
      0.19725019
     -0.09916349
      0.23055787
     -0.00674323
      0.22797815
     -0.01160632
      0.27784478
     -0.04864328
      0.09917020
     -0.08022748
      0.16779401
     -0.07061038
      0.19624941
     -0.02234376
      0.09041820
     -0.05749057
      0.13500530
     -0.08675940
      0.29071749
     -0.02225641
      0.13020904
     -0.04229268
      0.21135694
     -0.12189376
      0.17262699
     -0.16208187
      0.27647988
     -0.05965493
      0.24560355
     -0.04463835
      0.19126642
     -0.00788102
      0.27261557
     -0.06607184
      0.29000956
     -0.07240215
      0.12852071
     -0.06524826
      0.27657923
     -0.04180053
      0.24047913
     -0.00458460
      0.24625830
      0.03130103
      0.09792075
      0.01549601
      0.15324612
     -0.08674815
      0.15683470
     -0.00046612
      0.23705510
     -0.05226133
      0.25479736
      0.00268672
      0.22041667
     -0.02758010
      0.16908615
      0.01599473
      0.12785027
     -0.10047733
      0.30784337
     -0.07755510
      0.34133350
     -0.08525598
      0.20268600
     -0.10477995
      0.12679758
     -0.13538094
      0.19880370
     -0.11230565
      0.17245097
     -0.06295739
      0.15460454
     -0.07839945
      0.17450368
     -0.08118545
      0.16025507
     -0.07833193
      0.23028479
     -0.03344306
      0.24935946
     -0.06428114
      0.26684882
     -0.04656240
      0.21859242
     -0.05101210
      0.18552469
     -0.13996487
      0.09535870
     -0.04039834
      0.24923471
     -0.09698918
      0.21334647
     -0.02741286
      0.09248953
      0.03497433
      0.19602803
     -0.07818897
      0.22638477
     -0.02816379
      0.18185153
     -0.10386409
      0.14458748
      0.01946767
      0.26762278
      0.06238333
      0.17079134
     -0.05263019
      0.16941512
     -0.10972387
      0.19126958
     -0.07552694
      0.07365414
     -0.01220026
      0.35422861
     -0.02488214
      0.10044279
     -0.13306346
      0.27151974
     -0.02986737
      0.20787459
     -0.15823657
      0.21379638
      0.01414616
      0.17089836
     -0.09235735
      0.23747385
      0.01609473
      0.22116049
      0.01547730
      0.27294892
     -0.05721820
      0.15062126
     -0.07529022
      0.21105558
     -0.04636194
      0.23368699
     -0.02499356
      0.20242926
     -0.06066604
      0.26719726
     -0.02919831
      0.17118691
     -0.03180092
      0.06759714
     -0.02464721
      0.21762220
     -0.03808856
      0.11273721
     -0.10006893
      0.16967317
     -0.08380881
      0.30433714
     -0.04245711
      0.20537586
     -0.10828082
      0.09944944
     -0.07991734
      0.23425911
     -0.07573867
      0.25294340
     -0.05970322
      0.10676570
     -0.04133540
      0.27509645
     -0.00305562
      0.14410916
     -0.02553000
      0.18371282
     -0.04890735
      0.11458731
     -0.08891303
      0.13889020
     -0.08202439
      0.12380100
     -0.03315246
      0.27375501
     -0.05988805
      0.23806701
     -0.09599366
      0.08204073
      0.00578307
      0.13136627
     -0.05310531
      0.24125794
     -0.06722225
      0.05366826
     -0.08677170
      0.14579896
     -0.11813456
      0.13380352
     -0.06264398
      0.17487737
     -0.12759378
      0.17385054
     -0.01171275
      0.18018308
     -0.08456990
      0.09385809
     -0.02404650
      0.20909432
     -0.16135943
      0.14104864
      0.00349045
      0.25673284
     -0.00911477
      0.22010970
     -0.03702987
      0.07008616
     -0.05208064
      0.24741079
     -0.07512107
      0.26050344
     -0.10992998
      0.16049159
     -0.08968041
      0.33172663
     -0.02476533
      0.19704844
     -0.04630784
      0.22026171
     -0.00897915
      0.09770342
     -0.17546578
      0.13200961
     -0.08044356
      0.13167147
     -0.00831133
      0.08048350
     -0.05942308
      0.15701597
     -0.00845800
      0.18605673
     -0.17285570
      0.21081651
      0.06435936
      0.09559421
     -0.08740058
      0.14933517
     -0.07128807
      0.16652200
      0.01785273
      0.25259005
     -0.07568652
      0.01188539
     -0.07498154
      0.19530040
     -0.02149618
      0.25708757
     -0.13896992
      0.17727402
     -0.03118719
      0.22377778
     -0.05079234
      0.18239685
     -0.12021910
      0.25019727
     -0.10290452
      0.30917119
     -0.03155701
      0.17378935
     -0.11611504
      0.17731230
     -0.06308394
      0.10916001
     -0.10468966
      0.02340447
     -0.10711996
      0.24947546
     -0.15051457
      0.21421286
     -0.09254300
      0.09463722
     -0.09763274
      0.17238076
     -0.05281163
      0.19501945
     -0.06999032
      0.26681161
     -0.08522961
      0.16334727
     -0.05147445
      0.16634009
     -0.09339026
      0.14105384
     -0.04297036
      0.26693307
     -0.11603537
      0.16207117
     -0.08369667
      0.19685410
     -0.12312490
      0.19381131
     -0.03384603
      0.16074234
     -0.01631086
      0.00984088
     -0.06031507
      0.11917222
     -0.02371271
      0.15844606
     -0.03663187
      0.27615906
     -0.08944250
      0.19512083
     -0.09995604
      0.09432387
     -0.02951476
      0.20632233
     -0.06778539
      0.09862802
     -0.07145853
      0.17628371
      0.00622217
      0.10293782
     -0.08576490
      0.07156470
     -0.09992428
      0.19389376
     -0.03740382
      0.30139498
     -0.09292114
      0.29489418
     -0.03978808
      0.18187141
     -0.08779630
      0.18678572
     -0.06381459
      0.15601154
     -0.10437380
      0.26501524
     -0.07683010
      0.23066276
     -0.11180261
      0.19463407
     -0.07151885
      0.12594125
     -0.06694716
      0.26008125
     -0.06763145
      0.21269562
     -0.13272880
      0.21431421
     -0.10049168
      0.20298132
     -0.04190371
      0.26537738
     -0.00956148
      0.21627450
     -0.06419804
      0.13907919
     -0.12843321
      0.11084721
     -0.07356197
      0.35864601
     -0.07663136
      0.20315552
     -0.08226828
      0.07267968
      0.01697340
      0.05467214
     -0.01586705
      0.19825722
     -0.05817882
      0.28838569
     -0.09500947
      0.25651288
     -0.06112647
      0.27017269
     -0.05489707
      0.09036748
     -0.13680277
      0.13788812
     -0.14713634
      0.10761534
     -0.04523263
      0.21823344
     -0.08740913
      0.18647507
     -0.05194251
      0.14683723
     -0.07197114
      0.19862584
     -0.04702883
      0.17906323
     -0.05544028
      0.16670531
     -0.10718149
      0.17658305
     -0.02205384
      0.19985398
     -0.03822367
      0.09603310
      0.02750606
      0.16706574
     -0.05796167
      0.21834332
     -0.08261183
      0.05402515
     -0.01343312
      0.07929517
     -0.07220109
      0.22852317
     -0.03770055
      0.23801913
     -0.00753353
      0.11501479
     -0.07758226
      0.19261036
     -0.02904289
      0.17554207
     -0.19442332
      0.09946221
     -0.08469170
      0.10719955
     -0.05893077
      0.11867120
      0.05848158
      0.15622319
      0.02867082
      0.08723163
     -0.13373704
      0.10415465
     -0.02416023
      0.16611448
     -0.00662104
      0.25492983
     -0.09771879
      0.26490387
     -0.01340882
      0.14804042
     -0.08045106
      0.28093831
     -0.07798544
      0.14532124
     -0.07702431
      0.11960727
     -0.04934937
      0.24387210
      0.01984746
      0.27738524
     -0.05558189
      0.29579508
     -0.12140519
      0.16291206
     -0.13487486
      0.14360444
     -0.07918207
      0.23592904
     -0.11662547
      0.13350174
     -0.01558381
      0.23490833
     -0.10973453
      0.21922417
     -0.13938146
      0.21746490
     -0.07566838
      0.17576979
     -0.01111367
      0.11669820
     -0.00727629
      0.17691619
     -0.04528279
      0.20341206
     -0.08337844
      0.17899342
     -0.02101293
      0.30903435
     -0.03252591
      0.15138660
     -0.13128820
      0.22551062
     -0.02760635
      0.23083152
     -0.01452365
      0.28400851
     -0.06191009
      0.23313328
     -0.11337249
      0.20791994
     -0.13618855
      0.32501101
     -0.03412935
      0.19545683
     -0.05629566
      0.32084105
     -0.03285118
      0.14358128
     -0.02434355
      0.18669967
     -0.08827709
      0.29426169
     -0.08613265
      0.19596328
     -0.00816747
      0.14192072
     -0.05314374
      0.26007521
     -0.11801729
      0.17675177
     -0.05992824
      0.17540810
     -0.13471512
      0.28550746
     -0.06298536
      0.18937250
     -0.09672619
      0.20509555
     -0.02504813
      0.11361854
     -0.08472016
      0.27349639
     -0.12957206
      0.32826978
     -0.08328283
      0.17765126
     -0.09764576
      0.17997682
     -0.13799992
      0.18215861
     -0.10944725
      0.18095579
     -0.12569893
      0.14682703
     -0.06198789
      0.40302647
     -0.04131178
      0.25430708
     -0.00042651
      0.16876049
     -0.01974481
      0.03569537
      0.01065648
      0.15649092
     -0.02561344
      0.15782869
     -0.07811868
      0.24690450
     -0.00424012
      0.28293795
     -0.05270342
      0.13753736
     -0.05245031
      0.26419016
     -0.01931587
      0.16350109
     -0.09590700
      0.31159336
     -0.05353275
      0.19469254
     -0.12478442
      0.17056562
     -0.04326457
      0.29150767
     -0.07126404
      0.27347954
     -0.01009205
      0.17783990
     -0.04766543
      0.14093683
     -0.00093716
      0.21314910
     -0.05095706
      0.14081013
     -0.04600291
      0.17047431
     -0.08827756
      0.07947351
     -0.04045304
      0.08583373
     -0.02142427
      0.18835491
     -0.06524988
      0.14233073
     -0.05573316
      0.18205063
     -0.00409477
      0.05930788
     -0.18142267
      0.17749803
     -0.03089774
      0.26788865
     -0.04526635
      0.13157878
     -0.02621872
      0.11954467
     -0.00676230
      0.14208217
     -0.19010408
      0.22632488
     -0.00253973
      0.08788126
     -0.04860111
      0.36571464
     -0.04504129
      0.29503470
     -0.03612122
      0.19650594
     -0.10290464
      0.09539113
     -0.05027662
      0.21428182
     -0.07405328
      0.22329195
     -0.10634975
      0.14139483
     -0.05866878
      0.18550861
     -0.04368082
      0.23424079
     -0.07018828
      0.22956063
     -0.03830959
      0.15457312
     -0.05127689
      0.11128171
     -0.09634399
      0.17805942
     -0.05076586
      0.12671921
     -0.13990983
      0.11633772
     -0.16700423
      0.18282378
     -0.07908788
      0.13007409
     -0.07079187
      0.12428579
     -0.05152483
      0.24610526
     -0.10065124
      0.16726735
     -0.00920542
      0.31821795
     -0.08187274
      0.15635064
     -0.08046352
      0.17900322
     -0.01662831
      0.21036973
     -0.10655279
      0.28972828
     -0.04545009
      0.23697310
     -0.08679551
      0.17102341
     -0.11053920
      0.26586075
     -0.08232903
      0.17692544
     -0.03042953
      0.16419351
     -0.05454089
      0.16114607
     -0.03681680
      0.26012628
      0.01181209
      0.25104658
     -0.02907653
      0.12645193
     -0.09043542
      0.21127263
     -0.07368449
      0.24463529
      0.01063713
      0.20310689
     -0.04255940
      0.14183458
     -0.02586864
      0.38167747
     -0.11013317
      0.12376974
     -0.01743897
      0.29011124
     -0.13785291
      0.19012404
     -0.11466916
      0.20799969
     -0.04857045
      0.15286444
     -0.03653090
      0.18736931
     -0.02873235
      0.20520487
      0.02720868
      0.20305899
     -0.06648419
      0.06849803
     -0.12298557
      0.15994519
     -0.02118565
      0.16094950
     -0.10583425
      0.07560772
      0.01553111
      0.16710302
     -0.07383454
      0.32623010
     -0.06136574
      0.04631899
     -0.08550883
      0.10790267
     -0.04648971
      0.20559926
     -0.10724704
      0.17324301
     -0.12648780
      0.21737494
     -0.06794451
      0.25862516
     -0.06557244
      0.17373043
     -0.04544890
      0.16114127
      0.01571482
      0.16107128
      0.00973639
      0.14048879
     -0.04358271
      0.29790904
     -0.03452880
      0.19594645
     -0.03831891
      0.27142480
     -0.07684663
      0.30456817
     -0.03550378
      0.42666309
     -0.19460880
      0.33632700
     -0.06480849
      0.21709746
     -0.04346954
      0.27357625
     -0.07857307
      0.15163115
     -0.03151794
      0.12741211
     -0.09435255
      0.19879755
     -0.07216042
      0.15234528
      0.02225037
      0.22878834
     -0.08743440
      0.39386305
     -0.02077421
      0.19567130
     -0.02968774
      0.20769200
     -0.07627387
      0.11061554
     -0.04718162
      0.25691994
     -0.06493710
      0.25928553
     -0.05941170
      0.20254001
     -0.00639994
      0.30708490
     -0.10476737
      0.25210165
     -0.05882182
      0.16519383
     -0.05255635
      0.36041364
     -0.08921048
      0.18527569
     -0.00079410
      0.23469582
     -0.01400345
      0.25805995
     -0.04427183
      0.24698860
     -0.08131237
      0.18400341
     -0.03181111
      0.19463955
     -0.08650059
      0.22697036
     -0.07921138
      0.21327691
     -0.11008071
      0.15275397
     -0.02646781
      0.16589024
     -0.06332118
      0.15809922
     -0.05777409
      0.17227395
     -0.05957715
      0.10216236
     -0.03405684
      0.20220189
     -0.04241763
      0.20623621
     -0.03542264
      0.15635628
      0.05617206
      0.22104699
     -0.03617334
      0.21730440
     -0.00949077
      0.14089307
     -0.06277884
      0.12974018
     -0.03785212
      0.18919685
     -0.12700710
      0.19848315
     -0.03747847
      0.24671031
     -0.06193208
      0.14069261
     -0.05659766
      0.14571890
     -0.01912591
      0.17491721
     -0.11666190
      0.21281903
      0.01106975
      0.39998661
     -0.05371458
      0.20044586
     -0.05417225
      0.15471933
     -0.08625758
      0.18117532
     -0.06376896
      0.23498384
     -0.10493820
      0.17870486
     -0.13370390
      0.27274501
     -0.01096056
      0.23031971
     -0.12851161
      0.32518933
     -0.06163304
      0.12825475
     -0.05095756
      0.24817648
     -0.04263934
      0.20655695
     -0.05721045
      0.10006559
     -0.03477951
      0.21602470
     -0.06873596
      0.27168550
     -0.07312963
      0.13266735
     -0.03296638
      0.26868705
      0.01599510
      0.19768308
      0.06877132
      0.20511216
     -0.05363349
      0.32930788
     -0.10091414
      0.14021415
     -0.05522774
      0.18900390
     -0.06145962
      0.28114567
     -0.01561870
      0.18898197
     -0.09726812
      0.27162945
     -0.10807862
      0.15297946
     -0.14266538
      0.26384379
     -0.07265191
      0.22153218
     -0.06952611
      0.13589914
     -0.02820248
      0.21535513
     -0.03420934
      0.22586994
     -0.00957210
      0.36508726
     -0.06032231
      0.19135162
      0.00900309
      0.15981522
     -0.09359992
      0.15863733
     -0.04868674
      0.03747159
     -0.05992015
      0.13745650
     -0.10173837
      0.15760462
     -0.11516682
      0.14825481
     -0.10758291
      0.25573032
     -0.06388997
      0.13862814
     -0.12462579
      0.15310237
     -0.04574328
      0.18851346
      0.01775108
      0.26382185
     -0.04917051
      0.22494591
     -0.06139249
      0.19336206
     -0.12106193
      0.12780282
     -0.07987050
      0.18142105
     -0.07060115
      0.24833254
     -0.00572013
      0.25098567
     -0.06536604
      0.33309989
     -0.08444672
      0.17916533
     -0.07245859
      0.22353008
     -0.00156624
      0.25942475
     -0.06514799
      0.35909185
     -0.04790074
      0.13638086
      0.00250586
      0.17882072
     -0.13800228
      0.30741973
     -0.00893090
      0.34291941
     -0.01584417
      0.17591825
     -0.07966588
      0.09620656
      0.03040361
      0.18645059
     -0.01090356
      0.33587959
     -0.10265316
      0.14162539
     -0.07927822
      0.21161762
     -0.10945133
      0.09344302
     -0.06949624
      0.20601341
     -0.09275968
      0.24971128
      0.00297281
      0.21825542
     -0.03661801
      0.19854686
     -0.11509873
      0.38938224
     -0.07310282
      0.12171211
     -0.01606561
      0.24809018
     -0.08948854
      0.14705192
     -0.14771531
      0.22097787
     -0.09897279
      0.23148093
     -0.05280533
      0.18456055
     -0.06876037
      0.14350554
     -0.07928834
      0.15112376
     -0.11266662
      0.10319680
     -0.06181660
      0.13473630
     -0.07149072
      0.24382640
     -0.06622403
      0.20913553
     -0.03105103
      0.21877457
      0.01651134
      0.26680812
     -0.12038800
      0.08199371
      0.05136363
      0.18161175
     -0.02053419
      0.14703229
     -0.05170696
      0.08402739
      0.00011500
      0.09392112
     -0.16477360
      0.11319322
     -0.10122313
      0.25104478
     -0.08402831
      0.25217914
     -0.04556960
      0.18951584
     -0.07857498
      0.20245312
     -0.05381712
      0.23257720
     -0.06862329
      0.15713702
      0.01240017
      0.15835822
     -0.01152422
      0.09180896
     -0.03926829
      0.06140579
     -0.04686797
      0.10230799
     -0.03930990
      0.16874895
      0.00973939
      0.22518575
     -0.15744645
      0.29780790
     -0.02404393
      0.17118386
     -0.03708086
      0.19925217
     -0.02045068
      0.17997182
     -0.11371352
      0.18431796
     -0.09322158
      0.20652164
     -0.10455939
      0.20211794
     -0.05472459
      0.18572599
     -0.03205419
      0.19665381
     -0.09367213
      0.21833585
     -0.11065682
      0.19995822
     -0.05967195
      0.16664838
     -0.03630441
      0.28757884
     -0.05272423
      0.16091041
     -0.07238885
      0.11644444
      0.00747485
      0.30380991
     -0.03549350
      0.23543100
     -0.08240896
      0.22850161
     -0.04567350
      0.31014638
     -0.07109727
      0.16876610
     -0.07813960
      0.18530384
     -0.07527009
      0.20686254
     -0.13171882
      0.24652167
     -0.01233542
      0.27060614
     -0.10305249
      0.26293102
     -0.10927722
      0.14125601
      0.00975407
      0.25740230
     -0.05049625
      0.21866063
     -0.06233180
      0.20511577
     -0.07304713
      0.23712995
     -0.06715311
      0.19690035
     -0.02871273
      0.29530110
     -0.06309895
      0.22374730
     -0.03415715
      0.16564745
     -0.06339318
      0.04662434
     -0.06930391
      0.16396227
     -0.08337801
      0.25153726
     -0.03518187
      0.12510064
     -0.06735292
      0.21074556
     -0.04546411
      0.09388452
     -0.08501163
      0.07891148
     -0.06554850
      0.14679072
     -0.08854410
      0.18556902
     -0.05661584
      0.25002509
     -0.01260278
      0.24259761
     -0.06961783
      0.18064011
     -0.06507219
      0.20137258
     -0.11678922
      0.32483230
     -0.05635512
      0.22281394
     -0.04537012
      0.14648197
     -0.02585656
      0.21579573
     -0.09396493
      0.21852918
     -0.00670223
      0.10405539
     -0.01164913
      0.13549173
      0.00507182
      0.25761659
      0.01788094
      0.17662229
     -0.06687726
      0.20057219
     -0.00700090
      0.16644661
     -0.03633183
      0.29058346
     -0.08399191
      0.25840861
      0.03225341
      0.31705862
     -0.03144619
      0.24260770
     -0.09422320
      0.20424895
     -0.10907766
      0.26648231
     -0.05109133
      0.20643162
     -0.02817478
      0.05911540
     -0.05331830
      0.24421960
     -0.03793521
      0.20112787
     -0.10290661
      0.12821708
     -0.04727018
      0.21377691
     -0.12901010
      0.16370740
     -0.10392970
      0.31085426
     -0.07488662
      0.22198864
     -0.01046886
      0.20016542
      0.03024949
      0.24279638
     -0.00354560
      0.32179103
     -0.03867590
      0.24333370
     -0.11918869
      0.09382104
     -0.08314248
      0.15228101
     -0.05373010
      0.18897108
     -0.07080020
      0.14889078
     -0.06065498
      0.11434251
     -0.09464172
      0.23933628
     -0.04978389
      0.22482272
     -0.05248440
      0.25083430
     -0.06093158
      0.18819289
     -0.14986801
      0.22827544
     -0.06380592
      0.15763144
     -0.10476941
      0.15527233
     -0.09015235
      0.27381940
     -0.07656786
      0.13911366
     -0.06295169
      0.20571277
     -0.02337582
      0.29322730
     -0.06291834
      0.12769744
     -0.06387583
      0.17984219
     -0.04509565
      0.18549724
     -0.04356007
      0.22964580
     -0.03803356
      0.19341630
     -0.07035969
      0.18526414
     -0.02993533
      0.15486931
     -0.05101977
      0.15823943
      0.00635815
      0.16044398
     -0.04953804
      0.12736948
     -0.05441782
      0.21021663
     -0.04281711
      0.21771761
     -0.04739175
      0.29910599
     -0.04678495
      0.17566882
     -0.03307630
      0.10303336
      0.00018955
      0.29590772
     -0.04556607
      0.19451080
     -0.00714488
      0.06620025
     -0.04650451
      0.23973385
     -0.06895004
      0.21437977
     -0.08468786
      0.09457624
     -0.12618710
      0.26769330
     -0.06136331
      0.07102782
     -0.06281086
      0.22179929
     -0.08119207
      0.18289605
     -0.06391029
      0.17550726
     -0.04777560
      0.19034613
     -0.06484990
      0.19789334
     -0.05088563
      0.08156800
     -0.10133372
      0.32764417
     -0.09341072
      0.13415469
     -0.04853688
      0.04160495
     -0.08105431
      0.12440298
     -0.11540840
      0.31551677
     -0.04498915
      0.12642827
     -0.05356254
      0.21177157
     -0.02598932
      0.10835798
     -0.07727620
      0.22001521
      0.00916715
      0.19814928
     -0.11128252
      0.26906503
     -0.05738399
      0.12569966
     -0.03006629
      0.08967207
     -0.10349089
      0.25967367
     -0.05733921
      0.14211415
     -0.06456176
      0.16267405
     -0.12021608
      0.29188057
     -0.11813676
      0.22754406
     -0.05505466
      0.27592195
     -0.08378378
      0.14011221
     -0.02263189
      0.14238002
     -0.05102171
      0.17138371
     -0.01702444
      0.11620664
     -0.12478765
      0.22293931
     -0.07264116
      0.27157548
