      0.00445324
     -0.05462130
     -0.00062726
      3.89471480
     -0.14949948
      0.00124808
     -0.03749507
      3.42584427
      0.11722597
      0.45217396
     -0.34292210
      0.23708097
      1.25715630
     -1.29520123
     -0.07036083
      0.00927855
      0.20257468
     -0.18113993
      1.67849887
      2.13126041
     -0.00431235
      1.59624733
      1.12413980
      0.08293360
      1.72738723
      1.45813940
      0.04272558
      0.63103696
      0.55488103
      0.03389172
      0.19412530
     -0.04724298
     -0.00240692
      0.19657799
      3.37808935
     -0.08705406
      0.30328909
      4.19058185
     -0.08121148
      0.26472699
     -0.44661791
      0.23397083
     -0.06392277
      0.13905279
     -0.51058982
      0.41556114
     -0.08663932
      0.18492284
     -0.43015578
      0.46502078
     -0.05141961
      0.20477150
     -0.43929149
      0.40915994
     -0.03242281
      0.05458932
     -0.43782980
      0.57668438
     -0.07361576
      0.43491011
     -0.50940295
      0.19890081
     -0.06049857
      0.05206958
     -0.17103035
      3.58901247
     -0.09200907
     -0.01494554
     -0.24399613
      3.49494372
     -0.03684820
      0.07353157
     -0.19396805
      3.51897729
     -0.05136857
      0.03111007
     -0.16756567
      3.53751258
     -0.06467751
     -0.02331354
     -0.18635658
      3.28752677
     -0.03015122
     -0.09517653
     -0.21477543
      2.97894032
      0.00188009
     -0.01652151
     -0.26252899
      2.72196982
     -0.01931811
     -0.03186098
     -0.24483999
      3.08858791
     -0.03109165
     -0.04362255
     -0.21506419
      2.98265303
     -0.07134941
     -0.01709232
     -0.35693347
      2.67552635
      0.00109024
      0.02870434
     -0.09430117
      3.16746749
     -0.12425263
     -0.00118729
     -0.12773908
      2.52086329
      0.04210401
      0.61420671
     -0.11356486
      0.91674235
     -0.00737374
      0.55359436
     -0.45505256
      1.09166316
      0.37348361
     -0.00581608
      0.06466980
     -0.40663735
      0.05940130
      0.22954647
      0.42145026
      0.32557649
      1.58791796
     -1.25365612
      0.20102051
      0.09966744
     -0.17221648
      0.74087118
     -0.46149347
     -0.09237959
      0.12240825
     -0.42927265
      0.15096561
     -0.04226165
     -0.09250262
      0.23221813
      0.08934942
      0.17586806
      0.08662643
      0.23998094
      0.19256635
      0.07836398
     -0.05984211
      1.28121863
      0.20575097
      0.54890878
     -0.85210232
     -0.00277363
      0.18421376
      0.38780573
     -0.03624718
      0.15935292
     -0.03103096
      0.48175015
      0.75481425
      0.23578922
      3.98204018
      0.08994797
      0.67117260
      0.04226612
      0.58227102
      2.79106059
      0.10358282
      0.98135644
      0.75089671
      0.77797062
      3.85850771
      0.41117012
      0.22509509
      0.53345277
      0.23473355
      1.35574860
     -0.14256668
      0.14977652
      0.36115522
      0.30975923
      0.47383602
      0.00855527
      0.03624558
      1.10830786
      0.12297903
      4.78604203
     -0.05869787
      0.01232848
     -0.26453987
      0.03257157
      4.48066004
     -0.05815360
      0.57953215
     -0.47325361
     -0.00562965
      1.09101499
     -0.00571730
      0.50366099
     -0.55052376
     -0.00684030
      1.10088185
      0.35017108
      0.15159423
     -0.27689148
      0.68566348
     -0.32967043
      0.01494452
      0.30418719
     -0.68513603
      0.98774084
     -0.39115770
      0.05072231
     -0.02479472
     -0.00296062
      0.06505141
      0.08336277
     -0.06982531
      0.08487875
     -0.00871058
      0.15970602
     -0.09501340
      0.16244841
     -0.05270209
     -0.24301340
      0.13041080
     -0.02173299
      0.25341006
      0.22412193
     -0.57341680
     -0.13802291
     -0.14933765
      0.27690032
     -0.13205226
     -0.17231712
      0.01691505
      0.22981682
     -0.37428887
     -0.26566744
      0.21438223
      0.38733838
     -0.44733155
     -0.35944298
     -0.02225406
      0.03186262
     -0.38111351
      0.01045547
      0.01070893
      0.17546489
     -0.11922575
     -0.04708407
      3.63512618
      0.03597833
      0.09713442
     -0.25232635
      0.01724886
      3.85158364
      0.07133466
      0.56814449
     -0.59159057
      0.12130351
      4.75939001
     -0.04424942
     -0.12297079
      0.35210788
      0.07364225
      4.80016875
      0.06187629
      0.36923485
     -0.64000620
      0.21061576
      2.86410317
      0.04194255
      0.14682395
     -0.21613410
      0.08905417
      0.60982464
     -0.01193593
      0.50456622
     -0.45037372
     -0.02494290
      1.15435667
      0.02080727
      0.46645313
     -0.49310751
     -0.05128070
      1.19621132
      0.05075359
      0.14460724
     -0.43982769
      0.77201637
      0.13234555
     -0.02999948
      0.17405809
     -0.40093606
      0.82519406
     -0.39956705
      0.14491310
      0.21872969
     -0.37203060
      0.92567635
     -0.70894509
      0.18393381
      0.20339267
     -0.31706568
      0.86451876
     -0.65875736
      0.20422002
      0.14572204
     -0.13150349
     -0.01032861
      0.00647919
     -0.15069514
      0.29580781
     -0.10658245
     -0.01246799
     -0.04103842
      0.08454627
      0.18668223
     -0.10833019
      0.05759159
     -0.16958051
      0.17527152
      0.25999049
     -0.34771983
      0.01788006
     -0.09445579
      0.12109117
      0.10095729
     -0.15435286
      0.04422671
      0.00069452
     -0.13860779
     -0.05097253
     -0.22452817
      3.72438409
      0.00920182
      0.03895637
     -0.17521090
      0.01000798
      3.93374138
     -0.02624668
      0.39905879
     -0.53268204
      0.03325585
      4.90709203
     -0.13754442
      0.01017090
      0.07341340
     -0.31421880
      4.83668752
     -0.00952261
      0.34620123
     -0.68810864
      3.06169134
      0.03213760
      0.12476594
     -0.13948311
      0.74308343
      0.03199412
      0.22888409
     -0.25699210
      0.10525094
      2.09087228
      0.03510035
      0.16511331
      0.03447612
      0.33638840
     -0.06308540
     -0.02402409
     -0.03856946
      0.53976683
      0.03916331
      0.28625792
     -0.12787745
      0.44628883
      0.06723612
      0.21813116
     -0.10212076
      1.79288589
     -0.16454971
     -0.13948664
      0.15934271
      4.00886212
     -0.19650823
      2.91987054
     -0.65646021
      1.87809577
     -0.11889953
      0.27239395
     -0.18769032
      3.87556159
     -0.00292533
      0.47181450
     -0.55779385
      1.20983658
      0.06349719
      0.39477131
     -0.51881955
      1.20210271
     -0.02210206
      0.22662918
     -0.27186689
      0.86133662
     -0.21156435
      0.09545100
      0.14175061
     -0.30524905
      0.90610421
     -0.33419675
      0.13831484
      0.14322463
     -0.24442790
      0.88221740
     -0.34933430
      0.22776478
      0.21101051
     -0.16839926
     -0.02617652
     -0.00410840
     -0.04088325
      0.23613590
     -0.15363126
     -0.04763709
     -0.08529914
      0.10124980
      0.25161974
     -0.10550891
     -0.04286786
     -0.15815139
      0.25516659
      0.18802002
     -0.40234933
     -0.02235373
     -0.03659665
      0.02492856
      0.14883387
      0.00237854
     -0.10929184
      0.04815535
      0.01868055
      0.04163264
     -0.09000589
      0.01621896
      3.92959145
      0.07865016
      0.44140509
     -0.48510323
     -0.31665373
      4.61817395
     -0.13674892
      0.10662390
     -0.01731831
     -0.17560510
      4.66557273
     -0.06566354
      0.23535039
     -0.15885038
      0.09596375
      2.27644534
      0.02557680
      0.09987630
     -0.11569972
     -0.00413290
      0.40966928
      0.02785597
     -0.00603464
     -0.13332493
     -0.00648297
      0.54061860
     -0.03313639
      0.17545462
     -0.22382041
      0.08080442
      0.57356166
      0.14254858
      0.20371507
     -0.20515944
     -0.01624859
      1.80232782
      0.00059893
     -0.04844775
     -0.00034781
      0.04830866
      3.78103401
     -0.09030347
      1.94232035
     -1.47177215
      0.10132439
      2.46727655
     -0.14750716
      0.11934181
     -0.01327864
     -0.11936304
      3.96802157
      0.03023348
      0.48247087
     -0.49152070
      0.09845721
      1.20587310
      0.00757179
      0.40660031
     -0.45568647
      0.00748065
      1.27874586
     -0.18031406
      0.31874226
     -0.31999804
      0.56204261
      0.09865277
      0.06119159
      0.14909764
     -0.34843927
      0.45403388
      0.07512228
      0.00584026
      0.06021829
     -0.31520444
      0.40445079
      0.18552407
      0.28435736
      0.23409864
     -0.18133133
      0.03624635
     -0.02283286
      0.01154105
      0.31694656
     -0.17366774
     -0.02372576
     -0.09614871
      0.17169090
      0.24357953
     -0.15531417
      0.01068624
     -0.17893205
      0.27786128
      0.16778717
     -0.25157496
      0.04422485
     -0.05799659
      0.12021650
      0.17822480
     -0.04336371
     -0.05098218
      0.00162724
      0.06869836
      0.05099506
     -0.09691514
     -0.16821896
      3.92512201
     -0.04558463
      0.23726191
     -0.25595747
      3.89900597
     -0.04908072
      0.14345243
      0.15364349
     -0.16187867
      4.48341250
      0.01824303
      0.02557667
     -0.35037623
      0.05798672
      2.39540892
      0.06361299
      0.14276445
     -0.11609656
      0.01674675
      0.46209821
      0.03550962
      0.00986385
     -0.11429381
      0.04593719
      0.49436005
     -0.03889643
      0.08333610
     -0.19532738
      0.02724811
      0.73934519
      0.16071030
      0.18283608
     -0.24880445
      0.06115608
      1.81828706
      0.02202269
     -0.16226233
     -0.22313136
     -0.05706630
      3.84698883
      0.05304311
      1.65232250
     -1.56619199
      0.16164011
      2.61954344
      0.00397260
      0.42605696
      0.05723121
      0.37165741
      3.40140066
      0.01943498
      0.41762427
     -0.46221369
      0.03051927
      1.26425154
     -0.00564693
      0.47505164
     -0.41085581
      0.00850145
      1.30117406
     -0.20409559
      0.36198414
     -0.37104097
      0.31996560
      0.32439630
     -0.07352445
      0.14771792
     -0.35150677
      0.29866046
      0.30723125
     -0.06949461
      0.20693776
     -0.23490579
      0.35126297
      0.28320609
      0.24084417
      0.26786545
     -0.28224188
     -0.01244769
      0.06890582
     -0.13799920
      0.28188312
     -0.07693154
     -0.01862025
     -0.00437284
      0.08662853
      0.27056025
     -0.14585819
     -0.09035895
     -0.04553438
      0.17982859
      0.10759062
     -0.32727248
     -0.00103587
      0.09193076
      0.03790968
      0.11377897
     -0.05807672
     -0.07072898
      0.03243309
      0.03598247
      0.08808682
     -0.21704516
      0.00794409
      3.81755640
     -0.00769081
     -0.06244409
     -0.07511859
     -0.01720537
      4.39577156
      0.07301333
      0.03816762
     -0.24673716
      0.01732103
      2.29299806
      0.06703613
      0.12444069
     -0.14966938
      0.00301632
      0.58092686
      0.01360020
      0.00020039
     -0.15115388
      0.00770831
      0.54824460
     -0.02291566
      0.06424063
     -0.18084518
      0.01400767
      0.77865842
      0.17169763
      0.14881942
     -0.29846257
      0.03072600
      1.84294947
     -0.02975777
     -0.24419397
     -0.00510427
     -0.01038997
      3.75306681
     -0.06648250
      0.74186364
     -1.63462200
      0.35138090
      3.21581853
     -0.13080936
      0.14762471
     -0.01347628
      0.18358993
      3.50464209
     -0.02135429
      0.57213827
     -0.38918734
      0.06067410
      1.23025090
     -0.01863869
      0.53061320
     -0.42282946
      0.02750294
      1.31648847
     -0.18064323
      0.26738326
     -0.33967029
      0.15205981
      0.51679734
     -0.02344881
      0.14888375
     -0.34041321
      0.21438109
      0.36207636
     -0.02677332
      0.14954724
     -0.32480038
      0.18876629
      0.45993506
      0.29439031
      0.27196585
     -0.29981588
     -0.05897984
      0.05852520
     -0.19678161
      0.15665436
     -0.21480590
      0.01666681
      0.07532223
      0.06222446
      0.21781661
     -0.27494417
     -0.07122880
      0.00709839
      0.22547829
      0.11970058
     -0.29705766
      0.02020129
      0.02390279
      0.04760379
      0.12118945
     -0.10094178
     -0.07886253
      0.03828909
      0.08849070
      0.11043516
     -0.25034413
     -0.00242680
      3.68830416
     -0.04628789
      0.09679263
     -0.08782706
     -0.12304800
      4.29847448
      0.07295737
     -0.19328118
     -0.25610721
     -0.11656475
      2.31275553
      0.07698845
      0.12681167
     -0.14247304
     -0.00642010
      0.59810450
      0.02025019
      0.02938061
     -0.08721897
      0.01378809
      0.50091164
      0.02760785
      0.02570537
     -0.11909056
     -0.04431454
      0.76341229
      0.18697368
      0.09856806
     -0.33898308
      0.00930522
      1.87061830
      0.09643945
     -0.20989439
      0.03331690
      0.01996184
      3.49683505
     -0.10739752
      0.23761177
     -1.28023017
      0.06275485
      3.54507858
     -0.02441004
      0.25046689
     -0.18629745
      0.05560635
      3.45532315
     -0.05666773
      0.56608591
     -0.27987138
     -0.00845177
      1.28433539
      0.03471338
      0.52561466
     -0.35500992
      0.02517144
      1.32235206
     12.67051972
     -3.61967518
     -1.98102684
     -0.07577790
     -0.30769312
     -0.43587738
      0.58969024
     -0.03495455
      1.22505494
     -0.62796582
     -2.62894523
      1.34609972
     -0.69762994
     -1.53895123
     -1.47692438
     -1.32691494
     -0.96777589
     -0.74871589
     -1.28920111
     -1.73107598
     -1.75043715
     -1.71053423
     -1.42590926
     -1.64509750
     -0.90420823
     -0.87605938
     -0.90964417
      0.23504207
      0.20997110
     -0.09785900
      0.24284304
     -0.77027008
     -1.39093797
     -0.43165457
     -0.70749907
     -0.42601052
     -0.44951242
     -0.32384750
     -0.28264537
     -0.86561312
     -0.54472943
     -0.12639183
     -1.24140368
      0.12410632
      0.47393298
     -1.41085612
      0.19856870
     -0.95871005
     -1.51442232
     -1.19575731
     -0.77454552
     -0.96038870
     -0.26701459
     -0.42298617
     -0.01836149
     -0.70384791
     -0.43378413
     -0.79806631
     -0.56669152
     -0.49505078
     -0.07398629
     -2.53710491
     -0.45704834
      0.30644196
      0.46270961
     -1.92823738
     -1.44107091
     -1.41562080
     -0.61932622
     -0.37920466
     -3.11220988
     -2.78960856
     -0.72586538
     -0.48257625
     -0.94786039
     -0.75392292
     -0.54780818
     -0.08203782
     -2.54728449
     -0.25884182
      0.54348157
      0.48654354
     -2.05768992
     -0.32402429
     -1.53146672
     -1.53977123
     -1.79319271
     -0.71144091
      0.30024895
      1.28343431
      1.24257095
     -1.50748229
     -1.15282812
     -0.88124019
     -1.96827391
     -1.52860692
     -0.70833978
     -0.53796014
     -0.95975052
     -0.80113400
     -0.42452347
     -2.68758622
      0.22432671
      0.66976803
     -0.60785521
     -1.51973680
     -1.47889843
     -1.70078703
     -0.76290649
      0.33491550
      1.26534186
      1.12611778
     -1.37195818
     -1.68033647
     -0.88427383
     -1.79427962
     -1.20028020
     -0.89594132
     -0.61542028
     -0.90683797
     -0.79948073
     -0.55393169
     -1.92863495
      0.57724442
      0.77340953
     -0.73115883
     -1.54602445
     -1.50773697
     -1.78356242
     -0.86633403
      0.37706453
      1.27111629
      1.14480673
     -1.60043561
     -1.33886346
     -0.89940266
     -1.70905874
     -1.10182072
     -0.91489552
     -0.62796360
     -0.93605492
     -0.81925798
     -0.40963855
     -1.58440587
      0.80556629
     -0.73909348
     -1.60223753
     -1.48239538
     -1.84254546
     -1.13682750
      0.34922439
      1.28296103
      1.23399171
     -1.11315377
     -1.58806323
     -0.92357186
     -1.63006745
     -0.94793115
     -0.81617221
     -0.70741914
     -0.93156308
     -0.81908755
     -0.47110845
     -1.15483515
      0.86364773
     -0.79277821
     -1.62122942
     -1.48555915
     -1.83012762
     -0.83463963
      0.38165922
      1.35673971
      1.21202421
     -1.82957340
     -2.10444607
      1.10663561
      0.39699414
      0.50705413
      1.05342187
      0.93094538
      0.59411917
      0.18562806
      1.34891218
      0.24430032
      0.81262392
      0.79035284
      0.74974423
      0.66885735
      0.96652968
      1.12780718
      1.39286260
      1.38817339
      1.33134159
      1.66899808
      1.51208956
      1.79306182
      0.91820860
      1.06592077
      0.72034327
      0.59654605
      1.15755518
      0.93643392
      0.69833278
      0.86091683
      0.44703642
      0.47006644
      0.67453688
      0.40231032
      0.68133332
      0.26154832
      0.17930461
      0.22678923
      0.19163259
      1.03837035
      1.03810304
      0.58567513
      0.51347032
      0.15352328
      1.17380972
      1.16811283
      0.94630102
      0.94002031
      0.44981434
      0.25288470
      0.27526103
      0.89287332
      0.26763578
      1.02852920
      0.70416937
      1.80223406
      1.71466632
      1.05807574
      1.26246583
      1.07157422
      0.78884728
      0.46687427
      0.17274188
      0.84916067
      0.29599501
      0.98825074
      0.25849736
      0.28962518
      0.34798583
      0.43823070
      0.83683116
      0.31389359
      0.27038652
      0.98422522
      1.03356496
      1.60547768
      1.54030337
      1.15552594
      1.21803813
      1.05968144
      0.89606089
      0.16416536
      0.82574836
      0.22801302
      0.28700884
      0.26493367
      0.33396712
      0.86653678
      0.24738820
      0.64867332
      1.34218429
      1.02043938
      1.37274856
      1.22976412
      1.09206235
      1.16564623
      0.97753357
      0.90876882
      0.21283964
      0.80010752
      0.31937929
      0.32238821
      0.31950225
      0.33060559
      1.03359090
      0.39808076
      0.91350862
      1.24953172
      0.94328308
      1.24253505
      1.11497457
      1.13912006
      1.20588518
      1.04502430
      0.97064930
      0.28765087
      0.41350323
      0.30703776
      0.27590736
      0.28493514
      1.10561822
      0.31348721
      0.77850156
      0.89899082
      1.00609942
      1.11084814
      1.02790165
      1.20029052
      1.18540770
      1.08383758
      1.03025388
      0.43820352
      0.62735526
      0.30599770
      0.29204419
      0.34820598
      1.02246266
      0.41541611
      1.17640052
      1.34351588
      0.96316088
     -1.76191873
     -1.82598116
     -0.63887221
     -0.54972422
     -2.59614953
     -1.06264014
     -0.07561062
      0.06805614
      0.07291265
      0.07879382
      0.19693569
      0.28610785
      0.07555944
      0.47073034
      0.55488728
      0.33290591
     -1.80083108
     -1.59617489
     -2.32731656
     -2.28308219
     -2.78540204
     -2.16575324
      0.83115077
      0.90843680
      1.12759719
     -0.92563923
      0.50876123
     -1.48758307
     -8.88824389
      1.23478290
      0.17958424
     -2.55142097
      4.42571959
      0.00939288
      1.41764486
      1.57677743
     -2.75247702
      3.13112619
      1.01951209
    -10.96711296
     -0.87971362
      0.38111644
      0.79770073
      0.42023748
      0.00297080
      0.04691848
      0.03437344
     -0.15558579
      0.12372780
     -0.04597859
     -0.06593237
