      0.10629562
     -0.12707641
      0.04712339
     -0.12158570
      0.22407051
     -0.09674565
      0.25836949
     -0.13585327
      0.28525729
     -0.02339287
      0.16770006
     -0.03857157
      0.29496568
     -0.17641591
      0.32681384
     -0.13748553
      0.18697382
     -0.23113939
      0.36851559
     -0.21444210
      0.21395955
     -0.22382746
      0.32390583
     -0.18657570
      0.27538925
     -0.17528431
      0.18198596
     -0.17230844
      0.18914048
     -0.13684906
      0.37245813
     -0.19609092
      0.21977276
     -0.12560827
      0.27065002
     -0.12371535
      0.04531153
     -0.08283862
      0.20861969
     -0.14577477
      0.32918532
     -0.10032359
      0.50085895
     -0.12749370
      0.36959460
     -0.14220203
      0.32844494
     -0.16019698
      0.16791657
     -0.01745932
      0.29032411
     -0.02722226
     -0.02341909
     -0.09982893
      0.28590264
     -0.09275426
      0.22981957
     -0.11073474
      0.22556915
     -0.16345176
      0.43198383
     -0.11461510
      0.20603768
     -0.17439579
      0.12711127
     -0.06841961
      0.17059039
     -0.11900376
      0.15704236
     -0.31120200
      0.22638723
     -0.19129173
      0.37476507
     -0.10627864
      0.17051537
     -0.11610986
      0.20596106
     -0.10300361
      0.16940016
     -0.07872625
      0.31782515
     -0.13283364
      0.10006479
     -0.25206370
      0.23132771
     -0.09737917
      0.39788911
     -0.10300851
      0.25316974
     -0.17107657
      0.13358367
     -0.15156168
      0.24995851
     -0.10810855
      0.28715944
     -0.07834259
      0.27508551
     -0.16647267
      0.36227361
     -0.14174259
      0.31789386
     -0.03845164
      0.24380093
     -0.06553164
      0.19115233
      0.01036222
      0.35577827
     -0.10344794
      0.14123423
     -0.12270511
      0.14262145
     -0.20206831
      0.15623915
      0.03262812
      0.21496503
     -0.16601789
      0.23961938
     -0.07655039
      0.29001047
     -0.11335372
      0.28707526
     -0.10020044
      0.18500877
     -0.09063789
      0.25183188
     -0.14169661
      0.30231582
     -0.10875855
      0.38381810
     -0.24126194
      0.26396115
     -0.12560827
      0.31071272
     -0.02306246
      0.23116493
     -0.12700388
      0.19930666
     -0.05166509
      0.33880941
     -0.07723087
      0.06136074
     -0.22731623
      0.28814123
     -0.09116708
      0.15761873
     -0.20341572
     -0.00041837
     -0.21818298
      0.49860857
     -0.14590845
      0.09382119
     -0.20200999
      0.10360066
     -0.12360743
      0.41341989
     -0.09489845
      0.31142451
     -0.00079437
      0.35633748
     -0.14973226
      0.27743987
     -0.14049369
      0.30571189
     -0.08899328
      0.29129631
     -0.10507163
      0.14272260
     -0.23941945
      0.19734071
     -0.05045594
      0.24814887
     -0.16335808
      0.30807747
     -0.07965738
      0.32363820
     -0.13560106
      0.20323849
     -0.09572467
      0.34161270
     -0.07530268
      0.43437831
     -0.01174630
      0.40550096
     -0.01624775
      0.25011063
     -0.06557877
      0.25241282
     -0.03637163
      0.18910074
     -0.19812067
      0.33677721
     -0.22013977
      0.04021699
     -0.12738915
      0.21349245
     -0.07881047
      0.21021145
     -0.22363851
      0.19554322
     -0.11556498
      0.17487945
     -0.07187648
      0.14348343
     -0.08020929
      0.15662533
     -0.09732648
      0.37274129
     -0.04097344
      0.27895493
     -0.02940635
      0.17512471
     -0.21636121
      0.45164115
     -0.15208273
      0.16690280
     -0.12560827
      0.01071030
     -0.35279693
      0.23865111
     -0.06541351
      0.18833179
     -0.11189581
      0.28280119
     -0.13767924
      0.17797453
     -0.20141996
      0.30201953
     -0.13214710
      0.38031887
     -0.13268703
      0.27637474
     -0.15794162
      0.06060698
     -0.09054987
      0.15691051
     -0.13070111
      0.23959907
      0.05038082
      0.22597311
     -0.02256949
      0.17701263
     -0.09331652
      0.42344647
     -0.10470819
      0.25204868
     -0.15689131
     -0.05711071
     -0.20375354
      0.17693833
     -0.19750677
     -0.02338321
     -0.22463506
     -0.01317493
     -0.16214581
      0.36064618
     -0.06541351
      0.36078297
     -0.03285062
      0.13940945
     -0.12210361
      0.34709458
     -0.15763188
      0.40165230
     -0.04184942
      0.31745199
     -0.05284947
      0.20741763
     -0.00397133
      0.33514814
     -0.11264378
      0.23198921
     -0.10032765
      0.16276234
     -0.10175319
      0.23694131
     -0.06557877
      0.21948444
     -0.07779815
      0.31764963
     -0.13324761
      0.22140247
      0.00011870
      0.07473345
     -0.18544023
      0.34249863
     -0.15303705
      0.24624085
     -0.10711341
     -0.01689471
     -0.15511688
      0.24033966
     -0.01758034
      0.10339182
     -0.21633274
      0.16555857
     -0.12232523
      0.33064664
     -0.16305842
      0.42364831
     -0.09706598
      0.21584634
     -0.18314441
      0.23987656
     -0.20210445
      0.32521190
     -0.12063476
      0.39072364
     -0.12758697
     -0.17084695
     -0.29930668
      0.35399981
     -0.21166794
      0.16701257
     -0.23198491
      0.25822443
     -0.06719928
      0.32445903
     -0.06794635
      0.20644365
     -0.15634689
      0.16576418
     -0.14973226
      0.19941366
     -0.13998370
      0.26044728
     -0.04789189
      0.20149293
     -0.12079190
      0.33226781
      0.01440600
      0.07964557
     -0.19927045
      0.30561170
     -0.13748348
      0.25710417
     -0.18607823
      0.10424402
     -0.10341541
      0.30573492
     -0.03499670
      0.31548344
     -0.12073788
      0.31156843
     -0.03477528
      0.36657092
     -0.06822340
      0.25002139
     -0.17338299
      0.31337399
     -0.13756406
      0.34081690
     -0.05306576
      0.19546567
     -0.17798748
      0.31759253
     -0.16927362
      0.22210841
     -0.14049369
      0.17256891
     -0.07535114
      0.30561170
     -0.19312475
      0.17815578
     -0.27432859
      0.20151883
     -0.05765241
      0.34220945
     -0.14497269
      0.31304374
     -0.13283364
      0.20704076
      0.09862816
      0.25397704
     -0.21997724
      0.25384114
     -0.11298568
      0.33211057
     -0.15617803
      0.33033465
     -0.00032331
      0.29448993
     -0.06899825
      0.21677770
     -0.14638886
      0.19028747
     -0.03397375
      0.20479995
     -0.19367126
      0.06534243
     -0.21331960
      0.14105199
     -0.12228319
      0.08074173
     -0.02303109
      0.30114672
     -0.14059176
      0.24296461
     -0.09977047
      0.32445903
     -0.08187994
      0.39995420
     -0.04716200
      0.26789916
     -0.13229361
      0.09853876
     -0.21633274
      0.35813290
     -0.05667742
      0.26961241
     -0.23435528
      0.32837890
     -0.23971878
      0.13591352
     -0.17234369
      0.21817941
     -0.12277913
      0.16899481
     -0.18255153
      0.12927824
     -0.10855614
      0.31990434
     -0.15093296
      0.04380748
     -0.14049369
      0.38064280
     -0.15479442
      0.20138557
     -0.09870367
      0.37223494
     -0.17249572
      0.31984287
     -0.14481810
      0.26338896
     -0.24376286
      0.30130643
     -0.02303109
      0.27443949
     -0.17268132
      0.25773805
     -0.05767217
      0.09010923
     -0.02238703
      0.15639278
     -0.07158915
      0.27694398
     -0.14616604
      0.21169565
     -0.13611301
      0.15683325
     -0.00443854
      0.14720749
     -0.11359715
      0.33760764
      0.04384606
      0.10973983
     -0.21325966
      0.08640580
     -0.08838259
      0.07694230
     -0.01732038
      0.23413930
     -0.05232562
      0.13339212
      0.06750904
      0.32463233
     -0.14378334
      0.14203899
     -0.15768820
      0.36923326
     -0.03598820
      0.21463562
     -0.07872625
      0.29631033
      0.01988429
      0.15048343
      0.01861750
      0.16674221
     -0.13810625
      0.29433005
      0.00338716
      0.23413930
     -0.17448702
      0.19581499
     -0.17958602
      0.23869064
     -0.05849860
      0.26721144
     -0.18382493
      0.26923953
     -0.07920414
      0.19245240
     -0.10362471
      0.29470959
     -0.04961053
      0.09011318
     -0.16240202
      0.25948610
     -0.16440613
      0.14987433
     -0.20844898
      0.22672685
      0.02436128
      0.22703419
     -0.19874129
      0.11292713
     -0.15867870
      0.12834955
     -0.23287827
      0.29459362
     -0.09921791
      0.12911114
     -0.09875500
      0.28293376
     -0.07472788
      0.24146623
     -0.13131823
      0.23987656
     -0.10823756
      0.30261414
     -0.10502974
      0.27546727
     -0.11620469
      0.30568138
     -0.13880919
      0.21569032
     -0.03601262
      0.34933155
     -0.19365023
      0.27539758
     -0.09895404
      0.31753673
     -0.06287501
      0.33021446
     -0.21652260
      0.23616212
     -0.21997724
      0.11079432
     -0.10404158
      0.19257899
     -0.12573954
      0.24082697
     -0.08043176
      0.30200111
     -0.12560592
      0.21912617
     -0.15164351
      0.30561170
     -0.21224183
      0.06620866
     -0.20262743
      0.28075630
     -0.05379801
      0.07714513
     -0.04755288
      0.18405036
     -0.08227336
      0.24908802
     -0.09063820
      0.19067179
     -0.15246606
      0.00665969
     -0.21880032
      0.21919640
      0.08277933
      0.28069831
      0.04659860
      0.17541468
     -0.12758995
      0.28892353
     -0.15083554
      0.33231474
     -0.02079844
      0.40242143
     -0.02728497
      0.31994030
     -0.14177469
      0.25218418
     -0.07474137
      0.08377139
     -0.13733072
      0.23097214
     -0.15358259
      0.33087545
     -0.10866983
      0.17348495
     -0.18406197
      0.30722622
     -0.06920944
      0.19776098
      0.02175687
      0.38005210
     -0.14170573
      0.30193118
     -0.14212683
      0.23579666
     -0.03523404
      0.34112766
     -0.00693923
      0.29289459
     -0.04824791
      0.38730261
     -0.30426674
     -0.01354067
     -0.24041602
      0.23554067
     -0.18625567
      0.18520970
     -0.18864928
      0.30625054
     -0.02339287
      0.15226907
      0.12181266
      0.26808391
      0.06344579
      0.17610775
     -0.10582051
      0.27621041
     -0.07454071
      0.22155882
     -0.18392422
      0.33734429
     -0.21444210
      0.14116833
      0.06929604
      0.17573607
     -0.02680196
      0.26719088
     -0.17019440
      0.19689648
     -0.01961232
      0.17003738
     -0.20347172
      0.40265521
     -0.15419982
      0.38422543
     -0.22013307
      0.15254208
     -0.10766972
      0.42111292
     -0.13053787
      0.31532568
     -0.13733943
      0.23171001
     -0.12305785
     -0.08346303
     -0.19374888
      0.20549814
     -0.25672452
      0.29164331
     -0.04310376
      0.28549050
     -0.15306258
      0.38189796
     -0.19405860
      0.25629070
     -0.10297514
     -0.19329234
     -0.26448756
      0.24574996
     -0.05207157
      0.34763177
     -0.12419039
      0.20579518
     -0.04003789
      0.21890987
     -0.17343112
      0.41039873
     -0.17104063
      0.28014687
     -0.04919250
      0.12833050
     -0.15236449
      0.30965521
     -0.10032722
      0.21937494
     -0.06042062
      0.29301487
     -0.13916313
      0.23280666
     -0.19490278
      0.28015652
      0.00555187
      0.17347828
     -0.09239091
      0.28108367
     -0.20654247
      0.07841021
     -0.05283098
      0.24851245
     -0.09093731
      0.27454646
     -0.19119177
     -0.00119579
      0.01356190
      0.27428846
     -0.01362767
      0.17824466
     -0.07728904
      0.23638803
     -0.12554685
      0.08512087
     -0.16335808
      0.34286207
     -0.03929288
      0.34341495
     -0.05120627
      0.16836555
     -0.14229748
      0.25836949
     -0.15823428
      0.15160020
     -0.14564272
      0.40447202
     -0.08992322
      0.27316296
     -0.26125548
      0.32059837
     -0.12210361
      0.29836360
     -0.19057824
      0.35783206
     -0.14568442
      0.21344012
     -0.16251861
      0.29724720
     -0.12511187
      0.20990279
      0.02636260
      0.04168934
     -0.08788200
      0.30609202
     -0.07824955
      0.15930278
     -0.12460133
      0.20577791
     -0.09900954
      0.43308748
     -0.05194014
     -0.01725519
     -0.02487634
      0.20000468
     -0.21263467
      0.16548515
     -0.19704127
      0.26994295
     -0.19395711
      0.28217805
     -0.15270217
      0.32088978
     -0.08673615
      0.11275388
     -0.09763763
      0.23683337
      0.04752384
      0.15751981
     -0.10564787
      0.26954361
     -0.15823428
      0.36476060
     -0.11353265
      0.25818875
     -0.10834362
      0.28267579
     -0.24160680
      0.14778767
      0.07475388
      0.13198045
     -0.21263467
      0.26877995
     -0.14644108
      0.27388402
     -0.15300974
      0.21022732
     -0.08801469
      0.21002326
     -0.16964402
     -0.06850983
     -0.24946633
      0.19889018
     -0.14843536
      0.21537401
     -0.07571608
      0.26415039
     -0.15088670
      0.20511849
     -0.21269287
      0.20490366
     -0.06149061
      0.18910074
     -0.24644193
     -0.05314539
     -0.17685331
      0.16550050
     -0.12075417
      0.23836083
     -0.21818298
      0.27132466
     -0.08015888
      0.33547804
     -0.16335808
      0.36961391
     -0.00420553
      0.11093535
     -0.12442760
      0.07298992
     -0.15634795
      0.10028221
     -0.11788983
      0.14586418
      0.00418520
      0.21695615
     -0.12700388
      0.22007673
     -0.10634956
      0.31164305
     -0.04491572
      0.16948499
     -0.12232523
      0.22482902
     -0.14881845
      0.22107259
     -0.23292438
      0.42502633
      0.03564064
      0.27110885
     -0.17398956
      0.26389015
     -0.17152587
      0.17491480
     -0.18033618
      0.02872477
     -0.20549423
      0.29716051
     -0.09024092
      0.20096842
     -0.03338914
      0.20692713
     -0.04135610
      0.08640580
     -0.12277959
      0.16327262
     -0.13054012
      0.17604336
     -0.11852820
      0.28555247
     -0.13515258
      0.36590365
     -0.03928882
      0.24178444
     -0.09263296
      0.39949016
     -0.30002650
      0.29332886
     -0.09308696
      0.40003583
     -0.10226812
      0.25447988
     -0.05153564
      0.25075931
     -0.12151124
      0.41863466
     -0.04957321
      0.23148929
     -0.08999646
      0.36548574
     -0.16399447
      0.29052666
     -0.13479677
      0.45765335
     -0.08406786
      0.10616638
     -0.09026179
      0.16791659
      0.02607179
      0.22118535
     -0.10635075
      0.29426274
     -0.15869711
      0.26856797
     -0.05037339
      0.29019204
     -0.12308467
      0.25616874
     -0.14175068
      0.32710914
     -0.09763763
      0.29009383
     -0.13815548
      0.29047925
     -0.02135773
      0.07693655
     -0.11329768
      0.08456082
     -0.14481810
      0.21732944
     -0.17244046
      0.31637170
     -0.10341541
      0.26629727
     -0.22384830
      0.29431927
     -0.18043669
     -0.00632021
     -0.18014400
      0.23349908
     -0.27372167
      0.06480206
     -0.08510635
      0.19103198
     -0.11681582
      0.24073550
     -0.20345515
      0.21024057
     -0.12955096
      0.26450253
     -0.14622661
      0.31333272
     -0.03612395
      0.39309721
     -0.11279388
      0.13658383
     -0.18501588
      0.25814203
     -0.11951358
      0.15204704
     -0.08096792
      0.12922783
     -0.21649412
      0.34238385
     -0.12712036
     -0.03261201
     -0.20347172
      0.13626989
     -0.07829007
      0.08940215
     -0.19104872
      0.21342739
      0.12259199
      0.31706851
     -0.17286557
     -0.03541091
     -0.19573793
      0.04007669
     -0.05199839
      0.20052145
     -0.04392867
      0.16831163
     -0.31112655
      0.45108753
     -0.18807067
      0.14097310
     -0.14717011
      0.21804264
     -0.09071210
      0.13106151
     -0.15156168
      0.17079227
     -0.22156017
      0.37075249
     -0.15640259
      0.20104621
     -0.24843285
      0.24133297
     -0.19109468
      0.06235204
     -0.17130249
     -0.04751471
     -0.23718003
      0.19966706
     -0.16460800
      0.39480193
     -0.11190500
      0.18830644
     -0.08006724
      0.18869593
     -0.15777917
      0.39858433
     -0.14183982
      0.42413050
     -0.15134582
      0.31071272
     -0.23947395
      0.05722167
     -0.15065063
      0.22637363
     -0.20583843
      0.14211020
     -0.06842207
      0.28218066
     -0.14053978
      0.29597907
     -0.14009180
      0.30184203
     -0.15658633
      0.32099240
     -0.09720658
      0.25724931
     -0.09533669
      0.22210841
     -0.06827503
      0.27126465
     -0.11946519
      0.16896154
     -0.17498747
      0.23597898
     -0.27370909
      0.27536906
     -0.16386578
      0.16995465
     -0.18251749
      0.29312398
     -0.15799582
      0.21819173
     -0.05215595
      0.40823564
     -0.23296233
      0.33541296
     -0.03323344
      0.40666476
     -0.10950184
      0.07951363
     -0.06557876
      0.26629727
     -0.14450198
      0.12911059
     -0.03575516
      0.14262176
     -0.05832825
      0.39837453
     -0.13359897
      0.20096842
     -0.13070017
      0.17848531
     -0.18864928
      0.22107259
     -0.10227755
      0.15503564
     -0.14056322
      0.17556848
     -0.09858926
      0.31669178
     -0.07333262
      0.14262176
     -0.26732477
      0.23162181
     -0.13081922
      0.09379547
     -0.20602757
      0.35608188
     -0.20774822
      0.27621041
     -0.24644193
      0.23553993
      0.04384606
      0.17996685
     -0.09748459
      0.16410512
     -0.11656131
      0.38192513
     -0.04578145
      0.27126320
     -0.13046665
      0.17532061
     -0.14450313
      0.14262145
     -0.04755288
      0.31264777
      0.05427679
      0.27454646
     -0.17630943
      0.11590910
     -0.17082132
      0.25384114
     -0.15964319
      0.22295452
     -0.01155974
      0.29117882
     -0.09481649
      0.10898716
     -0.05480748
      0.21912617
     -0.17364950
      0.20594185
     -0.15740188
      0.15647868
     -0.10024335
      0.21950979
     -0.15082487
      0.04085291
     -0.06848989
      0.16803479
     -0.23950748
      0.31673656
     -0.09551570
      0.20330286
     -0.08307806
      0.23413930
     -0.08801469
      0.10360066
     -0.09498908
      0.13971287
     -0.06721021
      0.35525736
     -0.08017538
      0.10660272
     -0.11029981
      0.11585897
     -0.03228935
      0.21694436
     -0.08463064
      0.28585785
     -0.06312021
      0.32681515
     -0.07669700
      0.11597705
     -0.20228079
      0.25871733
     -0.11900398
      0.23989430
     -0.11909284
      0.34431951
     -0.07114537
     -0.01359574
     -0.23435131
      0.09228696
     -0.15313724
      0.34436041
     -0.12285197
      0.06285002
     -0.14048522
      0.13631608
     -0.04897254
      0.14642939
     -0.10231384
      0.19464963
     -0.13155758
      0.37137280
     -0.09744138
      0.33735208
     -0.07339699
      0.14253079
     -0.16647185
      0.31343444
     -0.14220203
      0.28499665
     -0.08538715
      0.34217810
     -0.00646372
      0.30360902
     -0.14617751
      0.22407051
     -0.13827137
      0.15549279
     -0.10707541
      0.33222227
     -0.09583750
      0.25513439
     -0.12622504
      0.04420777
     -0.20833345
      0.16992505
     -0.12128464
      0.37305780
     -0.02635716
      0.06837765
     -0.08019874
      0.33065115
     -0.17491532
      0.35750820
     -0.14612221
      0.14262176
     -0.01893025
      0.42820091
     -0.12112533
      0.32979872
     -0.09505876
      0.33623678
     -0.09165666
      0.20609994
     -0.06059960
      0.29060734
     -0.30450503
      0.15657261
      0.01965045
      0.37066445
     -0.04060649
      0.25605650
     -0.01054868
      0.14976210
     -0.16074921
      0.30430258
     -0.11113452
      0.41407957
     -0.12170941
      0.40260098
     -0.07022243
      0.28744787
     -0.15815035
      0.31395394
     -0.09218565
      0.20550671
     -0.21684260
      0.07690708
     -0.13930498
      0.23171707
     -0.09931079
      0.29019204
     -0.13264534
      0.31661643
     -0.18741632
      0.14617069
     -0.15867984
      0.24877340
     -0.14325273
      0.27090255
     -0.07829007
      0.12563423
     -0.02339386
      0.46042168
     -0.20802557
      0.19632303
     -0.16728215
      0.37576871
     -0.12346986
      0.39770627
     -0.16246351
      0.06520419
     -0.09055629
      0.19845613
     -0.01500307
      0.38115615
     -0.04521506
      0.15652480
     -0.29449758
      0.06005085
     -0.02306372
      0.26845655
     -0.06557877
      0.25104602
     -0.15873903
      0.05491597
     -0.10060161
      0.34145239
     -0.01913422
      0.30296182
     -0.02076282
      0.03997688
     -0.22612832
      0.20576638
     -0.06543522
      0.11533164
     -0.08274382
      0.15938634
     -0.01955351
      0.16628971
     -0.19868235
      0.31988958
     -0.09055629
      0.40981592
     -0.11140966
      0.39801304
     -0.16395610
      0.24880434
     -0.14906903
      0.25103573
     -0.09071210
      0.27710423
     -0.12644343
      0.43420423
     -0.05432235
      0.25693296
     -0.17296146
      0.05420444
     -0.12517937
      0.14488893
     -0.12068561
      0.06924556
     -0.18648076
      0.23563315
     -0.06222898
      0.02448894
     -0.21633274
      0.15049338
     -0.08627342
      0.06960081
     -0.19812254
      0.10244376
     -0.16395610
      0.17987817
     -0.07391006
      0.30296182
     -0.18607823
      0.32625952
     -0.16754028
      0.14033523
     -0.14149060
      0.11602361
     -0.05738613
      0.10989160
     -0.25189756
      0.15623985
     -0.00312414
      0.31767723
     -0.13474098
      0.28307972
     -0.02585379
      0.33211830
     -0.02398137
      0.37029552
     -0.13275636
      0.17940431
     -0.11165910
      0.13971118
     -0.16386578
      0.27223952
     -0.13275636
      0.33655776
     -0.15806813
      0.20127192
     -0.07360059
      0.14593936
     -0.16590923
      0.35114034
     -0.15098571
      0.29019204
     -0.14337711
      0.17317965
     -0.14239957
      0.23570781
     -0.16957540
      0.31859355
     -0.14417995
      0.35656766
     -0.21633457
      0.24136284
     -0.09513535
      0.12613115
     -0.29965609
      0.17984684
     -0.20906593
      0.29328828
     -0.16416115
      0.30479222
     -0.12113406
      0.08557361
     -0.16182823
      0.29257075
     -0.11721799
      0.26409414
     -0.15107322
      0.14002559
     -0.17882437
      0.07631932
     -0.04498207
      0.24594299
     -0.01850842
      0.18207118
     -0.06557876
      0.14592770
     -0.00521593
      0.31759253
     -0.10847389
      0.28116276
     -0.14724948
      0.38805366
     -0.12611769
      0.14978054
     -0.19518120
      0.24487693
     -0.17497754
      0.26830256
     -0.04866710
      0.19697809
     -0.03412242
      0.38504668
     -0.14975407
      0.42915026
     -0.00326996
      0.28087128
     -0.07850241
      0.22529132
     -0.03412242
      0.26030162
     -0.15886693
      0.23414122
      0.00114810
      0.08810387
     -0.23944730
      0.19849154
     -0.08070530
      0.30914653
     -0.07648623
      0.28522295
     -0.12700388
      0.25587599
     -0.17387314
      0.19969472
      0.01068993
      0.30592770
     -0.00846834
      0.31395346
     -0.20843188
      0.27149647
      0.02680046
      0.28048423
     -0.13571659
      0.22407051
     -0.07164229
      0.14421946
     -0.12078622
      0.21019723
     -0.01725159
      0.17842873
     -0.12621929
      0.40816472
     -0.16732132
      0.23976983
     -0.24815140
      0.40216589
     -0.10951677
      0.12286903
     -0.26616298
      0.38890064
     -0.13828257
      0.26688696
     -0.06559790
      0.33315096
     -0.08555826
      0.30386449
     -0.00333772
      0.20134646
     -0.06190728
      0.21504245
     -0.12814098
      0.36258241
     -0.19082244
      0.33120378
     -0.17041384
      0.37068541
     -0.05291041
      0.27092777
     -0.10635075
      0.23120246
     -0.14970423
      0.35052026
     -0.15642775
      0.21944759
     -0.13016043
      0.20692713
     -0.23941536
      0.39794558
     -0.06533242
      0.35524870
     -0.30537538
      0.38941394
     -0.05487047
      0.29551066
      0.00567960
      0.14351248
     -0.11461510
      0.31837009
     -0.06312088
     -0.13828440
     -0.27496153
      0.25661328
     -0.01319162
      0.04380441
     -0.08439064
      0.16158427
     -0.31097454
      0.33561075
     -0.06558424
      0.20512955
     -0.17657609
      0.43343947
     -0.11177804
      0.28260324
     -0.07413099
      0.37580538
     -0.05303632
      0.35156913
      0.12799779
      0.12688434
     -0.14908465
      0.22467653
     -0.16058372
      0.22486833
     -0.02100995
      0.29757404
     -0.08394106
      0.10915942
     -0.14170573
      0.32059837
     -0.21872674
      0.30212738
     -0.18792768
      0.19569850
     -0.23729745
      0.38124449
     -0.14903939
      0.15763550
     -0.04807014
      0.37575197
     -0.13611462
      0.25765781
     -0.02720890
      0.22371349
     -0.21269287
      0.35484722
     -0.15920656
      0.22196801
     -0.13138543
      0.38727056
      0.02714804
     -0.02667212
     -0.17299796
      0.28642840
     -0.12144011
      0.11286122
     -0.16356205
      0.35604667
     -0.16095064
      0.30916414
     -0.09884996
      0.29257553
     -0.07018658
      0.35460377
     -0.21997724
      0.24945677
     -0.14893288
      0.30784853
     -0.12238003
      0.34435812
     -0.13019182
      0.31913798
     -0.13486710
      0.22882711
     -0.19773315
      0.22792667
     -0.19099228
      0.17317433
     -0.17231126
      0.23600780
      0.04965142
      0.21487892
     -0.15123903
      0.15357871
     -0.11092898
      0.25061751
     -0.14593882
      0.26127511
     -0.10871362
      0.25948959
     -0.30530970
      0.17657205
      0.01276180
      0.29002359
     -0.07866169
      0.31289060
     -0.12435935
      0.28549050
     -0.22682098
      0.32246223
     -0.24946053
      0.28748381
     -0.12793691
      0.26434180
     -0.14593882
      0.36219680
     -0.15694941
      0.20648209
     -0.14234729
      0.26011689
     -0.13828075
      0.20449744
     -0.08231696
      0.22793581
     -0.21263467
      0.16551308
     -0.13013106
      0.29812431
     -0.07392765
      0.28643141
     -0.15776371
      0.29052666
     -0.16460800
      0.28705797
     -0.05250232
      0.28564188
     -0.11902476
      0.30335924
     -0.10498241
      0.25880763
     -0.15988010
      0.07976507
     -0.16096336
      0.37583520
     -0.14900732
      0.32863953
     -0.11715675
      0.08182770
     -0.04136577
      0.29004017
     -0.13190336
      0.19664542
     -0.16666682
      0.27710423
     -0.23949910
      0.31423339
     -0.06523740
      0.30605677
     -0.14017315
      0.36198003
      0.09504708
      0.41484885
     -0.28860812
      0.20701379
     -0.11788272
      0.42331268
     -0.13163181
      0.24838384
     -0.05582812
      0.23788490
     -0.17407044
      0.30605677
     -0.11788272
      0.27917623
     -0.11855837
      0.17364442
     -0.30532367
      0.22202904
     -0.16628547
      0.13715947
      0.06401131
      0.25227198
     -0.09677069
      0.19395606
     -0.18864928
      0.30746860
      0.00364470
      0.06990395
     -0.12479210
      0.29834171
     -0.13598868
      0.31629456
     -0.09222800
      0.24767337
     -0.08049070
      0.17690648
     -0.11957319
      0.28220715
     -0.05417188
      0.18149937
     -0.31270740
      0.23302430
     -0.07649083
      0.22248380
     -0.02454885
      0.34550020
     -0.17265876
      0.31960301
     -0.18820373
      0.27908991
     -0.24815374
      0.32600896
     -0.09536860
      0.19265273
     -0.17259821
      0.17315069
     -0.16399447
      0.35961647
     -0.24843049
      0.34925025
     -0.12627060
      0.17704798
     -0.11032393
      0.22381500
     -0.05510747
      0.16714698
     -0.00545869
      0.32175908
      0.04045075
      0.29460234
     -0.22698301
      0.38851959
     -0.18864928
      0.29971002
     -0.22384830
      0.25843886
     -0.17207131
      0.09915069
     -0.25017694
      0.06067813
     -0.35885556
      0.30420179
     -0.09092962
      0.17595743
     -0.07267110
      0.40329525
     -0.02906769
      0.26682011
     -0.08433730
      0.30210804
     -0.26229393
      0.28120212
     -0.21633274
      0.28278241
     -0.04072474
      0.26834529
     -0.09759429
      0.28276378
     -0.03956442
      0.23086562
     -0.14056322
      0.23863982
     -0.12493509
      0.39150299
     -0.10958866
      0.38164958
     -0.24360871
      0.16628655
     -0.17224915
      0.25105464
     -0.06143096
      0.17147157
     -0.08614287
      0.38695265
     -0.07361238
      0.34391650
     -0.14638965
      0.30235628
     -0.23624108
      0.32041691
     -0.09796703
      0.25441772
     -0.02183966
      0.35948932
     -0.30450912
      0.26434671
     -0.04342007
      0.34605654
     -0.14912749
      0.33677721
     -0.14148842
      0.33644584
     -0.10032347
      0.28956184
     -0.17286557
      0.22743223
     -0.03956442
      0.09814902
     -0.27905550
      0.24016425
     -0.18840462
      0.23802918
     -0.13036801
      0.33609689
     -0.15927037
      0.34325384
     -0.24396249
      0.23349908
     -0.11226093
      0.29019204
     -0.11914257
      0.17003738
     -0.11957319
      0.36125262
     -0.16182613
      0.25616874
     -0.07836447
      0.25428141
     -0.13831094
      0.18207025
     -0.07283092
      0.26068529
     -0.18818291
      0.13538197
     -0.12928067
      0.33527969
     -0.17318390
      0.29392988
     -0.09218565
      0.24057894
     -0.04225691
      0.22224840
     -0.15730383
      0.24861318
     -0.19443903
      0.22469116
     -0.20152639
      0.39739304
     -0.19079528
      0.18792750
     -0.14069609
      0.38025988
     -0.03010558
      0.30195726
      0.02975793
      0.34231752
     -0.08015764
      0.26839756
     -0.09544392
      0.34946685
     -0.15765599
      0.17803853
     -0.11930288
      0.19829647
     -0.14273431
      0.19768470
     -0.16357373
      0.30319717
     -0.21300457
      0.12500232
     -0.04006910
      0.14268308
     -0.14490833
      0.20917593
     -0.15045663
      0.27059218
     -0.09535733
      0.26068326
     -0.08922597
      0.27803951
     -0.06261060
      0.26934112
     -0.10966129
      0.22782256
     -0.03500101
      0.08898123
     -0.12061613
      0.34790334
     -0.18307404
      0.24512382
     -0.05586959
      0.13676048
     -0.03826061
      0.27140619
     -0.06377779
      0.24082697
     -0.17115157
      0.23202091
     -0.08578008
      0.37013569
     -0.17108459
      0.24393532
     -0.07321349
      0.19225758
     -0.04668672
      0.32041691
     -0.07289161
      0.21566394
     -0.10766188
      0.27152891
     -0.08217373
      0.33319134
     -0.26731219
     -0.06776043
     -0.24766187
      0.12921865
     -0.24815374
      0.27765131
     -0.09894206
      0.26994751
     -0.16413977
      0.31796545
     -0.07653286
      0.35737303
     -0.04097417
      0.25023933
     -0.13009956
      0.10617266
     -0.10627864
      0.27083934
     -0.07867088
      0.24844379
     -0.17848801
      0.09728070
     -0.13146424
      0.26745000
     -0.16113805
      0.16856548
     -0.15788353
      0.28648651
     -0.34432658
      0.25697775
     -0.02847456
      0.23250621
     -0.12708419
      0.22197977
     -0.24948987
      0.27332153
      0.02935777
      0.21466522
     -0.12807655
      0.45794342
     -0.21997724
      0.23618915
     -0.12473029
      0.23716842
     -0.09328429
      0.11294376
     -0.22068360
      0.36952147
     -0.04884397
      0.18964554
     -0.12061613
      0.08070958
     -0.12712290
      0.24379633
     -0.17510018
      0.24565593
      0.01899850
      0.14917051
     -0.10884840
      0.18923305
     -0.01402439
      0.11509910
     -0.09038391
      0.33961653
      0.02380484
      0.27139772
     -0.10024390
      0.24167392
     -0.16304047
      0.24953305
     -0.03645205
      0.34196270
     -0.15806813
      0.28734757
      0.00646218
      0.45537434
     -0.12176679
      0.25771145
     -0.13126242
      0.26778034
      0.01316209
      0.13055624
     -0.17130136
      0.15688018
     -0.19843995
      0.33643538
     -0.16252553
      0.14256870
     -0.19948422
      0.36449511
     -0.09582811
      0.14033523
     -0.15806813
      0.35306261
     -0.07176356
      0.15442190
     -0.13485192
      0.30248996
     -0.06558424
      0.34923716
     -0.06586943
      0.17363041
     -0.12202453
      0.05308354
     -0.13127333
      0.19885974
     -0.17176465
      0.42331268
     -0.24958210
      0.22496378
     -0.11370327
      0.23991952
     -0.14870187
      0.27035788
     -0.07572098
      0.26269295
     -0.20068119
      0.07253776
     -0.29747790
      0.16540970
     -0.21454885
      0.29001047
     -0.19904888
      0.27162098
     -0.11028451
      0.25039963
     -0.15713469
      0.18010563
     -0.11415506
      0.29495573
     -0.15866215
      0.25048385
     -0.00590917
      0.10916082
     -0.06424486
      0.30573085
     -0.03561721
      0.20701379
     -0.07140595
      0.18830491
     -0.05178139
      0.25025101
     -0.24665531
      0.35484987
     -0.09598890
      0.37583469
     -0.21266363
      0.15441344
     -0.09197492
      0.02231883
     -0.23725548
      0.27701559
     -0.07373981
      0.27912692
     -0.18836081
      0.17725135
     -0.22382890
      0.32793681
     -0.05280803
     -0.03076887
     -0.19364473
      0.20425650
     -0.06056574
      0.31003366
     -0.12028694
      0.31789523
     -0.02385381
      0.28915900
     -0.25762873
      0.21568697
     -0.10578595
      0.25634446
     -0.14407255
      0.17396842
     -0.08704863
     -0.03468285
     -0.08401317
      0.35430283
     -0.15230990
      0.10919071
     -0.13712882
      0.04166898
     -0.22382746
      0.17318140
     -0.12700388
      0.08275779
     -0.11947276
      0.14066369
      0.02957822
      0.21802017
     -0.03033168
      0.21584634
     -0.15328910
      0.42191072
     -0.05752370
      0.29348724
     -0.09505876
      0.18688533
      0.06343253
      0.07795721
     -0.07968430
      0.16531088
     -0.09908598
      0.29782929
      0.04325444
      0.29366080
     -0.24370463
      0.31730553
     -0.10428750
      0.12294458
     -0.23971040
      0.24772170
      0.00971251
      0.16629478
     -0.15503667
      0.40845965
      0.02680046
      0.31896669
     -0.12046627
      0.15763550
     -0.00336887
      0.27152419
     -0.13211391
      0.23568983
     -0.13145862
      0.30355035
     -0.14171428
     -0.01501038
     -0.17380855
      0.07453415
     -0.24969492
     -0.06848063
     -0.22547223
      0.29310762
     -0.03188427
      0.12169974
     -0.13092495
      0.11608376
     -0.25410435
      0.24206371
     -0.15542759
      0.24367426
     -0.18796304
      0.26711169
     -0.08404720
      0.20045806
     -0.13287267
      0.20284939
     -0.22324933
      0.29005850
     -0.12081552
      0.23990633
     -0.13412675
      0.35903889
     -0.21501231
      0.11585897
     -0.17381991
      0.26961241
     -0.11461828
      0.32772852
     -0.21068261
      0.49793670
     -0.07929564
      0.33879888
     -0.10635075
      0.27696710
     -0.06850983
      0.26935630
     -0.03598820
      0.27636996
     -0.10539544
      0.30190213
     -0.07870272
      0.11586053
     -0.22382746
      0.17991535
      0.07161507
      0.40780418
     -0.12667673
      0.18728175
     -0.13012519
      0.31960181
     -0.12088832
      0.26290822
     -0.07657734
      0.00443612
     -0.13962674
      0.34850958
     -0.06150455
      0.30644640
     -0.17078195
      0.31719536
     -0.07436500
      0.08275779
     -0.14446763
      0.24833089
     -0.17175820
      0.29323645
     -0.07718790
      0.28693742
     -0.05780354
      0.34248270
     -0.14049369
      0.28004510
     -0.09065227
      0.30237820
     -0.08001912
      0.37561450
     -0.13738763
      0.06909429
     -0.24951813
      0.25948959
     -0.15815141
      0.37217757
     -0.15333961
      0.29362833
     -0.10500151
      0.24047997
     -0.06842036
      0.31637170
     -0.18787221
      0.25712364
     -0.00777398
      0.20265558
     -0.05481044
      0.27378354
     -0.16107647
      0.20862136
     -0.02879921
      0.27252625
     -0.18506631
      0.23506367
     -0.03639880
      0.32525348
     -0.12277195
      0.37340453
     -0.11845555
      0.31138051
     -0.06148210
      0.20031612
     -0.09112502
      0.33077001
     -0.07972648
      0.32770383
     -0.02518059
      0.22240044
     -0.04003789
      0.37916839
     -0.04856769
      0.34825490
     -0.17809712
      0.20894614
     -0.12176679
      0.37068253
     -0.07488575
      0.19865696
     -0.17299203
      0.32337997
     -0.30482085
      0.22889381
     -0.17108459
      0.33087545
     -0.09893964
      0.39718482
     -0.18389190
      0.20402947
     -0.16291660
      0.35261425
     -0.24364967
      0.28249268
     -0.06245192
      0.08714695
     -0.21450064
      0.23137052
      0.01936473
      0.28546087
     -0.30426267
      0.20609994
     -0.17534626
      0.19596393
     -0.08153311
      0.19346610
     -0.12087155
      0.29943015
     -0.11646339
      0.17230075
     -0.03824560
      0.23993299
     -0.12061015
      0.16624001
     -0.03098634
      0.36911192
     -0.13412675
      0.14105477
     -0.21263467
      0.31764917
     -0.20200983
      0.26391343
     -0.26943221
      0.19903212
     -0.12818143
      0.17776995
     -0.02577252
      0.24828620
     -0.14368223
      0.12592975
     -0.22088912
      0.40851463
     -0.12809362
      0.26476542
     -0.07119413
      0.39523591
     -0.03503922
      0.27816330
     -0.15323662
      0.27219363
     -0.07133796
      0.31713262
     -0.13138543
      0.19465629
     -0.18245849
      0.24555192
     -0.04790237
      0.23081315
      0.05274909
      0.17991535
     -0.13832641
      0.18414284
      0.01335874
      0.15813948
     -0.12891423
      0.32103009
     -0.06557876
      0.32303881
      0.02680046
      0.26918007
     -0.18458450
      0.18154843
     -0.16625726
      0.19465629
     -0.16643996
      0.23128600
     -0.03046053
      0.20711425
     -0.17081596
      0.19904462
     -0.14974037
      0.18354827
      0.00546516
      0.32071323
     -0.15694941
      0.20265558
     -0.12204971
      0.29333089
     -0.04081216
      0.08592732
     -0.07124038
      0.16404033
     -0.17013864
      0.40619015
     -0.02942726
      0.31294832
     -0.13127333
      0.32213915
     -0.03456444
      0.22486833
     -0.16275494
      0.44989103
     -0.07104689
      0.25491632
     -0.17391494
      0.29123134
     -0.15208432
      0.40581308
     -0.09072572
      0.24891423
     -0.06150800
      0.30320776
     -0.11019759
      0.10543218
     -0.03987576
      0.10297065
     -0.00294494
      0.28023945
     -0.23500764
      0.28645905
     -0.21263467
      0.23727059
     -0.21625968
      0.19768470
     -0.21968984
      0.28542742
     -0.07562475
      0.40222958
     -0.09246722
      0.26859617
      0.02987731
      0.24112170
     -0.00911928
      0.19364968
     -0.13175020
      0.05749242
     -0.15425026
      0.24911439
     -0.13623184
      0.25218523
     -0.15791086
      0.16966702
     -0.09678113
      0.11286122
     -0.02563507
      0.23554935
     -0.12573613
      0.35803673
     -0.10858499
      0.26604365
     -0.05773861
      0.28843982
      0.04488992
      0.37152228
     -0.11397734
      0.15641445
     -0.04847673
      0.25783335
     -0.04487815
      0.22882729
     -0.01841283
      0.12911114
     -0.13514979
      0.33488906
     -0.05235744
      0.27654605
     -0.08099538
      0.31261116
     -0.14671399
      0.15547024
     -0.15880712
      0.13249449
     -0.07521718
      0.20093578
     -0.11993125
      0.17846592
     -0.12305295
      0.21731685
      0.07333018
      0.30201447
     -0.20163583
      0.24363558
     -0.08273785
      0.24662502
     -0.08350614
      0.23000296
     -0.27634284
      0.26044981
     -0.12291960
      0.07850206
     -0.05086996
      0.06990395
     -0.23119037
      0.35306261
     -0.10477028
      0.33327061
     -0.21636445
      0.03727164
     -0.15867984
      0.27356945
     -0.11214966
      0.34707733
     -0.15323645
      0.20624574
      0.03391898
      0.14580290
     -0.21625968
      0.28810904
     -0.20395645
      0.21726304
     -0.16395762
      0.32773126
     -0.06972129
      0.16553125
     -0.18307404
      0.25242735
     -0.17309358
      0.08640580
     -0.21444022
      0.36170086
     -0.02306246
      0.18910074
     -0.04434076
      0.16508648
     -0.13082022
      0.36050508
     -0.17299203
      0.04168868
     -0.10745400
      0.38573463
      0.02074725
      0.24850359
     -0.17221284
     -0.00020106
     -0.14158542
     -0.00420553
     -0.14445591
      0.31606012
     -0.15726757
      0.36186426
     -0.19414009
      0.38707677
     -0.17208432
      0.28263497
     -0.14574228
      0.28309851
     -0.04426603
      0.23695779
     -0.14445591
      0.23128600
     -0.05773861
      0.23872797
     -0.00823595
      0.26627497
     -0.15694941
      0.21487892
     -0.04284321
      0.18860173
     -0.15867984
      0.21633266
     -0.07473412
      0.17363442
     -0.17472432
      0.20676769
     -0.08159796
      0.33605980
     -0.12723597
      0.37673748
     -0.12549830
      0.39626873
      0.00426343
      0.08739011
     -0.14444292
      0.08401014
     -0.12608200
      0.41076168
     -0.00322747
      0.28300436
     -0.07990530
      0.32221364
     -0.07968430
      0.21851654
     -0.07513334
      0.22195666
     -0.23325857
      0.55046143
     -0.07187429
      0.25143196
     -0.14600322
      0.31707087
     -0.13869533
      0.32467068
     -0.12089251
      0.14385159
     -0.14148842
      0.05225722
     -0.04101035
      0.34895535
     -0.12988808
      0.13090059
     -0.19959638
      0.31873060
     -0.07079559
      0.41015313
     -0.17244162
      0.18845556
     -0.06355053
      0.28747149
     -0.13018303
      0.19975658
     -0.06992494
      0.17999269
     -0.07608460
      0.22637363
     -0.15883124
      0.37582067
     -0.07181948
      0.37032725
     -0.10432625
      0.23634413
     -0.13681596
      0.29561260
     -0.11214984
      0.41335811
     -0.14354520
      0.37255016
     -0.10028910
      0.14588380
     -0.03471188
      0.42918301
     -0.02879928
      0.23516436
     -0.03986978
      0.39888063
     -0.17488514
      0.07574041
     -0.10967454
      0.21128259
     -0.06317989
      0.17318207
     -0.10277152
      0.19849052
      0.03726923
      0.33157726
     -0.35294121
      0.20609829
     -0.12128391
      0.24991028
     -0.02313272
      0.09348693
     -0.12346624
      0.29900572
     -0.08392692
      0.30562615
     -0.02030988
      0.17438605
     -0.27611267
      0.11341940
     -0.08051924
      0.16575823
     -0.30450912
      0.36149816
     -0.05426585
      0.26352023
     -0.15358259
      0.21547230
     -0.16399447
      0.15409885
     -0.12518905
      0.32790435
     -0.07301301
      0.39422859
     -0.07722203
      0.36473465
     -0.09926161
      0.41284158
     -0.13809638
      0.18725556
     -0.04020910
      0.36640573
     -0.17921937
      0.19619851
     -0.02635716
      0.38240351
     -0.09572467
      0.22908984
     -0.08106748
      0.19328760
     -0.00440258
     -0.00668509
     -0.09339208
      0.39889165
     -0.12271327
      0.36915655
     -0.23287848
      0.31229626
     -0.06355493
      0.11785607
     -0.22553574
      0.28810904
     -0.11380416
      0.24881458
     -0.10864506
      0.21875686
     -0.12182632
      0.27895493
     -0.13805812
      0.21685078
     -0.16601894
      0.28724518
     -0.31925900
      0.38884622
     -0.09741202
      0.14512499
     -0.16291660
      0.08256277
     -0.23984036
      0.23735494
     -0.15867984
      0.41965480
     -0.17769723
      0.32136111
     -0.00911403
      0.30877738
     -0.17089945
      0.26191419
     -0.00010755
      0.39379959
     -0.24364548
      0.31682308
     -0.08022970
      0.27035871
     -0.25343127
      0.23413644
     -0.14843777
      0.24905375
     -0.11500983
      0.10471844
     -0.01841752
      0.33389621
     -0.21432855
      0.19911318
     -0.17083041
      0.27158211
     -0.04305411
      0.31500354
     -0.04495923
      0.34145455
     -0.22201548
      0.23849801
     -0.07207925
      0.26390612
     -0.15083581
      0.21919759
     -0.07668238
      0.25468532
     -0.03965862
      0.19112318
     -0.03700305
      0.15505920
     -0.11429708
      0.24898139
     -0.09789159
      0.05822308
     -0.05466337
      0.34424428
     -0.07303910
      0.32073539
     -0.05773861
      0.39106359
      0.03482362
      0.21566631
     -0.09489733
      0.23687039
     -0.00755021
     -0.03188760
     -0.21537287
      0.18625659
     -0.15830335
      0.17318570
     -0.17156280
      0.18942583
     -0.05609256
      0.27507170
     -0.17884726
      0.31951439
     -0.09486367
      0.17510428
     -0.24206964
      0.21194006
      0.02988595
     -0.03195696
     -0.10661045
      0.24126725
     -0.03418702
      0.26833038
     -0.21504706
      0.26833038
     -0.09454494
      0.38694387
     -0.31300127
      0.33661311
     -0.03154679
      0.52679771
     -0.13827137
      0.25013339
     -0.06673189
      0.10795152
     -0.07941955
      0.19209491
     -0.10692329
      0.31848648
     -0.21624840
      0.20239444
     -0.15806739
      0.26420943
     -0.12305496
      0.19589014
     -0.14257890
      0.42243269
     -0.12318111
      0.46885098
     -0.05017040
      0.11510577
     -0.23031481
      0.26535064
     -0.12296760
      0.05591106
     -0.00843904
      0.29568049
     -0.04053725
      0.15574375
     -0.08459918
     -0.07569325
     -0.20359073
      0.26953221
     -0.16028745
      0.27640421
     -0.23939440
      0.18468492
     -0.21284262
      0.31544118
     -0.08322646
      0.30530317
      0.06496016
      0.38828472
     -0.11607585
      0.28908821
     -0.22028117
      0.30342775
     -0.12693859
     -0.05739341
     -0.14477836
      0.32273608
     -0.12622504
      0.26342788
     -0.17259821
      0.22542121
     -0.06933574
      0.23831695
     -0.03853914
      0.08189570
     -0.05734551
      0.18939343
     -0.13057168
      0.21600179
     -0.00583922
      0.13655538
     -0.08235150
      0.35468635
     -0.14696189
      0.42991958
     -0.24630540
      0.14759399
     -0.16202860
      0.27944360
     -0.10444763
      0.38945168
     -0.03388918
      0.29305361
     -0.13263603
      0.19373905
     -0.19058642
      0.23872874
     -0.22081085
      0.30216373
     -0.08390517
      0.28281217
     -0.15861230
      0.43107831
     -0.04023953
      0.21505558
     -0.13898993
      0.26224236
     -0.16614384
      0.11087979
     -0.19919640
      0.09996638
     -0.09366934
      0.32363820
     -0.01459261
      0.16954574
     -0.26216644
      0.34644014
     -0.09694158
      0.24999594
     -0.16437673
      0.26742493
     -0.06132509
      0.24360759
      0.00418520
      0.06384727
     -0.12342992
      0.39551743
     -0.17115702
      0.36668793
     -0.17909102
      0.03727597
     -0.16443236
      0.20580714
     -0.07312474
      0.26015035
     -0.14948766
      0.35920805
     -0.06933386
      0.28170911
     -0.14417995
      0.09755677
     -0.17108459
      0.16553192
     -0.04133707
      0.28293186
     -0.04835254
      0.17592688
     -0.09908598
      0.25182623
     -0.10959798
      0.23769293
     -0.15150882
      0.22630628
     -0.07968430
      0.19921572
     -0.08553042
      0.35354798
      0.08736571
      0.22031873
     -0.13167260
      0.29943015
     -0.00303076
      0.20029597
     -0.03320116
      0.29953080
     -0.06815374
      0.26571441
     -0.08029954
      0.27158662
     -0.16782417
      0.20133601
     -0.11662174
      0.17556848
     -0.11275824
      0.30972604
     -0.01485607
      0.29130612
     -0.16885555
      0.11224696
      0.03247761
      0.26843680
     -0.19444707
      0.31775582
     -0.16313538
      0.06060698
     -0.19832054
      0.29129626
     -0.09797741
      0.31706601
     -0.15654803
      0.07877599
     -0.13931234
      0.18336221
     -0.14626208
      0.10648782
     -0.14036147
      0.17889446
     -0.17522186
      0.27330203
     -0.11897592
      0.37580538
     -0.08944498
      0.08827922
     -0.24627873
      0.20753386
     -0.19687026
      0.40337693
     -0.20192993
      0.32706942
     -0.13260304
      0.36073443
     -0.12282795
      0.21201034
     -0.09902175
      0.27132466
     -0.15861230
      0.10614149
     -0.36265650
      0.26981530
     -0.23950339
      0.34636528
     -0.05516398
      0.27585019
     -0.16240202
      0.38464252
     -0.20375139
      0.41696479
      0.07115632
      0.35551117
      0.01110065
      0.23737825
     -0.03598767
      0.08899338
     -0.10923822
      0.18725556
     -0.15776494
      0.21496273
     -0.10958866
      0.08070316
     -0.13047703
      0.34371160
     -0.00153994
      0.34087776
      0.02880887
      0.13715733
     -0.19780879
      0.13553391
     -0.11688072
      0.26871616
     -0.14855836
      0.18150845
     -0.05763302
      0.37653195
     -0.02677325
      0.40886166
     -0.10623422
      0.18938654
     -0.19076811
      0.21495027
     -0.18523309
      0.21150482
     -0.24933084
      0.20204156
     -0.10075805
      0.14169792
     -0.26356736
      0.32816021
     -0.14693211
      0.11523142
     -0.13500359
      0.13066543
     -0.18921228
     -0.18792591
     -0.19318413
      0.28509570
     -0.07217561
      0.21547230
     -0.19820321
      0.13997395
     -0.09491696
      0.23554067
     -0.12830717
      0.27026845
     -0.12486861
      0.10745337
     -0.11565605
      0.22981957
     -0.14483367
      0.27933605
     -0.02409980
      0.26396115
     -0.07728597
      0.29074343
      0.08957612
      0.20392318
     -0.06410712
      0.16842357
     -0.10815177
      0.15513205
     -0.05343844
      0.38585482
     -0.02101275
      0.29914523
     -0.15132622
      0.40627377
     -0.17924400
      0.29330959
      0.03591860
      0.37040957
     -0.04098955
      0.28279804
     -0.00681750
      0.19678239
     -0.08765320
      0.40087560
     -0.14315076
      0.07951363
     -0.04965246
      0.11206498
     -0.05395252
      0.30099905
     -0.12775616
      0.25514421
     -0.06471146
      0.05694831
     -0.06776159
      0.18940323
     -0.12921188
      0.22836485
     -0.07438606
      0.30213134
     -0.10918175
      0.20609994
     -0.26239858
      0.23562227
     -0.18510469
      0.22520806
     -0.17067397
      0.27218650
     -0.12277959
      0.13036078
     -0.02409980
      0.35337780
     -0.22018177
      0.23640273
     -0.14669505
      0.37052913
     -0.12722962
      0.17838486
     -0.11170801
      0.04019068
     -0.13596588
      0.26269845
     -0.06923743
      0.21773215
     -0.00907853
      0.22499427
     -0.05473939
      0.30972259
     -0.20159463
      0.24550544
     -0.16576063
      0.24265267
     -0.00758988
      0.26284616
     -0.25795415
      0.28024152
     -0.15137002
      0.21199076
     -0.10149737
      0.31215798
     -0.18339856
      0.27892942
     -0.13071662
      0.31686023
     -0.14811305
      0.43852999
     -0.00300119
      0.30619652
     -0.06545566
      0.35655551
     -0.04958749
      0.39556333
     -0.10720689
      0.08275880
     -0.09089356
      0.30173564
     -0.01412156
      0.13957889
     -0.15899834
      0.13553330
     -0.08301302
      0.25788438
     -0.24113972
      0.20585137
     -0.19424847
      0.27759330
     -0.00773117
     -0.02159952
     -0.25308354
      0.34591626
     -0.16610116
      0.24389896
     -0.09781607
      0.28168783
     -0.02931862
      0.24305082
     -0.08017743
      0.21633269
     -0.00880024
      0.25136697
     -0.00355664
      0.20114395
     -0.10684374
      0.07951363
     -0.23725548
      0.31478031
     -0.11555497
      0.31839033
     -0.12627849
      0.20454445
      0.08024265
      0.27939822
     -0.20155917
      0.05526473
     -0.23634252
      0.17452159
     -0.06268317
      0.16620778
     -0.14909034
      0.23276459
     -0.07556480
      0.00876762
     -0.05670395
      0.21802017
     -0.10264997
      0.10867259
     -0.12917886
      0.38319397
     -0.03652877
      0.33460539
      0.00366441
      0.15218682
     -0.13384499
      0.32348120
     -0.18309986
      0.38604749
     -0.08189780
      0.28026085
     -0.08193511
      0.31984155
      0.00513015
      0.12888420
     -0.21633274
      0.33338921
     -0.10050051
      0.02712718
     -0.01532928
      0.18688533
     -0.15469909
      0.36730144
     -0.04137626
      0.15204704
     -0.14780923
      0.25192610
     -0.01381506
      0.11382975
     -0.14644256
      0.39032524
     -0.17221702
      0.28076180
      0.10210360
      0.15981149
     -0.07187429
      0.05655589
     -0.16054611
      0.24732833
     -0.25448631
      0.16307729
     -0.02306248
      0.11277661
     -0.19551735
      0.16989535
     -0.10412344
      0.18839698
     -0.04956445
      0.36148998
     -0.20634451
      0.04025159
     -0.11660067
      0.25704437
     -0.09312720
      0.31753784
     -0.17814044
      0.17967036
     -0.14430256
      0.10299245
     -0.16509608
      0.33840933
     -0.00996829
      0.39913418
     -0.03097514
      0.39907521
     -0.00152555
      0.19012146
     -0.16942063
      0.10867259
     -0.09098905
      0.27304301
     -0.16647267
      0.18710988
     -0.10547909
      0.34262980
     -0.20078717
      0.34424176
     -0.18305421
      0.24586425
     -0.06349736
      0.24112730
     -0.13964508
      0.12306717
     -0.15076622
      0.38215400
     -0.07243168
      0.16539088
     -0.09308930
      0.37705125
     -0.14049427
      0.35271420
     -0.02927339
      0.19137884
     -0.13135165
      0.21688924
     -0.09974742
      0.35477395
     -0.05136142
      0.24827710
     -0.05808767
      0.25363573
     -0.09534567
      0.34317550
     -0.01527390
      0.27428049
     -0.12331295
     -0.10967476
     -0.30502703
      0.12526327
     -0.15160512
      0.22928629
     -0.14638965
      0.20155835
     -0.13308157
      0.21495027
     -0.01224241
      0.38568716
     -0.15722392
      0.14466753
     -0.06146407
      0.31294351
     -0.07719177
      0.23888886
     -0.17474042
      0.32598478
     -0.11123177
      0.27984250
     -0.09958907
      0.31337916
     -0.10871248
      0.15665841
     -0.24368196
      0.36998949
     -0.14670096
      0.04068392
     -0.18512553
      0.16533908
     -0.13012519
      0.20420998
     -0.07839433
      0.11642927
     -0.05515160
      0.20332388
     -0.07910234
      0.42036559
     -0.17181791
      0.20029597
     -0.05173595
      0.32476103
     -0.07842973
      0.16831163
     -0.17909102
      0.12367371
     -0.02080222
      0.31486705
     -0.15542759
      0.13034656
     -0.06921799
      0.28148672
     -0.06355053
      0.22149590
     -0.11900398
      0.27637948
     -0.09093731
      0.29489658
     -0.14979330
      0.23883085
     -0.19407789
      0.21081884
     -0.08574362
      0.26913813
     -0.11363424
      0.35957937
      0.10287113
      0.37381549
     -0.18380938
      0.37927889
     -0.05437788
      0.33873498
     -0.04572294
      0.16397274
     -0.23934175
      0.27981440
     -0.20537610
      0.13396490
     -0.11607919
      0.30994697
      0.01631314
      0.13567236
     -0.27626279
      0.31957495
     -0.12201649
      0.17824466
     -0.15806355
      0.25804170
     -0.04028820
      0.20575758
     -0.18765604
      0.29599669
     -0.12010314
      0.20697260
     -0.07629183
      0.18192246
     -0.22968411
      0.21081517
     -0.10059210
      0.21589650
     -0.06922148
      0.36404473
     -0.11068420
      0.27374621
      0.00434717
      0.20701379
     -0.07389684
      0.12729336
     -0.17480002
      0.20040416
     -0.00988021
      0.24631392
     -0.07928049
      0.18143773
     -0.18523096
      0.07299688
     -0.30522446
      0.28705570
      0.01787715
      0.15217202
     -0.09925669
      0.24424009
     -0.05828917
      0.03175913
     -0.22416420
      0.33033465
     -0.19443903
      0.25054356
     -0.04882694
      0.22234393
     -0.00819684
      0.41523248
     -0.23287010
      0.25059132
     -0.05574152
      0.26973347
     -0.02300502
      0.18473416
     -0.11812441
      0.33762692
     -0.14250336
      0.17955462
     -0.09186082
      0.27444987
     -0.19095269
      0.27035788
     -0.21285231
      0.26595549
     -0.09498090
      0.21077923
      0.12779625
      0.31462763
     -0.07875571
      0.22845045
     -0.13830611
      0.32425445
     -0.11058745
      0.28486735
     -0.01911505
      0.37077783
     -0.11366803
      0.37480855
     -0.23013058
      0.28312353
     -0.10150109
      0.19486782
     -0.14711694
      0.24944692
     -0.13186372
      0.39732384
     -0.12391561
      0.08744151
     -0.14551798
      0.33841189
     -0.20141996
      0.22147717
     -0.06589216
      0.34578857
     -0.11111755
      0.31745199
     -0.10049590
     -0.00647566
     -0.15634689
      0.02056130
     -0.16724137
      0.26749903
     -0.12329887
      0.32645477
     -0.03030969
      0.22495403
     -0.12065296
      0.22771740
     -0.03823867
      0.08209651
     -0.16467110
      0.21981693
     -0.07133347
      0.45344182
     -0.18308202
      0.32781215
     -0.17155451
      0.07849837
     -0.00843857
      0.24600234
     -0.12361161
      0.21916414
     -0.11889763
      0.31060094
     -0.09904282
      0.28146285
     -0.06545566
      0.35305706
     -0.07696325
      0.36967055
     -0.06536889
      0.26149404
     -0.16366742
      0.15651619
      0.00215485
      0.28502960
     -0.01026134
      0.18968845
     -0.11362981
      0.34559204
     -0.15265800
      0.31560184
     -0.00040785
      0.40981711
     -0.26736888
      0.16057897
     -0.16995209
      0.03492216
     -0.20358037
      0.09959967
     -0.00705495
      0.31077566
     -0.15768820
      0.24720066
     -0.11453048
      0.25797163
     -0.14558870
      0.17315069
     -0.14132637
      0.23961200
     -0.12264547
      0.18768348
     -0.14841802
      0.22878969
     -0.03394798
      0.27126842
     -0.22265146
      0.31082407
     -0.11900398
      0.39522388
     -0.07478550
      0.43257786
     -0.23960897
      0.20449744
     -0.00302256
      0.09144552
      0.04004388
      0.37999965
     -0.19572047
      0.28232286
     -0.02306243
      0.31890548
     -0.17498480
      0.41403410
     -0.19238910
      0.28246657
     -0.17489352
      0.41246790
     -0.17975314
      0.32048576
     -0.16682618
      0.23231049
      0.01775715
      0.26185111
     -0.08184476
     -0.02107423
     -0.25157733
      0.27409185
     -0.04938043
      0.22184150
     -0.10539773
      0.11772235
     -0.19587598
      0.31506587
     -0.01267034
      0.36918877
     -0.20146445
      0.07795643
     -0.06750271
      0.12909614
     -0.15474365
      0.34601448
     -0.07639468
      0.18705457
     -0.16847503
      0.27397214
     -0.17342432
      0.10460772
     -0.12720027
      0.16477442
     -0.29316114
      0.23308175
     -0.10813244
      0.31215836
     -0.24969669
      0.38093268
     -0.02994093
      0.28112559
     -0.02281783
      0.43033916
     -0.03744978
      0.04008817
      0.03680178
      0.24788909
     -0.10862941
      0.28505026
     -0.03759468
      0.14587488
     -0.14523149
      0.38090801
     -0.11501528
     -0.04707251
     -0.18023198
      0.21848241
     -0.17610739
      0.18214566
     -0.22603423
      0.18770725
     -0.09895272
      0.30428107
     -0.14481810
      0.04870117
     -0.13155243
      0.21593154
     -0.08593427
      0.21995060
      0.00297303
      0.24254404
     -0.15892996
      0.23741311
     -0.12228191
      0.20173536
     -0.12261260
      0.13886582
     -0.19956111
      0.18449340
     -0.09678113
      0.14153749
     -0.11718368
      0.10738456
     -0.19699042
      0.15834393
     -0.11756090
      0.08024993
     -0.16777420
      0.31369041
     -0.01976157
      0.21874625
     -0.14532538
      0.32792640
     -0.12477100
      0.22209811
     -0.02726301
      0.43427499
     -0.22747666
      0.29531846
     -0.15525779
      0.15150440
     -0.22309499
      0.33765249
      0.12642381
      0.12469557
     -0.04494847
      0.29491513
     -0.31317928
      0.22059148
      0.02575872
      0.09925934
     -0.21196864
      0.43231526
     -0.12011060
      0.44766943
     -0.05306576
      0.26396608
     -0.13891970
      0.14849011
     -0.16462430
      0.31514151
     -0.02830751
      0.22981097
     -0.14746852
      0.18110567
     -0.17947713
      0.24725155
     -0.12267535
      0.32004585
     -0.18983055
      0.32560261
     -0.23695391
      0.28420492
     -0.15941547
      0.20071466
     -0.08350614
      0.37625353
     -0.17396768
      0.41094173
     -0.11972791
      0.15631390
     -0.09969988
      0.12352481
     -0.13884209
      0.19580520
     -0.22203928
      0.18143643
     -0.01443109
      0.13607997
     -0.13127657
      0.13096904
     -0.05660358
      0.31935739
     -0.07650459
      0.23402394
     -0.13879680
      0.30566694
     -0.09708712
      0.38858375
     -0.08211751
      0.11861378
     -0.20530365
      0.37389485
     -0.13946512
      0.25984258
     -0.16506865
      0.34738306
     -0.13545768
      0.32493735
     -0.12342670
      0.31013935
     -0.15224261
      0.28191364
     -0.03119613
      0.49343227
     -0.11418029
      0.33400375
     -0.26549543
      0.28626865
     -0.18814652
      0.22097417
     -0.01299300
      0.26726221
     -0.17266346
      0.23400298
     -0.17245595
      0.44389572
     -0.22205651
      0.24631392
     -0.11914989
      0.08300325
     -0.11579028
      0.16057335
     -0.11522803
      0.16439133
     -0.11611380
      0.29725146
     -0.22921741
      0.30677883
     -0.16246351
      0.20944332
     -0.02813122
      0.13223627
     -0.14049369
      0.12831041
      0.06534243
      0.09229330
     -0.12254092
      0.23759320
     -0.12094330
      0.30185963
     -0.12084910
      0.24146380
     -0.21909922
      0.28775641
     -0.08561062
      0.06348105
     -0.05828826
      0.16201838
     -0.08020104
      0.37469165
     -0.10282499
      0.38351105
     -0.12655440
      0.05193152
     -0.24630540
      0.17237617
     -0.12681902
      0.18904874
     -0.14155469
      0.05753555
     -0.21930357
      0.32684866
     -0.15808876
      0.16033722
     -0.07442218
      0.21255745
     -0.11279940
      0.11139250
     -0.24815374
      0.20203837
     -0.06822010
      0.16679550
     -0.05645283
      0.24508377
     -0.15317394
      0.28633430
     -0.09888386
      0.17619761
     -0.17119545
      0.41017817
      0.01691173
      0.31719174
     -0.10194134
      0.22117696
     -0.02597452
      0.15404857
     -0.16516713
      0.31745088
     -0.16406704
      0.04335192
     -0.10876695
      0.22295534
     -0.22981652
      0.26708012
     -0.16386578
      0.32146908
     -0.09078965
      0.15499477
     -0.18650763
      0.30755546
      0.01962510
      0.26706496
     -0.00180653
      0.28331863
     -0.02234174
      0.18136437
     -0.16320148
      0.35617625
     -0.08450208
      0.17105583
     -0.11048567
      0.23378225
     -0.14123871
      0.38771291
     -0.10049448
      0.23554067
     -0.15714626
      0.13406702
     -0.14791768
      0.04380753
     -0.16662042
      0.45101286
     -0.12498580
      0.37350854
     -0.17224031
      0.23337947
     -0.16108675
      0.22978704
     -0.17074853
      0.27528118
     -0.18138083
      0.27089548
     -0.13069447
      0.36413957
     -0.05732368
      0.28639933
     -0.24815374
      0.29174488
     -0.02135464
      0.12909504
     -0.13406327
      0.22368482
     -0.16947441
      0.27046215
     -0.01953448
      0.30998405
     -0.07932452
      0.26743634
     -0.17460309
      0.27230860
     -0.04892877
      0.10229995
      0.09446006
      0.17256891
     -0.11890639
      0.20306517
     -0.14200090
      0.43863251
     -0.17901221
      0.12819253
     -0.11215697
      0.31182463
     -0.06332155
      0.35584150
     -0.17244162
      0.22224020
     -0.12270511
      0.15189977
     -0.08583953
      0.35964130
     -0.21536073
      0.39770833
     -0.07851725
      0.12113669
     -0.11547040
      0.32763961
     -0.01408734
      0.22223996
     -0.11622753
      0.21920852
     -0.10750823
      0.26946357
     -0.05572452
      0.37133320
     -0.23947814
      0.30503200
     -0.12922610
      0.21697928
      0.05854953
      0.18935042
     -0.04904184
      0.20301052
      0.00380026
      0.17772769
     -0.05752370
      0.13556064
     -0.26671869
      0.03585642
     -0.11774626
      0.06731440
     -0.07781106
      0.11775336
     -0.09905848
      0.30900789
     -0.10950119
      0.20109788
     -0.02019767
      0.29136120
     -0.20468351
      0.18420866
     -0.12059168
      0.25759078
     -0.08586261
      0.30386449
     -0.19449468
      0.18206231
     -0.25329469
      0.20286146
     -0.13286202
      0.31724829
     -0.08289314
      0.26804583
     -0.11134221
      0.17510248
     -0.31609079
      0.34928834
     -0.08646553
     -0.03951727
     -0.21994903
      0.24983416
     -0.20601198
      0.13415726
     -0.03004592
      0.28536997
     -0.08660781
      0.20285724
      0.01623773
      0.21413978
     -0.01632235
      0.15147954
     -0.17897094
      0.13517025
     -0.09401280
      0.32930052
     -0.17019455
      0.24360716
     -0.17256920
      0.42029160
      0.14904357
      0.36898433
     -0.02099316
      0.16159243
     -0.26251171
      0.15565095
     -0.09904438
      0.29339866
      0.01341588
      0.21184012
     -0.01773500
      0.21309477
     -0.24537746
      0.22407051
     -0.04997843
      0.26955264
     -0.15807530
      0.29812431
     -0.08300418
      0.39831745
     -0.15827471
      0.06534243
     -0.25982995
      0.15934698
     -0.08167184
      0.24157233
     -0.09670686
      0.18492996
     -0.14297995
      0.39151899
     -0.05894350
      0.25884175
     -0.08857643
      0.15142133
     -0.15089817
      0.35485195
     -0.09746097
      0.27940179
     -0.22382609
      0.11586245
     -0.03468924
      0.39100128
     -0.12932081
      0.17726414
     -0.13592188
      0.23697267
     -0.18249082
      0.09657595
     -0.11476991
      0.22138777
      0.00420974
      0.28122073
      0.02233160
      0.26706496
     -0.14734278
      0.17307558
     -0.15084286
      0.09042657
     -0.09231777
      0.21683074
     -0.14322528
      0.08269403
     -0.20671009
      0.23591689
     -0.07889017
      0.13539284
     -0.19174291
      0.16652997
     -0.07305465
      0.23110864
     -0.09684427
      0.26042847
     -0.13775496
      0.09683733
     -0.13141430
      0.27685441
     -0.13376595
      0.27892942
     -0.01903528
      0.40717820
     -0.18280276
      0.33103714
     -0.13089589
      0.14393908
     -0.30882712
      0.36883325
     -0.20381600
      0.41763563
     -0.16614484
      0.03778162
     -0.27324089
      0.03269600
     -0.08767066
      0.38552381
     -0.13489022
      0.23102511
     -0.18162996
      0.12160796
     -0.25198818
      0.17862452
     -0.09675303
      0.24862895
     -0.10099048
      0.27089873
     -0.14812593
      0.30533384
     -0.09850164
      0.17955462
     -0.16678696
      0.40118189
     -0.06040702
      0.09597197
     -0.15238090
      0.16917822
     -0.03422118
      0.26133643
     -0.13066919
      0.24585477
     -0.10623555
      0.36144506
     -0.12026266
      0.01157650
     -0.21137512
      0.40349303
     -0.15071061
      0.38392842
     -0.08969967
      0.30559212
     -0.12244714
      0.20907976
     -0.03667404
      0.21911282
     -0.27429119
      0.28108920
     -0.08574300
      0.18183214
     -0.19244121
      0.17824525
     -0.01952099
      0.17967036
     -0.17458495
      0.22771740
     -0.10193830
      0.19648594
     -0.22997579
      0.26610362
     -0.00843904
      0.25898608
     -0.09202539
      0.24792699
     -0.16780801
      0.07794378
     -0.16852579
      0.21525668
     -0.10810249
      0.42295521
     -0.08858554
      0.36235533
     -0.15915639
      0.30255623
     -0.09823661
      0.28285371
     -0.15884274
      0.23863404
     -0.15120829
      0.27039096
     -0.12460872
      0.22913537
     -0.17018782
      0.26281512
     -0.10354044
      0.30610079
      0.01011564
      0.27636996
     -0.14970033
      0.17657251
     -0.10061573
      0.20998743
     -0.12452387
      0.29379878
     -0.06157599
      0.19694874
     -0.13304386
      0.16869347
     -0.04920656
      0.30228242
     -0.13042513
      0.06909391
      0.01268314
      0.37005999
     -0.22711286
      0.30559067
     -0.07297758
      0.36027502
     -0.17739620
      0.24052475
     -0.09745569
      0.18924716
     -0.10918163
      0.12629997
     -0.02306248
      0.22540363
     -0.10354812
      0.29777984
     -0.05432342
      0.06954992
     -0.18035429
      0.31703197
     -0.04958749
      0.27140838
     -0.13915579
      0.15199530
     -0.15153780
      0.32068879
     -0.02220254
      0.23499806
     -0.08333162
      0.39422859
      0.01016323
      0.37337248
     -0.11781295
      0.28961719
     -0.12369613
      0.12585721
     -0.15935001
      0.39313143
     -0.08012728
      0.20816216
     -0.13703685
      0.48070481
     -0.08168920
      0.27665746
     -0.16635460
      0.35945539
     -0.02078962
      0.27320578
     -0.14236600
      0.10751379
     -0.16565395
      0.16942999
     -0.08042729
      0.27507598
     -0.12953110
      0.28787217
     -0.16661872
      0.28113145
     -0.05915178
      0.30523488
     -0.01267215
      0.10867388
     -0.08630927
      0.20894265
     -0.06056034
      0.22238482
     -0.11554826
      0.31273169
     -0.03158323
      0.17193810
     -0.31803341
      0.35593200
     -0.04638813
      0.30503745
     -0.03949160
      0.18978860
     -0.16194936
      0.21542621
     -0.07321200
      0.34225928
     -0.15916191
      0.14370295
     -0.05152312
      0.27429140
     -0.08422292
      0.30803250
      0.05602328
      0.28355200
     -0.07647313
      0.26351309
     -0.11505392
      0.34432809
     -0.13568800
      0.33726869
     -0.12119190
      0.16516886
     -0.19522371
      0.24643612
     -0.10294254
      0.35389169
     -0.26698893
      0.39088974
     -0.10049106
      0.23561019
     -0.15897034
      0.31341836
     -0.16095257
      0.21762180
     -0.18298398
      0.08069091
     -0.06837564
      0.22586014
     -0.16031764
      0.26701684
     -0.02781085
      0.46926858
     -0.12095599
      0.26488731
     -0.05971952
      0.23312263
     -0.14591097
      0.36202453
     -0.00279236
      0.23652232
     -0.11997608
      0.29609705
     -0.02226434
      0.33093726
     -0.06885113
      0.35069062
     -0.12923970
      0.31630482
     -0.08500518
      0.03360296
     -0.25439044
      0.09700050
     -0.24754653
      0.10340266
     -0.12307786
      0.09459620
     -0.18279973
      0.16528873
     -0.16742296
      0.24258160
     -0.25013861
      0.06042721
     -0.04965245
      0.29252491
     -0.00826250
      0.23125496
     -0.11644072
      0.09639951
     -0.18463695
      0.20304806
     -0.17108368
      0.16422044
     -0.26724115
      0.07413678
     -0.04296585
      0.04360527
     -0.09088777
      0.14354498
     -0.22398518
      0.23076413
     -0.11197747
      0.36219352
     -0.18013334
      0.28475851
     -0.11368171
      0.08112022
     -0.35011236
      0.35295023
     -0.04051161
      0.28711714
     -0.20201018
      0.18525010
     -0.08412898
      0.34155466
     -0.28007545
      0.17389281
     -0.11797743
      0.24693297
     -0.11514868
      0.38733697
     -0.18189962
      0.24102706
     -0.24321916
      0.02889984
     -0.16861332
      0.26326482
     -0.13070111
      0.24725155
     -0.02833086
      0.16875197
     -0.22332035
      0.39645265
     -0.16957709
      0.15189977
     -0.00165045
      0.27344266
     -0.02732913
      0.23213542
     -0.16968490
      0.24851166
     -0.16601789
      0.22753380
     -0.21184008
      0.27212985
     -0.01545532
      0.20564417
     -0.08482162
      0.15613900
     -0.14048467
      0.18040986
     -0.12311864
      0.17109776
     -0.21297029
      0.16208302
     -0.06381250
      0.25157448
     -0.14184754
      0.19568697
     -0.26262391
      0.15557772
     -0.19905923
      0.21677770
     -0.14043907
      0.15221132
     -0.12655420
      0.34586218
     -0.15952614
      0.31563934
     -0.05360677
      0.19800620
     -0.07278610
      0.46709084
     -0.19510823
      0.13876144
     -0.15819851
      0.27076748
     -0.15265123
      0.20678499
     -0.15628573
      0.31447870
     -0.08726445
      0.19465927
     -0.01345314
      0.31383391
     -0.17244162
      0.22802922
     -0.34090478
      0.17585826
     -0.12921575
      0.27128383
     -0.14591097
      0.32120251
     -0.13814465
      0.21139276
      0.11511470
      0.02876353
     -0.16615848
      0.16943484
     -0.15796128
      0.22189893
     -0.17177331
      0.33295144
      0.02075602
      0.40819015
     -0.11946921
      0.28232631
     -0.16707154
      0.17423609
     -0.00454917
      0.17302809
     -0.13750915
      0.23250898
     -0.00843904
      0.31406265
     -0.09763784
      0.09240632
     -0.21824573
      0.17007765
     -0.19057872
      0.23759118
     -0.14788566
      0.20152341
     -0.14345619
      0.22032712
     -0.13683175
      0.14459228
     -0.22213230
      0.26212845
     -0.07856679
      0.18828110
     -0.11478142
      0.26038613
     -0.11368914
      0.17853259
     -0.20902888
      0.34709458
     -0.13870542
      0.13406702
     -0.13540156
      0.31723125
     -0.04322092
      0.24462746
     -0.11179460
      0.26110305
     -0.02601775
      0.05604071
     -0.11707036
      0.00239467
     -0.00802267
      0.25587078
     -0.01217682
      0.22320750
     -0.12057423
      0.41071095
     -0.16386578
      0.24547391
     -0.17294570
      0.03613344
     -0.18181581
      0.27545800
     -0.12506441
      0.30068590
     -0.16884244
      0.36381143
     -0.03041709
      0.26862858
     -0.06558424
      0.35469274
     -0.11972791
      0.10707434
     -0.18928050
     -0.00387692
      0.02047034
      0.35829466
     -0.11946898
      0.30406041
     -0.07185829
      0.35545896
     -0.17849283
      0.16868809
     -0.12646547
      0.25177929
      0.05721059
      0.18500306
     -0.15632408
      0.21914575
     -0.06183481
      0.09860348
     -0.17119633
      0.12636285
     -0.12910848
      0.32072486
     -0.10288766
      0.29812431
     -0.13605340
      0.28611596
     -0.11173386
      0.40619489
     -0.16635460
      0.30006511
     -0.14336009
      0.48329099
     -0.16135796
      0.19961556
     -0.05752422
      0.27767308
     -0.08025258
      0.30387396
     -0.12085444
      0.03346784
     -0.22393375
      0.13632540
      0.31829225
      0.29538025
     -0.01138757
      0.28279804
     -0.08278671
      0.25366899
     -0.11501528
      0.26795921
     -0.01681439
      0.30804985
     -0.09504980
      0.22187557
     -0.04522201
      0.24665846
     -0.13087877
      0.32645570
     -0.05822151
      0.16105763
     -0.19716911
      0.34444711
     -0.14396910
      0.15551706
     -0.16256785
      0.23621138
      0.06133862
      0.16329724
     -0.11344960
      0.14878715
     -0.17235390
      0.26338896
     -0.00843904
      0.15732199
     -0.21650447
      0.23046438
     -0.04991436
      0.24064268
     -0.11743236
      0.22032047
      0.05667714
      0.28705570
     -0.09299710
      0.20104653
     -0.01069619
      0.14690269
     -0.18991820
      0.14869147
     -0.11533903
      0.36111138
      0.02699625
      0.29037089
     -0.07382919
      0.22371954
     -0.11279401
      0.33429101
      0.03159191
      0.32443376
     -0.11104874
      0.22658073
     -0.13089386
      0.29143585
     -0.02451424
      0.34327775
     -0.13760786
      0.17603933
     -0.22272932
      0.19044166
     -0.08330205
      0.26277397
     -0.19458337
      0.11571443
     -0.19911382
      0.44485870
     -0.11366308
      0.21731280
     -0.07129921
      0.32654319
     -0.06884030
      0.14259042
     -0.17047635
      0.20868189
     -0.23639974
      0.37583245
     -0.10784144
      0.35412289
     -0.17949331
      0.14177707
     -0.03065668
      0.20623070
     -0.16601894
      0.17878456
     -0.08040568
     -0.00807327
     -0.15628141
      0.20465692
     -0.12962457
      0.20560550
     -0.29666786
      0.32711739
     -0.16601087
      0.15312485
     -0.32350136
      0.24904046
     -0.09830977
      0.20342609
     -0.14900695
      0.20675254
     -0.07848750
      0.21666076
     -0.16129825
      0.11913798
      0.03821821
      0.31479203
     -0.16841133
      0.11378464
      0.13829464
      0.17641313
     -0.14290895
      0.29478016
     -0.17894253
      0.19118249
     -0.03018690
      0.11465497
     -0.02779785
      0.29832328
     -0.09387628
      0.32698331
     -0.13024664
      0.14859330
     -0.08179000
      0.13553883
     -0.14540256
      0.30280075
     -0.16408142
      0.24600718
     -0.17033221
      0.37145888
     -0.10081914
      0.17594450
     -0.02094071
      0.32117503
     -0.04715144
      0.28453753
     -0.16365889
      0.23921941
     -0.07655094
      0.33909693
     -0.05542551
      0.35784593
     -0.21432855
      0.38094208
     -0.10800677
      0.34850045
     -0.17248705
      0.21695123
     -0.06518425
      0.17252520
     -0.11244033
      0.24407554
     -0.16590849
      0.19079622
     -0.11035845
      0.15394878
     -0.11611425
      0.30823603
     -0.15842491
      0.25880023
      0.10601162
      0.16576954
     -0.03419865
      0.35357226
     -0.04958749
      0.23945843
     -0.13096217
      0.32704417
     -0.02345814
      0.06776061
     -0.20687255
      0.30160720
     -0.18880038
      0.15251869
     -0.19148015
      0.21981693
     -0.00334094
      0.10309001
     -0.09104822
      0.28359185
     -0.08301168
      0.35656267
     -0.22918687
      0.39958541
     -0.09972991
      0.36440273
     -0.09307773
      0.28378228
     -0.18807004
      0.15118032
     -0.11338005
      0.21282830
     -0.02010097
      0.23471223
     -0.15426837
      0.16057897
     -0.18586484
     -0.04123558
     -0.32642622
      0.13456732
     -0.11874883
      0.02161007
     -0.16956088
      0.11067717
     -0.13340052
      0.14593708
     -0.27655833
      0.32230297
      0.06160786
      0.24708444
     -0.13246542
      0.13927648
     -0.14192924
      0.21599039
     -0.00605074
      0.17756702
     -0.17627594
      0.06881913
     -0.20103834
      0.25424013
     -0.04959490
      0.30326997
     -0.20921739
      0.21762958
     -0.10635528
     -0.05775572
     -0.13179530
      0.25857108
     -0.19733000
      0.32587901
     -0.32637172
      0.33358508
     -0.21803992
      0.16951379
     -0.13029922
      0.23306832
     -0.21668636
      0.26025084
     -0.16958354
      0.19731044
     -0.09737917
      0.08121544
     -0.03672038
      0.34006555
     -0.08297357
      0.19182227
     -0.04991802
      0.32711739
     -0.04863930
      0.11189536
     -0.12096116
      0.17003364
     -0.08100385
      0.26447946
      0.02085971
      0.08275880
     -0.10080842
      0.35966175
     -0.05479229
      0.09756350
     -0.08083290
      0.25221437
     -0.08495373
      0.28991823
     -0.08409368
      0.35635506
     -0.12902178
      0.32226612
     -0.09917617
      0.29978958
     -0.07575708
     -0.03481948
     -0.17130136
      0.34675759
     -0.09070204
      0.30935801
     -0.01651184
      0.22169824
     -0.32673236
      0.23386796
     -0.10381595
      0.24179442
     -0.18814777
      0.36398111
     -0.15741176
      0.15947825
     -0.17469244
      0.21905050
     -0.11637344
      0.28467976
     -0.14506374
      0.16317624
     -0.24969492
      0.24023237
     -0.19747631
      0.25253229
     -0.11620469
      0.36100471
     -0.05369002
      0.19986827
     -0.20699543
      0.15570647
     -0.07867088
      0.19465927
     -0.22396257
      0.29891497
     -0.17902173
      0.31876672
     -0.14515379
      0.22439660
     -0.20486124
      0.37485443
     -0.11698024
      0.24783450
     -0.21627118
      0.16616932
     -0.06059684
     -0.05217947
     -0.29030601
      0.25811049
      0.10300765
      0.18991870
      0.05494928
      0.41095431
     -0.13195241
      0.27008149
     -0.08101506
      0.42593822
     -0.05204768
      0.31591944
     -0.14441704
      0.44209438
     -0.07740393
      0.18945481
     -0.17323808
      0.17751696
     -0.25314827
      0.24006417
     -0.18544033
      0.23707021
     -0.18403382
      0.27895507
     -0.13866449
      0.17562695
     -0.06149051
      0.07349741
     -0.25503353
      0.34319365
     -0.10619487
      0.28187241
     -0.07262401
      0.13622072
     -0.10813244
      0.21903595
     -0.07316028
      0.25730126
     -0.06799219
      0.08143041
     -0.22906642
      0.33743950
     -0.03985149
      0.09798307
     -0.11569810
      0.22777337
     -0.24418117
      0.14137484
     -0.11761298
      0.14536909
     -0.06837488
      0.35140586
     -0.09856451
      0.09376591
     -0.09927142
      0.27755924
      0.01209586
      0.27083457
     -0.02880409
      0.15638994
     -0.03861413
      0.30774491
     -0.03402855
      0.15287399
      0.19743667
      0.24787815
     -0.07836278
      0.24374485
     -0.14781812
      0.32144746
     -0.03308420
      0.29140080
     -0.16365451
      0.27315269
     -0.09753668
      0.22625055
     -0.20638710
      0.28700231
     -0.10518218
      0.31584247
     -0.15478670
      0.14206509
     -0.28362575
      0.19526536
     -0.10356859
      0.32875937
     -0.15147319
      0.20102731
     -0.11401505
      0.13478874
     -0.17564039
      0.25280547
     -0.14622715
      0.33843565
     -0.16968740
      0.18910410
     -0.21433043
      0.31196687
     -0.12421810
      0.31173285
     -0.10405308
      0.26157979
     -0.13562109
      0.30935801
     -0.10770654
      0.28967869
     -0.07808028
      0.20049029
     -0.19689836
      0.24870088
     -0.01253728
      0.11148363
     -0.18209696
      0.36590365
     -0.21264103
      0.22695136
     -0.03299130
      0.33559503
     -0.12778692
      0.06377813
     -0.19577011
      0.12803618
     -0.19892320
      0.32357152
     -0.05763759
      0.19779730
     -0.11687442
      0.41408521
     -0.07191594
      0.27365015
     -0.08536451
      0.20284033
     -0.08261385
      0.26637085
     -0.17398816
      0.29446459
     -0.14431764
      0.22223996
     -0.01588768
      0.19947735
     -0.16952262
      0.12835729
     -0.12684767
     -0.01824275
     -0.28266373
      0.36398111
      0.02242609
      0.11727173
     -0.23349058
      0.40393558
     -0.18928119
      0.22303629
     -0.19567256
      0.34035817
     -0.04992780
      0.26397033
     -0.07516299
      0.24859575
     -0.17609911
      0.26924375
     -0.04506328
      0.37901122
      0.06121476
      0.21241132
     -0.17244162
      0.19838762
     -0.06871033
      0.24722657
