           1 -2.394449094031325E-002
           2  -1.24588255913851     
           3   50.5935261090953     
           4   24.4848913650342     
           5  -17.1192365176836     
           6   35.7324165600088     
           7   15.2677265297200     
           8   15.2156438202938     
           9  -9.52157048044027     
          10  -14.2632000295821     
          11  -4.34423328740810     
          12   25.0468464129787     
          13  -7.32900880066523     
          14  -20.6493646194753     
          15   4.78408956641201     
          16   19.3834338092661     
          17  -24.0603122270120     
          18   1.74785984939602     
          19   22.6279782212217     
          20   29.4017023241590     
          21   16.0927117877960     
          22   16.7581574439714     
          23  -5.35328351266162     
          24   9.17422038474693     
          25  -67.7168799938010     
          26  -38.9217539922059     
          27   27.4526706093183     
          28   6.46861000779532     
          29   26.1783496849633     
          30   18.9943731335364     
          31  -44.4048854666445     
          32  -13.6583958368241     
          33   6.14530975965489     
          34  -17.1872748727150     
          35   43.5871936261938     
          36   18.1658780327721     
          37  -61.7704268475869     
          38  -55.9603989902888     
          39   12.1290538965664     
          40   15.0271999196048     
          41  -24.7289057531192     
          42  -21.5262784766100     
          43   35.1764761535445     
          44   51.3985282472349     
          45   22.3813529156657     
          46   8.20584524670863     
          47   60.9405143960037     
          48   57.9220360912827     
          49  -103.702739190379     
          50  -118.290520880102     
          51   4.11922841671962     
          52  -31.8916997920051     
          53  -26.3329964538536     
          54   7.92141492340477     
          55   53.8069529274441     
          56   31.5292362914792     
          57   10.0433467529489     
          58   8.94091531066816     
          59  -23.4893607480690     
          60  -21.0840921282139     
          61  -28.8776379261951     
          62  -61.5840829984761     
          63  -50.4154510606966     
          64  -44.2348441486247     
          65  -4.52505908810739     
          66   24.3945872868731     
          67   73.0353622569994     
          68   42.8313725119780     
          69   37.9046116436558     
          70   83.4646457379116     
          71   5.98114189034676     
          72   5.32442915091775     
          73  -38.2279793568364     
          74  -34.9293909838110     
          75  -51.7968950539802     
          76  -50.4165643019595     
          77  -20.6890697997926     
          78  -41.2175081871257     
          79   26.9221752326153     
          80   2.46830112415048     
          81   87.0243853344179     
          82   86.3515040235589     
          83   20.0008461880128     
          84   36.8655712721750     
          85  -55.9457821491526     
          86  -67.6852053937330     
          87  -77.5091563769798     
          88  -98.4593274349884     
          89  -54.7945137929713     
          90  -7.98539287848365     
          91   13.1708016256597     
          92   20.6688265829803     
          93   48.8703390720861     
          94   21.5462267780621     
          95   2.70532092150354     
          96   19.6794657098835     
          97  -98.0408902783515     
          98  -122.116990039910     
          99  -42.5217793493878     
         100  -14.2993371606477     
         101  -13.4867150336504     
         102   15.4547751323608     
         103  -63.8385851320179     
         104  -93.2806869968772     
         105   16.0462905779337     
         106   65.2780629720292     
         107   90.7767359798065     
         108   37.7657250675782     
         109  -7.38946255296469     
         110   2.28065096754356     
         111   100.382027507934     
         112   4.79711262652820     
         113  -14.8924300447106     
         114   40.4256038262398     
         115   7.28399230365307     
         116   52.1165268262814     
         117   40.8991550847686     
         118   15.6244995645822     
         119   32.1742845699191     
         120   56.7455111061651     
         121   2.63810688597893     
         122   46.5062956237600     
         123   72.9487321009914     
         124   107.404120736619     
         125   38.8739863410592     
         126   42.3399718258582     
         127   2.69108226662869     
         128   26.3601599443224     
         129   88.5618130785560     
         130  -3.31224965575483     
         131   24.7351093698630     
         132  -10.7921227880601     
         133   53.8600553974063     
         134   68.0797637800226     
         135   55.9484634280637     
         136  -11.2478559428855     
         137   101.052364859882     
         138   160.167987491884     
         139   70.8152916764494     
         140   85.5816084641425     
         141   76.5225435011650     
         142  -50.9055098518729     
         143   29.1765900328755     
         144   86.2333281266833     
         145   39.8730864096292     
         146   16.4613634552826     
         147   82.7967763638234     
         148  -28.0426169535818     
         149  -26.6842975318017     
         150  -37.0144011251796     
         151  -42.1603296211320     
         152   32.8711220815291     
         153   49.5323691547818     
         154   5.38172610214946     
         155   1.04320944921169     
         156   38.8501351968898     
         157  -5.64614634906434     
         158   42.2254948338990     
         159   56.3007302157679     
         160   62.0540512885523     
         161   54.4576828247430     
         162   51.3834896734960     
         163   50.4277010660216     
         164   61.1450358003473     
         165   31.8918655824529     
         166   18.8908570258465     
         167   16.1129383596858     
         168   27.7866174413294     
         169   83.0777427045677     
         170   31.5975610316631     
         171   10.7069637215474     
         172   23.0846218450026     
         173   91.4354746878790     
         174   63.8812769101696     
         175   30.1405415620290     
         176   42.9078826139511     
         177   64.1480832051930     
         178   26.1736232329534     
         179   33.9341664095831     
         180  -85.8951537713378     
         181  -3.95620511947684     
         182  -32.2819687426090     
         183   171.005386335265     
         184   551.781913323480     
         185  -234.454637393355     
         186   1881.44986168481     
         187   104.488512476066     
