           1           1      0.98188686      0.98949057      1.00000000      0.00000000      0.99792622
           1           1      0.07254872      0.07268570      0.00000000      0.00000000      0.03697444
 
           1           2      0.91262989      1.08239495      0.99967222      0.00000000      0.98112110
           1           2      0.07151470      0.07121438      0.00000000      0.00000000      0.03787535
 
           1           3      1.11571500      0.89607952      0.96274481      0.00000000      1.00353373
           1           3      0.07067825      0.07139551      0.00000000      0.00000000      0.03790917
 
           1           4      1.02722500      0.90960004      0.00000000      1.00000000      1.02569500
           1           4      0.06895915      0.07005168      0.00000000      0.00000000      0.03919112
 
           1           5      0.99104211      1.00735067      0.00000000      1.03817107      1.01025960
           1           5      0.07282186      0.06959917      0.00000000      0.00000000      0.03892516
 
           1           6      1.04093259      0.95045682      0.00000000      0.99323816      1.04553495
           1           6      0.07363137      0.07338544      0.00000000      0.00000000      0.03946362
 
 
           2           1      1.00147500      0.96608922      1.00000000      0.00000000      0.96849366
           2           1      0.07013819      0.06877475      0.00000000      0.00000000      0.03584404
 
           2           2      1.04759638      0.97100562      0.98506762      0.00000000      0.95108378
           2           2      0.06823926      0.06821860      0.00000000      0.00000000      0.03524971
 
           2           3      1.08374489      0.85838632      1.05175043      0.00000000      0.97973699
           2           3      0.07322746      0.07254373      0.00000000      0.00000000      0.03765060
 
           2           4      1.03815126      0.96134201      0.00000000      1.00000000      1.00971350
           2           4      0.06777228      0.06944899      0.00000000      0.00000000      0.03539851
 
           2           5      1.02336691      0.99336909      0.00000000      1.08811314      1.02637333
           2           5      0.07187215      0.07130999      0.00000000      0.00000000      0.03684927
 
           2           6      1.07476011      0.98890796      0.00000000      1.08939580      1.00954993
           2           6      0.06950141      0.06835466      0.00000000      0.00000000      0.03720814
 
 
           3           1      1.12361358      0.93241060      1.00000000      0.00000000      0.96449768
           3           1      0.07088213      0.07027462      0.00000000      0.00000000      0.03465386
 
           3           2      1.00839906      0.90090720      0.93753008      0.00000000      1.03730472
           3           2      0.06868048      0.06904449      0.00000000      0.00000000      0.03694725
 
           3           3      0.93903233      1.00265245      1.02448568      0.00000000      1.04108686
           3           3      0.07396975      0.07278470      0.00000000      0.00000000      0.03726445
 
           3           4      1.08977578      0.97809274      0.00000000      1.00000000      0.99864874
           3           4      0.06562039      0.06706275      0.00000000      0.00000000      0.03574396
 
           3           5      0.92960119      1.09037665      0.00000000      0.96719265      1.05242124
           3           5      0.06959204      0.06799496      0.00000000      0.00000000      0.03660175
 
           3           6      0.94952525      1.04311490      0.00000000      1.07373365      0.99417053
           3           6      0.06777896      0.06867951      0.00000000      0.00000000      0.03630435
 
 
           4           1      0.97566709      1.04993316      1.00000000      0.00000000      1.02146630
           4           1      0.07150187      0.07158942      0.00000000      0.00000000      0.03724952
 
           4           2      0.94717279      1.03263719      0.94969306      0.00000000      1.00421583
           4           2      0.06963140      0.07035740      0.00000000      0.00000000      0.03548972
 
           4           3      1.02302796      1.02396846      0.96983656      0.00000000      0.99925086
           4           3      0.07083776      0.06959149      0.00000000      0.00000000      0.03613370
 
           4           4      1.01621226      0.98783085      0.00000000      1.00000000      0.98442210
           4           4      0.06656910      0.06831604      0.00000000      0.00000000      0.03538290
 
           4           5      0.98495452      1.07304600      0.00000000      0.97415322      1.05484774
           4           5      0.07006679      0.06638720      0.00000000      0.00000000      0.03913114
 
           4           6      0.96510178      1.03101592      0.00000000      1.05712676      0.98764120
           4           6      0.06877288      0.06706167      0.00000000      0.00000000      0.03613881
 
 
           5           1      0.90587775      1.14425968      1.00000000      0.00000000      0.99449778
           5           1      0.07273142      0.07099993      0.00000000      0.00000000      0.03582222
 
           5           2      0.93613542      1.07655615      0.99696265      0.00000000      0.96549092
           5           2      0.06994347      0.06922516      0.00000000      0.00000000      0.03580812
 
           5           3      1.05740924      0.97992577      1.07891826      0.00000000      0.99077370
           5           3      0.07285266      0.07325474      0.00000000      0.00000000      0.03568992
 
           5           4      0.89452634      1.11556329      0.00000000      1.00000000      1.02645702
           5           4      0.06674028      0.06752637      0.00000000      0.00000000      0.03643855
 
           5           5      1.00235505      1.03799242      0.00000000      1.18167260      0.96673960
           5           5      0.07021131      0.07091311      0.00000000      0.00000000      0.03409560
 
           5           6      1.04852037      1.02816948      0.00000000      1.21809270      0.97026694
           5           6      0.06837185      0.06959972      0.00000000      0.00000000      0.03559625
 
 
           6           1      0.94693153      1.07997042      1.00000000      0.00000000      1.00535279
           6           1      0.06994181      0.06924740      0.00000000      0.00000000      0.03657207
 
           6           2      0.98889852      1.03478678      1.05055790      0.00000000      1.00179190
           6           2      0.07335437      0.07162176      0.00000000      0.00000000      0.03497483
 
           6           3      0.94561714      1.00273646      0.98514673      0.00000000      0.99665108
           6           3      0.07100071      0.07132433      0.00000000      0.00000000      0.03599101
 
           6           4      0.94023386      1.01637004      0.00000000      1.00000000      1.04580315
           6           4      0.06748187      0.06711304      0.00000000      0.00000000      0.03795955
 
           6           5      1.04334621      0.98035444      0.00000000      1.12565084      0.95649607
           6           5      0.06540366      0.06623977      0.00000000      0.00000000      0.03536981
 
           6           6      0.97000159      1.02021778      0.00000000      1.27179896      0.94929098
           6           6      0.06706025      0.06627266      0.00000000      0.00000000      0.03278937
 
 
           7           1      0.96489257      1.04556476      1.00000000      0.00000000      1.03085999
           7           1      0.06938686      0.07009616      0.00000000      0.00000000      0.03520699
 
           7           2      1.08515660      0.96296198      1.08329808      0.00000000      0.96728309
           7           2      0.06946439      0.06994264      0.00000000      0.00000000      0.03551978
 
           7           3      1.00028310      1.03127342      0.99020373      0.00000000      0.93123171
           7           3      0.06911639      0.07079602      0.00000000      0.00000000      0.03296054
 
           7           4      0.90963118      1.16501495      0.00000000      1.00000000      0.94796202
           7           4      0.06609729      0.06494592      0.00000000      0.00000000      0.03440832
 
           7           5      1.03219408      0.95792037      0.00000000      0.95254084      0.99366486
           7           5      0.06566837      0.06435129      0.00000000      0.00000000      0.03513603
 
           7           6      0.98855515      0.98971722      0.00000000      1.17860680      0.96753278
           7           6      0.06749131      0.06791626      0.00000000      0.00000000      0.03656578
 
 
           8           1      1.06096195      1.00622507      1.00000000      0.00000000      0.99492186
           8           1      0.06872067      0.06809358      0.00000000      0.00000000      0.03491014
 
           8           2      0.96845653      1.06247033      0.96534807      0.00000000      1.10791222
           8           2      0.07123180      0.07310698      0.00000000      0.00000000      0.03886977
 
           8           3      1.00367828      0.97034662      1.05490563      0.00000000      0.98899764
           8           3      0.07041644      0.06929566      0.00000000      0.00000000      0.03737331
 
           8           4      0.93381216      1.07011272      0.00000000      1.00000000      0.97963857
           8           4      0.06730092      0.06635686      0.00000000      0.00000000      0.03576323
 
           8           5      0.97073306      1.00468598      0.00000000      1.26555134      0.97438621
           8           5      0.07023785      0.06816400      0.00000000      0.00000000      0.03896610
 
           8           6      0.98746702      1.01305854      0.00000000      1.05481431      1.02260311
           8           6      0.06757216      0.06750508      0.00000000      0.00000000      0.03868649
 
 
 Parameters in Anchoring Equations
           8           1      0.90108816      1.14428501      1.00000000      0.00000000      0.97729248
           8           1      0.06736288      0.06673516      0.00000000      0.00000000      0.03467972
 
