0.97237667
1.00681648
1.00024142
1.06942342
0.93962643
1.09972948
1.01773732
0.9252006
0.96069592
0.98534969
0.9285392
1.05193673
0.99633542
0.93459292
0.9624038
1.06800244
0.93515708
0.97908607
1.0133874
0.99115572
1.0020954
0.98783287
0.99870923
1.01737238
0.9337551
0.98366813
1.04689387
0.85530557
0.94220975
1.00131513
0.93960948
1.01129577
0.97702483
0.95707348
1.03515883
0.93002791
0.85694805
0.98471765
0.89789801
1.01582192
0.94270925
0.97926376
0.98729619
1.0290254
1.02819516
0.97853988
1.01193938
1.01171448
0.80750472
0.92662409
0.99409611
0.86695407
0.88937286
1.00118399
0.99675852
1.01990489
0.99772009
0.97718965
1.00459889
0.95190257
0.97427196
0.84408745
0.87446371
0.92394378
0.80846491
1.0006065
1.07982705
0.9182056
0.93573939
1.13016025
0.96491434
0.97241813
0.8730088
0.93262197
0.98554399
0.81192636
0.98372275
0.82239885
1.0075252
1.04822321
1.11041805
0.99183857
0.95107294
1.0322167
0.99246602
0.81706332
0.89982168
0.81379548
0.76840743
0.97566839
0.92631611
1.08071882
1.0964332
0.91500637
0.94455201
1.04779592
0.82893511
0.86589128
0.05852007
-0.05902449
-0.00699514
0.1227821
-0.04837069
-0.00738326
0.05749562
-0.03620253
0.01619075
0.07598524
-0.00024522
0.02297015
0.13159954
-0.02426779
-0.00120628
0.06414626
0.03915676
0.04361398
0.10517445
-0.05811639
-0.00337807
0.06795705
0.04081873
0.04274242
0.11282668
0.06273071
0.0066264
0.08475448
-0.0129779
0.03102476
0.14186841
-0.02020947
-0.03835782
0.04449664
0.04263442
0.0866962
0.11896745
-0.09082126
0.01281633
0.14672934
0.08305952
0.10467388
0.11908137
0.00539932
-0.00438589
0.06372018
0.05824695
0.02705053
0.11930223
1.54015884
1.41416601
1.4209724
1.20418228
1.51632244
1.67922186
1.28167203
1.18289037
1.3528552
1.24536011
1.20556337
1.3103274
1.40308356
1.33313614
1.1803866
1.17886564
1.32351073
1.33583239
1.11187303
1.10252877
1.27751937
1.40975947
1.04312127
1.01171966
1.33588581
1.38100436
1.01282768
1.00606291
1.27619574
1.33781807
1.02544276
0.99865427
-2.302585093
-2.302585093
0
-2.302585093
-2.302585093
0
0.8
0.405465108
