      0.98188686
      0.98949056
      0.91262990
      1.08239494
      1.11571502
      0.89607950
      1.02722500
      0.90960004
      0.99104210
      1.00735068
      1.04093262
      0.95045682
      1.00147500
      0.96608922
      1.04759637
      0.97100563
      1.08374488
      0.85838633
      1.03815127
      0.96134201
      1.02336691
      0.99336909
      1.07476010
      0.98890798
      1.12361359
      0.93241059
      1.00839905
      0.90090720
      0.93903233
      1.00265245
      1.08977579
      0.97809272
      0.92960119
      1.09037665
      0.94952525
      1.04311491
      0.97566709
      1.04993315
      0.94717279
      1.03263718
      1.02302795
      1.02396847
      1.01621227
      0.98783084
      0.98495453
      1.07304599
      0.96510178
      1.03101592
      0.90587774
      1.14425969
      0.93613541
      1.07655615
      1.05740924
      0.97992578
      0.89452634
      1.11556329
      1.00235504
      1.03799242
      1.04852037
      1.02816948
      0.94693155
      1.07997039
      0.98889851
      1.03478677
      0.94561716
      1.00273643
      0.94023387
      1.01637004
      1.04334621
      0.98035444
      0.97000159
      1.02021779
      0.96489257
      1.04556476
      1.08515660
      0.96296198
      1.00028309
      1.03127343
      0.90963119
      1.16501494
      1.03219408
      0.95792038
      0.98855515
      0.98971723
      1.06096195
      1.00622508
      0.96845653
      1.06247032
      1.00367827
      0.97034663
      0.93381215
      1.07011274
      0.97073306
      1.00468598
      0.98746700
      1.01305856
      0.90108817
      1.14428501
     -0.00207593
     -0.01905939
      0.00352751
      0.02537043
      0.01020733
      0.04452866
     -0.03201335
     -0.05015312
     -0.02047112
      0.00966663
      0.02603156
      0.00950462
     -0.03614786
      0.03662573
      0.04026522
     -0.00135217
      0.05109345
     -0.00584654
      0.02123915
      0.00420696
     -0.00074942
     -0.01570051
      0.05339643
     -0.01243580
     -0.00551740
     -0.03511858
     -0.00926913
      0.02611308
     -0.03382610
     -0.03018405
      0.00533851
      0.00179029
     -0.00335454
      0.04478516
     -0.04447860
     -0.05203991
      0.03039339
     -0.03326407
     -0.07124715
     -0.05344084
     -0.00635530
     -0.03300597
     -0.00509108
      0.10247736
     -0.01106333
     -0.02057158
     -0.02594753
      0.02235144
     -0.02296931
      0.99967221
      0.96274481
      1.03817108
      0.99323817
      0.98506763
      1.05175042
      1.08811313
      1.08939578
      0.93753009
      1.02448566
      0.96719266
      1.07373366
      0.94969306
      0.96983658
      0.97415321
      1.05712675
      0.99696265
      1.07891827
      1.18167261
      1.21809270
      1.05055791
      0.98514674
      1.12565085
      1.27179897
      1.08329808
      0.99020374
      0.95254088
      1.17860682
      0.96534807
      1.05490563
      1.26555134
      1.05481431
     -1.30438255
     -1.43907976
      0.01716340
     -2.30034272
     -2.37307527
      0.80207217
      0.59061635
      0.17964348
