0.97252045
1.00639422
0.99980112
1.06804562
0.9392416
1.09862018
1.01794051
0.92540316
0.96073511
0.98564872
0.92843379
1.05242411
0.99705788
0.93424221
0.95651427
1.06051286
0.92716457
0.96938434
1.01338533
0.99181622
1.00220117
0.98855144
0.99883737
1.01791495
0.93477693
0.98418454
1.04066701
0.84787994
0.93810859
0.99635446
0.93965571
1.01196701
0.97726351
0.95812839
1.03542536
0.93133834
0.85789041
0.98591011
0.88863045
1.00610652
0.93523514
0.97173762
0.9873999
1.02960506
1.02855074
0.9797929
1.01223106
1.01295603
0.80872408
0.92812158
0.98582155
0.85929235
0.88072472
0.99316265
0.99665035
1.02052212
0.99800179
0.97814813
1.00494261
0.9528227
0.97580397
0.84612999
0.86753857
0.91794193
0.79770691
0.99071622
1.07957568
0.91852337
0.93562305
1.1306629
0.96468459
0.97269621
0.87448445
0.93503765
0.97683722
0.80462672
0.97363087
0.81387742
1.0071314
1.04843887
1.11032271
0.99183252
0.95091826
1.03223144
0.99395377
0.81931613
0.89323412
0.80881123
0.75992228
0.96912756
0.9261717
1.08080078
1.096465
0.91515564
0.9443156
1.04792424
0.83049749
0.86808642
0.04667477
0.04288426
0.05977552
0.11836893
0.01792746
0.01807049
0.03478436
0.07357038
0.17279849
0.06954064
0.04395418
0.04686557
0.11141582
0.05040553
0.040274
0.05732498
0.0706618
0.09687442
0.07970806
0.03854826
0.06024918
0.06235315
0.06863027
0.06956625
0.08454015
0.12412013
0.07640771
0.08259762
0.00631223
0.04708211
0.11770989
0.02880675
0.06309839
0.04133407
0.04668473
0.087015
0.0923312
-0.00858228
0.10059139
0.14426701
0.08372967
0.10392079
0.09890252
0.06297851
0.07853735
0.06429696
0.0644141
0.02605695
0.10157187
1
1
1
1
1
1
1
1
1
1
1
1
1
1
1
1
1
1
1
1
1
1
1
1
1
1
1
1
1
1
1
1
