 1.262851
 1.183776
 1.378252
 1.483231
 1.361586
 1.229087
 1.602206
 1.590899
 1.519093
 1.791329
 1.549275
 1.666093
 1.569369
 1.425175
 1.385401
 1.765703
 1.412528
 1.483443
 1.136724
 1.425317
 1.536503
  1.87452
 1.668286
 1.630101
 1.203671
 1.373753
 1.079405
 1.460322
 1.405727
 1.475535
 1.727368
 1.462919
 1.215956
 1.335885
 1.597188
 1.518433
 1.617762
 1.331925
 1.362014
 1.281622
 1.569346
 1.422091
 1.389171
 1.650202
 1.528438
 1.329955
 1.430561
 1.441237
 1.555129
 1.655356
 1.428101
 1.362515
 1.198164
 1.582849
 1.302049
 1.411552
 1.131576
 1.463723
 1.371863
 1.496852
 1.472963
 1.317382
 1.482201
 1.508438
 1.868395
 1.476345
 1.396229
 1.430707
 1.285274
 1.515947
 1.334661
 1.461274
 1.434813
 1.243294
 1.905067
 1.344243
 1.255091
 1.662493
 1.366454
 1.658759
  1.51882
 1.483947
 1.486416
  1.46542
 1.281199
  1.50909
 1.473639
 1.582869
  1.34846
 1.517274
 1.562246
 1.524625
 1.371204
 1.334804
 1.472883
 1.745283
 1.182471
 1.339509
 1.543187
 1.364937
 1.279867
 1.250687
  1.28911
 1.512426
 1.361193
 1.479177
 1.828917
 1.339788
 1.438365
 1.355357
 1.350166
 1.522693
 1.461399
 1.543676
 1.670304
 1.543907
 1.163179
 1.333239
 1.208305
 1.282155
 1.310396
   1.6958
 1.505221
  1.15794
 1.454184
 1.222933
 1.160639
 1.531212
 1.482357
 1.298894
 1.656532
 1.558154
 1.448171
 1.235393
 1.564853
 1.394194
   1.3028
 1.353265
 1.346196
  1.56972
 1.247677
 1.297155
 1.641377
 1.423836
 1.148231
 1.294235
 1.376749
 1.333602
 1.638375
 1.683229
  1.49032
 1.555786
 1.561812
 1.679188
 1.137076
 1.760623
  1.49033
 1.384617
 1.480538
 1.437335
  1.37094
 1.404101
 1.361162
 1.380278
 1.374186
 1.321696
 1.557521
 1.557656
 1.230794
 1.405976
 1.546851
 1.413888
 1.544645
 1.527152
 1.569784
 1.482726
 1.452742
 1.627209
 1.437064
 1.281358
 1.646639
 1.572213
 1.295856
 1.627723
  1.56186
 1.114508
 1.606334
 1.443148
 1.629525
 1.391884
 1.438338
 1.437875
 1.251398
 1.489546
 1.321361
 1.301263
 1.109348
 1.555409
 1.408795
 1.501311
 1.563796
 1.492112
 1.370083
 1.514084
 1.655276
 1.764907
 1.361051
 1.406295
 1.421264
 1.268499
 1.601334
 1.202378
 1.708195
 1.349979
 1.724144
 1.591475
 1.660555
 1.383114
 1.563803
 1.370822
 1.119068
 1.256063
 1.526702
 1.415961
 1.175004
 1.297974
 1.341464
 1.381265
 1.190994
 1.098848
 1.331712
 1.068102
 1.597461
 1.349491
 1.499635
 1.340928
 1.318409
 1.140955
 1.356419
 1.337688
 1.504749
 1.455575
  1.34607
 1.569938
 1.416861
 1.344574
  1.41103
 1.287259
 1.527897
 1.430928
 1.224295
 1.530777
  1.31207
 1.435091
 1.482621
 1.255917
 1.429982
 1.451771
 1.416394
 1.503272
 1.479452
 1.559695
 1.286214
 1.721131
 1.454048
 1.462887
 1.727607
  1.57797
 1.239658
 1.374814
 1.378862
 1.533583
 1.448849
 1.678421
 1.308441
 1.397317
 1.132806
 1.305157
 1.404563
 1.409363
 1.252899
  1.14616
  1.26377
 1.353921
 1.552333
 1.423492
 1.536806
 1.586793
 1.386698
 1.247451
  1.46896
 1.552001
 1.429818
 1.457082
 1.192443
 1.684987
 1.559021
 1.311315
 1.416327
 1.406554
 1.996847
 1.254673
 1.524698
 1.453332
 1.390472
 1.030925
 1.227081
 1.325684
 1.420134
 1.500027
 1.736352
 1.074518
 1.224507
 1.548653
 1.241734
 1.452824
 1.745175
 1.830078
 1.297205
 1.736117
 1.572497
  1.42585
 1.116597
 1.587599
 1.397587
 1.550462
 1.778831
 1.432278
 1.073791
 1.346921
 1.602912
 1.278686
 1.480442
 1.788611
  1.39005
  1.32405
 1.506791
 1.322859
 1.540609
  1.53374
  1.31601
 1.304564
 1.628446
 1.140243
 1.404175
  1.59319
 .9853507
 1.333645
  1.29115
 1.436105
 1.282074
 1.465439
 1.483822
 1.364329
 1.516801
 1.346142
 1.639506
 1.706455
 1.556908
  1.63059
 1.654529
 1.456387
 1.525556
 1.201463
  1.13834
 1.468647
 1.328305
 1.356337
  1.62422
  1.00765
   1.5108
 1.436955
 1.590264
 1.544778
 1.503245
 1.234161
 1.208415
 1.301045
 1.533845
 1.613319
 1.442723
 1.689247
 1.075767
 1.411447
 1.514706
  1.53249
 1.347488
 1.461798
 1.198363
 1.415277
 1.337885
 1.514427
 1.518634
  1.30525
 1.545802
 1.131685
 1.331431
 1.578609
 1.421174
 1.646803
 1.453275
 1.265368
 1.257767
 1.243801
 1.152207
 1.410522
 1.386006
 1.428406
 1.338849
 1.453025
 1.574593
 1.476074
 1.560644
 1.545606
 1.426539
 1.263921
 1.473148
 1.264096
 1.281823
 1.232674
 1.341533
 1.342551
 1.523035
 1.499591
 1.397126
  2.01278
 1.471697
 1.652524
 1.358003
 1.451026
 1.597129
 1.379175
  1.69805
 1.530085
 1.718963
 1.217048
 1.152398
 1.387545
 1.572961
 1.375671
 1.511763
 1.488724
 1.529203
 1.534569
 1.365932
 1.209533
 1.257819
 1.476641
 1.521638
 1.632554
 1.607622
 1.189846
 1.660669
 1.161728
 1.360494
 1.559228
 1.404655
 1.507917
 1.418297
 1.658463
 1.379333
 1.458861
   1.2624
  1.41301
 1.599201
 1.186324
 1.239316
 1.323727
 1.095089
 1.632209
 1.173895
 1.096447
 1.276919
 1.615167
 1.894885
 1.333948
 1.361728
 1.326605
 1.480459
 1.694106
 1.567495
 1.540994
 1.263208
 1.208845
  1.43947
 1.659816
 1.307836
 1.414074
 1.716735
 1.777977
 1.733577
 1.231056
 1.540662
 1.234335
 1.526108
 1.546618
 1.581586
 1.519223
 1.422742
  1.33694
 1.478059
 1.410507
 1.664772
  1.55152
  1.42258
 1.570069
  1.31042
 1.898754
 1.445776
 1.675592
 1.156146
 1.508023
 1.179235
 1.222564
 1.702289
 1.393291
 1.443592
 1.381749
 1.343931
 1.315422
 1.477017
 1.506737
 1.436833
  1.34962
 1.757391
 1.686495
   1.2113
 1.319762
 1.324012
 1.533736
 1.494408
 1.376885
  1.20946
 1.294819
 1.569655
 1.332065
 1.512077
 1.264295
 1.471078
 1.177972
 1.481086
  1.43813
 1.292686
 1.448219
 1.115545
 1.503119
 1.510215
   1.3316
 1.380097
 1.219681
 1.229888
 1.545632
 1.242223
 1.159685
 1.351987
 1.417618
 1.497073
 1.374731
 1.458956
 1.431878
 1.515075
 1.247019
 1.278163
  1.59554
 1.225483
 1.203566
 1.282413
 1.385702
 1.598098
 1.507947
 1.362066
 1.577177
  1.44829
 1.417142
 1.567977
  1.43669
 1.300265
 1.534278
 1.464274
 1.287292
 1.338045
 1.490952
 1.160181
 1.657924
 1.654718
 1.175334
 1.732086
 1.529372
 1.534023
 1.305648
 1.813235
 1.146739
 1.508734
 1.305525
 1.364122
 1.515033
 1.708796
 1.604518
 1.561424
 1.501012
 1.525541
 1.241366
 1.392399
 1.526286
 1.655383
 1.356422
 1.479976
 1.417922
 1.160706
 1.951205
 1.438506
 1.647466
  1.75097
 1.168546
 1.237953
 1.531689
 1.569916
 1.086666
 1.396592
 1.506494
 1.168262
  1.43417
 1.382267
 1.304872
 1.311539
 1.219054
 1.195949
 1.440474
  1.50749
  1.68409
 1.754123
 1.488656
 1.407405
 1.497127
 1.629913
 1.537095
  1.19648
  1.30418
 1.291399
 1.346976
 1.272294
 1.267146
 1.306986
 1.305257
 1.288899
  1.63075
  1.63853
 1.325548
 1.189353
 1.435896
 1.172765
 1.572109
 1.361972
  1.42775
 1.653761
 1.337849
 1.354696
 1.499296
 1.639885
 1.316363
 1.365948
  1.65223
 1.542754
 1.371053
 1.499727
 1.588474
 1.773406
 1.400036
 1.530795
 1.475376
 1.580039
 1.531008
 1.280694
   1.5065
 1.514624
 1.375545
 1.128965
 1.302716
 1.281011
 1.163164
 1.531222
 1.534819
 1.672252
 1.411936
  1.52174
 1.372961
 1.259986
 1.707108
 1.540982
 1.432432
  1.29617
 1.520697
 1.262373
 1.387566
 1.322068
 1.470544
 1.510177
 1.536872
 1.208047
 1.369432
 1.686045
 1.277233
  1.51619
 1.344084
 1.303438
 1.255393
 1.356148
 1.777995
 1.628927
 1.668096
 1.475552
 1.694154
 1.394429
 1.519998
 1.359616
 1.301157
 1.409427
 1.739165
  1.65139
 1.527444
  1.45831
 1.463611
 1.660216
 1.418511
 1.562587
 1.589275
    1.936
 1.559374
 1.336202
 1.294504
 1.464466
 1.146458
 1.309709
 1.136775
 1.604093
 1.493608
 1.464781
 1.724983
 1.428656
 1.535478
 1.250535
 1.317807
 1.469997
 1.278744
 1.464502
 1.285137
 1.714849
 1.632406
  1.54187
 1.699415
 1.228392
 1.668403
 1.329585
 1.547137
 1.672055
 1.423834
 1.433505
 1.157573
 1.503609
 1.318406
 1.676985
 1.503828
 1.437294
 1.776386
 1.489424
 1.537609
 1.607291
 1.574606
 1.531979
 1.520317
 1.412676
 1.204852
 1.442125
 1.302789
 1.486696
 1.447718
 1.759095
 1.177991
 1.445832
 1.548443
 1.669145
  1.77167
 1.515008
 1.507241
 1.680592
 1.417407
 1.489436
 1.332177
 1.553593
 1.343992
 1.450708
 1.559235
 1.576386
  1.40433
 1.498803
 1.504321
 1.519966
 1.272176
 1.690193
 1.561733
 1.131103
 1.524922
 1.438085
 1.676324
 1.461511
 1.562411
 1.305953
 2.020726
 1.383887
 1.741844
 1.355556
 1.509767
 1.527969
 1.488449
 1.614408
 1.474493
  1.07589
  1.41771
 1.466099
  1.35503
 1.214942
 1.543929
 1.504593
 1.388417
 1.345115
  1.39987
 1.639198
 1.362764
 1.280221
 1.678934
 1.661643
 1.694256
  1.52406
 1.440876
 1.400942
 1.836841
 1.608852
  1.33292
 1.321705
 1.188397
 1.324862
 1.684696
 1.780989
 1.688023
 1.538042
 1.418114
 1.521252
 1.484579
 1.282266
 1.540894
 1.420711
 1.758396
 1.644662
 1.381966
 1.441868
 1.380338
 1.449805
 1.438463
 1.650522
 1.868729
 1.402892
 1.366818
  1.29384
 1.584969
 1.632816
 1.713602
 1.519504
 1.318187
 1.942544
 1.360384
   1.6408
 1.613274
 1.547699
 1.587924
 1.306036
 1.458202
 1.535059
 1.445416
 1.641101
 1.798974
 1.413064
 1.505816
 1.335907
 1.687214
 1.397288
 1.480815
 1.290334
 1.566538
 1.302991
 1.662735
 1.471255
 1.326887
  1.46163
 1.557454
 1.531454
 1.800723
 1.389055
 1.507369
 1.312849
 1.525733
 1.438846
 1.660507
 1.346275
 1.406397
 1.435134
 1.675651
 1.179477
 1.333212
 1.432803
 1.441882
 1.418939
 1.405861
 1.460827
 1.300597
 1.233181
 1.700594
   1.3512
 1.191271
 1.398198
 1.509802
 1.374103
 1.718102
 1.373207
 1.269908
 1.481875
 1.381715
 1.424332
 1.823037
 1.197099
 1.458447
 1.457312
 1.543553
  1.48364
 1.489361
  1.46278
 1.236706
 1.418373
 1.532548
 1.257021
 1.535089
 1.386038
 1.879138
 1.330364
 1.432742
 1.602347
 1.276298
 1.408805
 1.969778
 1.434648
 1.391598
 1.396023
 1.519476
 1.363782
 1.231007
 1.520283
   1.2544
 1.294363
 1.225388
 1.228118
 1.371372
 1.450113
 1.498874
 1.331073
 1.648772
 1.324302
  1.78094
 1.475466
 1.289969
 1.352369
 1.426637
 1.647009
 1.407835
 1.584586
 1.347705
 1.529325
 1.335457
 1.444949
 1.514532
 1.344006
 1.202445
 1.448639
 1.959903
 1.403076
 1.474946
 1.413514
 1.589428
 1.447757
 1.462224
 1.630782
 1.465074
 1.503107
 1.342134
 1.573997
 1.292261
 1.189348
 1.406843
 1.321041
 1.271359
 1.643629
 1.569628
 1.801281
 1.279396
 1.296378
  1.42014
  1.59598
 1.493437
 1.463374
 1.176891
 1.303199
  1.53775
 1.407407
 1.727694
 1.379158
 1.492447
  1.29825
 1.050567
  1.65966
 1.279308
 1.304078
 1.350109
  1.22413
 1.117491
 1.281911
 1.446483
 1.615161
 1.474835
 1.131397
 1.170746
 1.302645
 1.289913
 1.711492
 1.524388
  1.43714
 1.268721
 1.378963
 1.464713
 1.551827
  1.17469
 1.497262
 1.443612
 1.560903
 1.172101
 1.382964
 1.169986
 1.384019
   1.2874
 1.448007
 1.488087
 1.539777
 1.420713
 1.395609
 1.531272
 1.508135
 1.453585
 1.775445
 1.335998
 1.468484
 1.713282
 1.781102
 1.560724
 1.412664
 1.357092
 1.464868
 1.463169
 1.404509
 1.114382
 1.706562
 1.373561
 1.553468
 1.404225
 1.154957
 1.506839
 1.611601
 1.479287
 1.255113
 1.522097
 1.448349
 1.411624
 1.620892
 1.448745
 1.465794
 1.670298
 1.375218
 1.518376
 1.691333
 1.489782
 1.361927
 1.655733
 1.303298
 1.293648
 1.544747
 1.267974
 1.580265
 1.311882
 1.565218
 1.635355
 1.451885
 1.338355
 1.507566
 1.423167
 1.300096
 1.533781
 1.692746
  1.39196
 1.561377
 1.450124
 1.874236
 1.491792
 1.536973
 1.787963
  1.44332
 1.815324
 1.411912
 1.352085
 1.236155
  1.80349
 1.464401
 1.319822
 1.369352
 1.515724
 1.234352
 1.434108
  1.21802
  1.65407
 1.424313
 1.681454
 1.704626
 1.387098
 1.225737
 1.479891
  1.41456
 1.710196
 1.399282
 1.537681
 1.539411
 1.409918
  1.56599
 1.458072
 1.341052
 1.194902
 1.374709
 1.186235
 1.332496
 1.471981
 1.344791
 1.574227
 1.415957
 1.434902
 1.299197
 1.459261
 1.417344
 1.194925
 1.612301
 1.383623
 1.396743
 1.170192
 1.396793
 1.545917
 1.559276
 1.428612
 1.473475
 1.683606
 1.535462
 1.557864
 1.643025
 1.364001
 1.511958
 1.156396
 1.111728
 1.674052
 1.647228
 1.573858
 1.517971
 1.434838
 1.640001
 1.269621
 1.284335
 1.384584
  1.23583
 1.470123
 1.506963
  1.30532
 1.148545
 1.435173
 1.594598
 1.382346
  1.27577
 1.624987
 1.227391
 1.353524
 1.280486
 1.302468
 1.472919
  1.42981
 1.583005
 1.369269
 1.230858
 1.378322
 1.351911
 1.154869
 1.654751
 1.385933
 1.391151
 1.659217
  1.46722
 1.138113
 1.351337
 1.580645
 1.732621
 1.216468
 1.470671
 1.649239
 1.188066
 1.436289
 1.635691
 1.464071
 1.488029
  1.41709
 1.530388
 1.351001
 1.469267
 1.262939
 1.344345
 1.704884
 1.160839
 1.440496
 1.523052
 1.151867
 1.150562
 1.605327
 1.743691
 1.749205
 1.534765
 1.387307
 1.464353
 1.335125
 1.280133
 1.526877
 1.293979
 1.415215
 1.337854
  1.41674
 1.334245
 1.589303
 1.652412
 1.479946
 1.260909
 1.233792
 1.512841
 1.437506
 1.494659
 1.341314
 1.576513
 1.863275
 1.488003
 1.577381
 1.561369
 1.330214
 1.097755
 1.614206
  1.39166
 1.476281
 1.790679
 1.286604
 1.518396
 1.309547
 1.291853
 1.469915
 1.564616
 1.607457
 1.452317
  1.50345
  1.74526
 1.604543
 1.197931
 1.580881
 1.316576
 1.774938
 1.203718
 1.315823
 1.317787
 1.174945
 1.982817
 1.387332
 1.313957
 1.242286
 1.466579
 1.385327
 1.569094
 1.214022
 1.600422
 1.515528
 1.517559
 1.461505
 1.322188
 1.493194
 1.602317
 1.590417
 1.734879
 1.255413
 1.725687
 1.249265
 1.613052
  1.36364
 1.218585
 1.090577
 1.684729
 1.825831
  1.45623
 1.409721
 1.494682
 1.429693
 1.405767
 1.517422
 1.466487
 1.834009
  1.62622
 1.360757
 1.380441
 1.485921
   1.8173
 1.391629
 1.615552
 1.299555
 1.891642
 1.487434
 1.688415
 1.466054
 1.439166
 1.131038
 1.730179
 1.447653
 1.369761
 1.433276
 1.756758
 1.364212
  1.51398
 1.344309
 1.342245
 1.256244
 1.309121
 1.414637
 1.119505
 1.517833
 1.460055
  1.42795
 1.364194
 1.276881
 1.201397
 1.411369
 1.411635
 1.278284
  1.57447
 1.513429
 1.517666
 1.199679
 1.077511
 1.317129
 1.621542
 1.437456
 2.013642
 1.445073
 1.944625
 1.372818
 1.206075
 1.348534
 1.706996
 1.433992
 1.472946
 1.402798
 1.725667
 1.680382
 1.412584
 1.474499
 1.066466
 1.399644
 1.271685
 1.136437
  1.53698
 1.674976
 1.488141
 1.489838
 1.271685
 1.655926
 1.664241
 1.537821
 1.091317
 1.566684
 1.546549
   1.3428
 1.318977
 1.149401
  1.37708
 1.248373
 1.244715
 1.651441
  1.96644
 1.362911
 1.467986
 1.527055
 1.530646
 1.468623
 1.583345
 1.471186
 1.554921
 1.602104
  1.42482
 1.534779
 1.363529
 1.213654
 1.402464
 1.539892
 1.557967
 1.513421
 1.389231
 1.270515
 1.205962
 1.762396
 1.725952
 1.223491
 1.321717
 1.506272
 1.535018
 1.530951
 1.308186
 1.229821
 1.392756
 1.316548
 1.435372
 1.475802
  1.35797
 1.329424
 1.304973
 1.421896
 1.353185
 1.263009
 1.444386
 1.413422
 1.551793
 1.374318
 1.334193
 1.383452
  1.58433
 1.083037
 1.588649
 1.617515
  1.29554
 1.475908
 1.605787
 1.243697
 1.390446
 1.279986
 1.424921
 1.480349
 1.592413
 1.397322
 1.498409
 1.831814
 1.583555
 1.621842
 1.364833
 1.537161
 1.598072
 1.664157
 1.494108
 1.549996
 1.801093
 1.413132
 1.411158
 1.314381
 1.219245
 1.412019
  1.38341
 1.235135
 1.412345
 1.366249
 1.397893
  1.28713
 1.517819
 1.270158
 1.496764
 1.673799
 1.462511
 1.492098
 1.585398
 1.353643
   1.4997
 1.608163
 1.284327
 1.376959
 1.005272
 1.429424
 1.512366
 1.264771
 1.438855
 1.484588
 1.249957
 1.454487
 1.354505
 1.406701
 1.222829
 1.307387
 1.318606
 1.231916
 1.502105
 1.569052
 1.795921
 1.293551
 1.508928
 1.335914
 1.329012
  1.72293
 1.137879
 1.180594
 1.535345
 1.376929
  1.13282
 1.375222
 1.353577
 1.508798
 1.597594
 1.523068
 1.485694
 1.484334
 1.167028
 1.774572
 1.466822
  1.64503
 1.336552
 1.192625
 1.393664
 1.254592
 1.322778
 1.667486
 1.508727
 1.284337
 1.683374
 1.539737
 1.368189
 1.641412
 1.506285
 1.591972
 1.555086
 1.450128
 1.501017
 1.653295
 1.189642
 1.371434
  1.34794
 1.244267
 1.647113
 1.491974
 1.330194
 1.260469
 1.668654
 1.407359
 1.364798
 1.381581
 1.252489
 1.290363
 1.360684
 1.372686
 1.537773
 1.559973
 1.132358
 1.617622
 1.338577
 1.267701
 1.370668
 1.361149
 1.067662
 1.378051
 1.268521
  1.52154
 1.392277
 1.331135
 1.659607
  1.59671
  1.43648
 1.369864
 1.412296
 1.543249
 1.043371
 1.407175
 1.504827
 1.349665
 1.304397
 1.297283
 1.755129
 1.195612
 1.260724
 1.242471
 1.651716
 1.204591
 1.361101
  1.31524
  1.26866
 1.764442
 1.169823
 1.419311
 1.641611
  1.38261
 1.307463
 1.416767
 1.537426
 1.492721
 1.432673
  1.22099
 1.551955
 1.339892
  1.72188
 1.694345
 1.362555
 1.463414
 1.314996
  1.57552
  1.29496
 1.677904
 1.465194
 1.380893
 1.372504
 1.501006
 1.358478
 1.417623
 1.431109
 1.488239
 1.215739
 1.318993
 1.455975
 1.397437
 1.255072
  1.72101
 1.228915
 1.477181
 1.512296
 1.548391
 1.461454
 1.525148
 1.492333
  1.67647
 1.253337
  1.34375
  1.32658
  1.18718
 1.326344
 1.807932
 1.286637
 1.496592
 1.415387
 1.155434
 1.600466
 1.220871
 1.412042
  1.40565
 1.443855
 1.560006
 1.541736
 1.345227
 1.466344
 1.292668
 1.746519
 1.542889
 1.468818
 1.496778
 1.624485
 1.284082
 1.341293
 1.509737
  1.55518
  1.39977
 1.347606
 1.482031
 1.516037
 1.327456
 1.509241
 1.365345
 1.329919
 1.607578
 1.309178
 1.324335
 1.352687
 1.234029
 1.384853
  1.44292
 1.459686
 1.308889
 1.285861
 1.353277
 1.291654
 1.690076
 1.349009
 1.259281
  1.91191
 1.358434
 1.340092
 1.353723
 1.616285
  1.31182
 1.592655
 1.621271
 1.434672
 1.086523
 1.481986
 1.443047
 1.544719
 1.355245
 1.623275
 1.831141
 1.469063
 1.407739
 1.464203
 1.684114
  1.26233
 1.715718
 1.332916
 1.579181
 1.518842
 1.161685
 1.206595
  1.47816
 1.428699
 1.412847
 1.304678
 1.279882
 1.337966
   1.8899
 1.647677
 1.090828
 1.447176
 1.402227
 1.506281
 1.414701
 1.537289
 1.545024
 1.529837
 1.166912
 1.343517
 1.354345
 1.645838
 1.371644
 1.968331
 1.391707
 1.269347
  1.11255
 1.597538
 1.435813
 1.497146
 1.369543
 1.436569
 1.399481
 1.300486
 1.638727
 1.536993
 1.600009
 1.958516
 1.230622
 1.052746
 1.778411
 1.357148
 1.638679
  1.83386
 1.579898
 1.807999
 1.627934
 1.239308
  1.41015
 1.259233
 1.381918
 1.387133
  1.36834
 1.387823
 1.769422
  1.15657
  1.32822
 1.525633
 1.426936
 1.564234
 1.260878
 1.580807
 1.406654
 1.753923
 1.508135
 1.355192
  1.59646
 1.003292
 1.428348
 1.380775
 1.337907
 1.642014
 1.142432
 1.483775
 1.504078
 1.331971
   1.5669
 1.197521
  1.35238
 1.242316
 1.494025
 1.432892
 1.383129
 1.402739
 1.324817
 1.295273
 1.355777
 1.317722
 1.281491
 1.395778
 1.439177
 1.572548
 1.283205
 1.938184
 1.569216
 1.454409
 1.235195
 1.184883
 1.836928
 1.215108
   1.3651
 1.737463
 1.649934
 1.496136
 1.367678
 1.409802
 1.458312
 1.434165
 1.447629
 1.665085
 1.755154
 1.558339
 1.328726
 1.733636
  1.70007
 1.291771
 1.300003
 1.518685
 1.216366
 1.306506
 1.206318
 1.485664
 1.451824
 1.495939
 1.601117
 1.382533
 1.670896
 1.529455
 1.620672
 1.565749
 1.587852
 1.367672
 1.836043
 1.821207
 1.607074
 1.263603
 1.552592
 1.501492
 1.946343
 1.441182
  1.21993
 1.317586
 1.323798
 1.692944
 1.598782
 1.268169
 1.313546
 1.064993
 1.239656
 1.431233
  1.52609
 1.584966
 1.452618
 1.129494
 1.274074
 1.612066
   1.6654
 1.347481
 1.348773
 1.391808
 1.318954
 1.624073
 1.264604
 1.384525
 1.432679
 1.310303
 1.250131
 1.489228
 1.469935
 1.415373
 1.481813
 1.520643
 1.280373
 1.376048
 1.618529
 1.164299
 1.572665
 1.538712
 1.510225
  1.40706
 1.333665
 1.308487
 1.357521
 1.411377
 1.553761
 1.325171
 1.455022
 1.629393
 1.480955
 1.325758
 1.234206
 1.778906
   1.7259
 1.483592
 1.492624
 1.578795
 1.494199
  1.52419
 1.706685
 1.367658
 1.301033
 1.481654
 1.336423
  1.47596
 1.555877
 1.378833
 1.007871
 1.338401
 1.412083
 1.854555
 1.271694
 1.455204
 1.696018
 1.411913
 1.268378
 1.777134
 1.609986
 1.266943
 1.407376
 1.402796
 1.386409
 1.384291
 1.841925
 1.543817
  1.17167
 1.269207
 1.220438
 1.265227
 1.495229
 1.166027
 1.156185
  1.24211
 1.519694
 1.247692
 1.642213
 1.356354
 1.409808
 1.646018
 1.545515
 1.398952
 1.492036
  1.46139
 1.634265
 1.546128
 1.197734
 1.577508
 1.178454
 1.450601
 1.205169
 1.259182
 1.391595
 1.257572
 1.647889
 1.516153
   1.3116
 1.476948
 1.528221
 1.290069
 1.323107
 1.258065
 1.581656
 1.315279
 1.533615
 1.463936
 1.744717
 1.384269
 1.272545
 1.402532
 1.388064
 1.569038
 1.415409
 1.352993
 1.571944
 1.654052
 1.162475
  1.68257
 1.367776
 1.521145
  1.23534
 1.242565
  1.29549
 1.513474
 1.382535
 1.200508
  1.43341
 1.335631
 1.369995
  1.38699
 1.270721
 1.388124
 1.489117
 1.256401
 1.507753
 1.347114
 1.803954
 1.587139
 1.572657
 1.772958
 1.792803
  1.36482
  1.12791
 1.682724
 1.510824
  1.45295
 1.317028
 1.418528
 1.520478
 1.497558
 1.413886
 1.586593
 1.281912
 1.225562
 1.479946
 1.422037
 1.618837
  1.24976
 1.740554
  1.60581
 1.534246
 1.278585
 1.637882
 1.443156
 1.453935
 1.218678
 1.425119
 1.390489
 1.531828
 1.315929
 1.420503
 1.515484
   1.2795
 1.381762
 1.667859
 1.684572
 1.493008
 1.555343
 1.476748
 1.484384
 1.490815
 1.442468
  1.34445
 1.531228
 1.319415
 1.397257
 1.426715
 1.390958
 1.243463
 1.541425
 1.058032
 1.816975
 1.460192
 1.712015
 1.402113
  1.34774
 1.161094
 1.389511
 1.422055
 1.283902
 1.442849
 1.507668
 1.354636
 1.409016
 1.374829
 1.468241
 1.634252
 1.511819
 1.330038
 1.605217
 1.412271
 1.754869
 1.557391
 1.462643
 1.515237
 1.314121
 1.283842
 1.498713
 1.575371
 1.405346
 1.374249
 1.215291
 1.309314
 1.402047
 1.411023
  1.63227
  1.49529
 1.411325
 1.421536
 1.334609
 1.651066
 1.215586
 1.431202
 1.286608
 1.433365
 1.460191
   1.6161
 1.581637
 1.433892
 1.418186
 1.860566
 1.634572
 1.483762
 1.607003
 1.492729
  1.16075
 1.471346
 1.342895
 1.804394
 1.383487
 1.460872
  1.44025
 1.428319
 1.374873
 1.491509
 1.615962
  1.49378
 1.333749
  1.41135
 1.254178
 1.319689
 1.394745
 1.636762
 1.116367
 1.350922
 1.415801
 1.324502
 1.453729
 1.539506
 1.124235
 1.143957
 1.444163
 1.408805
 1.720004
   1.4895
 1.539153
 1.482103
 1.630892
 1.309151
 1.861961
 1.338929
 1.436316
 1.766918
 1.622951
 1.218369
  1.48285
 1.317298
 1.480045
 1.761261
 1.165966
 1.350901
 1.494543
 1.513658
 1.551735
 1.333204
  1.33705
 1.345309
  1.35463
 1.468245
 1.253445
 1.482044
 1.581401
 1.425663
 1.429346
 1.321497
 1.657629
 1.446643
 1.311003
 1.939052
 1.345761
 1.527174
 1.437738
 1.494427
 1.231352
 1.626248
 1.766383
 1.356725
 1.517698
  1.58304
 1.101065
 1.215216
 1.387351
 1.482415
 1.366422
  1.69496
 1.567368
 1.195764
 1.364158
 1.272455
 1.509382
 1.364314
 1.434271
 1.470315
 1.411961
 1.429263
    1.443
 1.405925
 1.353999
 1.453647
 1.473383
 1.625475
 1.309269
 1.433978
  1.42821
 1.332585
 1.188998
 1.010472
 1.307409
 1.410271
 1.776379
 1.519558
 1.243524
 1.492604
  1.59924
 1.483239
  1.39684
 1.607083
 1.344947
 .9759467
 1.612464
 1.456329
  1.70566
 1.343333
 1.214787
 1.406813
 1.324428
 1.309702
  1.29107
  1.52747
 1.543693
 1.488621
 1.772781
 1.558035
 1.905318
 1.293226
 1.430359
 1.529175
 1.293565
  .833629
 1.359025
 1.441357
 1.445831
 1.329461
 1.496456
 1.306168
 1.458688
  1.46914
  1.43079
 1.629733
 1.374493
 1.191095
 1.318832
   1.3787
 1.312361
 1.453285
 1.323631
 1.430573
 1.177794
 1.462362
  1.23583
 1.400488
 1.302168
 1.396704
 1.439362
 1.400058
 1.353507
 1.545709
 1.429714
 1.371562
 1.617506
 1.489989
 1.314878
 1.579893
 1.370024
 1.748087
 1.334574
 1.484954
 1.367613
 1.560617
 1.622023
 1.705087
 1.188193
 1.450995
  1.29588
 1.159754
 1.396936
 1.652474
 1.637431
 1.610631
 1.415312
 1.422524
 1.330081
 1.459303
 1.084284
  1.62126
 .9757879
 1.376194
 1.605962
 1.247784
 1.153099
 1.480233
 1.579692
 1.259083
 1.324376
 1.595013
   1.5164
 1.603643
 1.217604
 1.445314
 1.565486
 1.371315
 1.483675
 1.772116
 1.630601
 1.683689
 1.325958
 1.329716
 1.506794
 1.351418
 1.310047
 1.594661
 1.165079
 1.221364
 1.496546
 1.448344
 1.419781
 1.316048
 1.632982
 1.410577
 1.250018
 1.214264
 1.442826
 1.796337
 1.647593
 1.580088
 1.602961
 1.302858
 1.262292
 1.475476
  1.41403
 1.330016
 1.288291
 1.210666
 1.276443
 1.525764
 1.297832
 1.461627
 1.324726
 1.248623
 1.424531
 1.309778
 1.355045
 1.669438
 1.382626
 1.076849
 1.577594
 1.919857
 1.736072
 1.349607
 1.567928
 1.537003
  1.34271
 1.125172
 1.526594
 1.273463
 1.456093
   1.2622
 1.285358
 1.275859
 1.201496
 1.513544
 1.195299
 1.400974
 1.453555
 1.624787
 1.524158
 1.455787
 1.146234
 1.548768
 1.385235
 1.730535
 1.401697
 1.537169
 1.684372
 1.396782
 1.398533
 1.536863
  1.51115
 1.549153
 1.445907
 1.513909
 1.502099
 1.264121
 1.519866
 1.612743
 1.590297
 1.536117
 1.635314
 1.590591
 1.254537
  1.26887
 1.167778
 1.144502
 1.721002
 1.420624
 1.612823
 1.584607
 1.681184
 1.437194
  1.53828
 1.530362
 1.523643
 1.518343
  1.26759
 1.388926
 1.567353
 1.425463
 1.276795
 1.339366
 1.384437
 1.364103
 1.458329
 1.238228
 1.603125
 1.295618
 1.238306
 1.568266
 1.212928
 1.304035
 1.349371
 1.215316
 1.407441
 .9564157
 1.385749
 1.479291
 1.425513
 1.576261
 1.448733
 1.541318
 1.480211
 1.601001
 1.530648
 1.348286
  1.61645
 1.370317
  1.36401
 1.490382
 1.662169
 1.496957
 1.546795
 1.515561
 1.487655
 1.517501
 1.444494
 1.487934
 1.298537
 1.341221
 1.783441
 1.296856
  1.58944
 1.296344
 1.386745
 1.464054
  1.36981
 1.625802
 1.431918
 1.330366
 1.553265
 1.550817
 1.268871
 1.446288
 1.290726
 1.302677
 1.407134
  1.42015
 1.809801
 1.519998
 1.477403
 1.403731
 1.529124
  1.36931
 1.374097
 1.469398
 1.306168
 1.280469
