 1.172598
 1.177896
 1.380972
 1.070309
 1.168731
 1.238928
 1.136575
 1.114929
 1.288262
  1.29655
 1.061024
 1.204646
 1.224471
 1.293308
 1.189246
 1.212606
 1.381091
 1.482206
 1.353386
 1.344045
 1.109526
 1.190072
 1.382338
 1.090522
 1.125342
 1.077812
 1.122684
 1.176294
 1.381357
 1.211231
 1.147645
  1.26224
 1.250173
 1.266314
 1.268116
 1.304789
 1.352298
 1.260906
 1.363949
 1.422936
 1.277157
 1.104318
 1.170995
 1.307799
 1.109005
 1.202937
 1.244839
 1.231349
 1.283143
 1.458508
 1.182785
 1.255128
  1.18986
 1.141821
 1.507487
 1.120152
 1.203927
 1.356203
 1.081659
  1.21026
 1.193736
 1.289891
  1.28307
 1.275709
 1.346591
 1.234342
 1.231259
 1.513699
 1.350137
 1.339907
  1.30555
 1.357058
 1.111898
 1.578983
 1.336357
  1.40979
 1.309634
 1.172873
 1.261112
 1.396858
 1.351568
 1.316839
 1.418525
  1.26676
 1.167149
 1.291572
 1.282453
 1.188958
 1.213749
 1.192868
 1.268475
 1.112851
 1.289472
 1.275895
  1.15808
 1.463935
 1.389225
  1.20239
  1.17532
 1.042538
 1.297135
 1.024757
 1.270213
 1.254439
 1.245422
 1.163061
 1.111011
 1.471508
 1.071143
 1.099658
 1.185777
 1.197656
 1.118498
 1.272712
 1.415169
 1.214572
 1.248918
 1.298164
 1.296946
 1.081213
 1.295286
 1.250866
 1.426496
 1.075169
 1.319677
 1.203957
 1.325712
 1.123305
 1.199006
 1.330021
 1.225335
 1.214324
 1.272346
   1.3844
 1.203905
 1.328422
  1.25814
 1.211422
 1.087645
 1.268783
 1.118573
 1.196054
 1.418005
 1.248021
 1.259329
 1.267555
 1.176895
 1.310571
 1.186304
 1.255854
 1.350176
 1.139847
 1.268607
 1.354074
 1.308033
 1.325774
 1.289702
 1.284904
 1.284849
 1.354917
 1.168398
 1.399608
 1.073884
 1.314336
 1.304116
 1.191209
 1.184475
 1.128126
 1.458038
 1.485264
 1.329214
 1.212278
 1.010763
 1.350191
 1.190544
 1.276157
 1.539291
 1.150957
 1.337522
 1.193147
 1.278909
 1.317862
 1.153775
  1.29517
 1.313337
 1.206789
 1.271077
 1.337912
 1.298547
 1.188808
 1.204682
  1.30809
  1.24391
  1.25272
  1.23891
 1.244528
 1.214245
 1.459458
 1.367502
 1.115273
 1.056944
 1.254398
 1.152708
 1.315164
 1.312348
  1.27224
 1.371089
 1.320031
 1.177539
 1.172897
 1.163647
 1.177829
 1.133206
 1.149586
 1.216939
 1.168873
 1.292946
 1.204995
 1.257295
 1.216392
 1.236418
 1.185201
 1.145604
 1.388866
 1.122992
 1.293837
 1.239492
 1.062503
 1.357782
 1.280586
 1.189389
 1.376122
 1.385526
 1.295942
 1.243103
 1.226674
 1.244951
  1.21892
 1.385516
 1.157616
 1.330385
 1.226421
 1.324362
 1.328345
 1.203515
 1.203557
 1.086366
 1.143789
 1.250734
 1.220922
 1.157101
 1.106012
 1.284359
 1.446824
 1.109939
 1.346734
 1.192705
 1.179497
  1.29302
   1.0644
 1.206808
 1.279278
 1.226445
 1.077988
 1.116911
 1.177013
 1.404299
 1.218207
   1.1943
 1.306141
 1.245931
 1.295837
 1.490626
 1.169393
 1.319109
 1.182604
 1.026705
 1.354735
 1.326786
 1.226507
 1.260986
 1.206293
 1.320912
 1.096591
 1.438599
 1.195837
 1.226903
 1.192467
 1.311279
 1.225548
 1.319029
 1.119464
 1.053432
 1.212592
 1.522815
 1.086852
 1.182851
 1.434844
 1.112052
 1.428141
 1.387248
 1.262374
 1.144367
 1.312715
 1.211509
 1.256869
 1.223912
 1.117424
 1.301809
 1.305868
 1.232253
 1.437082
 1.474112
 1.411027
 1.122303
 1.255664
 1.525234
 1.338636
 1.127612
 1.403161
 1.115968
 1.154427
 1.263382
 1.190518
 1.295741
 1.394416
 1.210599
 1.145471
  1.23436
 1.242757
  1.32028
 1.311163
 1.251161
 1.318882
  1.16993
 1.215285
 1.155485
 1.223573
 1.281372
 1.195898
 1.357595
  1.22711
 1.299851
 1.077827
 1.172672
 1.172902
 1.122193
  1.24152
 1.261391
  1.44243
 1.205671
 1.254894
 1.020437
 1.198213
 1.208712
 1.151201
 1.112904
 1.247593
 1.191102
 1.156024
  1.21721
 1.494718
 1.138389
 1.264625
 1.261735
 1.174667
 1.165124
 1.341331
 1.332638
 1.248369
 1.345206
 1.166045
 1.110685
 1.220266
 1.250702
 1.288901
 1.172012
 1.374249
 1.468225
 1.174856
 1.352018
 1.270569
  1.39967
 1.119904
 1.364464
 1.482114
 1.268472
 1.119524
   1.2188
 1.251952
 1.367528
 1.439441
 1.200048
 1.253234
 1.270567
 1.106566
 1.223065
  1.43998
 1.039586
 1.288852
 1.315121
 1.133991
 1.270784
 1.249547
 1.348756
 1.380068
 1.267488
 1.181454
 1.070512
 1.300608
 1.440829
 1.243826
 1.279147
 1.145342
 1.244119
 1.233382
  1.30894
 1.160661
 1.200684
 1.405345
 1.318373
 1.219262
 1.292544
 1.203612
 1.187641
 1.334897
 1.261288
 1.220374
 1.223223
  1.30001
 1.386586
 1.169308
 1.350997
 1.176675
 1.059039
  1.27815
 1.195953
 1.415976
 1.305022
 1.352082
 1.272655
 1.258321
 1.332097
 1.359185
 1.259236
 1.285121
 1.423944
  1.44833
 1.204433
 1.465836
 1.264512
 1.169993
 1.326725
 1.061943
 1.157574
 1.077083
 1.314514
 1.163753
 1.287409
 1.279258
 1.298006
 1.276769
   1.3833
 1.259575
 1.254715
  1.34511
 1.275332
 1.353217
 1.448663
 1.170505
 1.274907
 1.435831
 1.276429
 1.299385
 1.275355
 1.162878
 1.291011
 1.370064
 1.383216
 1.157442
 1.201172
 1.191584
  1.45381
 1.249501
 1.240473
 1.058064
 1.338153
 1.230198
 1.087292
 1.336369
 1.253655
 1.243276
 1.162233
 1.240217
 1.354306
 1.292011
 1.380803
  1.30602
 1.261994
 1.503479
 1.073428
 1.208093
 1.173338
 1.220443
 1.387918
 1.205424
 1.222345
 1.264027
 1.106863
 1.347291
  1.13208
  1.23076
 1.209699
 1.122563
  1.25826
 1.217308
 1.260153
 1.058275
   1.3459
 1.198009
 1.143436
 1.197153
 1.140687
 1.324936
 1.386711
 1.202845
 1.340883
 1.144135
  1.22724
 1.255593
 1.326443
 1.303308
 1.145878
 1.502714
 1.300671
 1.331055
   1.3253
 1.303663
 1.242877
  1.37166
 1.465693
  1.10994
 1.121334
 1.285082
 1.153681
 1.156031
 1.252631
 1.352921
 1.356812
 1.068609
   1.1536
 1.089464
 1.334577
  1.15086
 1.408784
  1.33651
 1.285655
 1.302309
 1.456123
 1.251633
 1.237309
 1.034313
 1.230497
 1.171804
 1.119725
 1.276716
 1.433308
 1.310654
 1.289789
 1.235919
 1.202954
 1.284052
 1.270378
 1.166257
 1.225479
 1.318447
 1.167139
 1.425766
  1.32686
 1.276077
 1.111881
 1.299401
 1.120927
 1.221143
 1.222944
 1.211591
 1.384697
 1.459636
 1.271966
 1.338365
 1.406612
 1.370273
  1.13694
 1.349994
 1.250192
  1.26518
 1.183924
 1.297019
 1.244136
 1.125344
 1.347732
 1.280773
 1.473491
 1.170478
 1.268746
 1.289403
 1.455655
 1.268814
 1.278723
 1.027861
 1.023459
 1.254973
 1.161174
 1.382222
 1.087808
 1.189704
 1.273279
 1.166792
 1.076052
  1.20733
 1.267295
 1.144449
 1.209492
  1.08125
 1.158902
 1.318273
 1.342956
 1.439583
 1.126834
 1.397345
 1.316212
  1.27453
 1.397824
 1.132892
 1.140331
 1.407098
 1.179749
  1.11617
 1.361138
 1.157246
 1.098069
 1.369944
 1.208098
 1.374411
 1.298307
 1.320381
 1.142228
 1.176032
 1.370534
 1.246795
 1.151961
 1.173129
 1.223151
 1.261138
 1.207879
 1.347145
 1.241014
 1.304039
 1.340325
  1.24562
 1.121413
 1.352481
 1.262452
 1.101754
  1.31305
 1.130215
 1.273032
 1.285337
 1.229251
 1.169928
 1.113463
 1.325552
 1.264952
 1.349539
 1.004277
 1.347899
 1.245741
 1.298796
 1.241325
 1.236324
 1.115968
 1.263539
 1.232055
 1.247058
 1.151855
 1.282004
 1.337395
 1.222139
 1.196644
 1.075719
 1.449117
 1.169782
 1.289044
 1.194077
  1.28756
 1.364232
 1.308781
 1.139308
 1.373906
 1.220366
 1.159255
 1.387586
 1.095923
 1.282012
 1.293106
 1.187994
 1.200363
 1.177867
 1.437525
  1.18883
 1.360311
 1.212639
 1.226126
 1.320816
 1.139762
 1.178188
 1.162717
 1.317225
 1.330041
 1.419254
 1.202551
 1.045362
 1.159869
 1.207012
 1.321092
 1.325398
 1.340877
 1.217925
 1.228584
 1.367879
 1.237704
 1.310131
 1.141317
 1.259915
 1.123713
 1.255698
 1.048953
 1.181695
 1.453043
 1.297819
 1.214283
 1.236596
 .9903566
 1.203737
 1.343818
  1.29688
 1.266143
 1.302094
  1.38831
  1.21651
 1.218526
 1.268969
 1.424943
 1.159632
  1.18079
 1.399301
 1.263906
 1.263392
 1.192155
 1.307204
 1.337401
 1.372311
 1.163691
 1.283752
 1.257736
 1.281522
 1.423541
 1.256916
 1.086846
 1.274049
 1.246147
 1.234945
 1.147046
 1.367674
 1.263833
 1.297022
 1.268112
 1.288363
 1.154725
 1.255527
 1.298742
 1.025214
 1.299833
 1.171168
 1.233115
 1.121445
 1.230493
 1.298343
 1.244501
 1.264443
 1.102205
 1.210191
 1.334097
 1.014566
 1.233124
 1.226647
   1.2156
 1.411164
 1.106101
 1.349953
 1.315513
 1.222139
 1.256463
 1.209767
 1.037226
  1.29064
 1.395224
 1.260524
 1.136871
 1.125386
 1.045248
 1.204229
  1.22951
 1.130837
 1.317828
 1.258307
 1.194378
 1.187012
 1.294643
 1.467028
 1.289012
 1.085433
  1.29359
 1.234188
 1.163717
 1.210555
 1.358733
   1.3971
 1.214112
 1.281053
 1.313403
 1.328815
 1.211062
 1.156919
 1.401217
 1.194151
 1.262523
 1.284791
 1.209561
 1.318997
 1.275958
 1.320901
 1.244603
 1.216666
 1.118447
 1.181207
 1.340679
 1.152619
 1.163956
 1.354177
 1.297032
 1.365731
 1.187946
 1.345589
 1.170129
  1.17761
 1.288126
 1.192165
 1.139502
 1.284746
 1.399093
  1.12614
 1.361394
 1.314665
 1.220745
 1.249565
 1.302613
  1.12127
 1.145863
 1.330929
 1.179366
 1.339993
 1.346151
 1.297024
 1.370909
 1.248358
 1.240396
 1.352082
 1.184175
 1.201733
 1.393921
 1.294101
  1.31291
 1.144065
 1.202977
 1.458216
 1.202067
 1.277036
  1.21514
 1.383191
 1.338492
 1.235501
 1.129972
 1.221217
 1.223804
  1.15289
 1.254656
 1.373616
 1.198382
 1.298087
   1.1748
 1.188295
 1.012545
 1.232487
 1.362126
 1.211657
 1.267258
 1.253181
 1.205796
 1.263724
 1.117886
 1.326577
 1.424452
 1.262091
 1.504546
 1.255861
  1.27432
    1.149
 1.145986
 1.203937
  1.19971
 1.401801
 1.313905
 1.240063
 1.345733
 1.271718
 1.297494
  1.22836
 1.373221
 1.171094
 1.295169
 1.395833
 1.354691
 1.321827
 1.194797
 1.192199
 1.413109
 1.304102
 1.351833
  1.33742
 1.335489
 1.197016
 1.296683
 1.214251
 1.265851
 1.363272
  1.25378
  1.23442
 1.145805
 1.122713
 1.088036
 1.237507
 1.531959
 .9860024
  1.26706
 1.123876
 1.172719
 1.413106
  1.24099
 1.254154
 1.303871
 1.252959
 1.293687
 1.412847
  1.24481
 1.269973
 1.371236
 1.192571
 1.246783
 1.304066
 1.389186
 1.511385
 1.221773
 1.373041
 1.220367
 1.135558
 1.324559
 1.099141
 1.136922
 1.130491
 1.081581
 1.391081
 1.220943
 1.301025
 1.208905
 1.050282
 1.227684
  1.25411
 1.029987
 1.363149
  1.23916
 1.259036
 1.383298
 1.168747
 1.212514
 1.277169
 1.339647
 1.301079
 1.303946
 1.196396
 1.234283
 1.300783
 1.194776
 1.220195
 1.413225
 1.375813
 1.114035
 1.224236
 1.414522
 1.243541
 1.266018
 1.161719
 1.269841
 1.307379
 1.151891
 1.374304
 1.266061
 1.217369
 1.413318
 1.206308
  1.24243
 1.193352
 1.052715
 1.188499
 1.265564
  1.19369
 1.514716
 1.431218
 1.151468
 1.345774
 .9829367
 1.004266
 1.357493
 1.118074
 1.238096
 1.192514
 1.314853
  1.26746
 1.269218
 1.225364
 1.273164
 1.264991
 1.403943
 .9682598
 1.257828
 1.300017
  1.37223
 1.245653
 1.398681
 1.282546
 1.252682
 1.157426
 1.179665
 1.279858
 1.140772
 1.260133
 1.311175
 1.292534
 1.355053
 1.149289
 1.137441
 1.381502
 1.196998
 1.155016
 1.304773
 1.326137
 1.343446
 1.141019
 1.214563
 1.202064
 1.225934
 1.182318
 1.334849
 1.401684
  1.21806
 1.398233
 1.106898
 1.126143
 1.055647
 1.246179
 1.274669
  1.24693
 1.135614
 1.344053
 1.327001
 1.084239
 1.205828
 1.268535
 1.198035
 1.107175
 1.377371
 1.395881
 1.178494
 1.172838
 1.132064
 1.326812
 1.299036
  1.34676
 1.240276
 1.238925
 1.118337
 1.193268
 1.205494
 1.217585
 1.135317
 1.308769
 1.269575
 1.104325
 1.306612
 1.052573
 1.299599
 1.291622
 1.178136
 1.203283
 1.491768
 1.228279
 1.116562
 1.347789
 1.329286
 1.409198
 1.421557
 1.354034
 1.229063
 1.123846
 1.338296
 1.275858
 1.196113
 1.280136
 1.317709
 1.114966
 1.155206
 1.196635
 1.200388
 1.218808
 1.189363
 1.245223
 1.323411
 1.351398
 1.321653
 1.339574
 1.193581
 1.184958
  1.20261
 1.092334
 1.344128
 1.373955
 1.291893
 1.379452
 1.295349
 1.078399
 1.406274
 1.289566
 1.221562
 1.203343
 1.159526
 1.313947
 1.218094
 1.218295
 1.403448
 1.359098
 1.244217
 1.197211
 1.334563
 1.160534
 1.241093
 1.221281
 1.554672
 1.279762
 1.178858
 1.330345
 1.269524
 1.200135
 1.197051
 1.168583
 1.099134
 1.074311
 1.280202
 1.145883
 1.265202
 1.146264
 1.155236
  1.33351
 1.110033
  1.17117
 1.610959
 1.345039
 1.000522
 1.127228
 1.214255
 1.295722
 1.070022
 1.359234
 1.217376
 1.163165
 1.373238
  1.32584
 1.304757
 1.028856
 1.245166
  1.14239
  1.14272
  1.14781
 1.265308
 1.244032
 1.266497
 1.191603
 1.179369
 1.252708
  1.48172
 1.250359
 1.259935
 1.279426
 .9836441
 1.320125
 1.188242
 1.204714
 1.090737
 1.269876
 1.412827
 1.312954
 1.190515
 1.322978
 1.307377
  1.22096
 1.139171
 .9248326
  1.23738
 1.327033
 1.320511
 1.357187
 1.203552
 1.189259
 1.281993
 1.298346
 1.274518
 1.241606
 1.335876
 1.296474
 1.320264
 1.326159
 1.098237
 1.233543
 1.133051
 1.195614
 1.298121
  1.10809
 1.249659
 1.244187
 1.068399
 1.128274
  1.21477
 1.102042
 1.194494
 1.075096
 1.097256
 1.275155
 1.353029
 1.315168
 1.189731
 1.239437
 1.308356
 1.314747
 1.260021
  1.29396
 1.115696
 1.149529
 1.074546
 1.189078
 1.264738
 1.169653
  1.17268
 1.468453
 1.326967
 1.393043
   1.3667
 1.241274
 1.250411
 1.223378
  1.41714
 1.245828
 1.410425
 1.372789
 1.237432
 1.090158
 1.364038
 1.219071
 1.318457
 1.210625
 1.294245
 1.194278
 1.104323
 1.192101
 1.282561
 1.197402
 1.251616
 1.318635
 1.484932
 1.215882
 1.290956
 1.279961
 1.221183
 1.173402
 1.411012
 1.130847
 1.128301
 1.125786
 1.192731
 1.246948
 1.237975
 1.212019
 1.260476
 1.286601
   1.1267
 1.246467
 1.189858
 1.283333
 1.194673
 1.335244
 1.320263
 1.350214
 1.188552
 1.123151
  1.36828
 1.340317
 1.205355
  1.18992
 1.285336
 1.068938
 1.136557
 1.119027
  1.18741
 1.144356
 1.429822
 1.123443
 1.117285
 1.272289
  1.08777
 1.313012
 1.129805
 1.433218
 1.200061
 1.322706
 1.078151
 1.104357
 1.211216
  1.18199
 1.289025
 1.073934
 1.321076
 1.266142
 1.184743
 1.211263
 1.147259
 1.203911
 1.069665
 1.179674
 1.190523
 1.349381
 1.206802
  1.14711
 1.147092
 1.132717
 1.164031
 1.177198
 1.333652
 1.379513
 1.184972
 .9848405
 1.138063
 1.156221
 1.006491
 1.414501
 1.366037
 1.323205
 1.272921
  1.29448
 1.414817
 1.265117
 1.246837
 1.324155
 1.235069
 1.151111
 1.184986
 1.241167
 1.187647
 1.066619
 1.210837
 1.264054
 1.319608
 1.211701
 1.252509
 1.267387
 1.333272
 1.423378
 1.244765
 1.308149
 1.388979
 1.295068
 1.290646
 1.256765
 1.160911
 1.169812
 1.173109
 1.474439
  1.31599
 1.143226
 1.203355
 1.377947
 1.247565
 1.305411
 1.281874
 1.309762
 1.250937
 1.347914
 1.206013
 1.329502
 1.160897
 1.204353
 1.236581
 1.229833
 1.257696
  1.20235
 1.246299
 1.043335
 1.246762
 1.329832
 1.190257
 1.135059
 1.331634
 1.250359
 1.250227
  1.30787
 1.115302
 1.335589
 1.212981
 1.357624
 1.147833
 1.163018
 1.298829
 1.200592
 1.141377
 1.728118
 1.048677
 1.197495
 1.047184
 1.347106
 1.218328
 1.521085
  1.17915
 1.198452
 1.264303
 1.246601
 1.376046
 1.241457
 1.196155
 1.166421
 1.137607
 1.296362
  1.20991
 1.281392
 1.304932
 1.089535
 1.329696
 1.194976
 1.060095
 1.181469
 1.193809
 1.262658
   1.4181
 1.225786
 1.286387
 1.377128
 1.271413
 1.316772
  1.23165
 1.366444
 1.263283
 1.294074
 1.212478
 1.163744
 1.138588
  1.42677
 1.202577
 1.195819
 1.277883
 1.340427
 1.260716
 1.270765
 1.265318
 1.073652
 1.337111
 1.218441
 1.129749
 1.361209
 1.077971
 1.212791
 1.365596
 1.168911
 1.238139
 1.201305
  1.46355
 1.402725
 1.348221
  1.27042
 1.303738
 1.299409
 1.267851
 1.307959
 1.323354
 1.092426
 1.053041
 1.263419
 1.350685
 1.190456
 1.271017
 1.168069
 1.168566
 1.270848
 1.141583
 1.484139
 1.203881
 1.300409
 1.259547
 1.199333
 1.307609
 1.255874
  1.27385
 1.270345
 1.434495
 1.314224
 1.256384
 1.309506
  1.37646
 1.264694
 1.357921
 1.234271
 1.448535
 1.194758
 1.226192
 1.342229
 1.196911
 1.368778
 1.301665
 1.323051
 1.220543
 1.279208
 1.412464
 1.125623
 1.286353
 1.326954
 1.165627
 1.318188
 1.302665
 1.349964
 1.229638
 1.157083
 1.296275
 1.222967
 1.277896
 1.404957
 1.329714
 1.475386
 1.267717
 1.282531
 1.624156
 1.266507
 1.240486
 1.193261
 1.264099
 1.178308
 1.215578
 1.235615
 1.127102
 1.306092
 1.262149
 1.217539
 1.205466
  1.16191
 1.216084
 1.270024
 1.142212
 1.213107
 1.280583
  1.30118
 .9967627
 1.322192
 1.114841
  1.26036
 1.263742
 1.026415
 1.232795
 1.126248
 1.183236
 1.199658
 1.212911
 1.236172
 1.271903
 1.225044
 1.390318
 1.162458
 1.188585
 1.177532
 1.106263
  1.28433
 1.239049
 1.361559
 1.155797
 1.326677
 1.437821
 1.280367
 1.162054
  1.17334
  1.33377
 1.145442
 1.230339
 1.294683
 1.349978
 1.391975
 1.271224
 1.205127
 1.321609
 1.170458
 1.317275
 1.256262
  1.45029
 1.264546
 1.478598
 1.295208
 1.296789
 1.259562
 1.138172
 1.392242
 1.261436
 1.314723
 1.227643
 1.241685
 1.244648
 1.387002
 1.075511
 1.325376
 1.339084
 1.135948
 1.240438
 1.384571
 1.327969
 1.293759
 1.185347
 1.218898
 1.227632
 1.210957
 1.238122
 1.135595
 1.200835
 1.182524
 1.099232
 1.246315
 1.357044
 1.287596
 1.333803
  1.06192
 1.414394
 1.318469
 1.369212
  1.20177
 1.228266
 1.056393
 1.195013
 1.300531
 1.375632
 1.207381
 1.381404
 1.159574
 1.062628
 1.264353
 1.209355
 1.266422
 1.399055
  1.08486
 1.387119
 1.177141
 1.486589
 1.369078
 1.205651
 1.322129
 1.346406
 1.265189
 1.319006
 1.089285
  1.21062
 1.350926
 1.348678
 1.282026
 1.333209
 1.055596
 1.328561
 1.063949
 1.388645
 1.100967
  1.19799
 1.311488
 1.146454
 1.217445
 1.084573
 1.209447
 1.189688
 1.137389
 1.153813
 1.262056
 1.211659
  1.30929
 1.247618
 1.154147
 1.013055
 1.247155
 1.178879
 1.190571
 1.375227
 1.379834
 1.231217
 1.473031
  1.26357
 1.224866
 1.161779
 1.186162
 1.269345
 1.235922
 1.265367
 1.292563
 1.377905
 1.309295
 1.073167
  1.10515
 1.266294
 1.348553
 1.034155
 1.365185
 1.222416
 1.199638
 1.391938
 1.196916
 1.203405
 1.315215
  1.22184
 1.338407
 1.088356
 1.282964
 1.248406
 1.126422
 1.253538
 1.297124
 1.353093
 1.362007
 1.256188
 1.236947
 1.269649
 1.140578
 1.079176
 1.204673
 1.618736
 1.140964
 1.190659
 1.118451
 1.380384
 1.222072
  1.24174
 1.194552
 1.297293
 1.241091
 1.548715
 1.230062
 1.302419
 1.270079
 1.231707
 1.358609
 1.282288
 1.360699
 1.128366
 1.207271
 1.278928
 1.251038
 1.331528
  1.19437
 1.161096
 1.275911
 1.336336
 1.352325
 1.319634
 1.369412
 1.203775
 1.226907
 1.315565
 1.418572
 1.313799
 1.336031
 1.287942
 1.283231
 1.274719
 1.266525
 1.284731
 1.229786
 1.131222
 1.218266
 1.310792
 1.146028
 1.211283
 1.366192
 1.121341
 1.145954
 1.378673
 1.304739
 1.309543
  1.20954
   1.2591
 1.217675
  1.26649
 1.328407
 1.242953
 1.278034
 1.181191
 1.373538
 1.305862
 1.201226
  1.26824
 1.091594
 1.404384
 1.344882
 1.161591
 1.194506
 1.281922
 1.126183
  1.27388
 1.277249
 1.153437
 1.226685
 .9594608
 1.222042
 1.207444
 1.290865
 1.250656
 1.159044
 1.317384
  1.08827
 1.284554
 1.264187
 1.150317
 1.274332
 1.299528
 1.160935
 1.443295
 1.229731
 1.228287
 1.362365
 1.047717
 1.337109
 1.336345
 1.256489
 1.278321
 1.299811
 1.142704
 1.307957
 1.305762
 1.372748
 1.230519
 1.256026
 1.357104
 1.343136
 1.253459
 1.453255
 1.197596
  1.29564
 1.216649
 1.254117
 1.123166
 1.202758
 1.212612
 1.308715
 1.259762
 1.185985
 1.130064
 1.281225
 1.137581
 1.368399
 1.252182
 1.191172
 1.252055
 1.190979
 1.264849
 1.337059
  1.31709
 1.288085
 1.256543
 1.228872
 1.195692
  1.29492
 1.161459
 1.293461
 1.249455
 1.236962
 1.326247
 1.158929
 1.260455
 1.192092
 1.360312
  1.37002
 1.264928
 1.041412
 1.494107
  1.24995
 1.338141
 1.316333
 1.181359
 1.212683
 1.357514
  1.33544
 1.045982
 1.246396
 1.113238
 1.247211
 1.368512
 1.124581
 1.271492
 1.278859
 1.249747
 1.225968
 1.203465
 1.451338
 1.065135
 1.311193
 1.163666
 1.245825
 1.234745
 1.095469
 1.215017
  1.16579
  1.34897
 1.376203
 1.114325
 1.236949
 1.195794
 1.608842
 1.380751
 1.281214
 1.151302
 1.228115
 1.217349
 1.157704
 1.202224
 1.285905
 1.187693
 1.339875
 1.241934
 1.326466
 1.232742
 1.228616
 1.332727
 1.310411
 1.392117
 1.255308
 1.160843
 1.313605
 1.177323
 1.180187
  1.39249
 1.261008
 1.195176
 1.164952
 1.277789
 1.311038
 1.351118
 1.347979
 1.256373
 1.185313
 1.398077
 1.319883
 1.214324
 1.281395
 1.232579
 1.183186
 1.393393
 1.088103
 1.254321
 1.258599
 1.203523
 1.292934
 1.125851
 1.220991
 .9902902
  1.16247
 1.368075
 1.427667
 1.184363
 1.093969
 1.189137
 1.228471
 1.143909
 1.233101
 1.392541
 1.266012
   1.2016
 1.206805
 1.268354
 1.247925
 1.506451
 1.018996
 1.313542
 1.269684
 1.268988
 1.326778
  1.09987
 1.234265
 1.208094
 1.530056
 1.262676
 1.315153
 1.267063
 1.269786
  1.23581
 1.036745
 1.356685
 1.175232
 1.425803
 1.149114
 1.177394
 1.225105
 .9768138
 1.183732
 1.065782
 1.258341
 1.321997
 1.214741
 1.141654
 1.310272
  1.07672
 1.192892
 1.556603
 1.048165
  1.19162
 1.272886
 1.307736
 1.387207
 1.135129
 1.236116
 1.293097
 1.210611
  1.39017
 1.088775
 1.324013
  1.32857
  1.19288
 1.349021
 1.273404
  1.28297
 1.077123
  1.24462
 1.027477
 1.201538
  1.17757
 1.341121
 1.207018
 1.201283
 1.406985
 1.095109
 1.295124
 1.327428
 1.393511
 1.338896
 1.396363
 1.414621
 1.282532
  1.26042
 1.035046
 1.402407
 1.234793
 1.030531
 1.101297
 1.171697
 1.096844
 1.275527
 1.231333
 1.129319
 1.255816
 1.290291
 1.254891
 1.243298
 1.310639
 1.175834
 1.335482
 1.221841
 1.243508
 1.333289
 1.246321
 1.146027
 1.266656
 1.160369
 1.219146
 1.221207
 1.260533
 1.256164
  1.25296
 1.291395
 1.220183
 1.119386
 1.368822
 1.221097
 1.249741
 1.515071
  1.31418
 1.138043
 1.258078
 1.162812
 1.265773
 1.129196
 1.046672
 1.359798
 1.266709
  1.07738
 1.203494
 1.337557
 1.190727
 1.212044
 1.120842
 1.172797
 1.010237
 1.162363
 1.327422
 1.130491
 1.209835
 1.295736
 1.259708
 1.099695
 1.171421
 1.142917
 1.076212
  1.32057
 1.373686
 1.477659
 1.257502
 1.164758
 1.283715
 1.311408
  1.31622
 1.222849
 1.264588
 1.272704
 1.191396
 1.209689
 1.124246
 1.178946
 1.182149
 1.376961
 1.100003
 1.113387
 1.276925
 1.504177
 1.272277
 1.231837
 1.060215
 1.192656
 1.185613
 1.191706
 1.195934
 1.348371
 1.335806
 1.178585
 1.353921
 1.206452
 1.270361
 1.245141
 1.371809
 1.265345
 1.359634
  1.20762
 1.394413
 1.325481
 1.369363
 1.274329
 1.173421
 1.056377
 1.415489
 1.232923
 1.238071
  1.30154
 1.234058
 1.216676
 1.204269
 1.235209
 1.408886
 1.306548
 1.263707
 1.067493
 1.108654
  1.12972
 1.366889
 1.188164
 1.403519
 1.368835
 1.277142
 1.260607
  1.08869
 1.203511
 1.367791
 1.255046
 1.279385
 1.266866
 1.323403
 1.244805
 1.128094
 1.186727
 .9865017
 1.482715
 1.230763
 1.215048
 1.148833
 1.165896
 1.172711
 1.343887
 1.114724
 1.143778
 1.289711
 1.217577
 1.266389
 1.507295
 1.199907
 1.204895
 1.377276
 1.229657
 1.412071
   1.2273
 1.441614
 1.207633
 1.263641
 1.312778
 1.229764
 1.017261
 1.263178
 1.270594
 1.198634
 1.243927
 1.366566
 1.490553
 1.315385
  1.30587
 1.260895
 1.237829
  1.30287
 1.215635
 1.273872
  1.36513
  1.19387
 1.100815
 1.134643
 1.243499
  1.24576
 1.148916
 1.226065
 1.366662
 1.310255
 1.282632
 1.168968
 1.318984
 1.359619
 1.256314
 1.381826
 1.131477
  1.32366
 1.266563
 1.327311
 1.264087
  1.16335
 1.326349
 1.318813
 1.296355
 1.250201
 1.249698
 1.079345
 1.200851
 1.189274
 1.019653
 1.277441
 1.246222
 1.436237
 1.281659
 1.318907
 1.275895
 1.247891
 1.335699
 1.138449
 1.266895
 1.340276
 1.110758
 1.350882
 1.314092
  1.23137
 1.172742
 1.334158
 1.174574
 1.209685
 1.364487
 1.374593
 1.259996
 1.333695
 1.037447
 1.184746
 1.289813
 1.237682
 1.263369
 1.231372
 1.333189
 1.172465
 1.436323
 1.299903
 1.202608
 1.131533
 1.257221
   1.1804
 1.308311
  1.14939
 1.189336
 1.322057
 1.306757
 1.387287
 1.240613
 1.133623
 1.269991
  1.29844
 1.349434
 1.385553
 1.042001
 1.194301
 1.129164
 1.210687
 1.055129
 1.234535
  1.25264
 1.319188
 1.109645
 1.242099
 1.251948
 1.327563
 1.012893
 1.361519
 1.047585
 1.473955
 1.332278
 1.410345
 1.140847
 1.406101
 1.167934
 1.303169
 1.159532
 1.212665
 1.433042
 1.076944
 1.395918
 1.247019
 1.180068
 1.232402
 1.389978
 1.209067
 1.136322
 1.300855
 1.350091
 1.177419
 1.250427
 1.220678
  1.39938
 1.138663
 1.271425
 1.382186
 1.169149
 1.261484
 1.183953
 1.295053
 1.279004
 1.349862
 1.220518
 1.256926
 1.238103
 1.217733
 1.193294
 1.330017
   1.2419
 1.064676
  1.12022
 1.180295
 1.147402
 1.303385
  1.28602
 1.177735
 1.299548
 1.307304
 1.307203
 1.135167
 1.159494
 1.182497
  1.38861
  1.27867
 1.208561
 1.268474
 1.354896
 1.313696
 1.348446
 1.288342
 1.247221
  1.19796
 1.136626
 1.238404
   1.3693
 1.220271
 1.337123
 1.270173
 1.202533
 1.213901
 1.316367
 1.367749
 1.022973
 1.287939
 1.228414
 1.274945
 1.181163
 1.198249
 1.127681
 1.195017
 1.256424
 1.249965
  1.31322
 1.387238
  1.31338
  1.23604
 1.141708
 1.247605
 1.115163
 1.323278
 1.315271
 1.342412
 1.169604
 1.254888
 1.089024
 1.307114
 1.129196
 1.327914
 .9841758
 1.213455
 1.313414
 1.503068
 1.100112
 1.074595
 1.332033
 1.356836
  1.19125
 1.282088
 1.158408
 1.338006
 1.147124
 1.258377
 1.253886
 1.204228
  1.38917
 1.341363
 1.114573
 1.310613
 1.362469
 1.179568
 1.199545
  1.16597
 1.253909
 1.357653
 1.186271
  1.41784
 1.347685
 1.297781
 1.259592
 1.298763
 1.441078
 1.352091
 1.288834
 1.283608
  1.18512
 1.258612
 1.371883
 1.230666
 1.376842
  1.14382
 1.351303
 1.136026
 1.174711
  1.22585
 1.255886
 1.163216
 1.061968
 1.330016
 1.461215
 1.335137
 1.209252
 1.071129
 1.243971
 1.289827
 1.160071
 1.373096
 1.186793
