           1           1           1
           1           1           2
           1           2           3
           1           2           4
           1           3           5
           1           3           6
           1           4           7
           1           4           8
           1           5           9
           1           5          10
           1           6          11
           1           6          12
           1           7          13
           1           7          14
           1           8          15
           1           8          16
           1           9          17
           1           9          18
           2           1          19
           2           1          20
           2           2          21
           2           2          22
           2           3          23
           2           3          24
           2           4          25
           2           4          26
           2           5          27
           2           5          28
           2           6          29
           2           6          30
           3           1          31
           3           1          32
           3           2          33
           3           2          34
           3           3          35
           3           3          36
           3           4          37
           3           4          38
           3           5          39
           3           5          40
           3           6          41
           3           6          42
           4           1          43
           4           1          44
           4           2          45
           4           2          46
           4           3          47
           4           3          48
           4           4          49
           4           4          50
           4           5          51
           4           5          52
           4           6          53
           4           6          54
           5           1          55
           5           1          56
           5           2          57
           5           2          58
           5           3          59
           5           3          60
           5           4          61
           5           4          62
           5           5          63
           5           5          64
           5           6          65
           5           6          66
           6           1          67
           6           1          68
           6           2          69
           6           2          70
           6           3          71
           6           3          72
           6           4          73
           6           4          74
           6           5          75
           6           5          76
           6           6          77
           6           6          78
           7           1          79
           7           1          80
           7           2          81
           7           2          82
           7           3          83
           7           3          84
           7           4          85
           7           4          86
           7           5          87
           7           5          88
           7           6          89
           7           6          90
           8           1          91
           8           1          92
           8           2          93
           8           2          94
           8           3          95
           8           3          96
           8           4          97
           8           4          98
           8           5          99
           8           5         100
           8           6         101
           8           6         102
           8           1         103
           8           1         104
           1           1         105
           1           2         106
           1           3         107
           1           4         108
           1           5         109
           1           6         110
           1           7         111
           1           8         112
           1           9         113
           2           1         114
           2           2         115
           2           3         116
           2           4         117
           2           5         118
           2           6         119
           3           1         120
           3           2         121
           3           3         122
           3           4         123
           3           5         124
           3           6         125
           4           1         126
           4           2         127
           4           3         128
           4           4         129
           4           5         130
           4           6         131
           5           1         132
           5           2         133
           5           3         134
           5           4         135
           5           5         136
           5           6         137
           6           1         138
           6           2         139
           6           3         140
           6           4         141
           6           5         142
           6           6         143
           7           1         144
           7           2         145
           7           3         146
           7           4         147
           7           5         148
           7           6         149
           8           1         150
           8           2         151
           8           3         152
           8           4         153
           8           5         154
           8           6         155
           8           1         156
