           1 -0.138940490824164     
           2 -0.171435137068438     
           3 -0.119279026367528     
           4 -0.228555422489696     
           5 -0.184435029969713     
           6 -0.327900524335812     
           7 -0.130184802956270     
           8 -0.174336763501237     
           9 -7.559494858787234E-002
          10 -0.196196744332039     
          11 -5.108195900368011E-002
          12 -0.160941597281907     
          13 -8.060950680786891E-002
          14 -7.822397325527475E-002
          15 -5.038948201678760E-002
          16 -7.813746610765476E-002
          17  6.291739199607314E-003
          18 -5.551591249416161E-002
          19 -1.105686086002079E-002
          20 -8.518989187791220E-002
          21 -4.762325839095431E-002
          22 -5.850649484511673E-002
          23 -4.448489546485632E-002
          24 -8.585092461366071E-002
          25 -8.842640911757943E-002
          26 -0.193177731817992     
          27 -0.145539603293109     
          28 -0.143035078808155     
          29 -7.544488596809672E-002
          30 -0.147405166005469     
          31  6.006133327017202E-002
          32  0.325748905643065     
          33  0.128765863318574     
          34  0.261894946306357     
          35  0.215180142064775     
          36  0.356366352370983     
          37 -0.141383599523830     
          38 -0.243159365715844     
          39 -9.936452889402325E-002
          40 -0.181906083666563     
          41 -0.110035257525114     
          42 -0.173423128386739     
          43  0.251202904515351     
          44  0.476594186869431     
          45  0.277872928702318     
          46  0.513359789838379     
          47  0.307243564954337     
          48  0.654076149520761     
          49 -0.116106498279616     
          50 -0.352361860804703     
          51 -0.117666241048824     
          52 -0.197206777509621     
          53 -0.120055737658308     
          54 -0.180047527240926     
          55  0.206196198247731     
          56  0.431394884276336     
          57  0.298864405241029     
          58  0.552730272476448     
          59  0.344669541782035     
          60  0.658506757827091     
          61 -0.138548837839321     
          62 -0.365108151364795     
          63 -0.148756322094457     
          64 -0.281659405619649     
          65 -9.409724028653098E-002
          66 -0.193904114616032     
          67  0.271247697245210     
          68  0.478061057367377     
          69  0.284220872034175     
          70  0.529797167188591     
          71  0.369610748958034     
          72  0.725200563646889     
          73 -0.136757508957301     
          74 -0.263647646775853     
          75 -0.148295219200949     
          76 -0.222260836163134     
          77 -0.101219735119980     
          78 -0.113246315607366     
          79  0.267945103422784     
          80  0.520723186667647     
          81  0.391633091592524     
          82  0.721476059373813     
          83  0.438342182909789     
          84  0.853416258677509     
          85 -6.627046033602697E-002
          86 -0.143902013757594     
          87 -3.285570840268550E-002
          88 -0.139846544977896     
          89 -3.731574738778169E-002
          90 -7.897960784471840E-002
          91  0.418196377882205     
          92  0.793483866082431     
          93  0.473437428812920     
          94   1.00205736904705     
          95  0.633386180026021     
          96   1.29367312422859     
          97  5.441078493087244E-003
          98 -1.547353671494057E-002
          99 -4.587547754512505E-002
         100 -6.558449120151030E-002
         101 -1.130939273454471E-002
         102 -1.186558044578692E-002
         103  0.182515055021861     
         104  0.363986208870187     
         105 -2.981766492917143E-002
         106  0.172589279907261     
         107  0.266703052236904     
         108  4.613625911914725E-002
         109  1.157685445785030E-002
         110  3.203422660517918E-002
         111  5.542456469581623E-002
         112 -4.642040505250662E-002
         113  8.433086990196422E-003
         114  0.368300466447749     
         115  0.560540218879195     
         116  0.737271922692758     
         117  0.112532555224532     
         118  2.095874733418484E-002
         119  1.700240067814509E-002
         120  0.544125075399183     
         121  0.633769663919985     
         122   1.07017251920141     
         123 -6.557972079246144E-002
         124  2.551662505545442E-002
         125 -0.128643136581993     
         126  0.525268602929217     
         127  0.993550729666380     
         128  0.917384034290998     
         129 -0.212470284527477     
         130 -0.125948997301754     
         131 -0.142891627302529     
         132  0.358139809986984     
         133  0.492844179149728     
         134   1.12529269973858     
         135 -0.197131867647500     
         136 -0.118321125914087     
         137 -9.309951363399789E-002
         138  0.360184711930174     
         139  0.620218778640093     
         140   1.03658718164647     
         141 -0.142388555962286     
         142 -0.283991976189169     
         143 -4.163275277458466E-003
         144  0.246403604306429     
         145  0.799576982683242     
         146   1.00750537332566     
         147 -0.308001860320754     
         148 -6.084315700949815E-002
         149 -0.126190806201023     
         150  0.545595407958291     
         151   1.00470723405161     
         152   1.35442004850687     
         153 -0.250006485724669     
         154  9.381907049113042E-002
         155 -2.277006286412046E-002
         156  0.149976491093078     
         157 -0.188955920568246     
         158 -0.225828573780153     
         159 -0.138057232311908     
         160 -8.066126864190316E-002
         161 -1.568600981660493E-002
         162 -8.209022741862486E-003
         163  0.643058079319276     
         164  0.705167450983127     
         165 -0.112688604045581     
         166 -8.712537124796217E-002
         167   1.95929136218385     
         168   2.21937947300932     
         169 -0.293218428119917     
         170 -4.774854309285789E-002
         171   2.43063681518644     
         172   2.84943351970456     
         173 -0.134329414211294     
         174 -5.793859792726638E-002
         175   2.77409950324315     
         176   3.07757253230157     
         177 -7.303626882941817E-002
         178 -5.544207704926514E-002
         179   2.62257522830808     
         180   3.27956465201297     
         181  9.133380711892146E-002
         182 -0.140422346479717     
         183   2.75577595417767     
         184   3.38773509091858     
         185 -0.126748087898466     
         186 -0.108171129721593     
         187   3.06558378126482     
         188   4.18468802346967     
         189 -0.285595710678876     
         190  7.647553112115656E-002
         191  -8.10685874200709     
         192  0.135906065749749     
         193  0.216365951669234     
         194  0.155353770970357     
         195   2.29845608753131     
         196  0.000000000000000E+000
         197   1.73749867826700     
         198   26.6720451898006     
         199   2.84218043968883     
         200   5.90567462217893     
         201  0.692341870712107     
         202   5.44438088806375     
         203  -1.21879448537490     
