           1           1      1.00545482      1.00161847      1.00000000      0.00000000      0.00000000      0.50497719
           1           1      0.00000000      0.00000000      0.00000000      0.00000000      0.00000000      0.00000000
 
           1           2      0.97599155      1.03143922      1.24759799      0.00000000      0.00000000      0.50088168
           1           2      0.00000000      0.00000000      0.00000000      0.00000000      0.00000000      0.00000000
 
           1           3      0.99413941      0.99409082      1.55939677      0.00000000      0.00000000      0.48136282
           1           3      0.00000000      0.00000000      0.00000000      0.00000000      0.00000000      0.00000000
 
           1           4      1.00601018      1.01833579      0.00000000      1.00000000      0.00000000      0.53215346
           1           4      0.00000000      0.00000000      0.00000000      0.00000000      0.00000000      0.00000000
 
           1           5      1.00099227      1.02354619      0.00000000      0.99080650      0.00000000      0.47039143
           1           5      0.00000000      0.00000000      0.00000000      0.00000000      0.00000000      0.00000000
 
           1           6      0.96857115      1.04884144      0.00000000      0.68554932      0.00000000      0.48344469
           1           6      0.00000000      0.00000000      0.00000000      0.00000000      0.00000000      0.00000000
 
           1           7      0.97482723      1.04176152      0.00000000      0.00000000      1.00000000      0.47943359
           1           7      0.00000000      0.00000000      0.00000000      0.00000000      0.00000000      0.00000000
 
           1           8      0.98188173      1.00566791      0.00000000      0.00000000      1.11324030      0.53421227
           1           8      0.00000000      0.00000000      0.00000000      0.00000000      0.00000000      0.00000000
 
           1           9      0.92514421      1.04848607      0.00000000      0.00000000      0.70906931      0.50146093
           1           9      0.00000000      0.00000000      0.00000000      0.00000000      0.00000000      0.00000000
 
 
           2           1      1.05287860      0.95657740      1.00000000      0.00000000      0.00000000      0.49105567
           2           1      0.00000000      0.00000000      0.00000000      0.00000000      0.00000000      0.00000000
 
           2           2      1.10002752      0.94514768      1.21745308      0.00000000      0.00000000      0.49870431
           2           2      0.00000000      0.00000000      0.00000000      0.00000000      0.00000000      0.00000000
 
           2           3      1.11220924      0.94921197      1.34547457      0.00000000      0.00000000      0.50514084
           2           3      0.00000000      0.00000000      0.00000000      0.00000000      0.00000000      0.00000000
 
           2           4      1.05321768      0.97927901      0.00000000      1.00000000      0.00000000      0.49743526
           2           4      0.00000000      0.00000000      0.00000000      0.00000000      0.00000000      0.00000000
 
           2           5      1.07984824      0.95632487      0.00000000      0.82645675      0.00000000      0.49941780
           2           5      0.00000000      0.00000000      0.00000000      0.00000000      0.00000000      0.00000000
 
           2           6      1.04155956      0.98720524      0.00000000      0.60128174      0.00000000      0.50424182
           2           6      0.00000000      0.00000000      0.00000000      0.00000000      0.00000000      0.00000000
 
 
           3           1      1.01759386      0.98278806      1.00000000      0.00000000      0.00000000      0.50427244
           3           1      0.00000000      0.00000000      0.00000000      0.00000000      0.00000000      0.00000000
 
           3           2      0.99449381      1.00015093      1.18091396      0.00000000      0.00000000      0.51856939
           3           2      0.00000000      0.00000000      0.00000000      0.00000000      0.00000000      0.00000000
 
           3           3      1.04145063      0.93918533      1.41494654      0.00000000      0.00000000      0.50392617
           3           3      0.00000000      0.00000000      0.00000000      0.00000000      0.00000000      0.00000000
 
           3           4      0.98808056      1.00539897      0.00000000      1.00000000      0.00000000      0.49161026
           3           4      0.00000000      0.00000000      0.00000000      0.00000000      0.00000000      0.00000000
 
           3           5      0.93727871      1.03995916      0.00000000      0.78412623      0.00000000      0.50441808
           3           5      0.00000000      0.00000000      0.00000000      0.00000000      0.00000000      0.00000000
 
           3           6      0.97863335      1.02370063      0.00000000      0.60952290      0.00000000      0.48482939
           3           6      0.00000000      0.00000000      0.00000000      0.00000000      0.00000000      0.00000000
 
 
           4           1      1.07747808      0.95263385      1.00000000      0.00000000      0.00000000      0.49476345
           4           1      0.00000000      0.00000000      0.00000000      0.00000000      0.00000000      0.00000000
 
           4           2      1.01595775      0.97511705      1.28957256      0.00000000      0.00000000      0.49363682
           4           2      0.00000000      0.00000000      0.00000000      0.00000000      0.00000000      0.00000000
 
           4           3      1.00409134      0.99671239      1.42483912      0.00000000      0.00000000      0.49918763
           4           3      0.00000000      0.00000000      0.00000000      0.00000000      0.00000000      0.00000000
 
           4           4      1.00265983      0.97463783      0.00000000      1.00000000      0.00000000      0.49728617
           4           4      0.00000000      0.00000000      0.00000000      0.00000000      0.00000000      0.00000000
 
           4           5      0.98936892      1.00354587      0.00000000      0.75831051      0.00000000      0.51164650
           4           5      0.00000000      0.00000000      0.00000000      0.00000000      0.00000000      0.00000000
 
           4           6      1.01816115      1.00220065      0.00000000      0.60278636      0.00000000      0.48035036
           4           6      0.00000000      0.00000000      0.00000000      0.00000000      0.00000000      0.00000000
 
 
           5           1      0.97390947      1.01871361      1.00000000      0.00000000      0.00000000      0.50529312
           5           1      0.00000000      0.00000000      0.00000000      0.00000000      0.00000000      0.00000000
 
           5           2      1.01276643      0.96884594      1.24216652      0.00000000      0.00000000      0.50706948
           5           2      0.00000000      0.00000000      0.00000000      0.00000000      0.00000000      0.00000000
 
           5           3      1.06394160      0.96348822      1.41945800      0.00000000      0.00000000      0.47849704
           5           3      0.00000000      0.00000000      0.00000000      0.00000000      0.00000000      0.00000000
 
           5           4      1.05030944      0.97249741      0.00000000      1.00000000      0.00000000      0.49962829
           5           4      0.00000000      0.00000000      0.00000000      0.00000000      0.00000000      0.00000000
 
           5           5      0.95867367      1.01263275      0.00000000      0.83681772      0.00000000      0.49001347
           5           5      0.00000000      0.00000000      0.00000000      0.00000000      0.00000000      0.00000000
 
           5           6      1.02067436      0.97561054      0.00000000      0.52494120      0.00000000      0.48723789
           5           6      0.00000000      0.00000000      0.00000000      0.00000000      0.00000000      0.00000000
 
 
           6           1      0.92274679      1.02885338      1.00000000      0.00000000      0.00000000      0.51551926
           6           1      0.00000000      0.00000000      0.00000000      0.00000000      0.00000000      0.00000000
 
           6           2      0.97278707      0.99430379      1.20739978      0.00000000      0.00000000      0.52331776
           6           2      0.00000000      0.00000000      0.00000000      0.00000000      0.00000000      0.00000000
 
           6           3      1.02364392      0.97922354      1.43586124      0.00000000      0.00000000      0.48326815
           6           3      0.00000000      0.00000000      0.00000000      0.00000000      0.00000000      0.00000000
 
           6           4      0.95766030      1.01557986      0.00000000      1.00000000      0.00000000      0.47910757
           6           4      0.00000000      0.00000000      0.00000000      0.00000000      0.00000000      0.00000000
 
           6           5      1.04015694      0.96898918      0.00000000      0.76476822      0.00000000      0.50327233
           6           5      0.00000000      0.00000000      0.00000000      0.00000000      0.00000000      0.00000000
 
           6           6      1.00635915      0.97658414      0.00000000      0.60105183      0.00000000      0.49705186
           6           6      0.00000000      0.00000000      0.00000000      0.00000000      0.00000000      0.00000000
 
 
           7           1      0.99929141      0.98368467      1.00000000      0.00000000      0.00000000      0.52223919
           7           1      0.00000000      0.00000000      0.00000000      0.00000000      0.00000000      0.00000000
 
           7           2      1.04782772      0.93183755      1.22402329      0.00000000      0.00000000      0.48641122
           7           2      0.00000000      0.00000000      0.00000000      0.00000000      0.00000000      0.00000000
 
           7           3      1.00920751      0.95146637      1.42265974      0.00000000      0.00000000      0.47597189
           7           3      0.00000000      0.00000000      0.00000000      0.00000000      0.00000000      0.00000000
 
           7           4      1.05400193      0.99101302      0.00000000      1.00000000      0.00000000      0.52595048
           7           4      0.00000000      0.00000000      0.00000000      0.00000000      0.00000000      0.00000000
 
           7           5      1.06296891      0.97812930      0.00000000      0.68885845      0.00000000      0.51187305
           7           5      0.00000000      0.00000000      0.00000000      0.00000000      0.00000000      0.00000000
 
           7           6      1.01391456      0.99494470      0.00000000      0.61882325      0.00000000      0.52425668
           7           6      0.00000000      0.00000000      0.00000000      0.00000000      0.00000000      0.00000000
 
 
           8           1      1.03694603      0.94997421      1.00000000      0.00000000      0.00000000      0.52163477
           8           1      0.00000000      0.00000000      0.00000000      0.00000000      0.00000000      0.00000000
 
           8           2      1.05734328      0.94683688      1.23608389      0.00000000      0.00000000      0.52112353
           8           2      0.00000000      0.00000000      0.00000000      0.00000000      0.00000000      0.00000000
 
           8           3      1.04305552      0.97187261      1.47859872      0.00000000      0.00000000      0.47545353
           8           3      0.00000000      0.00000000      0.00000000      0.00000000      0.00000000      0.00000000
 
           8           4      1.06978168      0.94043886      0.00000000      1.00000000      0.00000000      0.51501970
           8           4      0.00000000      0.00000000      0.00000000      0.00000000      0.00000000      0.00000000
 
           8           5      1.01505491      0.97627390      0.00000000      0.81524559      0.00000000      0.48993218
           8           5      0.00000000      0.00000000      0.00000000      0.00000000      0.00000000      0.00000000
 
           8           6      1.02936846      0.98111780      0.00000000      0.57084593      0.00000000      0.52777721
           8           6      0.00000000      0.00000000      0.00000000      0.00000000      0.00000000      0.00000000
 
 
 Parameters in Anchoring Equations
           8           1      1.03648928      0.94351157      0.93520167      0.00000000      0.00000000      1.03957418
           8           1      0.00000000      0.00000000      0.00000000      0.00000000      0.00000000      0.00000000
 
