0.90127022
1.06445156
1.10630824
0.96741861
1.12258
0.96083989
1.06380327
0.97715644
1.21235564
0.91135609
1.05088976
0.99915036
0.93994665
1.02897884
0.93934471
1.02447515
0.89011046
1.02093815
1.04098068
0.98530692
0.95419253
0.99978784
1.15213619
0.88937587
0.9358224
0.99699132
1.05348222
1.02250433
0.9284749
1.03269375
1.02200263
0.9617981
1.02396375
0.93920223
1.08595188
0.94551225
1.05023962
0.989671
0.94705385
1.06789032
0.929714
1.04243621
1.02882428
0.95917494
1.05468059
0.93258055
1.09783979
0.88315623
1.08391561
0.978362
0.96757029
1.01208551
1.04211564
0.97380454
1.07359604
0.90063129
1.02843517
0.90707861
1.04129893
0.89932422
1.13459403
0.92725518
1.01853903
1.01472481
1.03827763
0.97526104
0.98476963
0.95155284
0.92802019
0.9662758
1.16655273
0.812329
1.16139932
0.91420282
1.1092623
0.92796523
1.08282627
0.97896364
1.01139455
0.95133456
1.0096905
0.88688047
1.05543819
0.85465548
0.96494483
0.99829553
0.95383307
0.98854476
0.96302146
1.03561375
0.94658015
0.92124337
1.0912723
0.86527249
0.94309471
0.90511067
0.96451754
1.01148406
1.10715886
0.96167783
1.04894086
0.95627966
1.1113462
0.85751628
-0.67803459
-0.51282335
-0.40609369
-0.61396741
-0.66694212
-0.74405804
-0.57759768
-0.40965232
-0.72565375
-0.77077218
-0.65374181
-0.46731918
-0.6771304
-0.73955669
-0.82953999
-0.71926704
-0.58543168
-0.5481305
-0.61712574
-0.74494518
-0.69569754
-0.72400606
-0.64872186
-0.44521049
-0.64015174
-0.63820579
-0.75461734
-0.62728299
-0.59938355
-0.46632535
-0.6609339
-0.67130104
-0.74873484
-0.64322412
-0.59961168
-0.45863645
-0.66048931
-0.70738545
-0.73440118
-0.69567554
-0.60622232
-0.44774397
-0.66981837
-0.7055495
-0.67877524
-0.66903324
-0.56136512
-0.45326957
-0.66052638
-0.74353108
-0.80160859
0.00916469
1
1
1
1
1
1
1
1
1
1
1
1
1
1
1
1
1
1
1
1
1
1
1
1
1
1
1
1
1
1
1
1
1
1
1
