      1.00559230
      1.00149452
      0.97600282
      1.03140334
      0.99426747
      0.99408334
      1.00614990
      1.01831846
      1.00090634
      1.02363550
      0.96849595
      1.04896291
      0.97491640
      1.04175350
      0.98189063
      1.00562444
      0.92507490
      1.04854178
      1.05279563
      0.95664205
      1.10009629
      0.94519397
      1.11223434
      0.94933693
      1.05322290
      0.97933843
      1.08010088
      0.95622610
      1.04158228
      0.98725511
      1.01785323
      0.98244326
      0.99445655
      0.99994882
      1.04133255
      0.93900306
      0.98810458
      1.00539752
      0.93731712
      1.03995093
      0.97870480
      1.02378631
      1.07727684
      0.95218718
      1.01584412
      0.97479130
      1.00404546
      0.99618817
      1.00248950
      0.97478836
      0.98945100
      1.00358659
      1.01821608
      1.00221150
      0.97375743
      1.01827592
      1.01249454
      0.96832366
      1.06367339
      0.96287755
      1.05018903
      0.97260937
      0.95864203
      1.01264245
      1.02064506
      0.97563861
      0.92248047
      1.02848983
      0.97246147
      0.99363485
      1.02333130
      0.97848347
      0.95768223
      1.01556505
      1.04029049
      0.96892940
      1.00645801
      0.97648823
      0.99903280
      0.98310856
      1.04748500
      0.93113719
      1.00890467
      0.95065540
      1.05395105
      0.99100193
      1.06281445
      0.97819841
      1.01387337
      0.99497905
      1.03672314
      0.94947841
      1.05719331
      0.94601880
      1.04287426
      0.97090356
      1.06977119
      0.94052622
      1.01514463
      0.97631181
      1.02941595
      0.98116995
      1.03627254
      0.94315249
     -0.68314577
     -0.69107266
     -0.73032479
     -0.63108353
     -0.75417176
     -0.72684015
     -0.73536109
     -0.62685199
     -0.69026845
     -0.71049701
     -0.69596740
     -0.68304434
     -0.69811612
     -0.69435741
     -0.68472227
     -0.68441392
     -0.65627219
     -0.68487760
     -0.70956503
     -0.68457995
     -0.72384163
     -0.70355885
     -0.70576113
     -0.69384045
     -0.69794185
     -0.67009987
     -0.73309259
     -0.68245807
     -0.67817527
     -0.73642886
     -0.69325015
     -0.71321788
     -0.71893813
     -0.66253152
     -0.64696019
     -0.72583832
     -0.73520690
     -0.68617910
     -0.69919265
     -0.64952506
     -0.72048943
     -0.74123973
     -0.64177494
     -0.66980087
     -0.64577591
     -0.65076466
     -0.65190700
     -0.74213258
     -0.66256908
     -0.71410171
     -0.63896879
      0.03853857
      1.24753242
      1.55909021
      0.99028917
      0.68520660
      1.11295000
      0.70899629
      1.22003774
      1.34810313
      0.82699618
      0.60159269
      1.18134964
      1.41572672
      0.78558845
      0.60996812
      1.28972328
      1.42441305
      0.75931250
      0.60334802
      1.24115583
      1.41878390
      0.83771163
      0.52548980
      1.20638951
      1.43440272
      0.76490770
      0.60224528
      1.22366926
      1.42150615
      0.69023853
      0.61985321
      1.23616179
      1.47744643
      0.81778267
      0.57133358
      0.94080742
     -1.73523446
     -1.69375210
     -1.46096814
      0.02834312
      0.02918855
     -0.00501300
     -2.27781335
     -2.32623916
      1.37579537
      0.03638272
      0.60841928
      0.34237178
