      1.00545482
      1.00161847
      0.97599155
      1.03143922
      0.99413941
      0.99409082
      1.00601018
      1.01833579
      1.00099227
      1.02354619
      0.96857115
      1.04884144
      0.97482723
      1.04176152
      0.98188173
      1.00566791
      0.92514421
      1.04848607
      1.05287860
      0.95657740
      1.10002752
      0.94514768
      1.11220924
      0.94921197
      1.05321768
      0.97927901
      1.07984824
      0.95632487
      1.04155956
      0.98720524
      1.01759386
      0.98278806
      0.99449381
      1.00015093
      1.04145063
      0.93918533
      0.98808056
      1.00539897
      0.93727871
      1.03995916
      0.97863335
      1.02370063
      1.07747808
      0.95263385
      1.01595775
      0.97511705
      1.00409134
      0.99671239
      1.00265983
      0.97463783
      0.98936892
      1.00354587
      1.01816115
      1.00220065
      0.97390947
      1.01871361
      1.01276643
      0.96884594
      1.06394160
      0.96348822
      1.05030944
      0.97249741
      0.95867367
      1.01263275
      1.02067436
      0.97561054
      0.92274679
      1.02885338
      0.97278707
      0.99430379
      1.02364392
      0.97922354
      0.95766030
      1.01557986
      1.04015694
      0.96898918
      1.00635915
      0.97658414
      0.99929141
      0.98368467
      1.04782772
      0.93183755
      1.00920751
      0.95146637
      1.05400193
      0.99101302
      1.06296891
      0.97812930
      1.01391456
      0.99494470
      1.03694603
      0.94997421
      1.05734328
      0.94683688
      1.04305552
      0.97187261
      1.06978168
      0.94043886
      1.01505491
      0.97627390
      1.02936846
      0.98111780
      1.03648928
      0.94351157
     -0.68324201
     -0.69138538
     -0.73113398
     -0.63082337
     -0.75419011
     -0.72681837
     -0.73514989
     -0.62696201
     -0.69022958
     -0.71119778
     -0.69574192
     -0.68291800
     -0.69828986
     -0.69431226
     -0.68469932
     -0.68463860
     -0.65668144
     -0.68532551
     -0.71006903
     -0.68434984
     -0.72395823
     -0.70367550
     -0.70595521
     -0.69477325
     -0.69858962
     -0.67012132
     -0.73323953
     -0.68261659
     -0.67910724
     -0.73710526
     -0.69389087
     -0.71332239
     -0.71900279
     -0.66258062
     -0.64756643
     -0.72718361
     -0.73583013
     -0.68662385
     -0.69906092
     -0.64962957
     -0.72070089
     -0.74239648
     -0.64254822
     -0.66967864
     -0.64577387
     -0.65078761
     -0.65176816
     -0.74348614
     -0.66355012
     -0.71348831
     -0.63908103
      0.03881119
      1.24759799
      1.55939677
      0.99080650
      0.68554932
      1.11324030
      0.70906931
      1.21745308
      1.34547457
      0.82645675
      0.60128174
      1.18091396
      1.41494654
      0.78412623
      0.60952290
      1.28957256
      1.42483912
      0.75831051
      0.60278636
      1.24216652
      1.41945800
      0.83681772
      0.52494120
      1.20739978
      1.43586124
      0.76476822
      0.60105183
      1.22402329
      1.42265974
      0.68885845
      0.61882325
      1.23608389
      1.47859872
      0.81524559
      0.57084593
      0.93520167
     -1.73458797
     -1.69485199
     -1.46124472
      0.02912338
      0.02800980
     -0.00327179
     -2.26680395
     -2.32242424
      1.37888595
      0.04624047
      0.60887112
      0.34147248
