0.95395716
1.013864
0.98019472
1.0122285
0.94451897
1.02430709
0.95672304
1.01968485
0.88878888
1.04127203
0.98013855
0.99940939
1.0064022
1.04072329
1.04859661
1.01224408
1.10188617
0.9824172
0.97519892
0.95703774
0.98423481
0.9425737
1.04644976
0.89143759
0.88102444
1.08966518
0.87321899
1.06423397
0.98502918
0.98046833
1.08179388
0.89855687
1.18320328
0.81137636
1.04949389
0.86053641
1.10181958
0.91003163
0.99812325
0.99741864
0.95309329
0.99896562
0.98172307
0.93489563
1.04513885
0.88788779
1.1067835
0.8293692
1.02988055
0.96806006
1.06439617
0.94733497
0.89143662
1.05702252
1.0675738
0.88119584
1.13394314
0.83735495
1.03271103
0.87092665
0.93742494
1.04539189
1.0784899
0.93239341
1.03262727
0.98884408
1.06569671
0.9222918
1.09206651
0.85188598
0.96023216
0.94615677
0.95113322
1.00914043
1.01268183
0.96079749
0.95535248
1.00777416
1.00031737
0.94517269
0.98253853
0.94515862
1.01309693
0.84196779
0.8866417
1.03347305
0.98404215
1.01307539
1.0080138
0.96582581
1.03103546
0.89423751
0.94853838
0.95186388
1.01359087
0.88845954
1.01742563
0.99343899
0.99265697
0.99008723
0.99632123
0.98328695
0.97822102
0.93633353
-0.67637054
-0.54639385
-0.36783723
-0.61121683
-0.63289108
-0.80747712
-0.65362802
-0.54263861
-0.67486731
-0.71801667
-0.66690881
-0.51269763
-0.59680829
-0.70959533
-0.80317309
-0.71954076
-0.65928745
-0.5240779
-0.64642166
-0.72211346
-0.69015609
-0.71381363
-0.6080388
-0.54399734
-0.62516084
-0.75674598
-0.76441845
-0.6920876
-0.60579965
-0.53831981
-0.63195549
-0.68040369
-0.73955648
-0.75133216
-0.63385636
-0.51453805
-0.71121886
-0.78609339
-0.78505207
-0.73959383
-0.64466342
-0.53816644
-0.74011931
-0.75637334
-0.75801083
-0.70673812
-0.60618537
-0.55228581
-0.6334064
-0.74101552
-0.76444137
0.09066228
1
1
1
1
1
1
1
1
1
1
1
1
1
1
1
1
1
1
1
1
1
1
1
1
1
1
1
1
1
1
1
1
1
1
1
