0.90085087
1.06468485
1.10592713
0.96810796
1.12429686
0.96020655
1.06412946
0.97668749
1.2135541
0.91071526
1.05073072
0.99856635
0.93897886
1.02947713
0.93759033
1.02466631
0.88889161
1.02131861
1.04172351
0.98386358
0.95281401
1.00176275
1.15328724
0.89103783
0.93453302
0.9973767
1.05435992
1.02129089
0.92973625
1.03165208
1.02154608
0.96129856
1.02333076
0.94118487
1.08501568
0.94934779
1.05057967
0.98912524
0.94866831
1.06649255
0.9295659
1.04194376
1.02917182
0.95882574
1.0554194
0.93497923
1.09899524
0.88641602
1.08550365
0.97725377
0.96843594
1.01123747
1.04060748
0.97407164
1.07397539
0.9002542
1.02758006
0.91147034
1.04123936
0.90364094
1.13436804
0.92663243
1.0178325
1.01475655
1.03897756
0.97447695
0.98511721
0.95159453
0.92847067
0.96961341
1.16512295
0.81787343
1.1608094
0.91393598
1.10673811
0.9288688
1.08364628
0.97839912
1.011331
0.95155494
1.00992833
0.88978841
1.05548021
0.85945088
0.96566024
0.99772801
0.9545301
0.987752
0.96286597
1.03534302
0.94615143
0.92196864
1.09070473
0.86851965
0.94335532
0.90982481
0.96520733
1.01052944
1.1075209
0.96071355
1.04820339
0.9564145
1.1115566
0.859777
-0.63556172
-0.72523147
-0.76567062
-0.6171415
-0.72722314
-0.73892633
-0.55679321
-0.78446178
-0.6690145
-0.69986138
-0.75810757
-0.70126898
-0.70239679
-0.7221016
-0.77224658
-0.6621239
-0.65687942
-0.85797265
-0.64975857
-0.70921492
-0.63627561
-0.65867184
-0.8019973
-0.69121875
-0.67377529
-0.59673035
-0.69065394
-0.56466629
-0.84279831
-0.65491285
-0.70272397
-0.62647828
-0.69456315
-0.58174085
-0.74438568
-0.72190029
-0.70528235
-0.66382933
-0.67507918
-0.6341564
-0.70896048
-0.77807404
-0.7438983
-0.6465775
-0.62188676
-0.61135559
-0.70180873
-0.76443029
-0.75062957
-0.67246145
-0.70769782
-0.01358615
1.7234265
1.97039395
1.19127359
0.98518205
1.88630053
0.97772151
1.42382434
1.68460402
0.87208828
0.69261501
1.41314466
1.74464691
0.77020214
0.56540088
1.51449018
1.71876241
0.67159202
0.57365325
1.64549091
1.63887188
0.6505055
0.54878078
1.52130422
1.72848141
0.66850888
0.45738351
1.43734342
1.80280173
0.57994753
0.4203635
1.53801372
1.80507116
0.57777641
0.40328123
1.32722555
-2.302585093
-2.302585093
-2.302585093
0
0
0
-2.302585093
-2.302585093
0
0
0.8
0.09531018
