           1  5.125447737393148E-002
           2  1.475410908018793E-002
           3  5.509378289281641E-003
           4  1.901893578601628E-002
           5 -1.805687244184309E-002
           6 -1.909629218394000E-002
           7 -3.639527320980425E-002
           8 -1.560535770951184E-002
           9 -2.192761849551502E-002
          10  1.231890008509555E-002
          11 -0.101687289846579     
          12 -9.078970259284388E-002
          13 -2.607314721347472E-002
          14 -1.445297277826197E-002
          15 -3.780499796207002E-002
          16 -4.281329268403844E-002
          17  5.139259614871258E-002
          18  2.885840352267724E-002
          19 -1.713383612467252E-002
          20 -1.502176773187901E-002
          21 -4.831016080214889E-002
          22 -4.922972072496699E-002
          23  2.785347834370227E-002
          24  4.074930391210157E-002
          25  2.836696644856026E-003
          26  2.916076159481048E-003
          27  5.421568317502054E-003
          28  3.161521166855532E-003
          29 -2.725819242209379E-003
          30 -2.825048418377053E-003
          31  2.631810231312337E-002
          32  3.943203990692785E-002
          33  1.305053590139475E-002
          34 -8.231283847189887E-003
          35  7.333027885806666E-002
          36  2.317234952761255E-002
          37  8.094730722567314E-002
          38  4.270274322666810E-002
          39 -2.618976615134034E-002
          40 -1.527464386199037E-002
          41  1.140446785159638E-002
          42  4.667380005337907E-002
          43  0.000000000000000E+000
          44 -2.232504510890946E-002
          45 -3.610452523634424E-002
          46 -4.158572733735057E-002
          47 -6.298165680783692E-002
          48 -6.440230384607523E-002
          49 -2.950436788813005E-003
          50 -7.380269870177691E-002
          51 -1.018946004841919E-002
          52 -6.499201776789416E-002
          53 -1.659245208169453E-002
          54 -5.303537583623093E-002
          55  2.592173500706424E-002
          56  4.183504078341357E-002
          57 -1.251388337722145E-002
          58  1.783146955665360E-002
          59  3.314032917877424E-002
          60  7.080197390452149E-002
          61  1.190341176481590E-002
          62  5.805946702685471E-002
          63 -4.057368507838662E-002
          64 -4.645526177291513E-002
          65  2.261372435635899E-002
          66 -2.112088070392425E-002
          67  1.560593375157471E-002
          68  6.333502814977729E-002
          69  2.010294740946395E-002
          70  9.200753284471201E-003
          71 -1.573671506401033E-002
          72  6.203272794673736E-003
          73  3.299903811589951E-002
          74  3.743451798181518E-002
          75 -6.270266984441981E-002
          76 -1.110965394498792E-002
          77  0.000000000000000E+000
          78 -1.303389291237357E-002
          79 -2.636233779404372E-002
          80  7.611389122540567E-003
          81  3.480590743985464E-002
          82  1.590803913523611E-002
          83  3.148539209836314E-002
          84  3.275111020695248E-002
          85  1.798699251584163E-002
          86  0.000000000000000E+000
          87  2.955149302186501E-003
          88 -3.296178844896563E-002
          89 -6.525198924074367E-002
          90 -8.180855750524990E-002
          91 -1.613699352504558E-002
          92 -2.938683421916146E-002
          93 -6.210747125183188E-002
          94 -5.380797749791474E-002
          95 -2.511426918203450E-002
          96 -4.535245044387195E-002
          97 -2.044325511616050E-002
          98 -3.663297795477206E-002
          99 -2.854198154992346E-002
         100  3.967873785422410E-002
         101  0.000000000000000E+000
         102  0.000000000000000E+000
         103  0.000000000000000E+000
         104  0.221799574877102     
         105 -0.150443409548739     
         106 -2.630182830287486E-002
         107  0.338185736251010     
         108 -0.144951449930018     
         109  0.221037245621200     
         110  0.106827862974165     
         111 -0.123995990287551     
         112 -0.424997058731809     
         113  0.224798387458161     
         114 -8.899225244523325E-002
         115 -3.670088410596017E-002
         116 -0.166782981760204     
         117  0.120662446897823     
         118 -0.101913017855660     
         119 -0.266091434325060     
         120 -5.886432780877093E-002
         121  0.252717561385790     
         122  0.000000000000000E+000
         123 -6.288683104129199E-002
         124 -4.538936053830888E-002
         125  0.000000000000000E+000
         126  0.000000000000000E+000
         127 -0.149950617902780     
         128  0.271377508092813     
         129  5.529727786779404E-002
         130  0.000000000000000E+000
         131 -0.115180813863941     
         132  0.196295365116859     
         133  9.569183805657933E-002
         134 -0.123858631030435     
         135  0.224524494687599     
         136 -6.693881005048752E-002
         137  0.000000000000000E+000
         138  0.147088215825992     
         139 -0.171267408904696     
         140 -1.164153218269348E-002
         141  0.000000000000000E+000
         142  3.592621954910962E-002
         143  1.164153218269348E-002
         144  0.169638264131846     
         145  2.619344741106033E-002
         146  8.140689083453514E-002
         147 -0.225348880540810     
         148  8.083232824683751E-003
         149 -1.383949784105914E-002
         150 -4.513059419761326E-002
         151  2.744461537049023E-002
         152  8.276387526823166E-003
         153  2.876784544715649E-002
         154 -3.427989125794150E-002
         155 -3.254346259509360E-003
         156 -2.664068480966178E-002
         157  2.833302442476052E-002
         158 -1.776836034206204E-002
         159 -2.868638113860365E-002
         160 -1.212195897026762E-002
         161  5.166355282852785E-002
         162  7.899164144125221E-003
         163 -1.735336819708777E-002
         164  9.460550663307782E-003
         165  3.111214118825881E-002
         166  3.687123228196251E-002
         167  3.924731620670174E-003
         168 -3.012889971195450E-002
         169  0.000000000000000E+000
         170 -3.789224492253290E-002
         171  1.188316752147765E-002
         172 -1.855264259195462E-002
         173  1.543373478392073E-002
         174 -9.442505553735281E-002
         175  3.822028594037594E-002
         176  1.786031884750266E-002
         177  3.270235938574965E-002
         178 -3.719853717374556E-003
         179  2.886412448638657E-002
         180 -0.203708499803004     
         181  -57.4130048376985     
         182  -25.4562208007232     
         183  -28.3849658444524     
         184  -72.7069607308837     
         185   125.871784927508     
         186  -208.476558327675     
         187   939.613528316840     
         188  -33.1115963489792     
