           1  2.401444642453695E-002
           2  1.156719583003567E-002
           3  7.007694597365309E-002
           4  8.174271878960108E-003
           5  1.554163365753775E-002
           6  2.914043932574555E-002
           7 -8.575200034677466E-003
           8  0.000000000000000E+000
           9  3.331211374899375E-002
          10  2.955415029574653E-003
          11  6.895133290929949E-002
          12  2.767461456235948E-002
          13  2.000844891623389E-002
          14  2.723171424799952E-002
          15  1.486464855587888E-002
          16  4.540471667537624E-002
          17  3.358162088112017E-002
          18  2.611405572000094E-002
          19  2.009130282456854E-002
          20  5.281433123956540E-002
          21 -1.741262545154086E-002
          22  2.355190107296953E-002
          23  2.038405031993903E-002
          24  4.860093674050505E-002
          25  8.907652762202177E-003
          26  4.184780179960070E-002
          27  8.062444879383750E-003
          28  4.512278891794520E-002
          29  4.774780673105216E-002
          30  3.619520643930989E-002
          31  6.177847466485359E-003
          32  2.588135271946273E-002
          33 -5.940104756132002E-003
          34  1.214965188647674E-002
          35  8.409933574333818E-003
          36 -9.375164533174132E-003
          37  1.254054693749894E-002
          38 -2.725522799245628E-003
          39  2.116842198890914E-002
          40  2.665512415713344E-002
          41  1.449750478812160E-002
          42  1.383804191970406E-002
          43 -2.935795852372720E-003
          44 -5.645667136524226E-003
          45  1.690820899475232E-002
          46  5.043058789662845E-002
          47  1.718188222429276E-002
          48 -2.869395934188359E-003
          49  3.548591323986740E-002
          50  1.131319794976002E-002
          51 -5.401154051833047E-003
          52  3.643979302259002E-002
          53  8.968608932957985E-003
          54  1.597079367812869E-002
          55 -2.036604036127259E-002
          56  5.684090986752090E-003
          57  8.716470687546987E-003
          58  1.185905318951568E-002
          59  5.193817856408873E-002
          60  1.825967719596235E-002
          61  3.746600654694103E-002
          62  2.112759566597363E-002
          63 -2.092251754878946E-002
          64  2.824593722493493E-003
          65  1.904519426806836E-002
          66  1.824366365049160E-002
          67  2.684858650947320E-003
          68  4.729252014875625E-002
          69  9.288039357445148E-003
          70 -2.563693447629800E-002
          71  3.003086307931386E-002
          72  4.765023885148192E-002
          73 -2.327572855401859E-002
          74  5.456794718670483E-003
          75  7.916249395168993E-003
          76  1.243082081032655E-002
          77  1.316384157905257E-002
          78  1.834766657595282E-002
          79  3.158993290436055E-002
          80  2.767240817657269E-002
          81  2.867031907271979E-002
          82  1.754881780656651E-002
          83  6.081431827958522E-003
          84  2.248309754348091E-002
          85  7.688116650890735E-003
          86  3.338778880315845E-002
          87  1.695599250733123E-002
          88  0.000000000000000E+000
          89  3.217200971397586E-002
          90  2.094482928386420E-002
          91  6.255924778156692E-003
          92 -8.054313444300564E-003
          93  1.586381102175926E-002
          94  3.802967667506484E-002
          95  9.204190500128480E-003
          96  3.876236346370546E-002
          97  1.503207813582433E-002
          98  4.930076834152490E-002
          99  0.000000000000000E+000
         100 -0.201291557737889     
         101   2.55622095604989     
         102  5.577780139570598E-002
         103 -0.260567682616916     
         104  -2.16316888756544     
         105  -1.13879708768554     
         106 -1.746229827404022E-002
         107  0.444257833409726     
         108 -8.731149137020111E-003
         109  -2.18240754534214     
         110  -1.79579004095428     
         111  0.209124662301417     
         112 -2.037268131971359E-002
         113 -0.168349830351930     
         114 -4.947651177644730E-002
         115 -4.074536263942719E-002
         116 -3.492459654808044E-002
         117  2.619344741106033E-002
         118  0.000000000000000E+000
         119  2.619344741106033E-002
         120  5.820766091346741E-002
         121  0.000000000000000E+000
         122 -1.164153218269348E-002
         123   2.64841707746969     
         124  0.397825981270776     
         125   3.63235215389947     
         126 -0.955138376962000     
         127 -0.258656903162184     
         128 -0.578320679196330     
         129  0.000000000000000E+000
         130  -1.62249263879619     
         131 -0.739436785194976     
         132 -0.925807232330078     
         133  0.193361789807745     
         134   1.33025666720298     
         135  0.874808918686697     
         136  0.000000000000000E+000
         137   2.89812228363578     
         138 -0.180396258314106     
         139 -1.746229827404022E-002
         140  0.202171099844794     
         141   3.04813733704421     
         142 -2.328306436538696E-002
         143  -2.69018055792181     
         144 -1.164153218269348E-002
         145 -2.037268131971359E-002
         146 -0.309271290402592     
         147   1.27681928793918     
         148 -8.224589668439693E-003
         149  1.178572880678518E-002
         150  2.404832569668611E-002
         151 -7.297028946156421E-002
         152  3.648410454522065E-002
         153  3.050287800103571E-002
         154 -4.902459521383096E-002
         155  5.548125593171383E-002
         156  5.804535510253344E-002
         157 -5.309924959719146E-002
         158  4.756936187167533E-002
         159  1.304260794269950E-002
         160 -1.124884403645603E-002
         161  1.186789858137078E-002
         162  2.388948132999593E-002
         163  2.787054357475196E-003
         164  1.179749303504293E-002
         165  2.925356629851095E-002
         166 -5.440641932327041E-003
         167  2.455914671344104E-002
         168  2.723561155049318E-002
         169  0.000000000000000E+000
         170 -2.932482497699458E-002
         171  8.475893852565905E-002
         172  2.906354866891407E-002
         173  4.486113594927444E-002
         174  3.425773378925218E-002
         175  0.000000000000000E+000
         176  8.998158049477636E-003
         177 -8.009291253309098E-002
         178 -3.412656991664720E-002
         179  2.944167872519065E-003
         180  6.860516572309744E-002
         181  1.763696461267252E-003
         182  1.627364498921411E-002
         183  -1.13378884137877     
         184 -3.149723092347714E-002
         185 -1.465978236512766E-002
         186 -3.927837397480228E-003
         187  0.165142869255461     
         188  5.250234788899277E-002
