           1           1      1.01960985      0.98489834      1.00000000      0.00000000      1.00444048
           1           1      0.07099248      0.06845485      0.00000000      0.00000000      0.03825656
 
           1           2      1.05272682      0.91527995      1.02830449      0.00000000      0.99359868
           1           2      0.07109175      0.07056648      0.07341530      0.00000000      0.04284025
 
           1           3      1.12468177      0.91181400      1.00699524      0.00000000      0.97119938
           1           3      0.06696535      0.06877329      0.07088814      0.00000000      0.04267485
 
           1           4      1.04032762      0.93286764      0.00000000      1.00000000      0.95899191
           1           4      0.07185861      0.07068404      0.00000000      0.00000000      0.03832075
 
           1           5      1.06309933      0.94562561      0.00000000      1.03765772      0.97550297
           1           5      0.07124181      0.07355996      0.00000000      0.07295679      0.04344573
 
           1           6      1.06016296      0.89827526      0.00000000      0.96203220      0.98817132
           1           6      0.07140702      0.07206015      0.00000000      0.06841117      0.04166051
 
 
           2           1      1.00642432      1.01037793      1.00000000      0.00000000      1.02339471
           2           1      0.07236345      0.07119093      0.00000000      0.00000000      0.03908697
 
           2           2      0.99692811      1.01771817      1.00062585      0.00000000      0.94575614
           2           2      0.07081431      0.07253998      0.06506651      0.00000000      0.03715395
 
           2           3      1.12877811      0.90587054      1.01890325      0.00000000      0.99486309
           2           3      0.06970333      0.07156655      0.06732397      0.00000000      0.04123411
 
           2           4      1.02078398      0.96924456      0.00000000      1.00000000      0.98914349
           2           4      0.06758465      0.06729044      0.00000000      0.00000000      0.03533167
 
           2           5      0.96566655      1.00566471      0.00000000      0.98844885      0.96773196
           2           5      0.06753424      0.06859650      0.00000000      0.07534901      0.03994783
 
           2           6      1.04629071      1.00032960      0.00000000      0.80667947      0.96704175
           2           6      0.06518635      0.06740934      0.00000000      0.07440901      0.03613991
 
 
           3           1      1.02692682      0.99899188      1.00000000      0.00000000      0.98500567
           3           1      0.06933637      0.06991598      0.00000000      0.00000000      0.03603006
 
           3           2      1.06973721      0.91656487      0.97721137      0.00000000      1.04732182
           3           2      0.07317870      0.07379273      0.06948837      0.00000000      0.04142734
 
           3           3      1.06255881      1.02488053      1.04803967      0.00000000      1.00693437
           3           3      0.07371269      0.07374873      0.06858537      0.00000000      0.04154955
 
           3           4      0.99694144      1.03465071      0.00000000      1.00000000      1.01994905
           3           4      0.07043289      0.06888797      0.00000000      0.00000000      0.03656028
 
           3           5      0.89335410      1.06192858      0.00000000      0.86897306      1.06837698
           3           5      0.06984447      0.06955939      0.00000000      0.09079392      0.04368322
 
           3           6      1.11268901      0.88049377      0.00000000      1.00842977      1.02127103
           3           6      0.06996976      0.07157430      0.00000000      0.08938055      0.04223014
 
 
           4           1      1.07850009      0.95408104      1.00000000      0.00000000      0.99802683
           4           1      0.07220646      0.07148591      0.00000000      0.00000000      0.03816072
 
           4           2      1.10668754      0.94789923      1.02159739      0.00000000      0.96445720
           4           2      0.07262319      0.07456586      0.06408775      0.00000000      0.03885895
 
           4           3      1.01588727      0.99246540      0.99093355      0.00000000      1.03810737
           4           3      0.07445063      0.07329223      0.06874831      0.00000000      0.04098978
 
           4           4      0.96167204      1.04515941      0.00000000      1.00000000      0.95615996
           4           4      0.06582687      0.06882249      0.00000000      0.00000000      0.03661288
 
           4           5      1.13009786      0.91135684      0.00000000      0.88727679      0.93452911
           4           5      0.06562400      0.06467033      0.00000000      0.08948759      0.03745350
 
           4           6      1.06462342      0.95079952      0.00000000      1.01278257      1.04197992
           4           6      0.06979096      0.06829651      0.00000000      0.09996714      0.04399071
 
 
           5           1      0.98669378      1.06492917      1.00000000      0.00000000      1.02736570
           5           1      0.07430094      0.07527078      0.00000000      0.00000000      0.03820353
 
           5           2      1.13830536      0.89114718      1.06751118      0.00000000      0.96352149
           5           2      0.07400868      0.07452538      0.06465866      0.00000000      0.03882457
 
           5           3      1.04890746      1.03882583      1.07664931      0.00000000      1.09923790
           5           3      0.07685668      0.07872701      0.06783861      0.00000000      0.04269845
 
           5           4      1.01290068      0.97624569      0.00000000      1.00000000      0.97293845
           5           4      0.06677234      0.06938744      0.00000000      0.00000000      0.03581518
 
           5           5      0.93231320      1.14427435      0.00000000      0.99616943      1.01508898
           5           5      0.06993120      0.07018463      0.00000000      0.09560957      0.04235664
 
           5           6      1.05574781      0.94700196      0.00000000      0.94635836      1.03450481
           5           6      0.06853468      0.07115507      0.00000000      0.09728762      0.04165534
 
 
           6           1      0.97944128      1.00279573      1.00000000      0.00000000      0.97571096
           6           1      0.07402291      0.07418848      0.00000000      0.00000000      0.03502334
 
           6           2      0.92992047      1.06160743      0.93106918      0.00000000      1.00593628
           6           2      0.07690298      0.07534770      0.06488194      0.00000000      0.03636909
 
           6           3      1.02754738      0.96192005      0.89888390      0.00000000      1.08873030
           6           3      0.07411983      0.07763553      0.06699215      0.00000000      0.04222264
 
           6           4      0.93505389      1.01351060      0.00000000      1.00000000      0.96022064
           6           4      0.07080007      0.06699468      0.00000000      0.00000000      0.03739297
 
           6           5      1.01509073      0.95088005      0.00000000      0.88425540      0.99530040
           6           5      0.06782157      0.06960315      0.00000000      0.09602852      0.04061472
 
           6           6      1.11158036      0.94026917      0.00000000      0.95126626      0.98016022
           6           6      0.06809882      0.06747739      0.00000000      0.09378069      0.04006036
 
 
           7           1      0.97237841      1.09067026      1.00000000      0.00000000      0.96838382
           7           1      0.07369516      0.07516156      0.00000000      0.00000000      0.03601836
 
           7           2      0.92721572      1.04656873      0.97966303      0.00000000      1.00702656
           7           2      0.07431558      0.07460968      0.06628087      0.00000000      0.03851993
 
           7           3      1.11032759      0.89191377      1.00690303      0.00000000      1.03088048
           7           3      0.07673885      0.07646892      0.06765891      0.00000000      0.03947950
 
           7           4      0.88567579      1.14961575      0.00000000      1.00000000      0.98476629
           7           4      0.06610015      0.06614254      0.00000000      0.00000000      0.03746730
 
           7           5      1.08846415      0.91651232      0.00000000      0.86808214      0.97752696
           7           5      0.06678243      0.06779687      0.00000000      0.09515720      0.03955792
 
           7           6      1.01837563      0.97928572      0.00000000      0.91553003      0.96025057
           7           6      0.06724226      0.06767431      0.00000000      0.09574846      0.04007949
 
 
           8           1      0.97448812      1.06771481      1.00000000      0.00000000      1.06133021
           8           1      0.07763534      0.08083177      0.00000000      0.00000000      0.03890386
 
           8           2      0.98521816      0.97151276      1.02353287      0.00000000      0.92991107
           8           2      0.07296744      0.07363453      0.06619418      0.00000000      0.03823203
 
           8           3      0.98241760      1.03270263      0.98156913      0.00000000      0.98877660
           8           3      0.07204279      0.07400182      0.06707938      0.00000000      0.03722208
 
           8           4      0.90367610      1.09146682      0.00000000      1.00000000      0.96625634
           8           4      0.06529369      0.06639654      0.00000000      0.00000000      0.03698171
 
           8           5      0.98561490      0.97522131      0.00000000      1.01696510      0.96433551
           8           5      0.06760986      0.06700202      0.00000000      0.11727141      0.04774387
 
           8           6      1.04408917      1.02809059      0.00000000      0.82533875      1.04027008
           8           6      0.06751601      0.06717381      0.00000000      0.10720092      0.04270894
 
 
 Parameters in Anchoring Equations
           8           1      0.99211126      1.02834678      1.01700818      0.00000000      0.98216807
           8           1      0.07223880      0.07371249      0.04958463      0.00000000      0.03785837
 
