1.02209402
0.98629576
1.05651959
0.91815328
1.12825083
0.91443397
1.03955751
0.93249482
1.06181455
0.94501393
1.05897377
0.89757674
1.00461395
1.00684582
1.00079306
1.01967737
1.13260791
0.90765407
1.01917038
0.96872189
0.96389927
1.00501305
1.04489034
0.99990328
1.02597613
0.99804768
1.07363142
0.92056415
1.06770948
1.03020643
0.99526353
1.03330598
0.8920348
1.0607275
1.11128345
0.87918065
1.07862132
0.95416265
1.11126729
0.95268442
1.02078697
0.99769311
0.9597559
1.04291231
1.12853894
0.90980685
1.06283025
0.949004
0.98642447
1.06473535
1.14250727
0.89561246
1.05242421
1.04264893
1.01048203
0.97395298
0.93028933
1.14251275
1.05383976
0.94543706
0.97799962
1.00255245
0.93250045
1.06503569
1.02959884
0.96457537
0.9324604
1.01094811
1.01341763
0.94896025
1.10965333
0.93833792
0.97015596
1.08844363
0.92831232
1.04787532
1.11176397
0.89317384
0.88319422
1.14711638
1.08702753
0.91475229
1.01679577
0.9775001
0.97082924
1.0642653
0.98485144
0.97125232
0.98124866
1.03169046
0.90177363
1.08940668
0.98406911
0.97358974
1.04297072
1.02676103
0.99654782
1.03281201
0.1019685
-0.07334868
-0.06319949
0.05980258
-0.05163586
-0.02624336
0.07738147
-0.11065326
-0.05163523
0.02007833
-0.02633387
-0.02724367
0.02347159
0.02739203
-0.03883991
0.03270378
0.07930008
0.05235036
0.02412004
-0.05711504
0.01093753
-0.04944222
-0.03454904
0.08069836
0.04627969
-0.06412038
0.08347947
-0.01476902
0.05822683
0.07507137
-0.00942094
-0.0147456
0.07580385
-0.0296531
0.03041412
0.02349762
-0.01296243
-0.00729817
0.01462881
-0.01978665
0.01699321
0.00345306
0.08485238
-0.08101
-0.0056392
-0.05146922
0.00199357
0.07150213
-0.06457505
1.80025932
1.68236338
1.74117677
1.59068528
1.40659583
1.41635086
1.10370769
0.89430651
1.20170385
1.33536678
0.81897907
0.91309696
1.20045904
1.18300118
0.7368838
0.83856431
1.23053431
1.21608408
0.78933707
0.74154957
1.06257493
1.00586551
0.69126143
0.73474931
1.09810132
1.13143698
0.64726511
0.6853284
1.14066728
1.06795342
0.7823918
0.60498278
1.30011687
-2.302585093
-2.302585093
0
-2.302585093
-2.302585093
0
0.8
0.405465108
