      1.01960985
      0.98489834
      1.05272682
      0.91527995
      1.12468177
      0.91181400
      1.04032763
      0.93286764
      1.06309933
      0.94562561
      1.06016295
      0.89827526
      1.00642432
      1.01037793
      0.99692811
      1.01771817
      1.12877811
      0.90587054
      1.02078398
      0.96924456
      0.96566655
      1.00566471
      1.04629071
      1.00032960
      1.02692682
      0.99899188
      1.06973721
      0.91656487
      1.06255881
      1.02488053
      0.99694144
      1.03465071
      0.89335410
      1.06192859
      1.11268901
      0.88049377
      1.07850009
      0.95408104
      1.10668754
      0.94789923
      1.01588728
      0.99246540
      0.96167204
      1.04515941
      1.13009786
      0.91135685
      1.06462342
      0.95079952
      0.98669378
      1.06492917
      1.13830536
      0.89114718
      1.04890746
      1.03882583
      1.01290068
      0.97624569
      0.93231320
      1.14427435
      1.05574781
      0.94700196
      0.97944128
      1.00279573
      0.92992047
      1.06160743
      1.02754738
      0.96192005
      0.93505389
      1.01351060
      1.01509073
      0.95088005
      1.11158036
      0.94026917
      0.97237841
      1.09067026
      0.92721572
      1.04656873
      1.11032759
      0.89191377
      0.88567579
      1.14961575
      1.08846415
      0.91651232
      1.01837563
      0.97928572
      0.97448812
      1.06771481
      0.98521816
      0.97151276
      0.98241760
      1.03270263
      0.90367610
      1.09146682
      0.98561490
      0.97522131
      1.04408917
      1.02809059
      0.99211126
      1.02834678
      0.00443065
     -0.00642190
     -0.02922349
     -0.04187264
     -0.02480207
     -0.01189919
      0.02312525
     -0.05577052
     -0.00515015
     -0.01091587
     -0.03280013
     -0.03351361
     -0.01510788
      0.04623626
      0.00691044
      0.01975267
      0.06614065
      0.02104796
     -0.00197512
     -0.03618982
      0.03739922
     -0.04483006
     -0.06771250
      0.04112268
      0.02699796
     -0.03716049
      0.09461712
     -0.02743446
      0.01497628
      0.03392287
     -0.02458888
      0.00591873
      0.08501216
     -0.04059219
     -0.00471067
     -0.02003923
     -0.03212676
      0.00700199
      0.03041328
     -0.01535093
     -0.02272941
     -0.04056102
      0.05952304
     -0.07266632
     -0.01128686
     -0.03432612
     -0.03631601
      0.03948037
     -0.01799283
      1.02830449
      1.00699524
      1.03765772
      0.96203220
      1.00062585
      1.01890325
      0.98844885
      0.80667947
      0.97721137
      1.04803967
      0.86897306
      1.00842977
      1.02159739
      0.99093355
      0.88727679
      1.01278257
      1.06751118
      1.07664931
      0.99616943
      0.94635836
      0.93106918
      0.89888390
      0.88425540
      0.95126626
      0.97966303
      1.00690303
      0.86808214
      0.91553003
      1.02353287
      0.98156913
      1.01696510
      0.82533875
      1.01700818
     -1.33472766
     -1.32821532
     -0.02898982
     -2.28500375
     -2.14837363
      0.81718050
      0.58886256
      0.28925004
