      0.50000000      0.00000011      0.00000000
      0.54081633      0.00000104      0.00000001
      0.58163265      0.00000754      0.00000008
      0.62244898      0.00004060      0.00000101
      0.66326531      0.00016353      0.00000942
      0.70408163      0.00049760      0.00006969
      0.74489796      0.00117632      0.00041436
      0.78571429      0.00231742      0.00200478
      0.82653061      0.00433957      0.00798070
      0.86734694      0.00871751      0.02644196
      0.90816327      0.01858668      0.07392377
      0.94897959      0.03899699      0.17732600
      0.98979592      0.07769673      0.37171688
      1.03061224      0.14592047      0.69230094
      1.07142857      0.25632085      1.15844336
      1.11224490      0.41799833      1.74904629
      1.15306122      0.63367755      2.38014219
      1.19387755      0.90071144      2.91030327
      1.23469388      1.20889147      3.19004588
      1.27551020      1.53258189      3.13244576
      1.31632653      1.83001776      2.75636053
      1.35714286      2.05855487      2.17467351
      1.39795918      2.19123890      1.54057628
      1.43877551      2.21710891      0.98455510
      1.47959184      2.13211823      0.57322599
      1.52040816      1.94079117      0.30803872
      1.56122449      1.66923888      0.15460680
      1.60204082      1.36500871      0.07331144
      1.64285714      1.07386331      0.03348889
      1.68367347      0.82011248      0.01523439
      1.72448980      0.60955547      0.00716104
      1.76530612      0.44035450      0.00349222
      1.80612245      0.30845510      0.00165723
      1.84693878      0.21003203      0.00069175
      1.88775510      0.14136078      0.00023416
      1.92857143      0.09602587      0.00006138
      1.96938776      0.06511355      0.00001218
      2.01020408      0.04169541      0.00000181
      2.05102041      0.02356842      0.00000020
      2.09183673      0.01116742      0.00000002
      2.13265306      0.00429003      0.00000000
      2.17346939      0.00130730      0.00000000
      2.21428571      0.00031114      0.00000000
      2.25510204      0.00005715      0.00000000
      2.29591837      0.00000803      0.00000000
      2.33673469      0.00000086      0.00000000
      2.37755102      0.00000007      0.00000000
      2.41836735      0.00000000      0.00000000
      2.45918367      0.00000000      0.00000000
      2.50000000      0.00000000      0.00000000
