      0.00394914
     -0.05468994
      0.00005005
      3.89477332
     -0.15088428
      0.00092036
     -0.03575152
      3.42606198
      0.11849879
      0.45600378
     -0.34766776
      0.22366085
      1.40886102
     -1.45057577
     -0.07886511
      0.17216533
      0.03911720
     -0.18423779
      1.74663402
      2.06217176
     -0.00166757
      1.75707574
      0.95768472
      0.09822036
      2.14465254
      1.02157389
      0.04210098
      0.66116514
      0.52423023
      0.03367758
      0.20256626
     -0.05586906
     -0.00610110
      0.22219805
      3.35398410
     -0.08726111
      0.31386544
      4.18018212
     -0.08314038
      0.25769066
     -0.43549351
      0.23443903
     -0.06550483
      0.13333680
     -0.50152493
      0.41594477
     -0.08815955
      0.17937304
     -0.42134980
      0.46538257
     -0.05288540
      0.19947706
     -0.43099598
      0.40953835
     -0.03372580
      0.04993707
     -0.43040868
      0.57694538
     -0.07546506
      0.42809534
     -0.49866774
      0.19935350
     -0.05937639
      0.05002664
     -0.16574765
      3.58782744
     -0.09067277
     -0.01752547
     -0.23805492
      3.49368482
     -0.03529483
      0.07062637
     -0.18644224
      3.51731905
     -0.04978399
      0.02820312
     -0.16014496
      3.53585840
     -0.06312743
     -0.02621149
     -0.17921478
      3.28598228
     -0.02830051
     -0.09874848
     -0.20579946
      2.97699571
      0.00369663
     -0.01985870
     -0.25440058
      2.72016320
     -0.01738609
     -0.03589900
     -0.23526651
      3.08664326
     -0.03010787
     -0.04599427
     -0.21044818
      2.98177931
     -0.07011559
     -0.02041779
     -0.35167893
      2.67475278
      0.00191552
      0.02755446
     -0.09035737
      3.16645237
     -0.12354130
     -0.00255080
     -0.12469501
      2.52020989
      0.37636567
      0.00322643
      0.10912619
     -0.41117614
      0.04886908
      0.23590588
      0.45511056
      0.36279724
      1.60207727
     -1.28170761
      0.20436724
      0.11764096
     -0.15050313
      0.74243721
     -0.47077374
     -0.10116075
      0.12248680
     -0.40270427
      0.14589317
     -0.04365201
     -0.09790521
      0.26988994
      0.09347376
      0.17559999
      0.09729027
      0.25641395
      0.18728420
      0.09044025
     -0.05657999
      1.26295290
      0.23647151
      0.55284927
     -0.82063621
     -0.00411390
      0.17127354
      0.38395825
     -0.03546470
      0.17932598
     -0.03088273
      0.47936387
      0.76428717
      0.23365153
      4.13430266
      0.09190982
      0.67185375
      0.06468773
      0.57671700
      3.06590337
      0.11566180
      1.00402470
      0.79118210
      0.76227676
      4.34740354
      0.40922974
      0.21904497
      0.53841216
      0.23518822
      1.43592741
     -0.14272697
      0.14809929
      0.36554770
      0.30911408
      0.53828118
      0.00816577
      0.03341687
      1.10706899
      0.12304930
      4.86535124
     -0.05933310
      0.01053401
     -0.26183505
      0.03224926
      4.54856729
      0.34867419
      0.14483467
     -0.24703225
      0.68467220
     -0.22890249
      0.01395910
      0.29955251
     -0.65684926
      0.99150916
     -0.29800706
      0.04930224
     -0.03872541
      0.00538625
      0.06131344
      0.12377775
     -0.07103098
      0.07320915
     -0.00003998
      0.15695980
     -0.05984321
      0.16242048
     -0.05728136
     -0.24020488
      0.13087482
     -0.01161087
      0.24890254
      0.19642726
     -0.55052029
     -0.07602097
     -0.15281298
      0.24578761
     -0.11144703
     -0.10261249
      0.01511996
      0.19926878
     -0.35152400
     -0.19761356
      0.21204917
      0.36208097
     -0.42948557
     -0.30342530
     -0.02773333
      0.00628531
     -0.36379788
      0.06857572
      0.01014566
      0.17051211
     -0.09584159
     -0.05089029
      3.98839176
      0.03526260
      0.09503299
     -0.23828646
      0.01613770
      4.05966969
      0.06926756
      0.56129941
     -0.53453040
      0.11708095
      5.59888335
     -0.04595485
     -0.12554945
      0.36284203
      0.07214519
      5.01736238
      0.06052560
      0.36299037
     -0.58910297
      0.20678933
      3.60778519
      0.04112254
      0.14426085
     -0.20151118
      0.08747568
      0.82539242
      0.04893743
      0.13618972
     -0.42719413
      0.77191723
      0.27055857
     -0.03699214
      0.15685009
     -0.38111038
      0.83064222
     -0.20035164
      0.13342891
      0.18945642
     -0.33587976
      0.93061783
     -0.35136317
      0.17299563
      0.17628074
     -0.28214372
      0.86855026
     -0.31904423
      0.20041394
      0.11761001
     -0.11718000
     -0.01191861
      0.12537617
     -0.15498229
      0.26740398
     -0.09084173
     -0.01342415
      0.07981342
      0.07933958
      0.15257851
     -0.08960499
      0.05684510
     -0.02543982
      0.17074504
      0.23138336
     -0.33161529
      0.01783312
      0.02712602
      0.11776633
      0.07971695
     -0.14263318
      0.04388936
      0.09088691
     -0.13611937
     -0.04648867
     -0.21769571
      4.28400613
      0.01059109
      0.03980300
     -0.17278067
      0.01075249
      4.13162080
     -0.01994985
      0.40241857
     -0.51948484
      0.03716957
      5.83346658
     -0.13553423
      0.01413821
      0.08125729
     -0.31313316
      5.18460607
     -0.00668793
      0.35692652
     -0.67258329
      4.24397847
      0.03357864
      0.12750943
     -0.13464159
      1.03414718
      0.04051681
      0.23361058
     -0.23577402
      0.11047022
      3.11879747
      0.03988941
      0.16412367
      0.03741900
      0.68360266
     -0.05858498
     -0.02636364
     -0.03596667
      0.93652330
      0.04552236
      0.28405272
     -0.12420007
      0.95332949
      0.07996910
      0.21328145
     -0.09134094
      2.76845433
     -0.16086095
     -0.14193939
      0.16261292
      4.37364547
     -0.19515172
      2.91803465
     -0.65389794
      2.18730484
     -0.10775174
      0.27085853
     -0.18431187
      5.08752059
     -0.02426805
      0.21225159
     -0.26423879
      0.86054493
      0.04649552
      0.09033619
      0.11700611
     -0.29393786
      0.90333061
      0.09524750
      0.13308569
      0.11964706
     -0.23374635
      0.87977377
      0.06302668
      0.22111564
      0.17986937
     -0.15742643
     -0.02662895
      0.16181958
     -0.04851350
      0.19949791
     -0.14073203
     -0.04812070
      0.10931405
      0.09327412
      0.21311271
     -0.09199071
     -0.04347663
      0.04670738
      0.24843705
      0.15446600
     -0.39042408
     -0.02291211
      0.14166175
      0.01901823
      0.12041621
      0.01294477
     -0.10992576
      0.19930486
      0.01744186
      0.04065601
     -0.09025262
      0.01486098
      3.93183706
      0.07295716
      0.43680523
     -0.48477628
     -0.32288484
      4.62910290
     -0.13846268
      0.10492109
     -0.02003016
     -0.17772849
      4.66902370
     -0.07218973
      0.22927724
     -0.15692761
      0.08888847
      2.28992991
      0.02342970
      0.09805295
     -0.11632074
     -0.00656782
      0.41365216
      0.02592607
     -0.00783463
     -0.13411064
     -0.00881887
      0.54438666
     -0.03565664
      0.17337292
     -0.22450814
      0.07787989
      0.57827628
      0.13656447
      0.19835121
     -0.20467689
     -0.02329487
      1.81443293
     -0.00126040
     -0.05027764
     -0.00111513
      0.04658427
      3.78445462
     -0.09550924
      1.93759696
     -1.46977468
      0.09517129
      2.47657482
     -0.15666902
      0.10808163
     -0.02308698
     -0.13413597
      3.99037157
     -0.18103570
      0.30272096
     -0.31328545
      0.56203873
      0.31478832
      0.05956037
      0.12687876
     -0.34072446
      0.45354718
      0.37952878
      0.00441352
      0.04023398
     -0.30820608
      0.40401259
      0.45892649
      0.27642136
      0.19576407
     -0.16618158
      0.03589615
      0.11653336
      0.00316046
      0.27444653
     -0.15683986
     -0.02481672
      0.05920571
      0.16203030
      0.19840720
     -0.13727047
      0.01019096
     -0.01346376
      0.26975311
      0.12984920
     -0.23641014
      0.04356809
      0.08126172
      0.11268388
      0.14278025
     -0.02977866
     -0.05164200
      0.13112450
      0.06616402
      0.04999229
     -0.09984110
     -0.16998107
      3.70651935
     -0.05614730
      0.23381281
     -0.26185302
      3.13214145
     -0.05382872
      0.14228851
      0.14825138
     -0.16422451
      4.14534599
      0.00780826
      0.02253100
     -0.35794624
      0.05065616
      1.45408817
      0.05973926
      0.14120593
     -0.12053665
      0.01431053
      0.12997140
      0.03168469
      0.00820741
     -0.11862338
      0.04340662
      0.16944748
     -0.04267977
      0.08189406
     -0.19927287
      0.02463401
      0.40832050
      0.14955184
      0.17913702
     -0.25700287
      0.05327734
      0.84122484
      0.01913139
     -0.16435752
     -0.22759826
     -0.06084612
      3.45544700
      0.04286263
      1.64589869
     -1.57951062
      0.15282270
      1.70775481
     -0.01001989
      0.41711006
      0.04789836
      0.35836376
      2.16225300
     -0.20389311
      0.34365544
     -0.36308711
      0.32169899
      0.48069104
     -0.07404825
      0.12506961
     -0.34182659
      0.30098272
      0.50345998
     -0.06991339
      0.18637440
     -0.22649175
      0.35322170
      0.45939287
      0.23025048
      0.21752117
     -0.25941757
     -0.01297290
      0.15168583
     -0.15031386
      0.22462710
     -0.05052322
     -0.01853558
      0.09042787
      0.07396202
      0.21028714
     -0.11789398
     -0.09020848
      0.05445426
      0.16859176
      0.05511760
     -0.30302382
     -0.00071961
      0.17884885
      0.02754677
      0.06493484
     -0.03601174
     -0.07073923
      0.11318748
      0.03472658
      0.08701993
     -0.21701350
      0.00377534
      3.24689808
     -0.01161162
     -0.06506049
     -0.07545471
     -0.02526626
      3.58383326
      0.06748275
      0.03425795
     -0.24663472
      0.00590012
      0.46000533
      0.06556723
      0.12334917
     -0.14971916
     -0.00129728
     -0.02403176
      0.01246702
     -0.00080898
     -0.15117726
      0.00381024
      0.00399194
     -0.02453496
      0.06319026
     -0.18092615
      0.01033545
      0.22277279
      0.16472124
      0.14357874
     -0.29876688
      0.01886999
     -0.10704381
     -0.03237786
     -0.24559152
     -0.00527655
     -0.01578607
      3.14558894
     -0.07422942
      0.73345445
     -1.64254729
      0.33833476
      1.70816480
     -0.13781747
      0.13778457
     -0.02564523
      0.17179741
      1.78290808
     -0.18146642
      0.25126804
     -0.32711606
      0.15589673
      0.61406355
     -0.02385933
      0.13094243
     -0.32651035
      0.21858671
      0.46804273
     -0.02741446
      0.13286963
     -0.31186554
      0.19275902
      0.55861225
      0.28097267
      0.20647304
     -0.26631546
     -0.05995302
      0.07271291
     -0.21251742
      0.07892366
     -0.17417211
      0.01587313
      0.09102175
      0.04640178
      0.14094824
     -0.23535953
     -0.07215570
      0.02296826
      0.21092066
      0.04924045
     -0.26081615
      0.01953286
      0.03872241
      0.03422146
      0.05461477
     -0.06645146
     -0.07967073
      0.05161235
      0.08586266
      0.10158459
     -0.24749719
     -0.00905353
      2.43002188
     -0.05009302
      0.08657973
     -0.08495852
     -0.12948198
      2.70730361
      0.06650337
     -0.21471896
     -0.25017090
     -0.12874659
     -0.34257365
      0.07493764
      0.12040011
     -0.14051905
     -0.01063388
     -0.25956733
      0.01853797
      0.02345806
     -0.08539266
      0.00977468
     -0.31306259
      0.02553173
      0.01837868
     -0.11689758
     -0.04890659
     -0.18966753
      0.18011225
      0.07724678
     -0.33277069
     -0.00464507
     -0.94502483
      0.09388166
     -0.21808768
      0.03680032
      0.01538094
      2.32572625
     -0.11927797
      0.21088667
     -1.27889788
      0.04745184
      0.02561737
     -0.03165953
      0.25055243
     -0.18557439
      0.03777909
     -0.04261571
     12.79651234
     -1.13970591
      0.11512660
     -0.76479136
     -3.59947292
     -2.00298296
     -0.07752837
     -0.40763374
     -0.39634403
      0.60278988
     -0.18698502
      1.07964789
     -0.60029560
     -2.60489001
      1.37815689
     -0.69187672
     -1.54376461
     -1.48993661
     -1.32778650
     -0.96301073
     -0.74428744
     -1.27949085
     -1.72437610
     -1.74788211
     -1.71246493
     -1.42555120
     -1.64695191
     -0.90567911
     -0.87607060
     -0.91132517
      0.23565076
      0.20989428
     -0.09804818
      0.24292841
     -0.44534446
     -0.70342217
     -0.42207766
     -0.47172878
     -0.30492884
     -0.28167948
     -0.95096555
     -0.52469668
     -0.12322219
     -1.32696352
     -0.06159015
      0.48167086
     -1.40262967
      0.20218869
     -0.95148399
     -0.72082583
     -1.01452365
     -0.26539924
     -0.42546362
     -0.01960978
     -0.72123289
     -0.42920479
     -0.79380066
     -0.56376345
     -0.49576866
     -0.07099277
     -2.55357983
     -0.50233160
      0.30721648
      0.44701719
     -1.93018283
     -0.60907079
     -0.37687182
     -3.17252034
     -2.77253382
     -0.73166498
     -0.48424783
     -0.95112748
     -0.75238934
     -0.54991101
     -0.08619771
     -2.54531058
     -0.22916301
      0.54280921
      0.47681457
     -2.04788145
     -0.32315497
     -1.54357079
     -1.53890789
     -1.80234674
     -0.73126148
      0.29969258
      1.28365556
      1.23088213
     -0.87586097
     -1.96083856
     -1.53015360
     -0.70710849
     -0.53974318
     -0.95830459
     -0.80213335
     -0.42572331
     -2.69207369
      0.23192215
      0.66920424
     -0.56322265
     -1.52799125
     -1.48573847
     -1.71052419
     -0.73131794
      0.33419066
      1.26646203
      1.12176856
     -0.88422821
     -1.78218808
     -1.20283840
     -0.89168982
     -0.61702463
     -0.90601971
     -0.80259437
     -0.55470541
     -1.93543587
      0.58280823
      0.77167582
     -0.68423990
     -1.55721071
     -1.51532880
     -1.78849522
     -0.81455315
      0.37727805
      1.26949581
      1.14290496
     -0.89993373
     -1.70283840
     -1.09780012
     -0.91266261
     -0.62924437
     -0.93689370
     -0.82256538
     -0.40851022
     -1.59574131
      0.80379072
     -0.69206885
     -1.61371967
     -1.49081290
     -1.85253328
     -1.03947871
      0.34806795
      1.27998169
      1.23145914
     -0.92665634
     -1.62017893
     -0.94986343
     -0.82287606
     -0.70439297
     -0.93020757
     -0.82511424
     -0.46633746
     -1.15986257
      0.87153732
     -0.76294840
     -1.61939161
     -1.48303863
     -1.81846036
     -0.80509408
      0.38188636
      1.34498804
      1.21672914
      1.11641709
      0.39003479
      0.51182659
      0.57637692
      0.62781711
      0.31469104
      0.09702145
      0.67267444
      0.12813592
      0.81426556
      0.78914850
      0.74627416
      0.66490699
      0.96233407
      1.16290632
      1.44132791
      1.43435085
      1.37786516
      1.72746215
      1.56287238
      1.85583112
      0.94353656
      1.10256207
      0.74544322
      0.61575755
      0.86076734
      0.63610237
      0.84923819
      0.37174417
      0.43938092
      0.59862090
      0.29003134
      0.53357250
      0.14184907
      0.12125337
      0.14789592
      0.12720622
      0.94444920
      0.55789526
      0.49591703
      0.15488422
      1.13347758
      1.12969032
      0.91415193
      0.91111391
      0.41576354
      0.24702416
      0.25628154
      0.88597107
      0.25492340
      0.66972427
      1.75362045
      1.66434193
      1.03340769
      1.23272072
      1.04439741
      0.77145714
      0.54564550
      0.19267282
      0.90081216
      0.34001729
      1.15224531
      0.28385364
      0.33773886
      0.38415817
      0.49185274
      0.94611097
      0.35291747
      0.29772068
      1.17371195
      1.66327021
      1.59747727
      1.16848751
      1.22983479
      1.07108327
      0.90629089
      0.18106863
      0.86869263
      0.25646130
      0.32252903
      0.29776380
      0.37132250
      0.90048442
      0.27601359
      0.68617967
      1.46415952
      1.40560635
      1.26210449
      1.10649222
      1.17966972
      0.99136671
      0.92056286
      0.23255154
      0.81613860
      0.35935227
      0.35319887
      0.34573913
      0.35198663
      1.03854670
      0.41596503
      0.97288981
      1.31942806
      1.25240636
      1.12328430
      1.14636087
      1.21299918
      1.05268398
      0.97523581
      0.31118008
      0.44387807
      0.32991004
      0.29673343
      0.30317925
      1.06468079
      0.33194756
      0.82735493
      0.94269183
      1.09927224
      1.01990901
      1.19080841
      1.17707919
      1.07956510
      1.01994923
      0.47355583
      0.59965451
      0.32288054
      0.30638798
      0.35880467
      1.06018255
      0.44042173
      1.32758963
      1.31466766
     -0.15405211
     -0.48424948
      1.24466259
     -0.05388288
     -0.33908705
      0.11499000
     -0.10187585
     -0.26015813
      1.07986058
     -1.74704534
     -1.64091613
      0.63767801
     -0.54665200
     -2.66376220
     -5.16982877
     -0.09084167
      0.12175306
      0.06443786
      0.06096878
      0.85098690
      0.18434452
      0.21689145
      0.45531203
      0.30784973
     -0.03065988
      0.47146665
     -0.17664113
     -0.45536877
     -1.73664880
     -1.50336984
     -2.33339616
     -2.43772454
     -2.29027035
     -3.48423990
      0.61759612
     -1.31103216
     -0.47021799
     -2.10446267
     -9.90177663
      0.56261084
     -1.64087279
     -2.98503254
     -0.52470667
      0.60311770
      2.78663678
     -4.15972698
     -0.15962048
      0.35603379
    -11.45739427
      1.81419313
     -0.96113805
    -11.14600221
      0.95473522
      0.93096914
     -0.37612971
      0.47625346
      0.80795793
      0.43869688
